2018-07-31 10:01:01[m1-java0.3-10740-e0c262d7_uploadT-1] TRACE [com.baidu.aip.talker.command.upload.UploadDataEntity] - write to upload stream:Event:speech_start[m1-ASR-10740-1-1533002461085--0-P]duration= 7 , time=1533002461148
2018-07-31 10:01:07[m1-java0.3-10740-e0c262d7_uploadT-1] TRACE [com.baidu.aip.talker.command.upload.UploadDataEntity] - write to upload stream:Event:speech_end[m1-ASR-10740-1-1533002461085--0-P]duration= 0 , time=1533002467412
2018-07-31 10:01:07[m1-java0.3-10740-e0c262d7_uploadT-1] TRACE [com.baidu.aip.talker.command.upload.UploadDataEntity] - write to upload stream:Event:speech_sdk_stop[m1-java0.3-10740-e0c262d7--0-P]duration= 0 , time=1533002467412
2018-07-31 10:01:42[m1-java0.3-15780-8d70de82_uploadT-2] TRACE [com.baidu.aip.talker.command.upload.UploadDataEntity] - write to upload stream:Event:speech_start[m1-ASR-15780-1-1533002502257--0-P]duration= 8 , time=1533002502320
2018-07-31 10:01:48[m1-java0.3-15780-8d70de82_uploadT-2] TRACE [com.baidu.aip.talker.command.upload.UploadDataEntity] - write to upload stream:Event:speech_end[m1-ASR-15780-1-1533002502257--0-P]duration= 1 , time=1533002508628
2018-07-31 10:01:48[m1-java0.3-15780-8d70de82_uploadT-2] TRACE [com.baidu.aip.talker.command.upload.UploadDataEntity] - write to upload stream:Event:speech_sdk_stop[m1-java0.3-15780-8d70de82--0-P]duration= 0 , time=1533002508628
2018-07-31 10:07:35[m1-java0.3-15020-226f9a1c_uploadT-2] TRACE [com.baidu.aip.talker.command.upload.UploadDataEntity] - write to upload stream:Event:speech_start[m1-ASR-15020-1-1533002855405--0-P]duration= 8 , time=1533002855462
2018-07-31 10:07:41[m1-java0.3-15020-226f9a1c_uploadT-1] TRACE [com.baidu.aip.talker.command.upload.UploadDataEntity] - write to upload stream:Event:speech_end[m1-ASR-15020-1-1533002855405--0-P]duration= 0 , time=1533002861611
2018-07-31 10:07:41[m1-java0.3-15020-226f9a1c_uploadT-1] TRACE [com.baidu.aip.talker.command.upload.UploadDataEntity] - write to upload stream:Event:speech_sdk_stop[m1-java0.3-15020-226f9a1c--0-P]duration= 0 , time=1533002861611
2018-07-31 10:08:17[m1-java0.3-10320-a2bf4156_uploadT-1] TRACE [com.baidu.aip.talker.command.upload.UploadDataEntity] - write to upload stream:Event:speech_start[m1-ASR-10320-1-1533002897834--0-P]duration= 6 , time=1533002897897
2018-07-31 10:08:24[m1-java0.3-10320-a2bf4156_uploadT-1] TRACE [com.baidu.aip.talker.command.upload.UploadDataEntity] - write to upload stream:Event:speech_end[m1-ASR-10320-1-1533002897834--0-P]duration= 0 , time=1533002904043
2018-07-31 10:08:24[m1-java0.3-10320-a2bf4156_uploadT-1] TRACE [com.baidu.aip.talker.command.upload.UploadDataEntity] - write to upload stream:Event:speech_sdk_stop[m1-java0.3-10320-a2bf4156--0-P]duration= 0 , time=1533002904043
2018-07-31 10:10:18[m1-java0.3-11688-0cf217ce_uploadT-1] TRACE [com.baidu.aip.talker.command.upload.UploadDataEntity] - write to upload stream:Event:speech_start[m1-ASR-11688-1-1533003018771--0-P]duration= 12 , time=1533003018901
2018-07-31 10:10:40[m1-java0.3-11688-0cf217ce_uploadT-1] TRACE [com.baidu.aip.talker.command.upload.UploadDataEntity] - write to upload stream:Event:speech_end[m1-ASR-11688-1-1533003018771--0-P]duration= 0 , time=1533003040307
2018-07-31 10:10:40[m1-java0.3-11688-0cf217ce_uploadT-1] TRACE [com.baidu.aip.talker.command.upload.UploadDataEntity] - write to upload stream:Event:speech_sdk_stop[m1-java0.3-11688-0cf217ce--0-P]duration= 0 , time=1533003040307
2018-07-31 10:25:02[m1-java0.3-16212-3fe342e3_uploadT-2] TRACE [com.baidu.aip.talker.command.upload.UploadDataEntity] - write to upload stream:Event:speech_start[m1-ASR-16212-1-1533003901975--0-P]duration= 7 , time=1533003902034
2018-07-31 10:25:08[m1-java0.3-16212-3fe342e3_uploadT-2] TRACE [com.baidu.aip.talker.command.upload.UploadDataEntity] - write to upload stream:Event:speech_end[m1-ASR-16212-1-1533003901975--0-P]duration= 0 , time=1533003908163
2018-07-31 10:25:08[m1-java0.3-16212-3fe342e3_uploadT-2] TRACE [com.baidu.aip.talker.command.upload.UploadDataEntity] - write to upload stream:Event:speech_sdk_stop[m1-java0.3-16212-3fe342e3--0-P]duration= 0 , time=1533003908163
2018-07-31 10:45:16[m1-java0.3-11336-7b9cba7c_uploadT-1] TRACE [com.baidu.aip.talker.command.upload.UploadDataEntity] - write to upload stream:Event:speech_start[m1-ASR-11336-1-1533005116050--0-P]duration= 6 , time=1533005116101
2018-07-31 10:46:10[m1-java0.3-11336-7b9cba7c_uploadT-7-EXTRA] TRACE [com.baidu.aip.talker.command.upload.UploadDataEntity] - write to upload stream:Event:speech_end[m1-ASR-11336-1-1533005116050--0-P]duration= 0 , time=1533005170029
2018-07-31 10:46:26[m1-java0.3-11336-7b9cba7c_uploadT-8-EXTRA] TRACE [com.baidu.aip.talker.command.upload.UploadDataEntity] - write to upload stream:Event:speech_sdk_stop[m1-java0.3-11336-7b9cba7c--0-P]duration= 0 , time=1533005186399
2018-07-31 10:46:41[m1-java0.3-15780-7702c6f0_uploadT-1] TRACE [com.baidu.aip.talker.command.upload.UploadDataEntity] - write to upload stream:Event:speech_start[m1-ASR-15780-1-1533005201926--0-P]duration= 6 , time=1533005201993
2018-07-31 10:46:48[m1-java0.3-15780-7702c6f0_uploadT-2] TRACE [com.baidu.aip.talker.command.upload.UploadDataEntity] - write to upload stream:Event:speech_end[m1-ASR-15780-1-1533005201926--0-P]duration= 0 , time=1533005208109
2018-07-31 10:46:48[m1-java0.3-15780-7702c6f0_uploadT-2] TRACE [com.baidu.aip.talker.command.upload.UploadDataEntity] - write to upload stream:Event:speech_sdk_stop[m1-java0.3-15780-7702c6f0--0-P]duration= 0 , time=1533005208109
2018-07-31 10:47:32[m1-java0.3-4608-0fb57d34_uploadT-2] TRACE [com.baidu.aip.talker.command.upload.UploadDataEntity] - write to upload stream:Event:speech_start[m1-ASR-4608-1-1533005251556--0-P]duration= 7 , time=1533005252099
2018-07-31 10:47:37[m1-java0.3-4608-0fb57d34_uploadT-2] TRACE [com.baidu.aip.talker.command.upload.UploadDataEntity] - write to upload stream:Event:speech_end[m1-ASR-4608-1-1533005251556--0-P]duration= 0 , time=1533005257645
2018-07-31 10:47:37[m1-java0.3-4608-0fb57d34_uploadT-1] TRACE [com.baidu.aip.talker.command.upload.UploadDataEntity] - write to upload stream:Event:speech_sdk_stop[m1-java0.3-4608-0fb57d34--0-P]duration= 0 , time=1533005257645
2018-07-31 10:47:56[m1-java0.3-14156-567c8efe_uploadT-2] TRACE [com.baidu.aip.talker.command.upload.UploadDataEntity] - write to upload stream:Event:speech_start[m1-ASR-14156-1-1533005276424--0-P]duration= 6 , time=1533005276976
2018-07-31 10:48:02[m1-java0.3-14156-567c8efe_uploadT-2] TRACE [com.baidu.aip.talker.command.upload.UploadDataEntity] - write to upload stream:Event:speech_end[m1-ASR-14156-1-1533005276424--0-P]duration= 0 , time=1533005282532
2018-07-31 10:48:02[m1-java0.3-14156-567c8efe_uploadT-1] TRACE [com.baidu.aip.talker.command.upload.UploadDataEntity] - write to upload stream:Event:speech_sdk_stop[m1-java0.3-14156-567c8efe--0-P]duration= 0 , time=1533005282532
