2018-08-06 22:00:01[m1-java0.3-8532-360dc396_downloadT-1] DEBUG [com.baidu.aip.talker.command.download.DownloadThreadCommand] - read datatrue:{"logid": "00d9535a-9981-11e8-98a7-6c92bf3b0791", "originLogId": "uploadT-2-Event:speech_heartbeat[m1-java0.3-8532-360dc396--0]-5", "name": "speech_heartbeat_ack", "sdkId": "m1-java0.3-8532-360dc396"}
2018-08-06 22:00:01[m1-java0.3-8532-360dc396_downloadT-1] DEBUG [com.baidu.aip.talker.command.download.DownloadThreadCommand] - read datatrue:{"logid": "00d9e7a2-9981-11e8-98a7-6c92bf3b0791", "originLogId": "uploadT-1-Event:speech_heartbeat[m1-java0.3-8532-360dc396--0]-5", "name": "speech_heartbeat_ack", "sdkId": "m1-java0.3-8532-360dc396"}
2018-08-06 22:00:03[m1-java0.3-8532-360dc396_downloadT-1] DEBUG [com.baidu.aip.talker.command.download.DownloadThreadCommand] - read datatrue:{"logid": "020bdaea-9981-11e8-98a7-6c92bf3b0791", "originLogId": "uploadT-1-Event:speech_heartbeat[m1-java0.3-8532-360dc396--0]-6", "name": "speech_heartbeat_ack", "sdkId": "m1-java0.3-8532-360dc396"}
2018-08-06 22:00:03[m1-java0.3-8532-360dc396_downloadT-1] DEBUG [com.baidu.aip.talker.command.download.DownloadThreadCommand] - read datatrue:{"logid": "020c0cfe-9981-11e8-98a7-6c92bf3b0791", "originLogId": "uploadT-2-Event:speech_heartbeat[m1-java0.3-8532-360dc396--0]-6", "name": "speech_heartbeat_ack", "sdkId": "m1-java0.3-8532-360dc396"}
2018-08-06 22:00:04[m1-java0.3-8532-360dc396_downloadT-1] DEBUG [com.baidu.aip.talker.command.download.DownloadThreadCommand] - read datatrue:{"logid": "02804aa6-9981-11e8-98a7-6c92bf3b0791", "name": "heartbeat"}
2018-08-06 22:00:05[m1-java0.3-8532-360dc396_downloadT-1] DEBUG [com.baidu.aip.talker.command.download.DownloadThreadCommand] - read datatrue:{"logid": "033c839c-9981-11e8-98a7-6c92bf3b0791", "originLogId": "uploadT-2-Event:speech_heartbeat[m1-java0.3-8532-360dc396--0]-7", "name": "speech_heartbeat_ack", "sdkId": "m1-java0.3-8532-360dc396"}
2018-08-06 22:00:05[m1-java0.3-8532-360dc396_downloadT-1] DEBUG [com.baidu.aip.talker.command.download.DownloadThreadCommand] - read datatrue:{"logid": "033d0452-9981-11e8-98a7-6c92bf3b0791", "originLogId": "uploadT-1-Event:speech_heartbeat[m1-java0.3-8532-360dc396--0]-7", "name": "speech_heartbeat_ack", "sdkId": "m1-java0.3-8532-360dc396"}
2018-08-06 22:00:07[m1-java0.3-8532-360dc396_downloadT-1] DEBUG [com.baidu.aip.talker.command.download.DownloadThreadCommand] - read datatrue:{"logid": "046e934a-9981-11e8-98a7-6c92bf3b0791", "originLogId": "uploadT-2-Event:speech_heartbeat[m1-java0.3-8532-360dc396--0]-8", "name": "speech_heartbeat_ack", "sdkId": "m1-java0.3-8532-360dc396"}
2018-08-06 22:00:07[m1-java0.3-8532-360dc396_downloadT-1] DEBUG [com.baidu.aip.talker.command.download.DownloadThreadCommand] - read datatrue:{"logid": "046ef9a2-9981-11e8-98a7-6c92bf3b0791", "originLogId": "uploadT-1-Event:speech_heartbeat[m1-java0.3-8532-360dc396--0]-8", "name": "speech_heartbeat_ack", "sdkId": "m1-java0.3-8532-360dc396"}
2018-08-06 22:00:09[m1-java0.3-8532-360dc396_downloadT-1] DEBUG [com.baidu.aip.talker.command.download.DownloadThreadCommand] - read datatrue:{"logid": "057b458a-9981-11e8-98a7-6c92bf3b0791", "name": "heartbeat"}
2018-08-06 22:00:09[m1-java0.3-8532-360dc396_downloadT-1] DEBUG [com.baidu.aip.talker.command.download.DownloadThreadCommand] - read datatrue:{"logid": "059fd45e-9981-11e8-98a7-6c92bf3b0791", "originLogId": "uploadT-2-Event:speech_heartbeat[m1-java0.3-8532-360dc396--0]-9", "name": "speech_heartbeat_ack", "sdkId": "m1-java0.3-8532-360dc396"}
2018-08-06 22:00:09[m1-java0.3-8532-360dc396_downloadT-1] DEBUG [com.baidu.aip.talker.command.download.DownloadThreadCommand] - read datatrue:{"logid": "05a0e7a4-9981-11e8-98a7-6c92bf3b0791", "originLogId": "uploadT-1-Event:speech_heartbeat[m1-java0.3-8532-360dc396--0]-9", "name": "speech_heartbeat_ack", "sdkId": "m1-java0.3-8532-360dc396"}
2018-08-06 22:00:11[m1-java0.3-8532-360dc396_downloadT-1] DEBUG [com.baidu.aip.talker.command.download.DownloadThreadCommand] - read datatrue:{"logid": "06d1c88c-9981-11e8-98a7-6c92bf3b0791", "originLogId": "uploadT-2-Event:speech_heartbeat[m1-java0.3-8532-360dc396--0]-10", "name": "speech_heartbeat_ack", "sdkId": "m1-java0.3-8532-360dc396"}
2018-08-06 22:00:11[m1-java0.3-8532-360dc396_downloadT-1] DEBUG [com.baidu.aip.talker.command.download.DownloadThreadCommand] - read datatrue:{"logid": "06d2138c-9981-11e8-98a7-6c92bf3b0791", "originLogId": "uploadT-1-Event:speech_heartbeat[m1-java0.3-8532-360dc396--0]-10", "name": "speech_heartbeat_ack", "sdkId": "m1-java0.3-8532-360dc396"}
2018-08-06 22:00:13[m1-java0.3-8532-360dc396_downloadT-1] DEBUG [com.baidu.aip.talker.command.download.DownloadThreadCommand] - read datatrue:{"logid": "0805d45a-9981-11e8-98a7-6c92bf3b0791", "originLogId": "uploadT-2-Event:speech_heartbeat[m1-java0.3-8532-360dc396--0]-11", "name": "speech_heartbeat_ack", "sdkId": "m1-java0.3-8532-360dc396"}
2018-08-06 22:00:13[m1-java0.3-8532-360dc396_downloadT-1] DEBUG [com.baidu.aip.talker.command.download.DownloadThreadCommand] - read datatrue:{"logid": "08064cb4-9981-11e8-98a7-6c92bf3b0791", "originLogId": "uploadT-1-Event:speech_heartbeat[m1-java0.3-8532-360dc396--0]-11", "name": "speech_heartbeat_ack", "sdkId": "m1-java0.3-8532-360dc396"}
2018-08-06 22:00:14[m1-java0.3-8532-360dc396_downloadT-1] DEBUG [com.baidu.aip.talker.command.download.DownloadThreadCommand] - read datatrue:{"logid": "08764082-9981-11e8-98a7-6c92bf3b0791", "name": "heartbeat"}
2018-08-06 22:00:15[m1-java0.3-8532-360dc396_downloadT-1] DEBUG [com.baidu.aip.talker.command.download.DownloadThreadCommand] - read datatrue:{"logid": "0939b0bc-9981-11e8-98a7-6c92bf3b0791", "originLogId": "uploadT-2-Event:speech_heartbeat[m1-java0.3-8532-360dc396--0]-12", "name": "speech_heartbeat_ack", "sdkId": "m1-java0.3-8532-360dc396"}
2018-08-06 22:00:15[m1-java0.3-8532-360dc396_downloadT-1] DEBUG [com.baidu.aip.talker.command.download.DownloadThreadCommand] - read datatrue:{"logid": "0939d556-9981-11e8-98a7-6c92bf3b0791", "originLogId": "uploadT-1-Event:speech_heartbeat[m1-java0.3-8532-360dc396--0]-12", "name": "speech_heartbeat_ack", "sdkId": "m1-java0.3-8532-360dc396"}
2018-08-06 22:00:17[m1-java0.3-8532-360dc396_downloadT-1] DEBUG [com.baidu.aip.talker.command.download.DownloadThreadCommand] - read datatrue:{"logid": "0a6669bc-9981-11e8-98a7-6c92bf3b0791", "originLogId": "uploadT-2-Event:speech_heartbeat[m1-java0.3-8532-360dc396--0]-13", "name": "speech_heartbeat_ack", "sdkId": "m1-java0.3-8532-360dc396"}
2018-08-06 22:00:17[m1-java0.3-8532-360dc396_downloadT-1] DEBUG [com.baidu.aip.talker.command.download.DownloadThreadCommand] - read datatrue:{"logid": "0a6722da-9981-11e8-98a7-6c92bf3b0791", "originLogId": "uploadT-1-Event:speech_heartbeat[m1-java0.3-8532-360dc396--0]-13", "name": "speech_heartbeat_ack", "sdkId": "m1-java0.3-8532-360dc396"}
2018-08-06 22:00:19[m1-java0.3-8532-360dc396_downloadT-1] DEBUG [com.baidu.aip.talker.command.download.DownloadThreadCommand] - read datatrue:{"logid": "0b713c42-9981-11e8-98a7-6c92bf3b0791", "name": "heartbeat"}
2018-08-06 22:00:19[m1-java0.3-8532-360dc396_downloadT-1] DEBUG [com.baidu.aip.talker.command.download.DownloadThreadCommand] - read datatrue:{"logid": "0b985098-9981-11e8-98a7-6c92bf3b0791", "originLogId": "uploadT-1-Event:speech_heartbeat[m1-java0.3-8532-360dc396--0]-14", "name": "speech_heartbeat_ack", "sdkId": "m1-java0.3-8532-360dc396"}
2018-08-06 22:00:19[m1-java0.3-8532-360dc396_downloadT-1] DEBUG [com.baidu.aip.talker.command.download.DownloadThreadCommand] - read datatrue:{"logid": "0b9d8270-9981-11e8-98a7-6c92bf3b0791", "originLogId": "uploadT-2-Event:speech_heartbeat[m1-java0.3-8532-360dc396--0]-14", "name": "speech_heartbeat_ack", "sdkId": "m1-java0.3-8532-360dc396"}
2018-08-06 22:00:21[m1-java0.3-8532-360dc396_downloadT-1] DEBUG [com.baidu.aip.talker.command.download.DownloadThreadCommand] - read datatrue:{"logid": "0ccd5b34-9981-11e8-98a7-6c92bf3b0791", "originLogId": "uploadT-1-Event:speech_heartbeat[m1-java0.3-8532-360dc396--0]-15", "name": "speech_heartbeat_ack", "sdkId": "m1-java0.3-8532-360dc396"}
2018-08-06 22:00:21[m1-java0.3-8532-360dc396_downloadT-1] DEBUG [com.baidu.aip.talker.command.download.DownloadThreadCommand] - read datatrue:{"logid": "0ccd6dc2-9981-11e8-98a7-6c92bf3b0791", "originLogId": "uploadT-2-Event:speech_heartbeat[m1-java0.3-8532-360dc396--0]-15", "name": "speech_heartbeat_ack", "sdkId": "m1-java0.3-8532-360dc396"}
2018-08-06 22:00:23[m1-java0.3-8532-360dc396_downloadT-1] DEBUG [com.baidu.aip.talker.command.download.DownloadThreadCommand] - read datatrue:{"logid": "0dfd87a4-9981-11e8-98a7-6c92bf3b0791", "originLogId": "uploadT-2-Event:speech_heartbeat[m1-java0.3-8532-360dc396--0]-16", "name": "speech_heartbeat_ack", "sdkId": "m1-java0.3-8532-360dc396"}
2018-08-06 22:00:23[m1-java0.3-8532-360dc396_downloadT-1] DEBUG [com.baidu.aip.talker.command.download.DownloadThreadCommand] - read datatrue:{"logid": "0dfdb418-9981-11e8-98a7-6c92bf3b0791", "originLogId": "uploadT-1-Event:speech_heartbeat[m1-java0.3-8532-360dc396--0]-16", "name": "speech_heartbeat_ack", "sdkId": "m1-java0.3-8532-360dc396"}
2018-08-06 22:00:24[m1-java0.3-8532-360dc396_downloadT-1] DEBUG [com.baidu.aip.talker.command.download.DownloadThreadCommand] - read datatrue:{"logid": "0e6c371c-9981-11e8-98a7-6c92bf3b0791", "name": "heartbeat"}
2018-08-06 22:00:25[m1-java0.3-8532-360dc396_downloadT-1] DEBUG [com.baidu.aip.talker.command.download.DownloadThreadCommand] - read datatrue:{"logid": "0f2ca4d4-9981-11e8-98a7-6c92bf3b0791", "originLogId": "uploadT-1-Event:speech_heartbeat[m1-java0.3-8532-360dc396--0]-17", "name": "speech_heartbeat_ack", "sdkId": "m1-java0.3-8532-360dc396"}
2018-08-06 22:00:25[m1-java0.3-8532-360dc396_downloadT-1] DEBUG [com.baidu.aip.talker.command.download.DownloadThreadCommand] - read datatrue:{"logid": "0f2cf664-9981-11e8-98a7-6c92bf3b0791", "originLogId": "uploadT-2-Event:speech_heartbeat[m1-java0.3-8532-360dc396--0]-17", "name": "speech_heartbeat_ack", "sdkId": "m1-java0.3-8532-360dc396"}
2018-08-06 22:00:27[m1-java0.3-8532-360dc396_downloadT-1] DEBUG [com.baidu.aip.talker.command.download.DownloadThreadCommand] - read datatrue:{"logid": "105e0168-9981-11e8-98a7-6c92bf3b0791", "originLogId": "uploadT-2-Event:speech_heartbeat[m1-java0.3-8532-360dc396--0]-18", "name": "speech_heartbeat_ack", "sdkId": "m1-java0.3-8532-360dc396"}
2018-08-06 22:00:27[m1-java0.3-8532-360dc396_downloadT-1] DEBUG [com.baidu.aip.talker.command.download.DownloadThreadCommand] - read datatrue:{"logid": "105e8a98-9981-11e8-98a7-6c92bf3b0791", "originLogId": "uploadT-1-Event:speech_heartbeat[m1-java0.3-8532-360dc396--0]-18", "name": "speech_heartbeat_ack", "sdkId": "m1-java0.3-8532-360dc396"}
2018-08-06 22:00:29[m1-java0.3-8532-360dc396_downloadT-1] DEBUG [com.baidu.aip.talker.command.download.DownloadThreadCommand] - read datatrue:{"logid": "116731c4-9981-11e8-98a7-6c92bf3b0791", "name": "heartbeat"}
2018-08-06 22:00:29[m1-java0.3-8532-360dc396_downloadT-1] DEBUG [com.baidu.aip.talker.command.download.DownloadThreadCommand] - read datatrue:{"logid": "1192d5a4-9981-11e8-98a7-6c92bf3b0791", "originLogId": "uploadT-1-Event:speech_heartbeat[m1-java0.3-8532-360dc396--0]-19", "name": "speech_heartbeat_ack", "sdkId": "m1-java0.3-8532-360dc396"}
2018-08-06 22:00:29[m1-java0.3-8532-360dc396_downloadT-1] DEBUG [com.baidu.aip.talker.command.download.DownloadThreadCommand] - read datatrue:{"logid": "1192e8b4-9981-11e8-98a7-6c92bf3b0791", "originLogId": "uploadT-2-Event:speech_heartbeat[m1-java0.3-8532-360dc396--0]-19", "name": "speech_heartbeat_ack", "sdkId": "m1-java0.3-8532-360dc396"}
2018-08-06 22:00:31[m1-java0.3-8532-360dc396_downloadT-1] DEBUG [com.baidu.aip.talker.command.download.DownloadThreadCommand] - read datatrue:{"logid": "12cb6e54-9981-11e8-98a7-6c92bf3b0791", "originLogId": "uploadT-2-Event:speech_heartbeat[m1-java0.3-8532-360dc396--0]-20", "name": "speech_heartbeat_ack", "sdkId": "m1-java0.3-8532-360dc396"}
2018-08-06 22:00:31[m1-java0.3-8532-360dc396_downloadT-1] DEBUG [com.baidu.aip.talker.command.download.DownloadThreadCommand] - read datatrue:{"logid": "12cb93c0-9981-11e8-98a7-6c92bf3b0791", "originLogId": "uploadT-1-Event:speech_heartbeat[m1-java0.3-8532-360dc396--0]-20", "name": "speech_heartbeat_ack", "sdkId": "m1-java0.3-8532-360dc396"}
2018-08-06 22:00:33[m1-java0.3-8532-360dc396_downloadT-1] DEBUG [com.baidu.aip.talker.command.download.DownloadThreadCommand] - read datatrue:{"logid": "13fc7444-9981-11e8-98a7-6c92bf3b0791", "originLogId": "uploadT-2-Event:speech_heartbeat[m1-java0.3-8532-360dc396--0]-21", "name": "speech_heartbeat_ack", "sdkId": "m1-java0.3-8532-360dc396"}
2018-08-06 22:00:33[m1-java0.3-8532-360dc396_downloadT-1] DEBUG [com.baidu.aip.talker.command.download.DownloadThreadCommand] - read datatrue:{"logid": "13fd3e38-9981-11e8-98a7-6c92bf3b0791", "originLogId": "uploadT-1-Event:speech_heartbeat[m1-java0.3-8532-360dc396--0]-21", "name": "speech_heartbeat_ack", "sdkId": "m1-java0.3-8532-360dc396"}
2018-08-06 22:00:34[m1-java0.3-8532-360dc396_downloadT-1] DEBUG [com.baidu.aip.talker.command.download.DownloadThreadCommand] - read datatrue:{"logid": "14622d52-9981-11e8-98a7-6c92bf3b0791", "name": "heartbeat"}
2018-08-06 22:00:35[m1-java0.3-8532-360dc396_downloadT-1] DEBUG [com.baidu.aip.talker.command.download.DownloadThreadCommand] - read datatrue:{"logid": "152e3b68-9981-11e8-98a7-6c92bf3b0791", "originLogId": "uploadT-2-Event:speech_heartbeat[m1-java0.3-8532-360dc396--0]-22", "name": "speech_heartbeat_ack", "sdkId": "m1-java0.3-8532-360dc396"}
2018-08-06 22:00:35[m1-java0.3-8532-360dc396_downloadT-1] DEBUG [com.baidu.aip.talker.command.download.DownloadThreadCommand] - read datatrue:{"logid": "152eabd4-9981-11e8-98a7-6c92bf3b0791", "originLogId": "uploadT-1-Event:speech_heartbeat[m1-java0.3-8532-360dc396--0]-22", "name": "speech_heartbeat_ack", "sdkId": "m1-java0.3-8532-360dc396"}
2018-08-06 22:00:37[m1-java0.3-8532-360dc396_downloadT-1] DEBUG [com.baidu.aip.talker.command.download.DownloadThreadCommand] - read datatrue:{"logid": "165fdd02-9981-11e8-98a7-6c92bf3b0791", "originLogId": "uploadT-1-Event:speech_heartbeat[m1-java0.3-8532-360dc396--0]-23", "name": "speech_heartbeat_ack", "sdkId": "m1-java0.3-8532-360dc396"}
2018-08-06 22:00:37[m1-java0.3-8532-360dc396_downloadT-1] DEBUG [com.baidu.aip.talker.command.download.DownloadThreadCommand] - read datatrue:{"logid": "16600264-9981-11e8-98a7-6c92bf3b0791", "originLogId": "uploadT-2-Event:speech_heartbeat[m1-java0.3-8532-360dc396--0]-23", "name": "speech_heartbeat_ack", "sdkId": "m1-java0.3-8532-360dc396"}
2018-08-06 22:00:39[m1-java0.3-8532-360dc396_downloadT-1] DEBUG [com.baidu.aip.talker.command.download.DownloadThreadCommand] - read datatrue:{"logid": "175d27be-9981-11e8-98a7-6c92bf3b0791", "name": "heartbeat"}
2018-08-06 22:00:39[m1-java0.3-8532-360dc396_downloadT-1] DEBUG [com.baidu.aip.talker.command.download.DownloadThreadCommand] - read datatrue:{"logid": "1791dcca-9981-11e8-98a7-6c92bf3b0791", "originLogId": "uploadT-1-Event:speech_heartbeat[m1-java0.3-8532-360dc396--0]-24", "name": "speech_heartbeat_ack", "sdkId": "m1-java0.3-8532-360dc396"}
2018-08-06 22:00:39[m1-java0.3-8532-360dc396_downloadT-1] DEBUG [com.baidu.aip.talker.command.download.DownloadThreadCommand] - read datatrue:{"logid": "1791eef4-9981-11e8-98a7-6c92bf3b0791", "originLogId": "uploadT-2-Event:speech_heartbeat[m1-java0.3-8532-360dc396--0]-24", "name": "speech_heartbeat_ack", "sdkId": "m1-java0.3-8532-360dc396"}
2018-08-06 22:00:41[m1-java0.3-8532-360dc396_downloadT-1] DEBUG [com.baidu.aip.talker.command.download.DownloadThreadCommand] - read datatrue:{"logid": "18c2d306-9981-11e8-98a7-6c92bf3b0791", "originLogId": "uploadT-2-Event:speech_heartbeat[m1-java0.3-8532-360dc396--0]-25", "name": "speech_heartbeat_ack", "sdkId": "m1-java0.3-8532-360dc396"}
2018-08-06 22:00:41[m1-java0.3-8532-360dc396_downloadT-1] DEBUG [com.baidu.aip.talker.command.download.DownloadThreadCommand] - read datatrue:{"logid": "18c2f822-9981-11e8-98a7-6c92bf3b0791", "originLogId": "uploadT-1-Event:speech_heartbeat[m1-java0.3-8532-360dc396--0]-25", "name": "speech_heartbeat_ack", "sdkId": "m1-java0.3-8532-360dc396"}
2018-08-06 22:00:43[m1-java0.3-8532-360dc396_downloadT-1] DEBUG [com.baidu.aip.talker.command.download.DownloadThreadCommand] - read datatrue:{"logid": "19f42a54-9981-11e8-98a7-6c92bf3b0791", "originLogId": "uploadT-1-Event:speech_heartbeat[m1-java0.3-8532-360dc396--0]-26", "name": "speech_heartbeat_ack", "sdkId": "m1-java0.3-8532-360dc396"}
2018-08-06 22:00:43[m1-java0.3-8532-360dc396_downloadT-1] DEBUG [com.baidu.aip.talker.command.download.DownloadThreadCommand] - read datatrue:{"logid": "19f498ea-9981-11e8-98a7-6c92bf3b0791", "originLogId": "uploadT-2-Event:speech_heartbeat[m1-java0.3-8532-360dc396--0]-26", "name": "speech_heartbeat_ack", "sdkId": "m1-java0.3-8532-360dc396"}
2018-08-06 22:00:44[m1-java0.3-8532-360dc396_downloadT-1] DEBUG [com.baidu.aip.talker.command.download.DownloadThreadCommand] - read datatrue:{"logid": "1a5821ee-9981-11e8-98a7-6c92bf3b0791", "name": "heartbeat"}
2018-08-06 22:00:45[m1-java0.3-8532-360dc396_downloadT-1] DEBUG [com.baidu.aip.talker.command.download.DownloadThreadCommand] - read datatrue:{"logid": "1b2c31a0-9981-11e8-98a7-6c92bf3b0791", "originLogId": "uploadT-1-Event:speech_heartbeat[m1-java0.3-8532-360dc396--0]-27", "name": "speech_heartbeat_ack", "sdkId": "m1-java0.3-8532-360dc396"}
2018-08-06 22:00:45[m1-java0.3-8532-360dc396_downloadT-1] DEBUG [com.baidu.aip.talker.command.download.DownloadThreadCommand] - read datatrue:{"logid": "1b2cd8a8-9981-11e8-98a7-6c92bf3b0791", "originLogId": "uploadT-2-Event:speech_heartbeat[m1-java0.3-8532-360dc396--0]-27", "name": "speech_heartbeat_ack", "sdkId": "m1-java0.3-8532-360dc396"}
2018-08-06 22:00:47[m1-java0.3-8532-360dc396_downloadT-1] DEBUG [com.baidu.aip.talker.command.download.DownloadThreadCommand] - read datatrue:{"logid": "1c576cb6-9981-11e8-98a7-6c92bf3b0791", "originLogId": "uploadT-2-Event:speech_heartbeat[m1-java0.3-8532-360dc396--0]-28", "name": "speech_heartbeat_ack", "sdkId": "m1-java0.3-8532-360dc396"}
2018-08-06 22:00:47[m1-java0.3-8532-360dc396_downloadT-1] DEBUG [com.baidu.aip.talker.command.download.DownloadThreadCommand] - read datatrue:{"logid": "1c5804aa-9981-11e8-98a7-6c92bf3b0791", "originLogId": "uploadT-1-Event:speech_heartbeat[m1-java0.3-8532-360dc396--0]-28", "name": "speech_heartbeat_ack", "sdkId": "m1-java0.3-8532-360dc396"}
2018-08-06 22:00:49[m1-java0.3-8532-360dc396_downloadT-1] DEBUG [com.baidu.aip.talker.command.download.DownloadThreadCommand] - read datatrue:{"logid": "1d531caa-9981-11e8-98a7-6c92bf3b0791", "name": "heartbeat"}
2018-08-06 22:00:49[m1-java0.3-8532-360dc396_downloadT-1] DEBUG [com.baidu.aip.talker.command.download.DownloadThreadCommand] - read datatrue:{"logid": "1d8a0832-9981-11e8-98a7-6c92bf3b0791", "originLogId": "uploadT-2-Event:speech_heartbeat[m1-java0.3-8532-360dc396--0]-29", "name": "speech_heartbeat_ack", "sdkId": "m1-java0.3-8532-360dc396"}
2018-08-06 22:00:49[m1-java0.3-8532-360dc396_downloadT-1] DEBUG [com.baidu.aip.talker.command.download.DownloadThreadCommand] - read datatrue:{"logid": "1d8a1ac0-9981-11e8-98a7-6c92bf3b0791", "originLogId": "uploadT-1-Event:speech_heartbeat[m1-java0.3-8532-360dc396--0]-29", "name": "speech_heartbeat_ack", "sdkId": "m1-java0.3-8532-360dc396"}
2018-08-06 22:00:51[m1-java0.3-8532-360dc396_downloadT-1] DEBUG [com.baidu.aip.talker.command.download.DownloadThreadCommand] - read datatrue:{"logid": "1eba42bc-9981-11e8-98a7-6c92bf3b0791", "originLogId": "uploadT-2-Event:speech_heartbeat[m1-java0.3-8532-360dc396--0]-30", "name": "speech_heartbeat_ack", "sdkId": "m1-java0.3-8532-360dc396"}
2018-08-06 22:00:51[m1-java0.3-8532-360dc396_downloadT-1] DEBUG [com.baidu.aip.talker.command.download.DownloadThreadCommand] - read datatrue:{"logid": "1eba6986-9981-11e8-98a7-6c92bf3b0791", "originLogId": "uploadT-1-Event:speech_heartbeat[m1-java0.3-8532-360dc396--0]-30", "name": "speech_heartbeat_ack", "sdkId": "m1-java0.3-8532-360dc396"}
2018-08-06 22:00:59[main] INFO  [com.baidu.aip.talker.controller.ControllerImpl] - Conf is loaded by properties
2018-08-06 22:00:59[main] INFO  [com.baidu.aip.talker.controller.ControllerImpl] - Stat is initialized
2018-08-06 22:01:00[main] INFO  [com.baidu.aip.talker.controller.ControllerImpl] - Uploader is initialized
2018-08-06 22:01:00[main] INFO  [com.baidu.aip.talker.controller.ControllerImpl] - Downloader is initialized
2018-08-06 22:01:00[main] INFO  [com.baidu.aip.talker.controller.ControllerImpl] - ClientFactory is initialized
2018-08-06 22:01:00[main] INFO  [com.baidu.aip.talker.command.token.TokenThreadCommand] - token fetch params:[grant_type=client_credentials, client_id=t5fTe2YN25P36FYMnBTQcUga, client_secret=6SgSI55vVqCXOHTamtYwG3yE7A9uKvGX]
2018-08-06 22:01:00[main] WARN  [org.apache.http.client.protocol.ResponseProcessCookies] - Cookie rejected [BAIDUID="2F05EC5A63280A8247E3A63B09CB177D:FG=1", version:0, domain:baidu.com, path:/, expiry:Fri Jan 01 07:55:55 CST 2038] Illegal 'domain' attribute "baidu.com". Domain of origin: "aip.baidubce.com"
2018-08-06 22:01:01[main] INFO  [com.baidu.aip.talker.command.token.TokenThreadCommand] - new token obtained:24.a38be94e3688e87c0f44b6e78fbc6495.2592000.1536156056.282335-11572625,expires in MS:2592000000
2018-08-06 22:01:01[main] INFO  [com.baidu.aip.talker.controller.ControllerImpl] - ====All components are initialized=========
2018-08-06 22:01:01[main] INFO  [com.baidu.aip.talker.controller.ControllerImpl] - Start Threads
2018-08-06 22:01:01[main] INFO  [com.baidu.aip.talker.controller.ControllerImpl] - =========Download Threads started=============
2018-08-06 22:01:01[main] INFO  [com.baidu.aip.talker.command.upload.Uploader] - waiting  download first package success
2018-08-06 22:01:01[m1-java0.3-3916-4aa3728f_downloadT-1] INFO  [com.baidu.aip.talker.command.CommandThreadPoolExecutor] - beforeExecute Thread Info:m1-java0.3-3916-4aa3728f_downloadT-1:15
2018-08-06 22:01:01[m1-java0.3-3916-4aa3728f_downloadT-1] INFO  [com.baidu.aip.talker.common.GlobalSwitch] - isDownloadThreadActive:true
2018-08-06 22:01:01[m1-java0.3-3916-4aa3728f_downloadT-1] DEBUG [com.baidu.aip.talker.command.download.DownloadThreadCommand] - read datatrue:{"logid": "2450fa5e-9981-11e8-8abd-6c92bf3b0791", "name": "heartbeat"}
2018-08-06 22:01:01[main] INFO  [com.baidu.aip.talker.command.upload.Uploader] - download first package success
2018-08-06 22:01:01[m1-java0.3-3916-4aa3728f_uploadT-1] INFO  [com.baidu.aip.talker.command.CommandThreadPoolExecutor] - beforeExecute Thread Info:m1-java0.3-3916-4aa3728f_uploadT-1:16
2018-08-06 22:01:01[m1-java0.3-3916-4aa3728f_uploadT-1] INFO  [com.baidu.aip.talker.http.RequestFactory] - upload url is https://aitalker.baidubce.com/up?access_token=24.a38be94e3688e87c0f44b6e78fbc6495.2592000.1536156056.282335-11572625&scope=brain_bicc
2018-08-06 22:01:01[main] INFO  [com.baidu.aip.talker.controller.ControllerImpl] - =========Upload Threads started=============
2018-08-06 22:01:01[m1-java0.3-3916-4aa3728f_uploadT-2] INFO  [com.baidu.aip.talker.command.CommandThreadPoolExecutor] - beforeExecute Thread Info:m1-java0.3-3916-4aa3728f_uploadT-2:17
2018-08-06 22:01:01[m1-java0.3-3916-4aa3728f_uploadT-2] INFO  [com.baidu.aip.talker.http.RequestFactory] - upload url is https://aitalker.baidubce.com/up?access_token=24.a38be94e3688e87c0f44b6e78fbc6495.2592000.1536156056.282335-11572625&scope=brain_bicc
2018-08-06 22:01:03[m1-java0.3-3916-4aa3728f_downloadT-1] DEBUG [com.baidu.aip.talker.command.download.DownloadThreadCommand] - read datatrue:{"logid": "25aadac8-9981-11e8-8abd-6c92bf3b0791", "originLogId": "uploadT-2-Event:speech_heartbeat[m1-java0.3-3916-4aa3728f--0]-0", "name": "speech_heartbeat_ack", "sdkId": "m1-java0.3-3916-4aa3728f"}
2018-08-06 22:01:03[m1-java0.3-3916-4aa3728f_downloadT-1] DEBUG [com.baidu.aip.talker.command.download.DownloadThreadCommand] - read datatrue:{"logid": "25afe0a4-9981-11e8-8abd-6c92bf3b0791", "originLogId": "uploadT-1-Event:speech_heartbeat[m1-java0.3-3916-4aa3728f--0]-0", "name": "speech_heartbeat_ack", "sdkId": "m1-java0.3-3916-4aa3728f"}
2018-08-06 22:01:05[m1-java0.3-3916-4aa3728f_downloadT-1] DEBUG [com.baidu.aip.talker.command.download.DownloadThreadCommand] - read datatrue:{"logid": "26d3d5f8-9981-11e8-8abd-6c92bf3b0791", "originLogId": "uploadT-2-Event:speech_heartbeat[m1-java0.3-3916-4aa3728f--0]-1", "name": "speech_heartbeat_ack", "sdkId": "m1-java0.3-3916-4aa3728f"}
2018-08-06 22:01:05[m1-java0.3-3916-4aa3728f_downloadT-1] DEBUG [com.baidu.aip.talker.command.download.DownloadThreadCommand] - read datatrue:{"logid": "26d420da-9981-11e8-8abd-6c92bf3b0791", "originLogId": "uploadT-1-Event:speech_heartbeat[m1-java0.3-3916-4aa3728f--0]-1", "name": "speech_heartbeat_ack", "sdkId": "m1-java0.3-3916-4aa3728f"}
2018-08-06 22:01:06[m1-java0.3-3916-4aa3728f_downloadT-1] DEBUG [com.baidu.aip.talker.command.download.DownloadThreadCommand] - read datatrue:{"logid": "274bf614-9981-11e8-8abd-6c92bf3b0791", "name": "heartbeat"}
2018-08-06 22:01:07[m1-java0.3-3916-4aa3728f_downloadT-1] DEBUG [com.baidu.aip.talker.command.download.DownloadThreadCommand] - read datatrue:{"logid": "280ddcfc-9981-11e8-8abd-6c92bf3b0791", "originLogId": "uploadT-1-Event:speech_heartbeat[m1-java0.3-3916-4aa3728f--0]-2", "name": "speech_heartbeat_ack", "sdkId": "m1-java0.3-3916-4aa3728f"}
2018-08-06 22:01:07[m1-java0.3-3916-4aa3728f_downloadT-1] DEBUG [com.baidu.aip.talker.command.download.DownloadThreadCommand] - read datatrue:{"logid": "280e02ea-9981-11e8-8abd-6c92bf3b0791", "originLogId": "uploadT-2-Event:speech_heartbeat[m1-java0.3-3916-4aa3728f--0]-2", "name": "speech_heartbeat_ack", "sdkId": "m1-java0.3-3916-4aa3728f"}
2018-08-06 22:01:09[m1-java0.3-3916-4aa3728f_downloadT-1] DEBUG [com.baidu.aip.talker.command.download.DownloadThreadCommand] - read datatrue:{"logid": "293b3836-9981-11e8-8abd-6c92bf3b0791", "originLogId": "uploadT-2-Event:speech_heartbeat[m1-java0.3-3916-4aa3728f--0]-3", "name": "speech_heartbeat_ack", "sdkId": "m1-java0.3-3916-4aa3728f"}
2018-08-06 22:01:09[m1-java0.3-3916-4aa3728f_downloadT-1] DEBUG [com.baidu.aip.talker.command.download.DownloadThreadCommand] - read datatrue:{"logid": "293b63a6-9981-11e8-8abd-6c92bf3b0791", "originLogId": "uploadT-1-Event:speech_heartbeat[m1-java0.3-3916-4aa3728f--0]-3", "name": "speech_heartbeat_ack", "sdkId": "m1-java0.3-3916-4aa3728f"}
2018-08-06 22:01:11[m1-java0.3-3916-4aa3728f_downloadT-1] DEBUG [com.baidu.aip.talker.command.download.DownloadThreadCommand] - read datatrue:{"logid": "2a46f0c6-9981-11e8-8abd-6c92bf3b0791", "name": "heartbeat"}
2018-08-06 22:01:11[m1-java0.3-3916-4aa3728f_downloadT-1] DEBUG [com.baidu.aip.talker.command.download.DownloadThreadCommand] - read datatrue:{"logid": "2a686c10-9981-11e8-8abd-6c92bf3b0791", "originLogId": "uploadT-2-Event:speech_heartbeat[m1-java0.3-3916-4aa3728f--0]-4", "name": "speech_heartbeat_ack", "sdkId": "m1-java0.3-3916-4aa3728f"}
2018-08-06 22:01:11[m1-java0.3-3916-4aa3728f_downloadT-1] DEBUG [com.baidu.aip.talker.command.download.DownloadThreadCommand] - read datatrue:{"logid": "2a68e212-9981-11e8-8abd-6c92bf3b0791", "originLogId": "uploadT-1-Event:speech_heartbeat[m1-java0.3-3916-4aa3728f--0]-4", "name": "speech_heartbeat_ack", "sdkId": "m1-java0.3-3916-4aa3728f"}
2018-08-06 22:01:13[m1-java0.3-3916-4aa3728f_downloadT-1] DEBUG [com.baidu.aip.talker.command.download.DownloadThreadCommand] - read datatrue:{"logid": "2b997372-9981-11e8-8abd-6c92bf3b0791", "originLogId": "uploadT-2-Event:speech_heartbeat[m1-java0.3-3916-4aa3728f--0]-5", "name": "speech_heartbeat_ack", "sdkId": "m1-java0.3-3916-4aa3728f"}
2018-08-06 22:01:13[m1-java0.3-3916-4aa3728f_downloadT-1] DEBUG [com.baidu.aip.talker.command.download.DownloadThreadCommand] - read datatrue:{"logid": "2b998664-9981-11e8-8abd-6c92bf3b0791", "originLogId": "uploadT-1-Event:speech_heartbeat[m1-java0.3-3916-4aa3728f--0]-5", "name": "speech_heartbeat_ack", "sdkId": "m1-java0.3-3916-4aa3728f"}
2018-08-06 22:01:15[m1-java0.3-3916-4aa3728f_downloadT-1] DEBUG [com.baidu.aip.talker.command.download.DownloadThreadCommand] - read datatrue:{"logid": "2ccb3b54-9981-11e8-8abd-6c92bf3b0791", "originLogId": "uploadT-2-Event:speech_heartbeat[m1-java0.3-3916-4aa3728f--0]-6", "name": "speech_heartbeat_ack", "sdkId": "m1-java0.3-3916-4aa3728f"}
2018-08-06 22:01:15[m1-java0.3-3916-4aa3728f_downloadT-1] DEBUG [com.baidu.aip.talker.command.download.DownloadThreadCommand] - read datatrue:{"logid": "2ccb89ce-9981-11e8-8abd-6c92bf3b0791", "originLogId": "uploadT-1-Event:speech_heartbeat[m1-java0.3-3916-4aa3728f--0]-6", "name": "speech_heartbeat_ack", "sdkId": "m1-java0.3-3916-4aa3728f"}
2018-08-06 22:01:16[m1-java0.3-3916-4aa3728f_downloadT-1] DEBUG [com.baidu.aip.talker.command.download.DownloadThreadCommand] - read datatrue:{"logid": "2d41ebe6-9981-11e8-8abd-6c92bf3b0791", "name": "heartbeat"}
2018-08-06 22:01:17[m1-java0.3-3916-4aa3728f_downloadT-1] DEBUG [com.baidu.aip.talker.command.download.DownloadThreadCommand] - read datatrue:{"logid": "2dfcdee2-9981-11e8-8abd-6c92bf3b0791", "originLogId": "uploadT-1-Event:speech_heartbeat[m1-java0.3-3916-4aa3728f--0]-7", "name": "speech_heartbeat_ack", "sdkId": "m1-java0.3-3916-4aa3728f"}
2018-08-06 22:01:17[m1-java0.3-3916-4aa3728f_downloadT-1] DEBUG [com.baidu.aip.talker.command.download.DownloadThreadCommand] - read datatrue:{"logid": "2dfd066a-9981-11e8-8abd-6c92bf3b0791", "originLogId": "uploadT-2-Event:speech_heartbeat[m1-java0.3-3916-4aa3728f--0]-7", "name": "speech_heartbeat_ack", "sdkId": "m1-java0.3-3916-4aa3728f"}
2018-08-06 22:01:19[m1-java0.3-3916-4aa3728f_downloadT-1] DEBUG [com.baidu.aip.talker.command.download.DownloadThreadCommand] - read datatrue:{"logid": "2f2f94b2-9981-11e8-8abd-6c92bf3b0791", "originLogId": "uploadT-2-Event:speech_heartbeat[m1-java0.3-3916-4aa3728f--0]-8", "name": "speech_heartbeat_ack", "sdkId": "m1-java0.3-3916-4aa3728f"}
2018-08-06 22:01:19[m1-java0.3-3916-4aa3728f_downloadT-1] DEBUG [com.baidu.aip.talker.command.download.DownloadThreadCommand] - read datatrue:{"logid": "2f2fb8ac-9981-11e8-8abd-6c92bf3b0791", "originLogId": "uploadT-1-Event:speech_heartbeat[m1-java0.3-3916-4aa3728f--0]-8", "name": "speech_heartbeat_ack", "sdkId": "m1-java0.3-3916-4aa3728f"}
2018-08-06 22:01:21[m1-java0.3-3916-4aa3728f_downloadT-1] DEBUG [com.baidu.aip.talker.command.download.DownloadThreadCommand] - read datatrue:{"logid": "303ce63e-9981-11e8-8abd-6c92bf3b0791", "name": "heartbeat"}
2018-08-06 22:01:21[m1-java0.3-3916-4aa3728f_downloadT-1] DEBUG [com.baidu.aip.talker.command.download.DownloadThreadCommand] - read datatrue:{"logid": "306047a0-9981-11e8-8abd-6c92bf3b0791", "originLogId": "uploadT-1-Event:speech_heartbeat[m1-java0.3-3916-4aa3728f--0]-9", "name": "speech_heartbeat_ack", "sdkId": "m1-java0.3-3916-4aa3728f"}
2018-08-06 22:01:21[m1-java0.3-3916-4aa3728f_downloadT-1] DEBUG [com.baidu.aip.talker.command.download.DownloadThreadCommand] - read datatrue:{"logid": "3060985e-9981-11e8-8abd-6c92bf3b0791", "originLogId": "uploadT-2-Event:speech_heartbeat[m1-java0.3-3916-4aa3728f--0]-9", "name": "speech_heartbeat_ack", "sdkId": "m1-java0.3-3916-4aa3728f"}
2018-08-06 22:01:23[m1-java0.3-3916-4aa3728f_downloadT-1] DEBUG [com.baidu.aip.talker.command.download.DownloadThreadCommand] - read datatrue:{"logid": "31a0df94-9981-11e8-8abd-6c92bf3b0791", "originLogId": "uploadT-2-Event:speech_heartbeat[m1-java0.3-3916-4aa3728f--0]-10", "name": "speech_heartbeat_ack", "sdkId": "m1-java0.3-3916-4aa3728f"}
2018-08-06 22:01:23[m1-java0.3-3916-4aa3728f_downloadT-1] DEBUG [com.baidu.aip.talker.command.download.DownloadThreadCommand] - read datatrue:{"logid": "31a2ee1a-9981-11e8-8abd-6c92bf3b0791", "originLogId": "uploadT-1-Event:speech_heartbeat[m1-java0.3-3916-4aa3728f--0]-10", "name": "speech_heartbeat_ack", "sdkId": "m1-java0.3-3916-4aa3728f"}
2018-08-06 22:01:25[m1-java0.3-3916-4aa3728f_downloadT-1] DEBUG [com.baidu.aip.talker.command.download.DownloadThreadCommand] - read datatrue:{"logid": "32d2a4e2-9981-11e8-8abd-6c92bf3b0791", "originLogId": "uploadT-2-Event:speech_heartbeat[m1-java0.3-3916-4aa3728f--0]-11", "name": "speech_heartbeat_ack", "sdkId": "m1-java0.3-3916-4aa3728f"}
2018-08-06 22:01:25[m1-java0.3-3916-4aa3728f_downloadT-1] DEBUG [com.baidu.aip.talker.command.download.DownloadThreadCommand] - read datatrue:{"logid": "32d2fb2c-9981-11e8-8abd-6c92bf3b0791", "originLogId": "uploadT-1-Event:speech_heartbeat[m1-java0.3-3916-4aa3728f--0]-11", "name": "speech_heartbeat_ack", "sdkId": "m1-java0.3-3916-4aa3728f"}
2018-08-06 22:01:26[m1-java0.3-3916-4aa3728f_downloadT-1] DEBUG [com.baidu.aip.talker.command.download.DownloadThreadCommand] - read datatrue:{"logid": "3337e154-9981-11e8-8abd-6c92bf3b0791", "name": "heartbeat"}
2018-08-06 22:01:36[main] INFO  [com.baidu.aip.talker.controller.ControllerImpl] - Conf is loaded by properties
2018-08-06 22:01:36[main] INFO  [com.baidu.aip.talker.controller.ControllerImpl] - Stat is initialized
2018-08-06 22:01:37[main] INFO  [com.baidu.aip.talker.controller.ControllerImpl] - Uploader is initialized
2018-08-06 22:01:37[main] INFO  [com.baidu.aip.talker.controller.ControllerImpl] - Downloader is initialized
2018-08-06 22:01:37[main] INFO  [com.baidu.aip.talker.controller.ControllerImpl] - ClientFactory is initialized
2018-08-06 22:01:37[main] INFO  [com.baidu.aip.talker.command.token.TokenThreadCommand] - token fetch params:[grant_type=client_credentials, client_id=t5fTe2YN25P36FYMnBTQcUga, client_secret=6SgSI55vVqCXOHTamtYwG3yE7A9uKvGX]
2018-08-06 22:01:37[main] WARN  [org.apache.http.client.protocol.ResponseProcessCookies] - Cookie rejected [BAIDUID="4E46488429382E63ED3F972CD8E08C1B:FG=1", version:0, domain:baidu.com, path:/, expiry:Fri Jan 01 07:55:55 CST 2038] Illegal 'domain' attribute "baidu.com". Domain of origin: "aip.baidubce.com"
2018-08-06 22:01:38[main] INFO  [com.baidu.aip.talker.command.token.TokenThreadCommand] - new token obtained:24.0c4e222d422c1a4101d18adbde56cc85.2592000.1536156094.282335-11572625,expires in MS:2592000000
2018-08-06 22:01:38[main] INFO  [com.baidu.aip.talker.controller.ControllerImpl] - ====All components are initialized=========
2018-08-06 22:01:38[main] INFO  [com.baidu.aip.talker.controller.ControllerImpl] - Start Threads
2018-08-06 22:01:38[main] INFO  [com.baidu.aip.talker.controller.ControllerImpl] - =========Download Threads started=============
2018-08-06 22:01:38[main] INFO  [com.baidu.aip.talker.command.upload.Uploader] - waiting  download first package success
2018-08-06 22:01:38[m1-java0.3-8316-1b9f7615_downloadT-1] INFO  [com.baidu.aip.talker.command.CommandThreadPoolExecutor] - beforeExecute Thread Info:m1-java0.3-8316-1b9f7615_downloadT-1:15
2018-08-06 22:01:38[m1-java0.3-8316-1b9f7615_downloadT-1] INFO  [com.baidu.aip.talker.common.GlobalSwitch] - isDownloadThreadActive:true
2018-08-06 22:01:38[m1-java0.3-8316-1b9f7615_downloadT-1] DEBUG [com.baidu.aip.talker.command.download.DownloadThreadCommand] - read datatrue:{"logid": "3a7d7262-9981-11e8-8404-7cd30addb80b", "name": "heartbeat"}
2018-08-06 22:01:38[main] INFO  [com.baidu.aip.talker.command.upload.Uploader] - download first package success
2018-08-06 22:01:38[m1-java0.3-8316-1b9f7615_uploadT-1] INFO  [com.baidu.aip.talker.command.CommandThreadPoolExecutor] - beforeExecute Thread Info:m1-java0.3-8316-1b9f7615_uploadT-1:16
2018-08-06 22:01:38[m1-java0.3-8316-1b9f7615_uploadT-2] INFO  [com.baidu.aip.talker.command.CommandThreadPoolExecutor] - beforeExecute Thread Info:m1-java0.3-8316-1b9f7615_uploadT-2:17
2018-08-06 22:01:38[m1-java0.3-8316-1b9f7615_uploadT-2] INFO  [com.baidu.aip.talker.http.RequestFactory] - upload url is https://aitalker.baidubce.com/up?access_token=24.0c4e222d422c1a4101d18adbde56cc85.2592000.1536156094.282335-11572625&scope=brain_bicc
2018-08-06 22:01:38[m1-java0.3-8316-1b9f7615_uploadT-1] INFO  [com.baidu.aip.talker.http.RequestFactory] - upload url is https://aitalker.baidubce.com/up?access_token=24.0c4e222d422c1a4101d18adbde56cc85.2592000.1536156094.282335-11572625&scope=brain_bicc
2018-08-06 22:01:38[main] INFO  [com.baidu.aip.talker.controller.ControllerImpl] - =========Upload Threads started=============
2018-08-06 22:01:40[m1-java0.3-8316-1b9f7615_downloadT-1] DEBUG [com.baidu.aip.talker.command.download.DownloadThreadCommand] - read datatrue:{"logid": "3bdad6c2-9981-11e8-8404-7cd30addb80b", "originLogId": "uploadT-2-Event:speech_heartbeat[m1-java0.3-8316-1b9f7615--0]-0", "name": "speech_heartbeat_ack", "sdkId": "m1-java0.3-8316-1b9f7615"}
2018-08-06 22:01:40[m1-java0.3-8316-1b9f7615_downloadT-1] DEBUG [com.baidu.aip.talker.command.download.DownloadThreadCommand] - read datatrue:{"logid": "3bdfd4e2-9981-11e8-8404-7cd30addb80b", "originLogId": "uploadT-1-Event:speech_heartbeat[m1-java0.3-8316-1b9f7615--0]-0", "name": "speech_heartbeat_ack", "sdkId": "m1-java0.3-8316-1b9f7615"}
2018-08-06 22:01:42[m1-java0.3-8316-1b9f7615_downloadT-1] DEBUG [com.baidu.aip.talker.command.download.DownloadThreadCommand] - read datatrue:{"logid": "3d0313ac-9981-11e8-8404-7cd30addb80b", "originLogId": "uploadT-2-Event:speech_heartbeat[m1-java0.3-8316-1b9f7615--0]-1", "name": "speech_heartbeat_ack", "sdkId": "m1-java0.3-8316-1b9f7615"}
2018-08-06 22:01:42[m1-java0.3-8316-1b9f7615_downloadT-1] DEBUG [com.baidu.aip.talker.command.download.DownloadThreadCommand] - read datatrue:{"logid": "3d032702-9981-11e8-8404-7cd30addb80b", "originLogId": "uploadT-1-Event:speech_heartbeat[m1-java0.3-8316-1b9f7615--0]-1", "name": "speech_heartbeat_ack", "sdkId": "m1-java0.3-8316-1b9f7615"}
2018-08-06 22:01:43[m1-java0.3-8316-1b9f7615_downloadT-1] DEBUG [com.baidu.aip.talker.command.download.DownloadThreadCommand] - read datatrue:{"logid": "3d786e0e-9981-11e8-8404-7cd30addb80b", "name": "heartbeat"}
2018-08-06 22:01:44[m1-java0.3-8316-1b9f7615_downloadT-1] DEBUG [com.baidu.aip.talker.command.download.DownloadThreadCommand] - read datatrue:{"logid": "3e34457a-9981-11e8-8404-7cd30addb80b", "originLogId": "uploadT-1-Event:speech_heartbeat[m1-java0.3-8316-1b9f7615--0]-2", "name": "speech_heartbeat_ack", "sdkId": "m1-java0.3-8316-1b9f7615"}
2018-08-06 22:01:44[m1-java0.3-8316-1b9f7615_downloadT-1] DEBUG [com.baidu.aip.talker.command.download.DownloadThreadCommand] - read datatrue:{"logid": "3e345984-9981-11e8-8404-7cd30addb80b", "originLogId": "uploadT-2-Event:speech_heartbeat[m1-java0.3-8316-1b9f7615--0]-2", "name": "speech_heartbeat_ack", "sdkId": "m1-java0.3-8316-1b9f7615"}
2018-08-06 22:01:46[m1-java0.3-8316-1b9f7615_downloadT-1] DEBUG [com.baidu.aip.talker.command.download.DownloadThreadCommand] - read datatrue:{"logid": "3f6569b0-9981-11e8-8404-7cd30addb80b", "originLogId": "uploadT-2-Event:speech_heartbeat[m1-java0.3-8316-1b9f7615--0]-3", "name": "speech_heartbeat_ack", "sdkId": "m1-java0.3-8316-1b9f7615"}
2018-08-06 22:01:46[m1-java0.3-8316-1b9f7615_downloadT-1] DEBUG [com.baidu.aip.talker.command.download.DownloadThreadCommand] - read datatrue:{"logid": "3f6638ae-9981-11e8-8404-7cd30addb80b", "originLogId": "uploadT-1-Event:speech_heartbeat[m1-java0.3-8316-1b9f7615--0]-3", "name": "speech_heartbeat_ack", "sdkId": "m1-java0.3-8316-1b9f7615"}
2018-08-06 22:01:48[m1-java0.3-8316-1b9f7615_downloadT-1] DEBUG [com.baidu.aip.talker.command.download.DownloadThreadCommand] - read datatrue:{"logid": "40736906-9981-11e8-8404-7cd30addb80b", "name": "heartbeat"}
2018-08-06 22:01:48[m1-java0.3-8316-1b9f7615_downloadT-1] DEBUG [com.baidu.aip.talker.command.download.DownloadThreadCommand] - read datatrue:{"logid": "40975c94-9981-11e8-8404-7cd30addb80b", "originLogId": "uploadT-2-Event:speech_heartbeat[m1-java0.3-8316-1b9f7615--0]-4", "name": "speech_heartbeat_ack", "sdkId": "m1-java0.3-8316-1b9f7615"}
2018-08-06 22:01:48[m1-java0.3-8316-1b9f7615_downloadT-1] DEBUG [com.baidu.aip.talker.command.download.DownloadThreadCommand] - read datatrue:{"logid": "40976fd6-9981-11e8-8404-7cd30addb80b", "originLogId": "uploadT-1-Event:speech_heartbeat[m1-java0.3-8316-1b9f7615--0]-4", "name": "speech_heartbeat_ack", "sdkId": "m1-java0.3-8316-1b9f7615"}
2018-08-06 22:01:50[m1-java0.3-8316-1b9f7615_downloadT-1] DEBUG [com.baidu.aip.talker.command.download.DownloadThreadCommand] - read datatrue:{"logid": "41c88980-9981-11e8-8404-7cd30addb80b", "originLogId": "uploadT-2-Event:speech_heartbeat[m1-java0.3-8316-1b9f7615--0]-5", "name": "speech_heartbeat_ack", "sdkId": "m1-java0.3-8316-1b9f7615"}
2018-08-06 22:01:50[m1-java0.3-8316-1b9f7615_downloadT-1] DEBUG [com.baidu.aip.talker.command.download.DownloadThreadCommand] - read datatrue:{"logid": "41c89c90-9981-11e8-8404-7cd30addb80b", "originLogId": "uploadT-1-Event:speech_heartbeat[m1-java0.3-8316-1b9f7615--0]-5", "name": "speech_heartbeat_ack", "sdkId": "m1-java0.3-8316-1b9f7615"}
2018-08-06 22:01:52[m1-java0.3-8316-1b9f7615_downloadT-1] DEBUG [com.baidu.aip.talker.command.download.DownloadThreadCommand] - read datatrue:{"logid": "42f9b9b4-9981-11e8-8404-7cd30addb80b", "originLogId": "uploadT-2-Event:speech_heartbeat[m1-java0.3-8316-1b9f7615--0]-6", "name": "speech_heartbeat_ack", "sdkId": "m1-java0.3-8316-1b9f7615"}
2018-08-06 22:01:52[m1-java0.3-8316-1b9f7615_downloadT-1] DEBUG [com.baidu.aip.talker.command.download.DownloadThreadCommand] - read datatrue:{"logid": "42f9cce2-9981-11e8-8404-7cd30addb80b", "originLogId": "uploadT-1-Event:speech_heartbeat[m1-java0.3-8316-1b9f7615--0]-6", "name": "speech_heartbeat_ack", "sdkId": "m1-java0.3-8316-1b9f7615"}
2018-08-06 22:01:53[m1-java0.3-8316-1b9f7615_downloadT-1] DEBUG [com.baidu.aip.talker.command.download.DownloadThreadCommand] - read datatrue:{"logid": "436e648a-9981-11e8-8404-7cd30addb80b", "name": "heartbeat"}
2018-08-06 22:01:54[m1-java0.3-8316-1b9f7615_downloadT-1] DEBUG [com.baidu.aip.talker.command.download.DownloadThreadCommand] - read datatrue:{"logid": "442baf5e-9981-11e8-8404-7cd30addb80b", "originLogId": "uploadT-1-Event:speech_heartbeat[m1-java0.3-8316-1b9f7615--0]-7", "name": "speech_heartbeat_ack", "sdkId": "m1-java0.3-8316-1b9f7615"}
2018-08-06 22:01:54[m1-java0.3-8316-1b9f7615_downloadT-1] DEBUG [com.baidu.aip.talker.command.download.DownloadThreadCommand] - read datatrue:{"logid": "442c6dd6-9981-11e8-8404-7cd30addb80b", "originLogId": "uploadT-2-Event:speech_heartbeat[m1-java0.3-8316-1b9f7615--0]-7", "name": "speech_heartbeat_ack", "sdkId": "m1-java0.3-8316-1b9f7615"}
2018-08-06 22:01:56[m1-java0.3-8316-1b9f7615_downloadT-1] DEBUG [com.baidu.aip.talker.command.download.DownloadThreadCommand] - read datatrue:{"logid": "455e5d18-9981-11e8-8404-7cd30addb80b", "originLogId": "uploadT-2-Event:speech_heartbeat[m1-java0.3-8316-1b9f7615--0]-8", "name": "speech_heartbeat_ack", "sdkId": "m1-java0.3-8316-1b9f7615"}
2018-08-06 22:01:56[m1-java0.3-8316-1b9f7615_downloadT-1] DEBUG [com.baidu.aip.talker.command.download.DownloadThreadCommand] - read datatrue:{"logid": "455e70b4-9981-11e8-8404-7cd30addb80b", "originLogId": "uploadT-1-Event:speech_heartbeat[m1-java0.3-8316-1b9f7615--0]-8", "name": "speech_heartbeat_ack", "sdkId": "m1-java0.3-8316-1b9f7615"}
2018-08-06 22:01:58[m1-java0.3-8316-1b9f7615_downloadT-1] DEBUG [com.baidu.aip.talker.command.download.DownloadThreadCommand] - read datatrue:{"logid": "46696086-9981-11e8-8404-7cd30addb80b", "name": "heartbeat"}
2018-08-06 22:01:58[m1-java0.3-8316-1b9f7615_downloadT-1] DEBUG [com.baidu.aip.talker.command.download.DownloadThreadCommand] - read datatrue:{"logid": "468f8608-9981-11e8-8404-7cd30addb80b", "originLogId": "uploadT-2-Event:speech_heartbeat[m1-java0.3-8316-1b9f7615--0]-9", "name": "speech_heartbeat_ack", "sdkId": "m1-java0.3-8316-1b9f7615"}
2018-08-06 22:01:58[m1-java0.3-8316-1b9f7615_downloadT-1] DEBUG [com.baidu.aip.talker.command.download.DownloadThreadCommand] - read datatrue:{"logid": "468f98fa-9981-11e8-8404-7cd30addb80b", "originLogId": "uploadT-1-Event:speech_heartbeat[m1-java0.3-8316-1b9f7615--0]-9", "name": "speech_heartbeat_ack", "sdkId": "m1-java0.3-8316-1b9f7615"}
2018-08-06 22:02:00[m1-java0.3-8316-1b9f7615_downloadT-1] DEBUG [com.baidu.aip.talker.command.download.DownloadThreadCommand] - read datatrue:{"logid": "47c0b8ee-9981-11e8-8404-7cd30addb80b", "originLogId": "uploadT-2-Event:speech_heartbeat[m1-java0.3-8316-1b9f7615--0]-10", "name": "speech_heartbeat_ack", "sdkId": "m1-java0.3-8316-1b9f7615"}
2018-08-06 22:02:00[m1-java0.3-8316-1b9f7615_downloadT-1] DEBUG [com.baidu.aip.talker.command.download.DownloadThreadCommand] - read datatrue:{"logid": "47c0cc80-9981-11e8-8404-7cd30addb80b", "originLogId": "uploadT-1-Event:speech_heartbeat[m1-java0.3-8316-1b9f7615--0]-10", "name": "speech_heartbeat_ack", "sdkId": "m1-java0.3-8316-1b9f7615"}
2018-08-06 22:02:02[m1-java0.3-8316-1b9f7615_downloadT-1] DEBUG [com.baidu.aip.talker.command.download.DownloadThreadCommand] - read datatrue:{"logid": "48f2ad76-9981-11e8-8404-7cd30addb80b", "originLogId": "uploadT-1-Event:speech_heartbeat[m1-java0.3-8316-1b9f7615--0]-11", "name": "speech_heartbeat_ack", "sdkId": "m1-java0.3-8316-1b9f7615"}
2018-08-06 22:02:02[m1-java0.3-8316-1b9f7615_downloadT-1] DEBUG [com.baidu.aip.talker.command.download.DownloadThreadCommand] - read datatrue:{"logid": "48f32cec-9981-11e8-8404-7cd30addb80b", "originLogId": "uploadT-2-Event:speech_heartbeat[m1-java0.3-8316-1b9f7615--0]-11", "name": "speech_heartbeat_ack", "sdkId": "m1-java0.3-8316-1b9f7615"}
2018-08-06 22:02:03[m1-java0.3-8316-1b9f7615_downloadT-1] DEBUG [com.baidu.aip.talker.command.download.DownloadThreadCommand] - read datatrue:{"logid": "49645bc4-9981-11e8-8404-7cd30addb80b", "name": "heartbeat"}
2018-08-06 22:02:04[m1-java0.3-8316-1b9f7615_downloadT-1] DEBUG [com.baidu.aip.talker.command.download.DownloadThreadCommand] - read datatrue:{"logid": "4a23d4ea-9981-11e8-8404-7cd30addb80b", "originLogId": "uploadT-2-Event:speech_heartbeat[m1-java0.3-8316-1b9f7615--0]-12", "name": "speech_heartbeat_ack", "sdkId": "m1-java0.3-8316-1b9f7615"}
2018-08-06 22:02:04[m1-java0.3-8316-1b9f7615_downloadT-1] DEBUG [com.baidu.aip.talker.command.download.DownloadThreadCommand] - read datatrue:{"logid": "4a23e8fe-9981-11e8-8404-7cd30addb80b", "originLogId": "uploadT-1-Event:speech_heartbeat[m1-java0.3-8316-1b9f7615--0]-12", "name": "speech_heartbeat_ack", "sdkId": "m1-java0.3-8316-1b9f7615"}
2018-08-06 22:02:06[m1-java0.3-8316-1b9f7615_downloadT-1] DEBUG [com.baidu.aip.talker.command.download.DownloadThreadCommand] - read datatrue:{"logid": "4b55003c-9981-11e8-8404-7cd30addb80b", "originLogId": "uploadT-2-Event:speech_heartbeat[m1-java0.3-8316-1b9f7615--0]-13", "name": "speech_heartbeat_ack", "sdkId": "m1-java0.3-8316-1b9f7615"}
2018-08-06 22:02:06[m1-java0.3-8316-1b9f7615_downloadT-1] DEBUG [com.baidu.aip.talker.command.download.DownloadThreadCommand] - read datatrue:{"logid": "4b5513a6-9981-11e8-8404-7cd30addb80b", "originLogId": "uploadT-1-Event:speech_heartbeat[m1-java0.3-8316-1b9f7615--0]-13", "name": "speech_heartbeat_ack", "sdkId": "m1-java0.3-8316-1b9f7615"}
2018-08-06 22:02:08[m1-java0.3-8316-1b9f7615_downloadT-1] DEBUG [com.baidu.aip.talker.command.download.DownloadThreadCommand] - read datatrue:{"logid": "4c5f5716-9981-11e8-8404-7cd30addb80b", "name": "heartbeat"}
2018-08-06 22:02:08[m1-java0.3-8316-1b9f7615_downloadT-1] DEBUG [com.baidu.aip.talker.command.download.DownloadThreadCommand] - read datatrue:{"logid": "4c862cd8-9981-11e8-8404-7cd30addb80b", "originLogId": "uploadT-2-Event:speech_heartbeat[m1-java0.3-8316-1b9f7615--0]-14", "name": "speech_heartbeat_ack", "sdkId": "m1-java0.3-8316-1b9f7615"}
2018-08-06 22:02:08[m1-java0.3-8316-1b9f7615_downloadT-1] DEBUG [com.baidu.aip.talker.command.download.DownloadThreadCommand] - read datatrue:{"logid": "4c864024-9981-11e8-8404-7cd30addb80b", "originLogId": "uploadT-1-Event:speech_heartbeat[m1-java0.3-8316-1b9f7615--0]-14", "name": "speech_heartbeat_ack", "sdkId": "m1-java0.3-8316-1b9f7615"}
2018-08-06 22:02:10[m1-java0.3-8316-1b9f7615_downloadT-1] DEBUG [com.baidu.aip.talker.command.download.DownloadThreadCommand] - read datatrue:{"logid": "4db75d02-9981-11e8-8404-7cd30addb80b", "originLogId": "uploadT-2-Event:speech_heartbeat[m1-java0.3-8316-1b9f7615--0]-15", "name": "speech_heartbeat_ack", "sdkId": "m1-java0.3-8316-1b9f7615"}
2018-08-06 22:02:10[m1-java0.3-8316-1b9f7615_downloadT-1] DEBUG [com.baidu.aip.talker.command.download.DownloadThreadCommand] - read datatrue:{"logid": "4db7708a-9981-11e8-8404-7cd30addb80b", "originLogId": "uploadT-1-Event:speech_heartbeat[m1-java0.3-8316-1b9f7615--0]-15", "name": "speech_heartbeat_ack", "sdkId": "m1-java0.3-8316-1b9f7615"}
2018-08-06 22:02:12[m1-java0.3-8316-1b9f7615_downloadT-1] DEBUG [com.baidu.aip.talker.command.download.DownloadThreadCommand] - read datatrue:{"logid": "4ee9500e-9981-11e8-8404-7cd30addb80b", "originLogId": "uploadT-2-Event:speech_heartbeat[m1-java0.3-8316-1b9f7615--0]-16", "name": "speech_heartbeat_ack", "sdkId": "m1-java0.3-8316-1b9f7615"}
2018-08-06 22:02:12[m1-java0.3-8316-1b9f7615_downloadT-1] DEBUG [com.baidu.aip.talker.command.download.DownloadThreadCommand] - read datatrue:{"logid": "4ee96472-9981-11e8-8404-7cd30addb80b", "originLogId": "uploadT-1-Event:speech_heartbeat[m1-java0.3-8316-1b9f7615--0]-16", "name": "speech_heartbeat_ack", "sdkId": "m1-java0.3-8316-1b9f7615"}
2018-08-06 22:02:13[m1-java0.3-8316-1b9f7615_downloadT-1] DEBUG [com.baidu.aip.talker.command.download.DownloadThreadCommand] - read datatrue:{"logid": "4f5a53e4-9981-11e8-8404-7cd30addb80b", "name": "heartbeat"}
2018-08-06 22:02:14[m1-java0.3-8316-1b9f7615_downloadT-1] DEBUG [com.baidu.aip.talker.command.download.DownloadThreadCommand] - read datatrue:{"logid": "501b3f00-9981-11e8-8404-7cd30addb80b", "originLogId": "uploadT-2-Event:speech_heartbeat[m1-java0.3-8316-1b9f7615--0]-17", "name": "speech_heartbeat_ack", "sdkId": "m1-java0.3-8316-1b9f7615"}
2018-08-06 22:02:14[m1-java0.3-8316-1b9f7615_downloadT-1] DEBUG [com.baidu.aip.talker.command.download.DownloadThreadCommand] - read datatrue:{"logid": "501b5350-9981-11e8-8404-7cd30addb80b", "originLogId": "uploadT-1-Event:speech_heartbeat[m1-java0.3-8316-1b9f7615--0]-17", "name": "speech_heartbeat_ack", "sdkId": "m1-java0.3-8316-1b9f7615"}
2018-08-06 22:02:16[m1-java0.3-8316-1b9f7615_downloadT-1] DEBUG [com.baidu.aip.talker.command.download.DownloadThreadCommand] - read datatrue:{"logid": "514c6a16-9981-11e8-8404-7cd30addb80b", "originLogId": "uploadT-2-Event:speech_heartbeat[m1-java0.3-8316-1b9f7615--0]-18", "name": "speech_heartbeat_ack", "sdkId": "m1-java0.3-8316-1b9f7615"}
2018-08-06 22:02:16[m1-java0.3-8316-1b9f7615_downloadT-1] DEBUG [com.baidu.aip.talker.command.download.DownloadThreadCommand] - read datatrue:{"logid": "514c7e02-9981-11e8-8404-7cd30addb80b", "originLogId": "uploadT-1-Event:speech_heartbeat[m1-java0.3-8316-1b9f7615--0]-18", "name": "speech_heartbeat_ack", "sdkId": "m1-java0.3-8316-1b9f7615"}
2018-08-06 22:02:18[m1-java0.3-8316-1b9f7615_downloadT-1] DEBUG [com.baidu.aip.talker.command.download.DownloadThreadCommand] - read datatrue:{"logid": "52554fea-9981-11e8-8404-7cd30addb80b", "name": "heartbeat"}
2018-08-06 22:02:18[m1-java0.3-8316-1b9f7615_downloadT-1] DEBUG [com.baidu.aip.talker.command.download.DownloadThreadCommand] - read datatrue:{"logid": "527e5868-9981-11e8-8404-7cd30addb80b", "originLogId": "uploadT-2-Event:speech_heartbeat[m1-java0.3-8316-1b9f7615--0]-19", "name": "speech_heartbeat_ack", "sdkId": "m1-java0.3-8316-1b9f7615"}
2018-08-06 22:02:18[m1-java0.3-8316-1b9f7615_downloadT-1] DEBUG [com.baidu.aip.talker.command.download.DownloadThreadCommand] - read datatrue:{"logid": "527e6b6e-9981-11e8-8404-7cd30addb80b", "originLogId": "uploadT-1-Event:speech_heartbeat[m1-java0.3-8316-1b9f7615--0]-19", "name": "speech_heartbeat_ack", "sdkId": "m1-java0.3-8316-1b9f7615"}
2018-08-06 22:02:20[m1-java0.3-8316-1b9f7615_downloadT-1] DEBUG [com.baidu.aip.talker.command.download.DownloadThreadCommand] - read datatrue:{"logid": "53af895a-9981-11e8-8404-7cd30addb80b", "originLogId": "uploadT-2-Event:speech_heartbeat[m1-java0.3-8316-1b9f7615--0]-20", "name": "speech_heartbeat_ack", "sdkId": "m1-java0.3-8316-1b9f7615"}
2018-08-06 22:02:20[m1-java0.3-8316-1b9f7615_downloadT-1] DEBUG [com.baidu.aip.talker.command.download.DownloadThreadCommand] - read datatrue:{"logid": "53af9ce2-9981-11e8-8404-7cd30addb80b", "originLogId": "uploadT-1-Event:speech_heartbeat[m1-java0.3-8316-1b9f7615--0]-20", "name": "speech_heartbeat_ack", "sdkId": "m1-java0.3-8316-1b9f7615"}
2018-08-06 22:02:22[m1-java0.3-8316-1b9f7615_downloadT-1] DEBUG [com.baidu.aip.talker.command.download.DownloadThreadCommand] - read datatrue:{"logid": "54e0b5e2-9981-11e8-8404-7cd30addb80b", "originLogId": "uploadT-1-Event:speech_heartbeat[m1-java0.3-8316-1b9f7615--0]-21", "name": "speech_heartbeat_ack", "sdkId": "m1-java0.3-8316-1b9f7615"}
2018-08-06 22:02:22[m1-java0.3-8316-1b9f7615_downloadT-1] DEBUG [com.baidu.aip.talker.command.download.DownloadThreadCommand] - read datatrue:{"logid": "54e1795a-9981-11e8-8404-7cd30addb80b", "originLogId": "uploadT-2-Event:speech_heartbeat[m1-java0.3-8316-1b9f7615--0]-21", "name": "speech_heartbeat_ack", "sdkId": "m1-java0.3-8316-1b9f7615"}
2018-08-06 22:02:23[m1-java0.3-8316-1b9f7615_downloadT-1] DEBUG [com.baidu.aip.talker.command.download.DownloadThreadCommand] - read datatrue:{"logid": "55504a88-9981-11e8-8404-7cd30addb80b", "name": "heartbeat"}
2018-08-06 22:02:24[m1-java0.3-8316-1b9f7615_downloadT-1] DEBUG [com.baidu.aip.talker.command.download.DownloadThreadCommand] - read datatrue:{"logid": "5612a43e-9981-11e8-8404-7cd30addb80b", "originLogId": "uploadT-2-Event:speech_heartbeat[m1-java0.3-8316-1b9f7615--0]-22", "name": "speech_heartbeat_ack", "sdkId": "m1-java0.3-8316-1b9f7615"}
2018-08-06 22:02:24[m1-java0.3-8316-1b9f7615_downloadT-1] DEBUG [com.baidu.aip.talker.command.download.DownloadThreadCommand] - read datatrue:{"logid": "5612b7c6-9981-11e8-8404-7cd30addb80b", "originLogId": "uploadT-1-Event:speech_heartbeat[m1-java0.3-8316-1b9f7615--0]-22", "name": "speech_heartbeat_ack", "sdkId": "m1-java0.3-8316-1b9f7615"}
2018-08-06 22:02:26[m1-java0.3-8316-1b9f7615_downloadT-1] DEBUG [com.baidu.aip.talker.command.download.DownloadThreadCommand] - read datatrue:{"logid": "5746e73e-9981-11e8-8404-7cd30addb80b", "originLogId": "uploadT-2-Event:speech_heartbeat[m1-java0.3-8316-1b9f7615--0]-23", "name": "speech_heartbeat_ack", "sdkId": "m1-java0.3-8316-1b9f7615"}
2018-08-06 22:02:26[m1-java0.3-8316-1b9f7615_downloadT-1] DEBUG [com.baidu.aip.talker.command.download.DownloadThreadCommand] - read datatrue:{"logid": "5746faee-9981-11e8-8404-7cd30addb80b", "originLogId": "uploadT-1-Event:speech_heartbeat[m1-java0.3-8316-1b9f7615--0]-23", "name": "speech_heartbeat_ack", "sdkId": "m1-java0.3-8316-1b9f7615"}
2018-08-06 22:02:28[m1-java0.3-8316-1b9f7615_downloadT-1] DEBUG [com.baidu.aip.talker.command.download.DownloadThreadCommand] - read datatrue:{"logid": "584b454e-9981-11e8-8404-7cd30addb80b", "name": "heartbeat"}
2018-08-06 22:02:28[m1-java0.3-8316-1b9f7615_downloadT-1] DEBUG [com.baidu.aip.talker.command.download.DownloadThreadCommand] - read datatrue:{"logid": "5877463a-9981-11e8-8404-7cd30addb80b", "originLogId": "uploadT-2-Event:speech_heartbeat[m1-java0.3-8316-1b9f7615--0]-24", "name": "speech_heartbeat_ack", "sdkId": "m1-java0.3-8316-1b9f7615"}
2018-08-06 22:02:28[m1-java0.3-8316-1b9f7615_downloadT-1] DEBUG [com.baidu.aip.talker.command.download.DownloadThreadCommand] - read datatrue:{"logid": "5877595e-9981-11e8-8404-7cd30addb80b", "originLogId": "uploadT-1-Event:speech_heartbeat[m1-java0.3-8316-1b9f7615--0]-24", "name": "speech_heartbeat_ack", "sdkId": "m1-java0.3-8316-1b9f7615"}
2018-08-06 22:02:30[m1-java0.3-8316-1b9f7615_downloadT-1] DEBUG [com.baidu.aip.talker.command.download.DownloadThreadCommand] - read datatrue:{"logid": "59a6f3c0-9981-11e8-8404-7cd30addb80b", "originLogId": "uploadT-1-Event:speech_heartbeat[m1-java0.3-8316-1b9f7615--0]-25", "name": "speech_heartbeat_ack", "sdkId": "m1-java0.3-8316-1b9f7615"}
2018-08-06 22:02:30[m1-java0.3-8316-1b9f7615_downloadT-1] DEBUG [com.baidu.aip.talker.command.download.DownloadThreadCommand] - read datatrue:{"logid": "59a7b300-9981-11e8-8404-7cd30addb80b", "originLogId": "uploadT-2-Event:speech_heartbeat[m1-java0.3-8316-1b9f7615--0]-25", "name": "speech_heartbeat_ack", "sdkId": "m1-java0.3-8316-1b9f7615"}
2018-08-06 22:02:32[m1-java0.3-8316-1b9f7615_downloadT-1] DEBUG [com.baidu.aip.talker.command.download.DownloadThreadCommand] - read datatrue:{"logid": "5ad820f2-9981-11e8-8404-7cd30addb80b", "originLogId": "uploadT-1-Event:speech_heartbeat[m1-java0.3-8316-1b9f7615--0]-26", "name": "speech_heartbeat_ack", "sdkId": "m1-java0.3-8316-1b9f7615"}
2018-08-06 22:02:32[m1-java0.3-8316-1b9f7615_downloadT-1] DEBUG [com.baidu.aip.talker.command.download.DownloadThreadCommand] - read datatrue:{"logid": "5ad8e1d6-9981-11e8-8404-7cd30addb80b", "originLogId": "uploadT-2-Event:speech_heartbeat[m1-java0.3-8316-1b9f7615--0]-26", "name": "speech_heartbeat_ack", "sdkId": "m1-java0.3-8316-1b9f7615"}
2018-08-06 22:02:33[m1-java0.3-8316-1b9f7615_downloadT-1] DEBUG [com.baidu.aip.talker.command.download.DownloadThreadCommand] - read datatrue:{"logid": "5b4640b4-9981-11e8-8404-7cd30addb80b", "name": "heartbeat"}
2018-08-06 22:02:34[m1-java0.3-8316-1b9f7615_downloadT-1] DEBUG [com.baidu.aip.talker.command.download.DownloadThreadCommand] - read datatrue:{"logid": "5c094d84-9981-11e8-8404-7cd30addb80b", "originLogId": "uploadT-1-Event:speech_heartbeat[m1-java0.3-8316-1b9f7615--0]-27", "name": "speech_heartbeat_ack", "sdkId": "m1-java0.3-8316-1b9f7615"}
2018-08-06 22:02:34[m1-java0.3-8316-1b9f7615_downloadT-1] DEBUG [com.baidu.aip.talker.command.download.DownloadThreadCommand] - read datatrue:{"logid": "5c0a0a80-9981-11e8-8404-7cd30addb80b", "originLogId": "uploadT-2-Event:speech_heartbeat[m1-java0.3-8316-1b9f7615--0]-27", "name": "speech_heartbeat_ack", "sdkId": "m1-java0.3-8316-1b9f7615"}
2018-08-06 22:02:36[m1-java0.3-8316-1b9f7615_downloadT-1] DEBUG [com.baidu.aip.talker.command.download.DownloadThreadCommand] - read datatrue:{"logid": "5d3b3d7a-9981-11e8-8404-7cd30addb80b", "originLogId": "uploadT-1-Event:speech_heartbeat[m1-java0.3-8316-1b9f7615--0]-28", "name": "speech_heartbeat_ack", "sdkId": "m1-java0.3-8316-1b9f7615"}
2018-08-06 22:02:36[m1-java0.3-8316-1b9f7615_downloadT-1] DEBUG [com.baidu.aip.talker.command.download.DownloadThreadCommand] - read datatrue:{"logid": "5d3d82b0-9981-11e8-8404-7cd30addb80b", "originLogId": "uploadT-2-Event:speech_heartbeat[m1-java0.3-8316-1b9f7615--0]-28", "name": "speech_heartbeat_ack", "sdkId": "m1-java0.3-8316-1b9f7615"}
2018-08-06 22:02:38[m1-java0.3-8316-1b9f7615_downloadT-1] DEBUG [com.baidu.aip.talker.command.download.DownloadThreadCommand] - read datatrue:{"logid": "5e413b02-9981-11e8-8404-7cd30addb80b", "name": "heartbeat"}
2018-08-06 22:02:38[m1-java0.3-8316-1b9f7615_downloadT-1] DEBUG [com.baidu.aip.talker.command.download.DownloadThreadCommand] - read datatrue:{"logid": "5e6f75a8-9981-11e8-8404-7cd30addb80b", "originLogId": "uploadT-2-Event:speech_heartbeat[m1-java0.3-8316-1b9f7615--0]-29", "name": "speech_heartbeat_ack", "sdkId": "m1-java0.3-8316-1b9f7615"}
2018-08-06 22:02:38[m1-java0.3-8316-1b9f7615_downloadT-1] DEBUG [com.baidu.aip.talker.command.download.DownloadThreadCommand] - read datatrue:{"logid": "5e6f8908-9981-11e8-8404-7cd30addb80b", "originLogId": "uploadT-1-Event:speech_heartbeat[m1-java0.3-8316-1b9f7615--0]-29", "name": "speech_heartbeat_ack", "sdkId": "m1-java0.3-8316-1b9f7615"}
2018-08-06 22:02:40[m1-java0.3-8316-1b9f7615_downloadT-1] DEBUG [com.baidu.aip.talker.command.download.DownloadThreadCommand] - read datatrue:{"logid": "5f9d97d4-9981-11e8-8404-7cd30addb80b", "originLogId": "uploadT-1-Event:speech_heartbeat[m1-java0.3-8316-1b9f7615--0]-30", "name": "speech_heartbeat_ack", "sdkId": "m1-java0.3-8316-1b9f7615"}
2018-08-06 22:02:40[m1-java0.3-8316-1b9f7615_downloadT-1] DEBUG [com.baidu.aip.talker.command.download.DownloadThreadCommand] - read datatrue:{"logid": "5f9e59d0-9981-11e8-8404-7cd30addb80b", "originLogId": "uploadT-2-Event:speech_heartbeat[m1-java0.3-8316-1b9f7615--0]-30", "name": "speech_heartbeat_ack", "sdkId": "m1-java0.3-8316-1b9f7615"}
2018-08-06 22:02:42[m1-java0.3-8316-1b9f7615_downloadT-1] DEBUG [com.baidu.aip.talker.command.download.DownloadThreadCommand] - read datatrue:{"logid": "60cf87c0-9981-11e8-8404-7cd30addb80b", "originLogId": "uploadT-1-Event:speech_heartbeat[m1-java0.3-8316-1b9f7615--0]-31", "name": "speech_heartbeat_ack", "sdkId": "m1-java0.3-8316-1b9f7615"}
2018-08-06 22:02:42[m1-java0.3-8316-1b9f7615_downloadT-1] DEBUG [com.baidu.aip.talker.command.download.DownloadThreadCommand] - read datatrue:{"logid": "60cfaffc-9981-11e8-8404-7cd30addb80b", "originLogId": "uploadT-2-Event:speech_heartbeat[m1-java0.3-8316-1b9f7615--0]-31", "name": "speech_heartbeat_ack", "sdkId": "m1-java0.3-8316-1b9f7615"}
2018-08-06 22:02:43[m1-java0.3-8316-1b9f7615_downloadT-1] DEBUG [com.baidu.aip.talker.command.download.DownloadThreadCommand] - read datatrue:{"logid": "613c3604-9981-11e8-8404-7cd30addb80b", "name": "heartbeat"}
2018-08-06 22:02:44[m1-java0.3-8316-1b9f7615_downloadT-1] DEBUG [com.baidu.aip.talker.command.download.DownloadThreadCommand] - read datatrue:{"logid": "6200b7d6-9981-11e8-8404-7cd30addb80b", "originLogId": "uploadT-1-Event:speech_heartbeat[m1-java0.3-8316-1b9f7615--0]-32", "name": "speech_heartbeat_ack", "sdkId": "m1-java0.3-8316-1b9f7615"}
2018-08-06 22:02:44[m1-java0.3-8316-1b9f7615_downloadT-1] DEBUG [com.baidu.aip.talker.command.download.DownloadThreadCommand] - read datatrue:{"logid": "62017342-9981-11e8-8404-7cd30addb80b", "originLogId": "uploadT-2-Event:speech_heartbeat[m1-java0.3-8316-1b9f7615--0]-32", "name": "speech_heartbeat_ack", "sdkId": "m1-java0.3-8316-1b9f7615"}
2018-08-06 22:02:46[m1-java0.3-8316-1b9f7615_downloadT-1] DEBUG [com.baidu.aip.talker.command.download.DownloadThreadCommand] - read datatrue:{"logid": "6332a614-9981-11e8-8404-7cd30addb80b", "originLogId": "uploadT-2-Event:speech_heartbeat[m1-java0.3-8316-1b9f7615--0]-33", "name": "speech_heartbeat_ack", "sdkId": "m1-java0.3-8316-1b9f7615"}
2018-08-06 22:02:46[m1-java0.3-8316-1b9f7615_downloadT-1] DEBUG [com.baidu.aip.talker.command.download.DownloadThreadCommand] - read datatrue:{"logid": "6332ba3c-9981-11e8-8404-7cd30addb80b", "originLogId": "uploadT-1-Event:speech_heartbeat[m1-java0.3-8316-1b9f7615--0]-33", "name": "speech_heartbeat_ack", "sdkId": "m1-java0.3-8316-1b9f7615"}
2018-08-06 22:02:48[m1-java0.3-8316-1b9f7615_downloadT-1] DEBUG [com.baidu.aip.talker.command.download.DownloadThreadCommand] - read datatrue:{"logid": "6437308e-9981-11e8-8404-7cd30addb80b", "name": "heartbeat"}
2018-08-06 22:02:48[m1-java0.3-8316-1b9f7615_downloadT-1] DEBUG [com.baidu.aip.talker.command.download.DownloadThreadCommand] - read datatrue:{"logid": "646b72a4-9981-11e8-8404-7cd30addb80b", "originLogId": "uploadT-2-Event:speech_heartbeat[m1-java0.3-8316-1b9f7615--0]-34", "name": "speech_heartbeat_ack", "sdkId": "m1-java0.3-8316-1b9f7615"}
2018-08-06 22:02:48[m1-java0.3-8316-1b9f7615_downloadT-1] DEBUG [com.baidu.aip.talker.command.download.DownloadThreadCommand] - read datatrue:{"logid": "646ea6d6-9981-11e8-8404-7cd30addb80b", "originLogId": "uploadT-1-Event:speech_heartbeat[m1-java0.3-8316-1b9f7615--0]-34", "name": "speech_heartbeat_ack", "sdkId": "m1-java0.3-8316-1b9f7615"}
2018-08-06 22:02:50[m1-java0.3-8316-1b9f7615_downloadT-1] DEBUG [com.baidu.aip.talker.command.download.DownloadThreadCommand] - read datatrue:{"logid": "659d5d5e-9981-11e8-8404-7cd30addb80b", "originLogId": "uploadT-2-Event:speech_heartbeat[m1-java0.3-8316-1b9f7615--0]-35", "name": "speech_heartbeat_ack", "sdkId": "m1-java0.3-8316-1b9f7615"}
2018-08-06 22:02:50[m1-java0.3-8316-1b9f7615_downloadT-1] DEBUG [com.baidu.aip.talker.command.download.DownloadThreadCommand] - read datatrue:{"logid": "659d70aa-9981-11e8-8404-7cd30addb80b", "originLogId": "uploadT-1-Event:speech_heartbeat[m1-java0.3-8316-1b9f7615--0]-35", "name": "speech_heartbeat_ack", "sdkId": "m1-java0.3-8316-1b9f7615"}
2018-08-06 22:02:52[m1-java0.3-8316-1b9f7615_downloadT-1] DEBUG [com.baidu.aip.talker.command.download.DownloadThreadCommand] - read datatrue:{"logid": "66cfd1a2-9981-11e8-8404-7cd30addb80b", "originLogId": "uploadT-1-Event:speech_heartbeat[m1-java0.3-8316-1b9f7615--0]-36", "name": "speech_heartbeat_ack", "sdkId": "m1-java0.3-8316-1b9f7615"}
2018-08-06 22:02:52[m1-java0.3-8316-1b9f7615_downloadT-1] DEBUG [com.baidu.aip.talker.command.download.DownloadThreadCommand] - read datatrue:{"logid": "66d02c42-9981-11e8-8404-7cd30addb80b", "originLogId": "uploadT-2-Event:speech_heartbeat[m1-java0.3-8316-1b9f7615--0]-36", "name": "speech_heartbeat_ack", "sdkId": "m1-java0.3-8316-1b9f7615"}
2018-08-06 22:02:53[m1-java0.3-8316-1b9f7615_downloadT-1] DEBUG [com.baidu.aip.talker.command.download.DownloadThreadCommand] - read datatrue:{"logid": "67322cf8-9981-11e8-8404-7cd30addb80b", "name": "heartbeat"}
2018-08-06 22:02:54[m1-java0.3-8316-1b9f7615_downloadT-1] DEBUG [com.baidu.aip.talker.command.download.DownloadThreadCommand] - read datatrue:{"logid": "680081c0-9981-11e8-8404-7cd30addb80b", "originLogId": "uploadT-1-Event:speech_heartbeat[m1-java0.3-8316-1b9f7615--0]-37", "name": "speech_heartbeat_ack", "sdkId": "m1-java0.3-8316-1b9f7615"}
2018-08-06 22:02:54[m1-java0.3-8316-1b9f7615_downloadT-1] DEBUG [com.baidu.aip.talker.command.download.DownloadThreadCommand] - read datatrue:{"logid": "68014628-9981-11e8-8404-7cd30addb80b", "originLogId": "uploadT-2-Event:speech_heartbeat[m1-java0.3-8316-1b9f7615--0]-37", "name": "speech_heartbeat_ack", "sdkId": "m1-java0.3-8316-1b9f7615"}
2018-08-06 22:02:56[m1-java0.3-8316-1b9f7615_downloadT-1] DEBUG [com.baidu.aip.talker.command.download.DownloadThreadCommand] - read datatrue:{"logid": "6931afa6-9981-11e8-8404-7cd30addb80b", "originLogId": "uploadT-1-Event:speech_heartbeat[m1-java0.3-8316-1b9f7615--0]-38", "name": "speech_heartbeat_ack", "sdkId": "m1-java0.3-8316-1b9f7615"}
2018-08-06 22:02:56[m1-java0.3-8316-1b9f7615_downloadT-1] DEBUG [com.baidu.aip.talker.command.download.DownloadThreadCommand] - read datatrue:{"logid": "693270d0-9981-11e8-8404-7cd30addb80b", "originLogId": "uploadT-2-Event:speech_heartbeat[m1-java0.3-8316-1b9f7615--0]-38", "name": "speech_heartbeat_ack", "sdkId": "m1-java0.3-8316-1b9f7615"}
2018-08-06 22:02:58[m1-java0.3-8316-1b9f7615_downloadT-1] DEBUG [com.baidu.aip.talker.command.download.DownloadThreadCommand] - read datatrue:{"logid": "6a2d2764-9981-11e8-8404-7cd30addb80b", "name": "heartbeat"}
2018-08-06 22:02:58[m1-java0.3-8316-1b9f7615_downloadT-1] DEBUG [com.baidu.aip.talker.command.download.DownloadThreadCommand] - read datatrue:{"logid": "6a63a1e0-9981-11e8-8404-7cd30addb80b", "originLogId": "uploadT-1-Event:speech_heartbeat[m1-java0.3-8316-1b9f7615--0]-39", "name": "speech_heartbeat_ack", "sdkId": "m1-java0.3-8316-1b9f7615"}
2018-08-06 22:02:58[m1-java0.3-8316-1b9f7615_downloadT-1] DEBUG [com.baidu.aip.talker.command.download.DownloadThreadCommand] - read datatrue:{"logid": "6a63b5e0-9981-11e8-8404-7cd30addb80b", "originLogId": "uploadT-2-Event:speech_heartbeat[m1-java0.3-8316-1b9f7615--0]-39", "name": "speech_heartbeat_ack", "sdkId": "m1-java0.3-8316-1b9f7615"}
2018-08-06 22:03:00[m1-java0.3-8316-1b9f7615_downloadT-1] DEBUG [com.baidu.aip.talker.command.download.DownloadThreadCommand] - read datatrue:{"logid": "6b9652e2-9981-11e8-8404-7cd30addb80b", "originLogId": "uploadT-1-Event:speech_heartbeat[m1-java0.3-8316-1b9f7615--0]-40", "name": "speech_heartbeat_ack", "sdkId": "m1-java0.3-8316-1b9f7615"}
2018-08-06 22:03:00[m1-java0.3-8316-1b9f7615_downloadT-1] DEBUG [com.baidu.aip.talker.command.download.DownloadThreadCommand] - read datatrue:{"logid": "6b9ae3ac-9981-11e8-8404-7cd30addb80b", "originLogId": "uploadT-2-Event:speech_heartbeat[m1-java0.3-8316-1b9f7615--0]-40", "name": "speech_heartbeat_ack", "sdkId": "m1-java0.3-8316-1b9f7615"}
2018-08-06 22:03:02[m1-java0.3-8316-1b9f7615_downloadT-1] DEBUG [com.baidu.aip.talker.command.download.DownloadThreadCommand] - read datatrue:{"logid": "6cdb551c-9981-11e8-8404-7cd30addb80b", "originLogId": "uploadT-2-Event:speech_heartbeat[m1-java0.3-8316-1b9f7615--0]-41", "name": "speech_heartbeat_ack", "sdkId": "m1-java0.3-8316-1b9f7615"}
2018-08-06 22:03:02[m1-java0.3-8316-1b9f7615_downloadT-1] DEBUG [com.baidu.aip.talker.command.download.DownloadThreadCommand] - read datatrue:{"logid": "6cdb6944-9981-11e8-8404-7cd30addb80b", "originLogId": "uploadT-1-Event:speech_heartbeat[m1-java0.3-8316-1b9f7615--0]-41", "name": "speech_heartbeat_ack", "sdkId": "m1-java0.3-8316-1b9f7615"}
2018-08-06 22:03:03[m1-java0.3-8316-1b9f7615_downloadT-1] DEBUG [com.baidu.aip.talker.command.download.DownloadThreadCommand] - read datatrue:{"logid": "6d28220c-9981-11e8-8404-7cd30addb80b", "name": "heartbeat"}
2018-08-06 22:03:04[m1-java0.3-8316-1b9f7615_downloadT-1] DEBUG [com.baidu.aip.talker.command.download.DownloadThreadCommand] - read datatrue:{"logid": "6e0bbcd8-9981-11e8-8404-7cd30addb80b", "originLogId": "uploadT-2-Event:speech_heartbeat[m1-java0.3-8316-1b9f7615--0]-42", "name": "speech_heartbeat_ack", "sdkId": "m1-java0.3-8316-1b9f7615"}
2018-08-06 22:03:04[m1-java0.3-8316-1b9f7615_downloadT-1] DEBUG [com.baidu.aip.talker.command.download.DownloadThreadCommand] - read datatrue:{"logid": "6e0bd0ce-9981-11e8-8404-7cd30addb80b", "originLogId": "uploadT-1-Event:speech_heartbeat[m1-java0.3-8316-1b9f7615--0]-42", "name": "speech_heartbeat_ack", "sdkId": "m1-java0.3-8316-1b9f7615"}
2018-08-06 22:03:06[m1-java0.3-8316-1b9f7615_downloadT-1] DEBUG [com.baidu.aip.talker.command.download.DownloadThreadCommand] - read datatrue:{"logid": "6f2ce574-9981-11e8-8404-7cd30addb80b", "originLogId": "uploadT-1-Event:speech_heartbeat[m1-java0.3-8316-1b9f7615--0]-43", "name": "speech_heartbeat_ack", "sdkId": "m1-java0.3-8316-1b9f7615"}
2018-08-06 22:03:06[m1-java0.3-8316-1b9f7615_downloadT-1] DEBUG [com.baidu.aip.talker.command.download.DownloadThreadCommand] - read datatrue:{"logid": "6f32ffe0-9981-11e8-8404-7cd30addb80b", "originLogId": "uploadT-2-Event:speech_heartbeat[m1-java0.3-8316-1b9f7615--0]-43", "name": "speech_heartbeat_ack", "sdkId": "m1-java0.3-8316-1b9f7615"}
