2018-08-06 21:44:18[main] INFO  [com.baidu.aip.talker.controller.ControllerImpl] - Conf is loaded by properties
2018-08-06 21:44:18[main] INFO  [com.baidu.aip.talker.controller.ControllerImpl] - Stat is initialized
2018-08-06 21:44:19[main] INFO  [com.baidu.aip.talker.controller.ControllerImpl] - Uploader is initialized
2018-08-06 21:44:19[main] INFO  [com.baidu.aip.talker.controller.ControllerImpl] - Downloader is initialized
2018-08-06 21:44:19[main] INFO  [com.baidu.aip.talker.controller.ControllerImpl] - ClientFactory is initialized
2018-08-06 21:44:19[main] INFO  [com.baidu.aip.talker.command.token.TokenThreadCommand] - token fetch params:[grant_type=client_credentials, client_id=t5fTe2YN25P36FYMnBTQcUga, client_secret=6SgSI55vVqCXOHTamtYwG3yE7A9uKvGX]
2018-08-06 21:44:20[main] WARN  [org.apache.http.client.protocol.ResponseProcessCookies] - Cookie rejected [BAIDUID="EC377ADACC7CF9BB6586C73DC25F850C:FG=1", version:0, domain:baidu.com, path:/, expiry:Fri Jan 01 07:55:55 CST 2038] Illegal 'domain' attribute "baidu.com". Domain of origin: "aip.baidubce.com"
2018-08-06 21:44:21[main] INFO  [com.baidu.aip.talker.command.token.TokenThreadCommand] - new token obtained:24.b906b1834a5f3b6ee7d46cac4e75cca8.2592000.1536155056.282335-11572625,expires in MS:2592000000
2018-08-06 21:44:21[main] INFO  [com.baidu.aip.talker.controller.ControllerImpl] - ====All components are initialized=========
2018-08-06 21:44:21[main] INFO  [com.baidu.aip.talker.controller.ControllerImpl] - Start Threads
2018-08-06 21:44:21[main] INFO  [com.baidu.aip.talker.controller.ControllerImpl] - =========Download Threads started=============
2018-08-06 21:44:21[main] INFO  [com.baidu.aip.talker.command.upload.Uploader] - waiting  download first package success
2018-08-06 21:44:21[m1-java0.3-5544-f89f2071_downloadT-1] INFO  [com.baidu.aip.talker.command.CommandThreadPoolExecutor] - beforeExecute Thread Info:m1-java0.3-5544-f89f2071_downloadT-1:16
2018-08-06 21:44:21[m1-java0.3-5544-f89f2071_downloadT-1] INFO  [com.baidu.aip.talker.common.GlobalSwitch] - isDownloadThreadActive:true
2018-08-06 21:44:21[m1-java0.3-5544-f89f2071_downloadT-1] DEBUG [com.baidu.aip.talker.command.download.DownloadThreadCommand] - read datatrue:{"logid": "d0bba6e8-997e-11e8-8404-7cd30addb80b", "name": "heartbeat"}
2018-08-06 21:44:22[main] INFO  [com.baidu.aip.talker.command.upload.Uploader] - download first package success
2018-08-06 21:44:22[m1-java0.3-5544-f89f2071_uploadT-2] INFO  [com.baidu.aip.talker.command.CommandThreadPoolExecutor] - beforeExecute Thread Info:m1-java0.3-5544-f89f2071_uploadT-2:18
2018-08-06 21:44:22[m1-java0.3-5544-f89f2071_uploadT-2] INFO  [com.baidu.aip.talker.http.RequestFactory] - upload url is https://aitalker.baidubce.com/up?access_token=24.b906b1834a5f3b6ee7d46cac4e75cca8.2592000.1536155056.282335-11572625&scope=brain_bicc
2018-08-06 21:44:22[main] INFO  [com.baidu.aip.talker.controller.ControllerImpl] - =========Upload Threads started=============
2018-08-06 21:44:22[m1-java0.3-5544-f89f2071_uploadT-1] INFO  [com.baidu.aip.talker.command.CommandThreadPoolExecutor] - beforeExecute Thread Info:m1-java0.3-5544-f89f2071_uploadT-1:17
2018-08-06 21:44:22[m1-java0.3-5544-f89f2071_uploadT-1] INFO  [com.baidu.aip.talker.http.RequestFactory] - upload url is https://aitalker.baidubce.com/up?access_token=24.b906b1834a5f3b6ee7d46cac4e75cca8.2592000.1536155056.282335-11572625&scope=brain_bicc
2018-08-06 21:44:24[m1-java0.3-5544-f89f2071_downloadT-1] DEBUG [com.baidu.aip.talker.command.download.DownloadThreadCommand] - read datatrue:{"logid": "d214c4e8-997e-11e8-8404-7cd30addb80b", "originLogId": "uploadT-2-Event:speech_heartbeat[m1-java0.3-5544-f89f2071--0]-0", "name": "speech_heartbeat_ack", "sdkId": "m1-java0.3-5544-f89f2071"}
2018-08-06 21:44:24[m1-java0.3-5544-f89f2071_downloadT-1] DEBUG [com.baidu.aip.talker.command.download.DownloadThreadCommand] - read datatrue:{"logid": "d218e2bc-997e-11e8-8404-7cd30addb80b", "originLogId": "uploadT-1-Event:speech_heartbeat[m1-java0.3-5544-f89f2071--0]-0", "name": "speech_heartbeat_ack", "sdkId": "m1-java0.3-5544-f89f2071"}
2018-08-06 21:44:24[m1-java0.3-5544-f89f2071_uploadT-1] DEBUG [com.baidu.aip.talker.command.upload.UploadData] - JsonStr is:{"roleId":0,"callId":"m1-ASR-5544-1-1533563064843","name":"speech_start","sendTs":1533563064843,"beforeCompressTs":0,"afterCompressTs":0,"beforeUploadTs":1533563064844,"compress":0,"sdkId":"m1-java0.3-5544-f89f2071","connectionId":"uploadT-1","ts":1533563064844,"seqId":0,"agentDn":"123","rate":8000,"params":"","heartBeat":false,"logid":"uploadT-1-Event:speech_start[m1-ASR-5544-1-1533563064843--0-P]-1"} ; binary length: 0
2018-08-06 21:44:24[m1-java0.3-5544-f89f2071_uploadT-1] TRACE [com.baidu.aip.talker.command.upload.UploadDataEntity] - write to upload stream:Event:speech_start[m1-ASR-5544-1-1533563064843--0-P]duration= 1 , time=1533563064845
2018-08-06 21:44:24[m1-java0.3-5544-f89f2071_downloadT-1] DEBUG [com.baidu.aip.talker.command.download.DownloadThreadCommand] - read datatrue:{"status": 0, "callId": "m1-ASR-5544-1-1533563064843", "logid": "d27af042-997e-11e8-8404-7cd30addb80b", "name": "speech_start_ack"}
2018-08-06 21:44:24[m1-java0.3-5544-f89f2071_downloadT-1] DEBUG [com.baidu.aip.talker.command.download.DownloadData] - SPEECH_START_ACK recieve :m1-ASR-5544-1-1533563064843
2018-08-06 21:44:25[m1-java0.3-5544-f89f2071_downloadT-1] DEBUG [com.baidu.aip.talker.command.download.DownloadThreadCommand] - read datatrue:{"content": {"category": "TXT", "content": "\u7ea2", "callId": "m1-ASR-5544-1-1533563064843", "logId": "A5C6A79E-7779-4375-AFD3-84764F8A305D_0", "roleCategory": "AGENT", "triggerTime": 1533563062085, "extJson": {"snStartTime": "00:00.160", "completed": 1, "snStopTime": "00:00.640"}, "triggerTxt": ""}, "name": "knowledge_content", "callId": "m1-ASR-5544-1-1533563064843", "userId": 639624614, "logid": "d3126648-997e-11e8-b1a6-6c92bf3b07d2", "appId": 11572625}
2018-08-06 21:44:26[m1-java0.3-5544-f89f2071_downloadT-1] DEBUG [com.baidu.aip.talker.command.download.DownloadThreadCommand] - read datatrue:{"logid": "d33be1b2-997e-11e8-8404-7cd30addb80b", "originLogId": "uploadT-1-Event:speech_heartbeat[m1-java0.3-5544-f89f2071--0]-6", "name": "speech_heartbeat_ack", "sdkId": "m1-java0.3-5544-f89f2071"}
2018-08-06 21:44:26[m1-java0.3-5544-f89f2071_downloadT-1] DEBUG [com.baidu.aip.talker.command.download.DownloadThreadCommand] - read datatrue:{"logid": "d3551376-997e-11e8-8404-7cd30addb80b", "originLogId": "uploadT-2-Event:speech_heartbeat[m1-java0.3-5544-f89f2071--0]-5", "name": "speech_heartbeat_ack", "sdkId": "m1-java0.3-5544-f89f2071"}
2018-08-06 21:44:26[m1-java0.3-5544-f89f2071_downloadT-1] DEBUG [com.baidu.aip.talker.command.download.DownloadThreadCommand] - read datatrue:{"content": {"category": "TXT", "content": "\u540c\u65f6", "callId": "m1-ASR-5544-1-1533563064843", "logId": "A5C6A79E-7779-4375-AFD3-84764F8A305D_1", "roleCategory": "AGENT", "triggerTime": 1533563062651, "extJson": {"snStartTime": "00:00.160", "completed": 1, "snStopTime": "00:01.120"}, "triggerTxt": ""}, "name": "knowledge_content", "callId": "m1-ASR-5544-1-1533563064843", "userId": 639624614, "logid": "d3689496-997e-11e8-afce-7cd30addb80b", "appId": 11572625}
2018-08-06 21:44:26[m1-java0.3-5544-f89f2071_downloadT-1] DEBUG [com.baidu.aip.talker.command.download.DownloadThreadCommand] - read datatrue:{"content": {"category": "TXT", "content": "\u6d2a\u9a70\u540d", "callId": "m1-ASR-5544-1-1533563064843", "logId": "A5C6A79E-7779-4375-AFD3-84764F8A305D_2", "roleCategory": "AGENT", "triggerTime": 1533563063116, "extJson": {"snStartTime": "00:00.160", "completed": 1, "snStopTime": "00:01.600"}, "triggerTxt": ""}, "name": "knowledge_content", "callId": "m1-ASR-5544-1-1533563064843", "userId": 639624614, "logid": "d3af69fc-997e-11e8-b1a6-6c92bf3b07d2", "appId": 11572625}
2018-08-06 21:44:26[m1-java0.3-5544-f89f2071_downloadT-1] DEBUG [com.baidu.aip.talker.command.download.DownloadThreadCommand] - read datatrue:{"logid": "d3b6a35c-997e-11e8-8404-7cd30addb80b", "name": "heartbeat"}
2018-08-06 21:44:27[m1-java0.3-5544-f89f2071_downloadT-1] DEBUG [com.baidu.aip.talker.command.download.DownloadThreadCommand] - read datatrue:{"content": {"category": "TXT", "content": "\u540c\u65f6\u660e\u65e5", "callId": "m1-ASR-5544-1-1533563064843", "logId": "A5C6A79E-7779-4375-AFD3-84764F8A305D_3", "roleCategory": "AGENT", "triggerTime": 1533563063393, "extJson": {"snStartTime": "00:00.160", "completed": 1, "snStopTime": "00:01.919"}, "triggerTxt": ""}, "name": "knowledge_content", "callId": "m1-ASR-5544-1-1533563064843", "userId": 639624614, "logid": "d3d9e5b0-997e-11e8-afce-7cd30addb80b", "appId": 11572625}
2018-08-06 21:44:27[m1-java0.3-5544-f89f2071_downloadT-1] DEBUG [com.baidu.aip.talker.command.download.DownloadThreadCommand] - read datatrue:{"content": {"category": "TXT", "content": "\u540c\u65f6\u660e\u65e5\u5149", "callId": "m1-ASR-5544-1-1533563064843", "logId": "A5C6A79E-7779-4375-AFD3-84764F8A305D_4", "roleCategory": "AGENT", "triggerTime": 1533563063896, "extJson": {"snStartTime": "00:00.160", "completed": 1, "snStopTime": "00:02.399"}, "triggerTxt": ""}, "name": "knowledge_content", "callId": "m1-ASR-5544-1-1533563064843", "userId": 639624614, "logid": "d4266f66-997e-11e8-94fd-6c92bf3b0791", "appId": 11572625}
2018-08-06 21:44:28[m1-java0.3-5544-f89f2071_downloadT-1] DEBUG [com.baidu.aip.talker.command.download.DownloadThreadCommand] - read datatrue:{"logid": "d492e36c-997e-11e8-8404-7cd30addb80b", "originLogId": "uploadT-1-Event:speech_heartbeat[m1-java0.3-5544-f89f2071--0]-14", "name": "speech_heartbeat_ack", "sdkId": "m1-java0.3-5544-f89f2071"}
2018-08-06 21:44:28[m1-java0.3-5544-f89f2071_downloadT-1] DEBUG [com.baidu.aip.talker.command.download.DownloadThreadCommand] - read datatrue:{"logid": "d4ac3d4e-997e-11e8-8404-7cd30addb80b", "originLogId": "uploadT-2-Event:speech_heartbeat[m1-java0.3-5544-f89f2071--0]-13", "name": "speech_heartbeat_ack", "sdkId": "m1-java0.3-5544-f89f2071"}
2018-08-06 21:44:28[m1-java0.3-5544-f89f2071_downloadT-1] DEBUG [com.baidu.aip.talker.command.download.DownloadThreadCommand] - read datatrue:{"content": {"category": "TXT", "content": "\u540c\u65f6\u660e\u65e5\u5149\u662f", "callId": "m1-ASR-5544-1-1533563064843", "logId": "A5C6A79E-7779-4375-AFD3-84764F8A305D_5", "roleCategory": "AGENT", "triggerTime": 1533563065081, "extJson": {"snStartTime": "00:00.160", "completed": 1, "snStopTime": "00:03.520"}, "triggerTxt": ""}, "name": "knowledge_content", "callId": "m1-ASR-5544-1-1533563064843", "userId": 639624614, "logid": "d4db8450-997e-11e8-afce-7cd30addb80b", "appId": 11572625}
2018-08-06 21:44:29[m1-java0.3-5544-f89f2071_downloadT-1] DEBUG [com.baidu.aip.talker.command.download.DownloadThreadCommand] - read datatrue:{"content": {"category": "TXT", "content": "\u540c\u65f6\u660e\u65e5\u5149\u55ef\u55ef", "callId": "m1-ASR-5544-1-1533563064843", "logId": "A5C6A79E-7779-4375-AFD3-84764F8A305D_6", "roleCategory": "AGENT", "triggerTime": 1533563065554, "extJson": {"snStartTime": "00:00.160", "completed": 1, "snStopTime": "00:04.00"}, "triggerTxt": ""}, "name": "knowledge_content", "callId": "m1-ASR-5544-1-1533563064843", "userId": 639624614, "logid": "d523b572-997e-11e8-b1a6-6c92bf3b07d2", "appId": 11572625}
2018-08-06 21:44:29[m1-java0.3-5544-f89f2071_downloadT-1] DEBUG [com.baidu.aip.talker.command.download.DownloadThreadCommand] - read datatrue:{"content": {"category": "TXT", "content": "\u540c\u65f6\u660e\u65e5\u5149\u55ef\u55ef\u987a", "callId": "m1-ASR-5544-1-1533563064843", "logId": "A5C6A79E-7779-4375-AFD3-84764F8A305D_7", "roleCategory": "AGENT", "triggerTime": 1533563066038, "extJson": {"snStartTime": "00:00.160", "completed": 1, "snStopTime": "00:04.480"}, "triggerTxt": ""}, "name": "knowledge_content", "callId": "m1-ASR-5544-1-1533563064843", "userId": 639624614, "logid": "d56d3b8e-997e-11e8-96f1-6c92bf3b0791", "appId": 11572625}
2018-08-06 21:44:30[m1-java0.3-5544-f89f2071_downloadT-1] DEBUG [com.baidu.aip.talker.command.download.DownloadThreadCommand] - read datatrue:{"content": {"category": "TXT", "content": "\u540c\u65f6\u660e\u65e5\u5149\u55ef\u55ef\u987a\u987a", "callId": "m1-ASR-5544-1-1533563064843", "logId": "A5C6A79E-7779-4375-AFD3-84764F8A305D_8", "roleCategory": "AGENT", "triggerTime": 1533563066589, "extJson": {"snStartTime": "00:00.160", "completed": 1, "snStopTime": "00:05.120"}, "triggerTxt": ""}, "name": "knowledge_content", "callId": "m1-ASR-5544-1-1533563064843", "userId": 639624614, "logid": "d5c16f60-997e-11e8-b1a6-6c92bf3b07d2", "appId": 11572625}
2018-08-06 21:44:30[m1-java0.3-5544-f89f2071_downloadT-1] DEBUG [com.baidu.aip.talker.command.download.DownloadThreadCommand] - read datatrue:{"logid": "d5e96e66-997e-11e8-8404-7cd30addb80b", "originLogId": "uploadT-1-Event:speech_heartbeat[m1-java0.3-5544-f89f2071--0]-22", "name": "speech_heartbeat_ack", "sdkId": "m1-java0.3-5544-f89f2071"}
2018-08-06 21:44:30[m1-java0.3-5544-f89f2071_downloadT-1] DEBUG [com.baidu.aip.talker.command.download.DownloadThreadCommand] - read datatrue:{"logid": "d601dc4e-997e-11e8-8404-7cd30addb80b", "originLogId": "uploadT-2-Event:speech_heartbeat[m1-java0.3-5544-f89f2071--0]-21", "name": "speech_heartbeat_ack", "sdkId": "m1-java0.3-5544-f89f2071"}
2018-08-06 21:44:31[m1-java0.3-5544-f89f2071_downloadT-1] DEBUG [com.baidu.aip.talker.command.download.DownloadThreadCommand] - read datatrue:{"content": {"category": "TXT", "content": "\u540c\u65f6\u660e\u65e5\u5149\u55ef\u55ef\u987a\u53d4\u8bf7", "callId": "m1-ASR-5544-1-1533563064843", "logId": "A5C6A79E-7779-4375-AFD3-84764F8A305D_9", "roleCategory": "AGENT", "triggerTime": 1533563067368, "extJson": {"snStartTime": "00:00.160", "completed": 1, "snStopTime": "00:05.759"}, "triggerTxt": ""}, "name": "knowledge_content", "callId": "m1-ASR-5544-1-1533563064843", "userId": 639624614, "logid": "d6386fd4-997e-11e8-afce-7cd30addb80b", "appId": 11572625}
2018-08-06 21:44:31[m1-java0.3-5544-f89f2071_downloadT-1] DEBUG [com.baidu.aip.talker.command.download.DownloadThreadCommand] - read datatrue:{"content": {"category": "TXT", "content": "\u540c\u65f6\u660e\u65e5\u5149\u55ef\u55ef\u987a\u987a\u8bf7\u540c", "callId": "m1-ASR-5544-1-1533563064843", "logId": "A5C6A79E-7779-4375-AFD3-84764F8A305D_10", "roleCategory": "AGENT", "triggerTime": 1533563067682, "extJson": {"snStartTime": "00:00.160", "completed": 1, "snStopTime": "00:06.240"}, "triggerTxt": ""}, "name": "knowledge_content", "callId": "m1-ASR-5544-1-1533563064843", "userId": 639624614, "logid": "d66822c4-997e-11e8-94fd-6c92bf3b0791", "appId": 11572625}
2018-08-06 21:44:31[m1-java0.3-5544-f89f2071_downloadT-1] DEBUG [com.baidu.aip.talker.command.download.DownloadThreadCommand] - read datatrue:{"content": {"category": "TXT", "content": "\u540c\u65f6\u660e\u65e5\u5149\u55ef\u55ef\u987a\u987a\u8bf7\u540c\u4e30", "callId": "m1-ASR-5544-1-1533563064843", "logId": "A5C6A79E-7779-4375-AFD3-84764F8A305D_11", "roleCategory": "AGENT", "triggerTime": 1533563067824, "extJson": {"snStartTime": "00:00.160", "completed": 1, "snStopTime": "00:06.240"}, "triggerTxt": ""}, "name": "knowledge_content", "callId": "m1-ASR-5544-1-1533563064843", "userId": 639624614, "logid": "d67debd6-997e-11e8-adc7-6c92bf3b07d2", "appId": 11572625}
2018-08-06 21:44:31[m1-java0.3-5544-f89f2071_downloadT-1] DEBUG [com.baidu.aip.talker.command.download.DownloadThreadCommand] - read datatrue:{"logid": "d6b19df0-997e-11e8-8404-7cd30addb80b", "name": "heartbeat"}
2018-08-06 21:44:32[m1-java0.3-5544-f89f2071_downloadT-1] DEBUG [com.baidu.aip.talker.command.download.DownloadThreadCommand] - read datatrue:{"content": {"category": "TXT", "content": "\u540c\u65f6\u660e\u65e5\u5149\u55ef\u55ef\u987a\u987a\u8bf7\u540c\u98ce\u96e8", "callId": "m1-ASR-5544-1-1533563064843", "logId": "A5C6A79E-7779-4375-AFD3-84764F8A305D_12", "roleCategory": "AGENT", "triggerTime": 1533563068451, "extJson": {"snStartTime": "00:00.160", "completed": 1, "snStopTime": "00:06.879"}, "triggerTxt": ""}, "name": "knowledge_content", "callId": "m1-ASR-5544-1-1533563064843", "userId": 639624614, "logid": "d6dd9888-997e-11e8-adc7-6c92bf3b07d2", "appId": 11572625}
2018-08-06 21:44:32[m1-java0.3-5544-f89f2071_downloadT-1] DEBUG [com.baidu.aip.talker.command.download.DownloadThreadCommand] - read datatrue:{"logid": "d7408fa6-997e-11e8-8404-7cd30addb80b", "originLogId": "uploadT-1-Event:speech_heartbeat[m1-java0.3-5544-f89f2071--0]-30", "name": "speech_heartbeat_ack", "sdkId": "m1-java0.3-5544-f89f2071"}
2018-08-06 21:44:33[m1-java0.3-5544-f89f2071_downloadT-1] DEBUG [com.baidu.aip.talker.command.download.DownloadThreadCommand] - read datatrue:{"logid": "d758f65e-997e-11e8-8404-7cd30addb80b", "originLogId": "uploadT-2-Event:speech_heartbeat[m1-java0.3-5544-f89f2071--0]-29", "name": "speech_heartbeat_ack", "sdkId": "m1-java0.3-5544-f89f2071"}
2018-08-06 21:44:33[m1-java0.3-5544-f89f2071_downloadT-1] DEBUG [com.baidu.aip.talker.command.download.DownloadThreadCommand] - read datatrue:{"content": {"category": "TXT", "content": "\u540c\u65f6\u660e\u65e5\u5149\u55ef\u55ef\u987a\u987a\u8bf7\u540c\u98ce\u96e8\u540c", "callId": "m1-ASR-5544-1-1533563064843", "logId": "A5C6A79E-7779-4375-AFD3-84764F8A305D_13", "roleCategory": "AGENT", "triggerTime": 1533563070089, "extJson": {"snStartTime": "00:00.160", "completed": 1, "snStopTime": "00:08.640"}, "triggerTxt": ""}, "name": "knowledge_content", "callId": "m1-ASR-5544-1-1533563064843", "userId": 639624614, "logid": "d7d76f0c-997e-11e8-94fd-6c92bf3b0791", "appId": 11572625}
2018-08-06 21:44:34[m1-java0.3-5544-f89f2071_downloadT-1] DEBUG [com.baidu.aip.talker.command.download.DownloadThreadCommand] - read datatrue:{"content": {"category": "TXT", "content": "\u540c\u65f6\u660e\u65e5\u5149\u55ef\u55ef\u987a\u987a\u8bf7\u540c\u98ce\u96e8\u540c\u5fc3", "callId": "m1-ASR-5544-1-1533563064843", "logId": "A5C6A79E-7779-4375-AFD3-84764F8A305D_14", "roleCategory": "AGENT", "triggerTime": 1533563070517, "extJson": {"snStartTime": "00:00.160", "completed": 1, "snStopTime": "00:08.960"}, "triggerTxt": ""}, "name": "knowledge_content", "callId": "m1-ASR-5544-1-1533563064843", "userId": 639624614, "logid": "d818c362-997e-11e8-94fd-6c92bf3b0791", "appId": 11572625}
2018-08-06 21:44:34[m1-java0.3-5544-f89f2071_uploadT-2] DEBUG [com.baidu.aip.talker.command.upload.UploadData] - JsonStr is:{"roleId":0,"callId":"m1-ASR-5544-1-1533563064843","name":"speech_end","sendTs":1533563074959,"beforeCompressTs":0,"afterCompressTs":0,"beforeUploadTs":1533563074959,"compress":0,"sdkId":"m1-java0.3-5544-f89f2071","connectionId":"uploadT-2","ts":1533563074959,"seqId":0,"agentDn":"123","heartBeat":false,"logid":"uploadT-2-Event:speech_end[m1-ASR-5544-1-1533563064843--0-P]-35"} ; binary length: 0
2018-08-06 21:44:34[m1-java0.3-5544-f89f2071_uploadT-2] TRACE [com.baidu.aip.talker.command.upload.UploadDataEntity] - write to upload stream:Event:speech_end[m1-ASR-5544-1-1533563064843--0-P]duration= 0 , time=1533563074959
2018-08-06 21:44:35[m1-java0.3-5544-f89f2071_downloadT-1] DEBUG [com.baidu.aip.talker.command.download.DownloadThreadCommand] - read datatrue:{"logid": "d901bb8a-997e-11e8-8404-7cd30addb80b", "originLogId": "uploadT-1-Event:speech_heartbeat[m1-java0.3-5544-f89f2071--0]-37", "name": "speech_heartbeat_ack", "sdkId": "m1-java0.3-5544-f89f2071"}
2018-08-06 21:44:36[m1-java0.3-5544-f89f2071_downloadT-1] DEBUG [com.baidu.aip.talker.command.download.DownloadThreadCommand] - read datatrue:{"logid": "d91a29ae-997e-11e8-8404-7cd30addb80b", "originLogId": "uploadT-2-Event:speech_heartbeat[m1-java0.3-5544-f89f2071--0]-36", "name": "speech_heartbeat_ack", "sdkId": "m1-java0.3-5544-f89f2071"}
2018-08-06 21:44:37[m1-java0.3-5544-f89f2071_downloadT-1] DEBUG [com.baidu.aip.talker.command.download.DownloadThreadCommand] - read datatrue:{"logid": "d9ac9816-997e-11e8-8404-7cd30addb80b", "name": "heartbeat"}
2018-08-06 21:44:37[m1-java0.3-5544-f89f2071_downloadT-1] DEBUG [com.baidu.aip.talker.command.download.DownloadThreadCommand] - read datatrue:{"logid": "da32ec04-997e-11e8-8404-7cd30addb80b", "originLogId": "uploadT-1-Event:speech_heartbeat[m1-java0.3-5544-f89f2071--0]-38", "name": "speech_heartbeat_ack", "sdkId": "m1-java0.3-5544-f89f2071"}
2018-08-06 21:44:37[m1-java0.3-5544-f89f2071_downloadT-1] DEBUG [com.baidu.aip.talker.command.download.DownloadThreadCommand] - read datatrue:{"logid": "da4b59d8-997e-11e8-8404-7cd30addb80b", "originLogId": "uploadT-2-Event:speech_heartbeat[m1-java0.3-5544-f89f2071--0]-37", "name": "speech_heartbeat_ack", "sdkId": "m1-java0.3-5544-f89f2071"}
2018-08-06 21:44:39[m1-java0.3-5544-f89f2071_downloadT-1] DEBUG [com.baidu.aip.talker.command.download.DownloadThreadCommand] - read datatrue:{"logid": "db659bee-997e-11e8-8404-7cd30addb80b", "originLogId": "uploadT-1-Event:speech_heartbeat[m1-java0.3-5544-f89f2071--0]-39", "name": "speech_heartbeat_ack", "sdkId": "m1-java0.3-5544-f89f2071"}
2018-08-06 21:44:40[m1-java0.3-5544-f89f2071_downloadT-1] DEBUG [com.baidu.aip.talker.command.download.DownloadThreadCommand] - read datatrue:{"logid": "db7d4c1c-997e-11e8-8404-7cd30addb80b", "originLogId": "uploadT-2-Event:speech_heartbeat[m1-java0.3-5544-f89f2071--0]-38", "name": "speech_heartbeat_ack", "sdkId": "m1-java0.3-5544-f89f2071"}
2018-08-06 21:44:41[m1-java0.3-5544-f89f2071_downloadT-1] DEBUG [com.baidu.aip.talker.command.download.DownloadThreadCommand] - read datatrue:{"logid": "dc991446-997e-11e8-8404-7cd30addb80b", "originLogId": "uploadT-1-Event:speech_heartbeat[m1-java0.3-5544-f89f2071--0]-40", "name": "speech_heartbeat_ack", "sdkId": "m1-java0.3-5544-f89f2071"}
2018-08-06 21:44:41[pool-1-thread-2] INFO  [com.baidu.aip.talker.controller.ControllerImpl] - SDK will be stopped
2018-08-06 21:44:41[m1-java0.3-5544-f89f2071_uploadT-2] DEBUG [com.baidu.aip.talker.command.upload.UploadData] - JsonStr is:{"roleId":0,"callId":"","name":"speech_sdk_stop","sendTs":0,"beforeCompressTs":0,"afterCompressTs":0,"beforeUploadTs":1533563081953,"compress":0,"sdkId":"m1-java0.3-5544-f89f2071","connectionId":"uploadT-2","ts":1533563081953,"seqId":0,"agentDn":"0","heartBeat":false,"logid":"uploadT-2-Event:speech_sdk_stop[m1-java0.3-5544-f89f2071--0-P]-39"} ; binary length: 0
2018-08-06 21:44:41[m1-java0.3-5544-f89f2071_uploadT-2] TRACE [com.baidu.aip.talker.command.upload.UploadDataEntity] - write to upload stream:Event:speech_sdk_stop[m1-java0.3-5544-f89f2071--0-P]duration= 1 , time=1533563081954
2018-08-06 21:44:42[m1-java0.3-5544-f89f2071_downloadT-1] DEBUG [com.baidu.aip.talker.command.download.DownloadThreadCommand] - read datatrue:{"logid": "dca79250-997e-11e8-8404-7cd30addb80b", "name": "heartbeat"}
2018-08-06 21:44:42[m1-java0.3-5544-f89f2071_downloadT-1] INFO  [com.baidu.aip.talker.common.GlobalSwitch] - isDownloadThreadActive:false
2018-08-06 21:44:42[m1-java0.3-5544-f89f2071_downloadT-1] INFO  [com.baidu.aip.talker.common.GlobalSwitch] - isDownloadThreadActive:false
2018-08-06 21:44:42[m1-java0.3-5544-f89f2071_downloadT-1] INFO  [com.baidu.aip.talker.command.CommandThreadPoolExecutor] - afterExecute Command Info:downloadT-1:16
2018-08-06 21:44:44[m1-java0.3-5544-f89f2071_uploadT-2] INFO  [com.baidu.aip.talker.command.upload.UploadDataEntity] - uploadT-2 will be stopped
2018-08-06 21:44:44[m1-java0.3-5544-f89f2071_uploadT-2] INFO  [com.baidu.aip.talker.command.upload.UploadDataEntity] - 42 packages sent, commandId:uploadT-2
2018-08-06 21:44:44[m1-java0.3-5544-f89f2071_uploadT-2] INFO  [com.baidu.aip.talker.command.CommandThreadPoolExecutor] - afterExecute Command Info:uploadT-2:18
2018-08-06 21:44:45[m1-java0.3-5544-f89f2071_uploadT-1] INFO  [com.baidu.aip.talker.command.upload.UploadDataEntity] - uploadT-1 will be stopped
2018-08-06 21:44:45[m1-java0.3-5544-f89f2071_uploadT-1] INFO  [com.baidu.aip.talker.command.upload.UploadDataEntity] - 43 packages sent, commandId:uploadT-1
2018-08-06 21:44:45[m1-java0.3-5544-f89f2071_uploadT-1] INFO  [com.baidu.aip.talker.command.CommandThreadPoolExecutor] - afterExecute Command Info:uploadT-1:17
2018-08-06 21:44:45[pool-1-thread-2] INFO  [com.baidu.aip.talker.controller.ControllerImpl] - schedule status:true, uploader status:true, download status:true
2018-08-06 21:59:13[main] INFO  [com.baidu.aip.talker.controller.ControllerImpl] - Conf is loaded by properties
2018-08-06 21:59:13[main] INFO  [com.baidu.aip.talker.controller.ControllerImpl] - Stat is initialized
2018-08-06 21:59:13[main] INFO  [com.baidu.aip.talker.controller.ControllerImpl] - Uploader is initialized
2018-08-06 21:59:13[main] INFO  [com.baidu.aip.talker.controller.ControllerImpl] - Downloader is initialized
2018-08-06 21:59:13[main] INFO  [com.baidu.aip.talker.controller.ControllerImpl] - ClientFactory is initialized
2018-08-06 21:59:13[main] INFO  [com.baidu.aip.talker.command.token.TokenThreadCommand] - token fetch params:[grant_type=client_credentials, client_id=t5fTe2YN25P36FYMnBTQcUga, client_secret=6SgSI55vVqCXOHTamtYwG3yE7A9uKvGX]
2018-08-06 21:59:14[main] WARN  [org.apache.http.client.protocol.ResponseProcessCookies] - Cookie rejected [BAIDUID="8E01E4E5D75B9E836D298129939C7022:FG=1", version:0, domain:baidu.com, path:/, expiry:Fri Jan 01 07:55:55 CST 2038] Illegal 'domain' attribute "baidu.com". Domain of origin: "aip.baidubce.com"
2018-08-06 21:59:14[main] INFO  [com.baidu.aip.talker.command.token.TokenThreadCommand] - new token obtained:24.38694d6a3b4c07f29a3c0effa384e2b8.2592000.1536155950.282335-11572625,expires in MS:2592000000
2018-08-06 21:59:14[main] INFO  [com.baidu.aip.talker.controller.ControllerImpl] - ====All components are initialized=========
2018-08-06 21:59:14[main] INFO  [com.baidu.aip.talker.controller.ControllerImpl] - Start Threads
2018-08-06 21:59:14[main] INFO  [com.baidu.aip.talker.controller.ControllerImpl] - =========Download Threads started=============
2018-08-06 21:59:14[main] INFO  [com.baidu.aip.talker.command.upload.Uploader] - waiting  download first package success
2018-08-06 21:59:14[m1-java0.3-2548-a3133126_downloadT-1] INFO  [com.baidu.aip.talker.command.CommandThreadPoolExecutor] - beforeExecute Thread Info:m1-java0.3-2548-a3133126_downloadT-1:15
2018-08-06 21:59:14[m1-java0.3-2548-a3133126_downloadT-1] INFO  [com.baidu.aip.talker.common.GlobalSwitch] - isDownloadThreadActive:true
2018-08-06 21:59:14[m1-java0.3-2548-a3133126_downloadT-1] DEBUG [com.baidu.aip.talker.command.download.DownloadThreadCommand] - read datatrue:{"logid": "e4c0f8f8-9980-11e8-8404-7cd30addb80b", "name": "heartbeat"}
2018-08-06 21:59:14[main] INFO  [com.baidu.aip.talker.command.upload.Uploader] - download first package success
2018-08-06 21:59:14[m1-java0.3-2548-a3133126_uploadT-2] INFO  [com.baidu.aip.talker.command.CommandThreadPoolExecutor] - beforeExecute Thread Info:m1-java0.3-2548-a3133126_uploadT-2:17
2018-08-06 21:59:14[m1-java0.3-2548-a3133126_uploadT-1] INFO  [com.baidu.aip.talker.command.CommandThreadPoolExecutor] - beforeExecute Thread Info:m1-java0.3-2548-a3133126_uploadT-1:16
2018-08-06 21:59:14[m1-java0.3-2548-a3133126_uploadT-2] INFO  [com.baidu.aip.talker.http.RequestFactory] - upload url is https://aitalker.baidubce.com/up?access_token=24.38694d6a3b4c07f29a3c0effa384e2b8.2592000.1536155950.282335-11572625&scope=brain_bicc
2018-08-06 21:59:14[m1-java0.3-2548-a3133126_uploadT-1] INFO  [com.baidu.aip.talker.http.RequestFactory] - upload url is https://aitalker.baidubce.com/up?access_token=24.38694d6a3b4c07f29a3c0effa384e2b8.2592000.1536155950.282335-11572625&scope=brain_bicc
2018-08-06 21:59:14[main] INFO  [com.baidu.aip.talker.controller.ControllerImpl] - =========Upload Threads started=============
2018-08-06 21:59:16[m1-java0.3-2548-a3133126_downloadT-1] DEBUG [com.baidu.aip.talker.command.download.DownloadThreadCommand] - read datatrue:{"logid": "e63672bc-9980-11e8-8404-7cd30addb80b", "originLogId": "uploadT-2-Event:speech_heartbeat[m1-java0.3-2548-a3133126--0]-0", "name": "speech_heartbeat_ack", "sdkId": "m1-java0.3-2548-a3133126"}
2018-08-06 21:59:16[m1-java0.3-2548-a3133126_downloadT-1] DEBUG [com.baidu.aip.talker.command.download.DownloadThreadCommand] - read datatrue:{"logid": "e636c640-9980-11e8-8404-7cd30addb80b", "originLogId": "uploadT-1-Event:speech_heartbeat[m1-java0.3-2548-a3133126--0]-0", "name": "speech_heartbeat_ack", "sdkId": "m1-java0.3-2548-a3133126"}
2018-08-06 21:59:18[m1-java0.3-2548-a3133126_downloadT-1] DEBUG [com.baidu.aip.talker.command.download.DownloadThreadCommand] - read datatrue:{"logid": "e75a66f8-9980-11e8-8404-7cd30addb80b", "originLogId": "uploadT-2-Event:speech_heartbeat[m1-java0.3-2548-a3133126--0]-1", "name": "speech_heartbeat_ack", "sdkId": "m1-java0.3-2548-a3133126"}
2018-08-06 21:59:18[m1-java0.3-2548-a3133126_downloadT-1] DEBUG [com.baidu.aip.talker.command.download.DownloadThreadCommand] - read datatrue:{"logid": "e75a7a3a-9980-11e8-8404-7cd30addb80b", "originLogId": "uploadT-1-Event:speech_heartbeat[m1-java0.3-2548-a3133126--0]-1", "name": "speech_heartbeat_ack", "sdkId": "m1-java0.3-2548-a3133126"}
2018-08-06 21:59:19[m1-java0.3-2548-a3133126_downloadT-1] DEBUG [com.baidu.aip.talker.command.download.DownloadThreadCommand] - read datatrue:{"logid": "e7bc08cc-9980-11e8-8404-7cd30addb80b", "name": "heartbeat"}
2018-08-06 21:59:20[m1-java0.3-2548-a3133126_downloadT-1] DEBUG [com.baidu.aip.talker.command.download.DownloadThreadCommand] - read datatrue:{"logid": "e88acc48-9980-11e8-8404-7cd30addb80b", "originLogId": "uploadT-1-Event:speech_heartbeat[m1-java0.3-2548-a3133126--0]-2", "name": "speech_heartbeat_ack", "sdkId": "m1-java0.3-2548-a3133126"}
2018-08-06 21:59:20[m1-java0.3-2548-a3133126_downloadT-1] DEBUG [com.baidu.aip.talker.command.download.DownloadThreadCommand] - read datatrue:{"logid": "e88b8106-9980-11e8-8404-7cd30addb80b", "originLogId": "uploadT-2-Event:speech_heartbeat[m1-java0.3-2548-a3133126--0]-2", "name": "speech_heartbeat_ack", "sdkId": "m1-java0.3-2548-a3133126"}
2018-08-06 21:59:22[m1-java0.3-2548-a3133126_downloadT-1] DEBUG [com.baidu.aip.talker.command.download.DownloadThreadCommand] - read datatrue:{"logid": "e9bcc170-9980-11e8-8404-7cd30addb80b", "originLogId": "uploadT-2-Event:speech_heartbeat[m1-java0.3-2548-a3133126--0]-3", "name": "speech_heartbeat_ack", "sdkId": "m1-java0.3-2548-a3133126"}
2018-08-06 21:59:22[m1-java0.3-2548-a3133126_downloadT-1] DEBUG [com.baidu.aip.talker.command.download.DownloadThreadCommand] - read datatrue:{"logid": "e9bcd4a8-9980-11e8-8404-7cd30addb80b", "originLogId": "uploadT-1-Event:speech_heartbeat[m1-java0.3-2548-a3133126--0]-3", "name": "speech_heartbeat_ack", "sdkId": "m1-java0.3-2548-a3133126"}
2018-08-06 21:59:24[m1-java0.3-2548-a3133126_downloadT-1] DEBUG [com.baidu.aip.talker.command.download.DownloadThreadCommand] - read datatrue:{"logid": "eab7046e-9980-11e8-8404-7cd30addb80b", "name": "heartbeat"}
2018-08-06 21:59:24[m1-java0.3-2548-a3133126_downloadT-1] DEBUG [com.baidu.aip.talker.command.download.DownloadThreadCommand] - read datatrue:{"logid": "eaeded1c-9980-11e8-8404-7cd30addb80b", "originLogId": "uploadT-1-Event:speech_heartbeat[m1-java0.3-2548-a3133126--0]-4", "name": "speech_heartbeat_ack", "sdkId": "m1-java0.3-2548-a3133126"}
2018-08-06 21:59:24[m1-java0.3-2548-a3133126_downloadT-1] DEBUG [com.baidu.aip.talker.command.download.DownloadThreadCommand] - read datatrue:{"logid": "eaeea1a8-9980-11e8-8404-7cd30addb80b", "originLogId": "uploadT-2-Event:speech_heartbeat[m1-java0.3-2548-a3133126--0]-4", "name": "speech_heartbeat_ack", "sdkId": "m1-java0.3-2548-a3133126"}
2018-08-06 21:59:26[m1-java0.3-2548-a3133126_downloadT-1] DEBUG [com.baidu.aip.talker.command.download.DownloadThreadCommand] - read datatrue:{"logid": "ec1f1daa-9980-11e8-8404-7cd30addb80b", "originLogId": "uploadT-1-Event:speech_heartbeat[m1-java0.3-2548-a3133126--0]-5", "name": "speech_heartbeat_ack", "sdkId": "m1-java0.3-2548-a3133126"}
2018-08-06 21:59:26[m1-java0.3-2548-a3133126_downloadT-1] DEBUG [com.baidu.aip.talker.command.download.DownloadThreadCommand] - read datatrue:{"logid": "ec1fe1d6-9980-11e8-8404-7cd30addb80b", "originLogId": "uploadT-2-Event:speech_heartbeat[m1-java0.3-2548-a3133126--0]-5", "name": "speech_heartbeat_ack", "sdkId": "m1-java0.3-2548-a3133126"}
2018-08-06 21:59:28[m1-java0.3-2548-a3133126_downloadT-1] DEBUG [com.baidu.aip.talker.command.download.DownloadThreadCommand] - read datatrue:{"logid": "ed559320-9980-11e8-8404-7cd30addb80b", "originLogId": "uploadT-2-Event:speech_heartbeat[m1-java0.3-2548-a3133126--0]-6", "name": "speech_heartbeat_ack", "sdkId": "m1-java0.3-2548-a3133126"}
2018-08-06 21:59:28[m1-java0.3-2548-a3133126_downloadT-1] DEBUG [com.baidu.aip.talker.command.download.DownloadThreadCommand] - read datatrue:{"logid": "ed55b9cc-9980-11e8-8404-7cd30addb80b", "originLogId": "uploadT-1-Event:speech_heartbeat[m1-java0.3-2548-a3133126--0]-6", "name": "speech_heartbeat_ack", "sdkId": "m1-java0.3-2548-a3133126"}
2018-08-06 21:59:29[m1-java0.3-2548-a3133126_downloadT-1] DEBUG [com.baidu.aip.talker.command.download.DownloadThreadCommand] - read datatrue:{"logid": "edb20376-9980-11e8-8404-7cd30addb80b", "name": "heartbeat"}
2018-08-06 21:59:30[m1-java0.3-2548-a3133126_downloadT-1] DEBUG [com.baidu.aip.talker.command.download.DownloadThreadCommand] - read datatrue:{"logid": "ee82432e-9980-11e8-8404-7cd30addb80b", "originLogId": "uploadT-1-Event:speech_heartbeat[m1-java0.3-2548-a3133126--0]-7", "name": "speech_heartbeat_ack", "sdkId": "m1-java0.3-2548-a3133126"}
2018-08-06 21:59:30[m1-java0.3-2548-a3133126_downloadT-1] DEBUG [com.baidu.aip.talker.command.download.DownloadThreadCommand] - read datatrue:{"logid": "ee82eab8-9980-11e8-8404-7cd30addb80b", "originLogId": "uploadT-2-Event:speech_heartbeat[m1-java0.3-2548-a3133126--0]-7", "name": "speech_heartbeat_ack", "sdkId": "m1-java0.3-2548-a3133126"}
2018-08-06 21:59:47[main] INFO  [com.baidu.aip.talker.controller.ControllerImpl] - Conf is loaded by properties
2018-08-06 21:59:47[main] INFO  [com.baidu.aip.talker.controller.ControllerImpl] - Stat is initialized
2018-08-06 21:59:48[main] INFO  [com.baidu.aip.talker.controller.ControllerImpl] - Uploader is initialized
2018-08-06 21:59:48[main] INFO  [com.baidu.aip.talker.controller.ControllerImpl] - Downloader is initialized
2018-08-06 21:59:48[main] INFO  [com.baidu.aip.talker.controller.ControllerImpl] - ClientFactory is initialized
2018-08-06 21:59:48[main] INFO  [com.baidu.aip.talker.command.token.TokenThreadCommand] - token fetch params:[grant_type=client_credentials, client_id=t5fTe2YN25P36FYMnBTQcUga, client_secret=6SgSI55vVqCXOHTamtYwG3yE7A9uKvGX]
2018-08-06 21:59:48[main] WARN  [org.apache.http.client.protocol.ResponseProcessCookies] - Cookie rejected [BAIDUID="1AA1C70271CC280869647FECA621CBFB:FG=1", version:0, domain:baidu.com, path:/, expiry:Fri Jan 01 07:55:55 CST 2038] Illegal 'domain' attribute "baidu.com". Domain of origin: "aip.baidubce.com"
2018-08-06 21:59:49[main] INFO  [com.baidu.aip.talker.command.token.TokenThreadCommand] - new token obtained:24.9aade59693e3da686a5b98fcd013f3dc.2592000.1536155985.282335-11572625,expires in MS:2592000000
2018-08-06 21:59:49[main] INFO  [com.baidu.aip.talker.controller.ControllerImpl] - ====All components are initialized=========
2018-08-06 21:59:49[main] INFO  [com.baidu.aip.talker.controller.ControllerImpl] - Start Threads
2018-08-06 21:59:49[main] INFO  [com.baidu.aip.talker.controller.ControllerImpl] - =========Download Threads started=============
2018-08-06 21:59:49[main] INFO  [com.baidu.aip.talker.command.upload.Uploader] - waiting  download first package success
2018-08-06 21:59:49[m1-java0.3-8532-360dc396_downloadT-1] INFO  [com.baidu.aip.talker.command.CommandThreadPoolExecutor] - beforeExecute Thread Info:m1-java0.3-8532-360dc396_downloadT-1:15
2018-08-06 21:59:49[m1-java0.3-8532-360dc396_downloadT-1] INFO  [com.baidu.aip.talker.common.GlobalSwitch] - isDownloadThreadActive:true
2018-08-06 21:59:49[m1-java0.3-8532-360dc396_downloadT-1] DEBUG [com.baidu.aip.talker.command.download.DownloadThreadCommand] - read datatrue:{"logid": "f98f598c-9980-11e8-98a7-6c92bf3b0791", "name": "heartbeat"}
2018-08-06 21:59:49[main] INFO  [com.baidu.aip.talker.command.upload.Uploader] - download first package success
2018-08-06 21:59:49[m1-java0.3-8532-360dc396_uploadT-1] INFO  [com.baidu.aip.talker.command.CommandThreadPoolExecutor] - beforeExecute Thread Info:m1-java0.3-8532-360dc396_uploadT-1:16
2018-08-06 21:59:49[m1-java0.3-8532-360dc396_uploadT-2] INFO  [com.baidu.aip.talker.command.CommandThreadPoolExecutor] - beforeExecute Thread Info:m1-java0.3-8532-360dc396_uploadT-2:17
2018-08-06 21:59:49[m1-java0.3-8532-360dc396_uploadT-1] INFO  [com.baidu.aip.talker.http.RequestFactory] - upload url is https://aitalker.baidubce.com/up?access_token=24.9aade59693e3da686a5b98fcd013f3dc.2592000.1536155985.282335-11572625&scope=brain_bicc
2018-08-06 21:59:49[m1-java0.3-8532-360dc396_uploadT-2] INFO  [com.baidu.aip.talker.http.RequestFactory] - upload url is https://aitalker.baidubce.com/up?access_token=24.9aade59693e3da686a5b98fcd013f3dc.2592000.1536155985.282335-11572625&scope=brain_bicc
2018-08-06 21:59:49[main] INFO  [com.baidu.aip.talker.controller.ControllerImpl] - =========Upload Threads started=============
2018-08-06 21:59:51[m1-java0.3-8532-360dc396_downloadT-1] DEBUG [com.baidu.aip.talker.command.download.DownloadThreadCommand] - read datatrue:{"logid": "faee0cce-9980-11e8-98a7-6c92bf3b0791", "originLogId": "uploadT-2-Event:speech_heartbeat[m1-java0.3-8532-360dc396--0]-0", "name": "speech_heartbeat_ack", "sdkId": "m1-java0.3-8532-360dc396"}
2018-08-06 21:59:51[m1-java0.3-8532-360dc396_downloadT-1] DEBUG [com.baidu.aip.talker.command.download.DownloadThreadCommand] - read datatrue:{"logid": "faee7132-9980-11e8-98a7-6c92bf3b0791", "originLogId": "uploadT-1-Event:speech_heartbeat[m1-java0.3-8532-360dc396--0]-0", "name": "speech_heartbeat_ack", "sdkId": "m1-java0.3-8532-360dc396"}
2018-08-06 21:59:53[m1-java0.3-8532-360dc396_downloadT-1] DEBUG [com.baidu.aip.talker.command.download.DownloadThreadCommand] - read datatrue:{"logid": "fc13be5a-9980-11e8-98a7-6c92bf3b0791", "originLogId": "uploadT-1-Event:speech_heartbeat[m1-java0.3-8532-360dc396--0]-1", "name": "speech_heartbeat_ack", "sdkId": "m1-java0.3-8532-360dc396"}
2018-08-06 21:59:53[m1-java0.3-8532-360dc396_downloadT-1] DEBUG [com.baidu.aip.talker.command.download.DownloadThreadCommand] - read datatrue:{"logid": "fc13d0ca-9980-11e8-98a7-6c92bf3b0791", "originLogId": "uploadT-2-Event:speech_heartbeat[m1-java0.3-8532-360dc396--0]-1", "name": "speech_heartbeat_ack", "sdkId": "m1-java0.3-8532-360dc396"}
2018-08-06 21:59:54[m1-java0.3-8532-360dc396_downloadT-1] DEBUG [com.baidu.aip.talker.command.download.DownloadThreadCommand] - read datatrue:{"logid": "fc8a55a6-9980-11e8-98a7-6c92bf3b0791", "name": "heartbeat"}
2018-08-06 21:59:55[m1-java0.3-8532-360dc396_downloadT-1] DEBUG [com.baidu.aip.talker.command.download.DownloadThreadCommand] - read datatrue:{"logid": "fd44ea10-9980-11e8-98a7-6c92bf3b0791", "originLogId": "uploadT-2-Event:speech_heartbeat[m1-java0.3-8532-360dc396--0]-2", "name": "speech_heartbeat_ack", "sdkId": "m1-java0.3-8532-360dc396"}
2018-08-06 21:59:55[m1-java0.3-8532-360dc396_downloadT-1] DEBUG [com.baidu.aip.talker.command.download.DownloadThreadCommand] - read datatrue:{"logid": "fd45a13a-9980-11e8-98a7-6c92bf3b0791", "originLogId": "uploadT-1-Event:speech_heartbeat[m1-java0.3-8532-360dc396--0]-2", "name": "speech_heartbeat_ack", "sdkId": "m1-java0.3-8532-360dc396"}
2018-08-06 21:59:57[m1-java0.3-8532-360dc396_downloadT-1] DEBUG [com.baidu.aip.talker.command.download.DownloadThreadCommand] - read datatrue:{"logid": "fe76ced0-9980-11e8-98a7-6c92bf3b0791", "originLogId": "uploadT-1-Event:speech_heartbeat[m1-java0.3-8532-360dc396--0]-3", "name": "speech_heartbeat_ack", "sdkId": "m1-java0.3-8532-360dc396"}
2018-08-06 21:59:57[m1-java0.3-8532-360dc396_downloadT-1] DEBUG [com.baidu.aip.talker.command.download.DownloadThreadCommand] - read datatrue:{"logid": "fe76f3c4-9980-11e8-98a7-6c92bf3b0791", "originLogId": "uploadT-2-Event:speech_heartbeat[m1-java0.3-8532-360dc396--0]-3", "name": "speech_heartbeat_ack", "sdkId": "m1-java0.3-8532-360dc396"}
2018-08-06 21:59:59[m1-java0.3-8532-360dc396_downloadT-1] DEBUG [com.baidu.aip.talker.command.download.DownloadThreadCommand] - read datatrue:{"logid": "ff854fd6-9980-11e8-98a7-6c92bf3b0791", "name": "heartbeat"}
2018-08-06 21:59:59[m1-java0.3-8532-360dc396_downloadT-1] DEBUG [com.baidu.aip.talker.command.download.DownloadThreadCommand] - read datatrue:{"logid": "ffa7f9b4-9980-11e8-98a7-6c92bf3b0791", "originLogId": "uploadT-1-Event:speech_heartbeat[m1-java0.3-8532-360dc396--0]-4", "name": "speech_heartbeat_ack", "sdkId": "m1-java0.3-8532-360dc396"}
2018-08-06 21:59:59[m1-java0.3-8532-360dc396_downloadT-1] DEBUG [com.baidu.aip.talker.command.download.DownloadThreadCommand] - read datatrue:{"logid": "ffa81ea8-9980-11e8-98a7-6c92bf3b0791", "originLogId": "uploadT-2-Event:speech_heartbeat[m1-java0.3-8532-360dc396--0]-4", "name": "speech_heartbeat_ack", "sdkId": "m1-java0.3-8532-360dc396"}
