2018-07-31 10:19:43[main] INFO  [com.baidu.aip.talker.controller.ControllerImpl] - Conf is loaded by properties
2018-07-31 10:19:43[main] INFO  [com.baidu.aip.talker.controller.ControllerImpl] - Stat is initialized
2018-07-31 10:19:44[main] INFO  [com.baidu.aip.talker.controller.ControllerImpl] - Uploader is initialized
2018-07-31 10:19:44[main] INFO  [com.baidu.aip.talker.controller.ControllerImpl] - Downloader is initialized
2018-07-31 10:19:44[main] INFO  [com.baidu.aip.talker.controller.ControllerImpl] - ClientFactory is initialized
2018-07-31 10:19:44[main] INFO  [com.baidu.aip.talker.command.token.TokenThreadCommand] - token fetch params:[grant_type=client_credentials, client_id=t5fTe2YN25P36FYMnBTQcUga, client_secret=6SgSI55vVqCXOHTamtYwG3yE7A9uKvGX]
2018-07-31 10:19:44[main] WARN  [org.apache.http.client.protocol.ResponseProcessCookies] - Cookie rejected [BAIDUID="3F39EDC28A295C61B052E2B2B0EA0F60:FG=1", version:0, domain:baidu.com, path:/, expiry:Fri Jan 01 07:55:55 CST 2038] Illegal 'domain' attribute "baidu.com". Domain of origin: "aip.baidubce.com"
2018-07-31 10:19:44[main] INFO  [com.baidu.aip.talker.command.token.TokenThreadCommand] - new token obtained:24.38509f409165dbdcbc696d46016fb9c7.2592000.1535595585.282335-11572625,expires in MS:2592000000
2018-07-31 10:19:44[main] INFO  [com.baidu.aip.talker.controller.ControllerImpl] - ====All components are initialized=========
2018-07-31 10:19:44[main] INFO  [com.baidu.aip.talker.controller.ControllerImpl] - Start Threads
2018-07-31 10:19:44[main] INFO  [com.baidu.aip.talker.controller.ControllerImpl] - =========Download Threads started=============
2018-07-31 10:19:44[main] INFO  [com.baidu.aip.talker.command.upload.Uploader] - waiting  download first package success
2018-07-31 10:19:44[m1-java0.3-15032-6d9ab017_downloadT-1] INFO  [com.baidu.aip.talker.command.CommandThreadPoolExecutor] - beforeExecute Thread Info:m1-java0.3-15032-6d9ab017_downloadT-1:14
2018-07-31 10:19:44[m1-java0.3-15032-6d9ab017_downloadT-1] INFO  [com.baidu.aip.talker.common.GlobalSwitch] - isDownloadThreadActive:true
2018-07-31 10:19:44[m1-java0.3-15032-6d9ab017_downloadT-1] DEBUG [com.baidu.aip.talker.command.download.DownloadThreadCommand] - read datatrue:{"logid": "319d2480-9468-11e8-8404-7cd30addb80b", "name": "heartbeat"}
2018-07-31 10:19:44[main] INFO  [com.baidu.aip.talker.command.upload.Uploader] - download first package success
2018-07-31 10:19:44[main] INFO  [com.baidu.aip.talker.controller.ControllerImpl] - =========Upload Threads started=============
2018-07-31 10:19:44[m1-java0.3-15032-6d9ab017_uploadT-1] INFO  [com.baidu.aip.talker.command.CommandThreadPoolExecutor] - beforeExecute Thread Info:m1-java0.3-15032-6d9ab017_uploadT-1:15
2018-07-31 10:19:44[m1-java0.3-15032-6d9ab017_uploadT-2] INFO  [com.baidu.aip.talker.command.CommandThreadPoolExecutor] - beforeExecute Thread Info:m1-java0.3-15032-6d9ab017_uploadT-2:16
2018-07-31 10:19:44[m1-java0.3-15032-6d9ab017_uploadT-2] INFO  [com.baidu.aip.talker.http.RequestFactory] - upload url is https://aitalker.baidubce.com/up?access_token=24.38509f409165dbdcbc696d46016fb9c7.2592000.1535595585.282335-11572625&scope=brain_bicc
2018-07-31 10:19:44[m1-java0.3-15032-6d9ab017_uploadT-1] INFO  [com.baidu.aip.talker.http.RequestFactory] - upload url is https://aitalker.baidubce.com/up?access_token=24.38509f409165dbdcbc696d46016fb9c7.2592000.1535595585.282335-11572625&scope=brain_bicc
2018-07-31 10:19:45[m1-java0.3-15032-6d9ab017_uploadT-2] DEBUG [com.baidu.aip.talker.command.upload.UploadData] - JsonStr is:{"roleId":0,"callId":"m1-ASR-15032-1-1533003584966","name":"speech_start","sendTs":1533003584967,"beforeCompressTs":0,"afterCompressTs":0,"beforeUploadTs":1533003585023,"compress":0,"sdkId":"m1-java0.3-15032-6d9ab017","connectionId":"uploadT-2","ts":1533003585023,"seqId":0,"agentDn":"123","rate":8000,"params":"","heartBeat":false,"logid":"uploadT-2-Event:speech_start[m1-ASR-15032-1-1533003584966--0-P]-0"} ; binary length: 0
2018-07-31 10:19:45[m1-java0.3-15032-6d9ab017_uploadT-2] TRACE [com.baidu.aip.talker.command.upload.UploadDataEntity] - write to upload stream:Event:speech_start[m1-ASR-15032-1-1533003584966--0-P]duration= 7 , time=1533003585030
2018-07-31 10:19:45[m1-java0.3-15032-6d9ab017_downloadT-1] DEBUG [com.baidu.aip.talker.command.download.DownloadThreadCommand] - read datatrue:{"status": 0, "callId": "m1-ASR-15032-1-1533003584966", "logid": "31c541d6-9468-11e8-8404-7cd30addb80b", "name": "speech_start_ack"}
2018-07-31 10:19:45[m1-java0.3-15032-6d9ab017_downloadT-1] DEBUG [com.baidu.aip.talker.command.download.DownloadData] - SPEECH_START_ACK recieve :m1-ASR-15032-1-1533003584966
2018-07-31 10:19:47[m1-java0.3-15032-6d9ab017_downloadT-1] DEBUG [com.baidu.aip.talker.command.download.DownloadThreadCommand] - read datatrue:{"logid": "32f85836-9468-11e8-8404-7cd30addb80b", "originLogId": "uploadT-1-Event:speech_heartbeat[m1-java0.3-15032-6d9ab017--0]-7", "name": "speech_heartbeat_ack", "sdkId": "m1-java0.3-15032-6d9ab017"}
2018-07-31 10:19:47[m1-java0.3-15032-6d9ab017_downloadT-1] DEBUG [com.baidu.aip.talker.command.download.DownloadThreadCommand] - read datatrue:{"logid": "33100b02-9468-11e8-8404-7cd30addb80b", "originLogId": "uploadT-2-Event:speech_heartbeat[m1-java0.3-15032-6d9ab017--0]-8", "name": "speech_heartbeat_ack", "sdkId": "m1-java0.3-15032-6d9ab017"}
2018-07-31 10:19:47[m1-java0.3-15032-6d9ab017_downloadT-1] DEBUG [com.baidu.aip.talker.command.download.DownloadThreadCommand] - read datatrue:{"content": {"category": "TXT", "content": "\u4e00", "callId": "m1-ASR-15032-1-1533003584966", "logId": "52293596-FB7E-4A2B-A7C7-64CDD399B249_0", "roleCategory": "AGENT", "triggerTime": 1533003589439, "extJson": {"snStartTime": "00:02.800", "completed": 1, "snStopTime": "00:02.560"}, "triggerTxt": ""}, "name": "knowledge_content", "callId": "m1-ASR-15032-1-1533003584966", "userId": 639624614, "logid": "3363e4c0-9468-11e8-adc7-6c92bf3b07d2", "appId": 11572625}
2018-07-31 10:19:48[m1-java0.3-15032-6d9ab017_downloadT-1] DEBUG [com.baidu.aip.talker.command.download.DownloadThreadCommand] - read datatrue:{"content": {"category": "TXT", "content": "\u533b\u5b66", "callId": "m1-ASR-15032-1-1533003584966", "logId": "52293596-FB7E-4A2B-A7C7-64CDD399B249_1", "roleCategory": "AGENT", "triggerTime": 1533003589601, "extJson": {"snStartTime": "00:02.800", "completed": 1, "snStopTime": "00:02.720"}, "triggerTxt": ""}, "name": "knowledge_content", "callId": "m1-ASR-15032-1-1533003584966", "userId": 639624614, "logid": "337c6a54-9468-11e8-b1a6-6c92bf3b07d2", "appId": 11572625}
2018-07-31 10:19:48[m1-java0.3-15032-6d9ab017_downloadT-1] DEBUG [com.baidu.aip.talker.command.download.DownloadThreadCommand] - read datatrue:{"content": {"category": "TXT", "content": "\u533b\u5b66\u8003", "callId": "m1-ASR-15032-1-1533003584966", "logId": "52293596-FB7E-4A2B-A7C7-64CDD399B249_2", "roleCategory": "AGENT", "triggerTime": 1533003589915, "extJson": {"snStartTime": "00:02.800", "completed": 1, "snStopTime": "00:03.400"}, "triggerTxt": ""}, "name": "knowledge_content", "callId": "m1-ASR-15032-1-1533003584966", "userId": 639624614, "logid": "33ac3e14-9468-11e8-adc7-6c92bf3b07d2", "appId": 11572625}
2018-07-31 10:19:48[m1-java0.3-15032-6d9ab017_downloadT-1] DEBUG [com.baidu.aip.talker.command.download.DownloadThreadCommand] - read datatrue:{"content": {"category": "TXT", "content": "\u533b\u5b66\u8003\u8bd5", "callId": "m1-ASR-15032-1-1533003584966", "logId": "52293596-FB7E-4A2B-A7C7-64CDD399B249_3", "roleCategory": "AGENT", "triggerTime": 1533003590077, "extJson": {"snStartTime": "00:02.800", "completed": 1, "snStopTime": "00:03.200"}, "triggerTxt": ""}, "name": "knowledge_content", "callId": "m1-ASR-15032-1-1533003584966", "userId": 639624614, "logid": "33c4f314-9468-11e8-adc7-6c92bf3b07d2", "appId": 11572625}
2018-07-31 10:19:48[m1-java0.3-15032-6d9ab017_downloadT-1] DEBUG [com.baidu.aip.talker.command.download.DownloadThreadCommand] - read datatrue:{"content": {"category": "TXT", "content": "\u533b\u5b66\u8003\u8bd5\u662f", "callId": "m1-ASR-15032-1-1533003584966", "logId": "52293596-FB7E-4A2B-A7C7-64CDD399B249_4", "roleCategory": "AGENT", "triggerTime": 1533003590403, "extJson": {"snStartTime": "00:02.800", "completed": 1, "snStopTime": "00:03.520"}, "triggerTxt": ""}, "name": "knowledge_content", "callId": "m1-ASR-15032-1-1533003584966", "userId": 639624614, "logid": "33f69d2e-9468-11e8-96f1-6c92bf3b0791", "appId": 11572625}
2018-07-31 10:19:48[m1-java0.3-15032-6d9ab017_downloadT-1] DEBUG [com.baidu.aip.talker.command.download.DownloadThreadCommand] - read datatrue:{"content": {"category": "TXT", "content": "\u533b\u5b66\u8003\u8bd5\u65f6\u95f4", "callId": "m1-ASR-15032-1-1533003584966", "logId": "52293596-FB7E-4A2B-A7C7-64CDD399B249_5", "roleCategory": "AGENT", "triggerTime": 1533003590566, "extJson": {"snStartTime": "00:02.800", "completed": 1, "snStopTime": "00:03.680"}, "triggerTxt": ""}, "name": "knowledge_content", "callId": "m1-ASR-15032-1-1533003584966", "userId": 639624614, "logid": "340f5dfa-9468-11e8-96f1-6c92bf3b0791", "appId": 11572625}
2018-07-31 10:19:49[m1-java0.3-15032-6d9ab017_downloadT-1] DEBUG [com.baidu.aip.talker.command.download.DownloadThreadCommand] - read datatrue:{"logid": "34514012-9468-11e8-8404-7cd30addb80b", "originLogId": "uploadT-1-Event:speech_heartbeat[m1-java0.3-15032-6d9ab017--0]-15", "name": "speech_heartbeat_ack", "sdkId": "m1-java0.3-15032-6d9ab017"}
2018-07-31 10:19:49[m1-java0.3-15032-6d9ab017_downloadT-1] DEBUG [com.baidu.aip.talker.command.download.DownloadThreadCommand] - read datatrue:{"content": {"category": "TXT", "content": "\u533b\u5b66\u8003\u8bd5\u65f6\u95f4\uff0c", "callId": "m1-ASR-15032-1-1533003584966", "logId": "52293596-FB7E-4A2B-A7C7-64CDD399B249_-1", "roleCategory": "AGENT", "triggerTime": 1533003591113, "extJson": {"snStartTime": "00:02.800", "completed": 3, "speed": "4.41", "snStopTime": "00:04.160"}, "triggerTxt": ""}, "name": "knowledge_content", "callId": "m1-ASR-15032-1-1533003584966", "userId": 639624614, "logid": "3463023e-9468-11e8-b1a6-6c92bf3b07d2", "appId": 11572625}
2018-07-31 10:19:49[m1-java0.3-15032-6d9ab017_downloadT-1] DEBUG [com.baidu.aip.talker.command.download.DownloadThreadCommand] - read datatrue:{"logid": "346a1394-9468-11e8-8404-7cd30addb80b", "originLogId": "uploadT-2-Event:speech_heartbeat[m1-java0.3-15032-6d9ab017--0]-16", "name": "speech_heartbeat_ack", "sdkId": "m1-java0.3-15032-6d9ab017"}
2018-07-31 10:19:49[m1-java0.3-15032-6d9ab017_downloadT-1] DEBUG [com.baidu.aip.talker.command.download.DownloadThreadCommand] - read datatrue:{"logid": "349820f4-9468-11e8-8404-7cd30addb80b", "name": "heartbeat"}
2018-07-31 10:19:51[m1-java0.3-15032-6d9ab017_uploadT-2] DEBUG [com.baidu.aip.talker.command.upload.UploadData] - JsonStr is:{"roleId":0,"callId":"m1-ASR-15032-1-1533003584966","name":"speech_end","sendTs":1533003591162,"beforeCompressTs":0,"afterCompressTs":0,"beforeUploadTs":1533003591162,"compress":0,"sdkId":"m1-java0.3-15032-6d9ab017","connectionId":"uploadT-2","ts":1533003591162,"seqId":0,"agentDn":"123","heartBeat":false,"logid":"uploadT-2-Event:speech_end[m1-ASR-15032-1-1533003584966--0-P]-21"} ; binary length: 0
2018-07-31 10:19:51[m1-java0.3-15032-6d9ab017_uploadT-2] TRACE [com.baidu.aip.talker.command.upload.UploadDataEntity] - write to upload stream:Event:speech_end[m1-ASR-15032-1-1533003584966--0-P]duration= 0 , time=1533003591162
2018-07-31 10:19:51[main] INFO  [com.baidu.aip.talker.controller.ControllerImpl] - SDK will be stopped
2018-07-31 10:19:51[m1-java0.3-15032-6d9ab017_uploadT-1] DEBUG [com.baidu.aip.talker.command.upload.UploadData] - JsonStr is:{"roleId":0,"callId":"","name":"speech_sdk_stop","sendTs":0,"beforeCompressTs":0,"afterCompressTs":0,"beforeUploadTs":1533003591163,"compress":0,"sdkId":"m1-java0.3-15032-6d9ab017","connectionId":"uploadT-1","ts":1533003591163,"seqId":0,"agentDn":"0","heartBeat":false,"logid":"uploadT-1-Event:speech_sdk_stop[m1-java0.3-15032-6d9ab017--0-P]-21"} ; binary length: 0
2018-07-31 10:19:51[m1-java0.3-15032-6d9ab017_uploadT-1] TRACE [com.baidu.aip.talker.command.upload.UploadDataEntity] - write to upload stream:Event:speech_sdk_stop[m1-java0.3-15032-6d9ab017--0-P]duration= 0 , time=1533003591163
2018-07-31 10:19:51[m1-java0.3-15032-6d9ab017_downloadT-1] INFO  [com.baidu.aip.talker.common.GlobalSwitch] - isDownloadThreadActive:false
2018-07-31 10:19:51[m1-java0.3-15032-6d9ab017_downloadT-1] INFO  [com.baidu.aip.talker.common.GlobalSwitch] - isDownloadThreadActive:false
2018-07-31 10:19:51[m1-java0.3-15032-6d9ab017_downloadT-1] INFO  [com.baidu.aip.talker.command.CommandThreadPoolExecutor] - afterExecute Command Info:downloadT-1:14
2018-07-31 10:19:54[m1-java0.3-15032-6d9ab017_uploadT-1] INFO  [com.baidu.aip.talker.command.upload.UploadDataEntity] - uploadT-1 will be stopped
2018-07-31 10:19:54[m1-java0.3-15032-6d9ab017_uploadT-1] INFO  [com.baidu.aip.talker.command.upload.UploadDataEntity] - 24 packages sent, commandId:uploadT-1
2018-07-31 10:19:54[m1-java0.3-15032-6d9ab017_uploadT-1] INFO  [com.baidu.aip.talker.command.CommandThreadPoolExecutor] - afterExecute Command Info:uploadT-1:15
2018-07-31 10:19:55[main] INFO  [com.baidu.aip.talker.controller.ControllerImpl] - schedule status:true, uploader status:true, download status:true
2018-07-31 10:19:55[m1-java0.3-15032-6d9ab017_uploadT-2] INFO  [com.baidu.aip.talker.command.upload.UploadDataEntity] - uploadT-2 will be stopped
2018-07-31 10:19:55[m1-java0.3-15032-6d9ab017_uploadT-2] INFO  [com.baidu.aip.talker.command.upload.UploadDataEntity] - 24 packages sent, commandId:uploadT-2
2018-07-31 10:19:55[m1-java0.3-15032-6d9ab017_uploadT-2] INFO  [com.baidu.aip.talker.command.CommandThreadPoolExecutor] - afterExecute Command Info:uploadT-2:16
2018-07-31 10:20:06[main] INFO  [com.baidu.aip.talker.controller.ControllerImpl] - Conf is loaded by properties
2018-07-31 10:20:06[main] INFO  [com.baidu.aip.talker.controller.ControllerImpl] - Stat is initialized
2018-07-31 10:20:06[main] INFO  [com.baidu.aip.talker.controller.ControllerImpl] - Uploader is initialized
2018-07-31 10:20:06[main] INFO  [com.baidu.aip.talker.controller.ControllerImpl] - Downloader is initialized
2018-07-31 10:20:06[main] INFO  [com.baidu.aip.talker.controller.ControllerImpl] - ClientFactory is initialized
2018-07-31 10:20:06[main] INFO  [com.baidu.aip.talker.command.token.TokenThreadCommand] - token fetch params:[grant_type=client_credentials, client_id=t5fTe2YN25P36FYMnBTQcUga, client_secret=6SgSI55vVqCXOHTamtYwG3yE7A9uKvGX]
2018-07-31 10:20:06[main] WARN  [org.apache.http.client.protocol.ResponseProcessCookies] - Cookie rejected [BAIDUID="DEC6E23269DEE24B2B302E4F4C367929:FG=1", version:0, domain:baidu.com, path:/, expiry:Fri Jan 01 07:55:55 CST 2038] Illegal 'domain' attribute "baidu.com". Domain of origin: "aip.baidubce.com"
2018-07-31 10:20:06[main] INFO  [com.baidu.aip.talker.command.token.TokenThreadCommand] - new token obtained:24.a014788961e3b9bc9df70036c6d143c4.2592000.1535595608.282335-11572625,expires in MS:2592000000
2018-07-31 10:20:06[main] INFO  [com.baidu.aip.talker.controller.ControllerImpl] - ====All components are initialized=========
2018-07-31 10:20:06[main] INFO  [com.baidu.aip.talker.controller.ControllerImpl] - Start Threads
2018-07-31 10:20:06[main] INFO  [com.baidu.aip.talker.controller.ControllerImpl] - =========Download Threads started=============
2018-07-31 10:20:06[main] INFO  [com.baidu.aip.talker.command.upload.Uploader] - waiting  download first package success
2018-07-31 10:20:06[m1-java0.3-15032-00d9f7e3_downloadT-2] INFO  [com.baidu.aip.talker.command.CommandThreadPoolExecutor] - beforeExecute Thread Info:m1-java0.3-15032-00d9f7e3_downloadT-2:23
2018-07-31 10:20:06[m1-java0.3-15032-00d9f7e3_downloadT-2] INFO  [com.baidu.aip.talker.common.GlobalSwitch] - isDownloadThreadActive:true
2018-07-31 10:20:06[m1-java0.3-15032-00d9f7e3_downloadT-2] DEBUG [com.baidu.aip.talker.command.download.DownloadThreadCommand] - read datatrue:{"logid": "3ebd6e54-9468-11e8-98a7-6c92bf3b0791", "name": "heartbeat"}
2018-07-31 10:20:06[main] INFO  [com.baidu.aip.talker.command.upload.Uploader] - download first package success
2018-07-31 10:20:06[main] INFO  [com.baidu.aip.talker.controller.ControllerImpl] - =========Upload Threads started=============
2018-07-31 10:20:06[m1-java0.3-15032-00d9f7e3_uploadT-4] INFO  [com.baidu.aip.talker.command.CommandThreadPoolExecutor] - beforeExecute Thread Info:m1-java0.3-15032-00d9f7e3_uploadT-4:25
2018-07-31 10:20:06[m1-java0.3-15032-00d9f7e3_uploadT-4] INFO  [com.baidu.aip.talker.http.RequestFactory] - upload url is https://aitalker.baidubce.com/up?access_token=24.a014788961e3b9bc9df70036c6d143c4.2592000.1535595608.282335-11572625&scope=brain_bicc
2018-07-31 10:20:06[m1-java0.3-15032-00d9f7e3_uploadT-3] INFO  [com.baidu.aip.talker.command.CommandThreadPoolExecutor] - beforeExecute Thread Info:m1-java0.3-15032-00d9f7e3_uploadT-3:24
2018-07-31 10:20:06[m1-java0.3-15032-00d9f7e3_uploadT-3] INFO  [com.baidu.aip.talker.http.RequestFactory] - upload url is https://aitalker.baidubce.com/up?access_token=24.a014788961e3b9bc9df70036c6d143c4.2592000.1535595608.282335-11572625&scope=brain_bicc
2018-07-31 10:20:07[m1-java0.3-15032-00d9f7e3_uploadT-4] DEBUG [com.baidu.aip.talker.command.upload.UploadData] - JsonStr is:{"roleId":0,"callId":"m1-ASR-15032-2-1533003606975","name":"speech_start","sendTs":1533003606975,"beforeCompressTs":0,"afterCompressTs":0,"beforeUploadTs":1533003607056,"compress":0,"sdkId":"m1-java0.3-15032-00d9f7e3","connectionId":"uploadT-4","ts":1533003607056,"seqId":0,"agentDn":"123","rate":8000,"params":"","heartBeat":false,"logid":"uploadT-4-Event:speech_start[m1-ASR-15032-2-1533003606975--0-P]-0"} ; binary length: 0
2018-07-31 10:20:07[m1-java0.3-15032-00d9f7e3_uploadT-4] TRACE [com.baidu.aip.talker.command.upload.UploadDataEntity] - write to upload stream:Event:speech_start[m1-ASR-15032-2-1533003606975--0-P]duration= 0 , time=1533003607056
2018-07-31 10:20:07[m1-java0.3-15032-00d9f7e3_downloadT-2] DEBUG [com.baidu.aip.talker.command.download.DownloadThreadCommand] - read datatrue:{"status": 0, "callId": "m1-ASR-15032-2-1533003606975", "logid": "3eed5894-9468-11e8-98a7-6c92bf3b0791", "name": "speech_start_ack"}
2018-07-31 10:20:07[m1-java0.3-15032-00d9f7e3_downloadT-2] DEBUG [com.baidu.aip.talker.command.download.DownloadData] - SPEECH_START_ACK recieve :m1-ASR-15032-2-1533003606975
2018-07-31 10:20:09[m1-java0.3-15032-00d9f7e3_downloadT-2] DEBUG [com.baidu.aip.talker.command.download.DownloadThreadCommand] - read datatrue:{"logid": "4011b616-9468-11e8-98a7-6c92bf3b0791", "originLogId": "uploadT-4-Event:speech_heartbeat[m1-java0.3-15032-00d9f7e3--0]-8", "name": "speech_heartbeat_ack", "sdkId": "m1-java0.3-15032-00d9f7e3"}
2018-07-31 10:20:09[m1-java0.3-15032-00d9f7e3_downloadT-2] DEBUG [com.baidu.aip.talker.command.download.DownloadThreadCommand] - read datatrue:{"logid": "402c265e-9468-11e8-98a7-6c92bf3b0791", "originLogId": "uploadT-3-Event:speech_heartbeat[m1-java0.3-15032-00d9f7e3--0]-7", "name": "speech_heartbeat_ack", "sdkId": "m1-java0.3-15032-00d9f7e3"}
2018-07-31 10:20:09[m1-java0.3-15032-00d9f7e3_downloadT-2] DEBUG [com.baidu.aip.talker.command.download.DownloadThreadCommand] - read datatrue:{"content": {"category": "TXT", "content": "\u4e00", "callId": "m1-ASR-15032-2-1533003606975", "logId": "F1C23EF0-2B95-4610-BF0B-419D9585409F_0", "roleCategory": "AGENT", "triggerTime": 1533003611278, "extJson": {"snStartTime": "00:01.919", "completed": 1, "snStopTime": "00:02.240"}, "triggerTxt": ""}, "name": "knowledge_content", "callId": "m1-ASR-15032-2-1533003606975", "userId": 639624614, "logid": "4067ec2a-9468-11e8-9ac9-7cd30addb80b", "appId": 11572625}
2018-07-31 10:20:10[m1-java0.3-15032-00d9f7e3_downloadT-2] DEBUG [com.baidu.aip.talker.command.download.DownloadThreadCommand] - read datatrue:{"content": {"category": "TXT", "content": "\u533b\u5b66", "callId": "m1-ASR-15032-2-1533003606975", "logId": "F1C23EF0-2B95-4610-BF0B-419D9585409F_1", "roleCategory": "AGENT", "triggerTime": 1533003611608, "extJson": {"snStartTime": "00:01.919", "completed": 1, "snStopTime": "00:02.560"}, "triggerTxt": ""}, "name": "knowledge_content", "callId": "m1-ASR-15032-2-1533003606975", "userId": 639624614, "logid": "409a2a14-9468-11e8-adc7-6c92bf3b07d2", "appId": 11572625}
2018-07-31 10:20:10[m1-java0.3-15032-00d9f7e3_downloadT-2] DEBUG [com.baidu.aip.talker.command.download.DownloadThreadCommand] - read datatrue:{"content": {"category": "TXT", "content": "\u533b\u5b66\u8003", "callId": "m1-ASR-15032-2-1533003606975", "logId": "F1C23EF0-2B95-4610-BF0B-419D9585409F_2", "roleCategory": "AGENT", "triggerTime": 1533003611921, "extJson": {"snStartTime": "00:01.919", "completed": 1, "snStopTime": "00:02.879"}, "triggerTxt": ""}, "name": "knowledge_content", "callId": "m1-ASR-15032-2-1533003606975", "userId": 639624614, "logid": "40c9cfb2-9468-11e8-9ac9-7cd30addb80b", "appId": 11572625}
2018-07-31 10:20:10[m1-java0.3-15032-00d9f7e3_downloadT-2] DEBUG [com.baidu.aip.talker.command.download.DownloadThreadCommand] - read datatrue:{"content": {"category": "TXT", "content": "\u533b\u5b66\u8003\u8bd5", "callId": "m1-ASR-15032-2-1533003606975", "logId": "F1C23EF0-2B95-4610-BF0B-419D9585409F_3", "roleCategory": "AGENT", "triggerTime": 1533003612081, "extJson": {"snStartTime": "00:01.919", "completed": 1, "snStopTime": "00:03.400"}, "triggerTxt": ""}, "name": "knowledge_content", "callId": "m1-ASR-15032-2-1533003606975", "userId": 639624614, "logid": "40e20a5a-9468-11e8-9ac9-7cd30addb80b", "appId": 11572625}
2018-07-31 10:20:10[m1-java0.3-15032-00d9f7e3_downloadT-2] DEBUG [com.baidu.aip.talker.command.download.DownloadThreadCommand] - read datatrue:{"content": {"category": "TXT", "content": "\u533b\u5b66\u8003\u8bd5\u662f", "callId": "m1-ASR-15032-2-1533003606975", "logId": "F1C23EF0-2B95-4610-BF0B-419D9585409F_4", "roleCategory": "AGENT", "triggerTime": 1533003612411, "extJson": {"snStartTime": "00:01.919", "completed": 1, "snStopTime": "00:03.359"}, "triggerTxt": ""}, "name": "knowledge_content", "callId": "m1-ASR-15032-2-1533003606975", "userId": 639624614, "logid": "41146c66-9468-11e8-96f1-6c92bf3b0791", "appId": 11572625}
2018-07-31 10:20:10[m1-java0.3-15032-00d9f7e3_downloadT-2] DEBUG [com.baidu.aip.talker.command.download.DownloadThreadCommand] - read datatrue:{"content": {"category": "TXT", "content": "\u533b\u5b66\u8003\u8bd5\u65f6\u95f4", "callId": "m1-ASR-15032-2-1533003606975", "logId": "F1C23EF0-2B95-4610-BF0B-419D9585409F_5", "roleCategory": "AGENT", "triggerTime": 1533003612595, "extJson": {"snStartTime": "00:01.919", "completed": 1, "snStopTime": "00:03.520"}, "triggerTxt": ""}, "name": "knowledge_content", "callId": "m1-ASR-15032-2-1533003606975", "userId": 639624614, "logid": "4130c9f6-9468-11e8-b1a6-6c92bf3b07d2", "appId": 11572625}
2018-07-31 10:20:11[m1-java0.3-15032-00d9f7e3_downloadT-2] DEBUG [com.baidu.aip.talker.command.download.DownloadThreadCommand] - read datatrue:{"logid": "416f2c46-9468-11e8-98a7-6c92bf3b0791", "originLogId": "uploadT-4-Event:speech_heartbeat[m1-java0.3-15032-00d9f7e3--0]-16", "name": "speech_heartbeat_ack", "sdkId": "m1-java0.3-15032-00d9f7e3"}
2018-07-31 10:20:11[m1-java0.3-15032-00d9f7e3_downloadT-2] DEBUG [com.baidu.aip.talker.command.download.DownloadThreadCommand] - read datatrue:{"content": {"category": "TXT", "content": "\u533b\u5b66\u8003\u8bd5\u65f6\u95f4\uff0c", "callId": "m1-ASR-15032-2-1533003606975", "logId": "F1C23EF0-2B95-4610-BF0B-419D9585409F_-1", "roleCategory": "AGENT", "triggerTime": 1533003613102, "extJson": {"snStartTime": "00:01.919", "completed": 3, "speed": "2.88", "snStopTime": "00:04.00"}, "triggerTxt": ""}, "name": "knowledge_content", "callId": "m1-ASR-15032-2-1533003606975", "userId": 639624614, "logid": "417dea60-9468-11e8-9ac9-7cd30addb80b", "appId": 11572625}
2018-07-31 10:20:11[m1-java0.3-15032-00d9f7e3_downloadT-2] DEBUG [com.baidu.aip.talker.command.download.DownloadThreadCommand] - read datatrue:{"logid": "41874a56-9468-11e8-98a7-6c92bf3b0791", "originLogId": "uploadT-3-Event:speech_heartbeat[m1-java0.3-15032-00d9f7e3--0]-15", "name": "speech_heartbeat_ack", "sdkId": "m1-java0.3-15032-00d9f7e3"}
2018-07-31 10:20:11[m1-java0.3-15032-00d9f7e3_downloadT-2] DEBUG [com.baidu.aip.talker.command.download.DownloadThreadCommand] - read datatrue:{"logid": "41b87c7a-9468-11e8-98a7-6c92bf3b0791", "name": "heartbeat"}
2018-07-31 10:20:13[main] INFO  [com.baidu.aip.talker.controller.ControllerImpl] - SDK will be stopped
2018-07-31 10:20:13[m1-java0.3-15032-00d9f7e3_uploadT-3] DEBUG [com.baidu.aip.talker.command.upload.UploadData] - JsonStr is:{"roleId":0,"callId":"m1-ASR-15032-2-1533003606975","name":"speech_end","sendTs":1533003613170,"beforeCompressTs":0,"afterCompressTs":0,"beforeUploadTs":1533003613170,"compress":0,"sdkId":"m1-java0.3-15032-00d9f7e3","connectionId":"uploadT-3","ts":1533003613170,"seqId":0,"agentDn":"123","heartBeat":false,"logid":"uploadT-3-Event:speech_end[m1-ASR-15032-2-1533003606975--0-P]-20"} ; binary length: 0
2018-07-31 10:20:13[m1-java0.3-15032-00d9f7e3_uploadT-4] DEBUG [com.baidu.aip.talker.command.upload.UploadData] - JsonStr is:{"roleId":0,"callId":"","name":"speech_sdk_stop","sendTs":0,"beforeCompressTs":0,"afterCompressTs":0,"beforeUploadTs":1533003613170,"compress":0,"sdkId":"m1-java0.3-15032-00d9f7e3","connectionId":"uploadT-4","ts":1533003613170,"seqId":0,"agentDn":"0","heartBeat":false,"logid":"uploadT-4-Event:speech_sdk_stop[m1-java0.3-15032-00d9f7e3--0-P]-22"} ; binary length: 0
2018-07-31 10:20:13[m1-java0.3-15032-00d9f7e3_uploadT-3] TRACE [com.baidu.aip.talker.command.upload.UploadDataEntity] - write to upload stream:Event:speech_end[m1-ASR-15032-2-1533003606975--0-P]duration= 0 , time=1533003613170
2018-07-31 10:20:13[m1-java0.3-15032-00d9f7e3_uploadT-4] TRACE [com.baidu.aip.talker.command.upload.UploadDataEntity] - write to upload stream:Event:speech_sdk_stop[m1-java0.3-15032-00d9f7e3--0-P]duration= 0 , time=1533003613170
2018-07-31 10:20:13[m1-java0.3-15032-00d9f7e3_downloadT-2] INFO  [com.baidu.aip.talker.common.GlobalSwitch] - isDownloadThreadActive:false
2018-07-31 10:20:13[m1-java0.3-15032-00d9f7e3_downloadT-2] INFO  [com.baidu.aip.talker.common.GlobalSwitch] - isDownloadThreadActive:false
2018-07-31 10:20:13[m1-java0.3-15032-00d9f7e3_downloadT-2] INFO  [com.baidu.aip.talker.command.CommandThreadPoolExecutor] - afterExecute Command Info:downloadT-2:23
2018-07-31 10:20:16[m1-java0.3-15032-00d9f7e3_uploadT-4] INFO  [com.baidu.aip.talker.command.upload.UploadDataEntity] - uploadT-4 will be stopped
2018-07-31 10:20:16[m1-java0.3-15032-00d9f7e3_uploadT-4] INFO  [com.baidu.aip.talker.command.upload.UploadDataEntity] - 25 packages sent, commandId:uploadT-4
2018-07-31 10:20:16[m1-java0.3-15032-00d9f7e3_uploadT-3] INFO  [com.baidu.aip.talker.command.upload.UploadDataEntity] - uploadT-3 will be stopped
2018-07-31 10:20:16[m1-java0.3-15032-00d9f7e3_uploadT-3] INFO  [com.baidu.aip.talker.command.upload.UploadDataEntity] - 23 packages sent, commandId:uploadT-3
2018-07-31 10:20:16[m1-java0.3-15032-00d9f7e3_uploadT-4] INFO  [com.baidu.aip.talker.command.CommandThreadPoolExecutor] - afterExecute Command Info:uploadT-4:25
2018-07-31 10:20:16[m1-java0.3-15032-00d9f7e3_uploadT-3] INFO  [com.baidu.aip.talker.command.CommandThreadPoolExecutor] - afterExecute Command Info:uploadT-3:24
2018-07-31 10:20:17[main] INFO  [com.baidu.aip.talker.controller.ControllerImpl] - schedule status:true, uploader status:true, download status:true
2018-07-31 10:49:30[main] INFO  [com.baidu.aip.talker.controller.ControllerImpl] - Conf is loaded by properties
2018-07-31 10:49:31[main] INFO  [com.baidu.aip.talker.controller.ControllerImpl] - Stat is initialized
2018-07-31 10:49:31[main] INFO  [com.baidu.aip.talker.controller.ControllerImpl] - Uploader is initialized
2018-07-31 10:49:31[main] INFO  [com.baidu.aip.talker.controller.ControllerImpl] - Downloader is initialized
2018-07-31 10:49:31[main] INFO  [com.baidu.aip.talker.controller.ControllerImpl] - ClientFactory is initialized
2018-07-31 10:49:31[main] INFO  [com.baidu.aip.talker.command.token.TokenThreadCommand] - token fetch params:[grant_type=client_credentials, client_id=t5fTe2YN25P36FYMnBTQcUga, client_secret=6SgSI55vVqCXOHTamtYwG3yE7A9uKvGX]
2018-07-31 10:49:31[main] WARN  [org.apache.http.client.protocol.ResponseProcessCookies] - Cookie rejected [BAIDUID="8183A4C1029873DFE965BA3CDBB87DFF:FG=1", version:0, domain:baidu.com, path:/, expiry:Fri Jan 01 07:55:55 CST 2038] Illegal 'domain' attribute "baidu.com". Domain of origin: "aip.baidubce.com"
2018-07-31 10:49:31[main] INFO  [com.baidu.aip.talker.command.token.TokenThreadCommand] - new token obtained:24.0a99c7e558f3b126f88d92a6d83ae9ec.2592000.1535597373.282335-11572625,expires in MS:2592000000
2018-07-31 10:49:31[main] INFO  [com.baidu.aip.talker.controller.ControllerImpl] - ====All components are initialized=========
2018-07-31 10:49:31[main] INFO  [com.baidu.aip.talker.controller.ControllerImpl] - Start Threads
2018-07-31 10:49:31[main] INFO  [com.baidu.aip.talker.controller.ControllerImpl] - =========Download Threads started=============
2018-07-31 10:49:31[main] INFO  [com.baidu.aip.talker.command.upload.Uploader] - waiting  download first package success
2018-07-31 10:49:31[m1-java0.3-3888-6f1dc7e8_downloadT-1] INFO  [com.baidu.aip.talker.command.CommandThreadPoolExecutor] - beforeExecute Thread Info:m1-java0.3-3888-6f1dc7e8_downloadT-1:13
2018-07-31 10:49:32[m1-java0.3-3888-6f1dc7e8_downloadT-1] INFO  [com.baidu.aip.talker.common.GlobalSwitch] - isDownloadThreadActive:true
2018-07-31 10:49:32[m1-java0.3-3888-6f1dc7e8_downloadT-1] DEBUG [com.baidu.aip.talker.command.download.DownloadThreadCommand] - read datatrue:{"logid": "5ada404a-946c-11e8-8404-7cd30addb80b", "name": "heartbeat"}
2018-07-31 10:49:32[main] INFO  [com.baidu.aip.talker.command.upload.Uploader] - download first package success
2018-07-31 10:49:32[m1-java0.3-3888-6f1dc7e8_uploadT-1] INFO  [com.baidu.aip.talker.command.CommandThreadPoolExecutor] - beforeExecute Thread Info:m1-java0.3-3888-6f1dc7e8_uploadT-1:14
2018-07-31 10:49:32[m1-java0.3-3888-6f1dc7e8_uploadT-2] INFO  [com.baidu.aip.talker.command.CommandThreadPoolExecutor] - beforeExecute Thread Info:m1-java0.3-3888-6f1dc7e8_uploadT-2:15
2018-07-31 10:49:32[m1-java0.3-3888-6f1dc7e8_uploadT-1] INFO  [com.baidu.aip.talker.http.RequestFactory] - upload url is https://aitalker.baidubce.com/up?access_token=24.0a99c7e558f3b126f88d92a6d83ae9ec.2592000.1535597373.282335-11572625&scope=brain_bicc
2018-07-31 10:49:32[main] INFO  [com.baidu.aip.talker.controller.ControllerImpl] - =========Upload Threads started=============
2018-07-31 10:49:32[m1-java0.3-3888-6f1dc7e8_uploadT-2] INFO  [com.baidu.aip.talker.http.RequestFactory] - upload url is https://aitalker.baidubce.com/up?access_token=24.0a99c7e558f3b126f88d92a6d83ae9ec.2592000.1535597373.282335-11572625&scope=brain_bicc
2018-07-31 10:49:32[m1-java0.3-3888-6f1dc7e8_uploadT-2] DEBUG [com.baidu.aip.talker.command.upload.UploadData] - JsonStr is:{"roleId":0,"callId":"m1-ASR-3888-1-1533005372136","name":"speech_start","sendTs":1533005372136,"beforeCompressTs":0,"afterCompressTs":0,"beforeUploadTs":1533005372190,"compress":0,"sdkId":"m1-java0.3-3888-6f1dc7e8","connectionId":"uploadT-2","ts":1533005372194,"seqId":0,"agentDn":"123","rate":8000,"params":"","heartBeat":false,"logid":"uploadT-2-Event:speech_start[m1-ASR-3888-1-1533005372136--0-P]-0"} ; binary length: 0
2018-07-31 10:49:32[m1-java0.3-3888-6f1dc7e8_uploadT-2] TRACE [com.baidu.aip.talker.command.upload.UploadDataEntity] - write to upload stream:Event:speech_start[m1-ASR-3888-1-1533005372136--0-P]duration= 23 , time=1533005372217
2018-07-31 10:49:32[m1-java0.3-3888-6f1dc7e8_downloadT-1] DEBUG [com.baidu.aip.talker.command.download.DownloadThreadCommand] - read datatrue:{"status": 0, "callId": "m1-ASR-3888-1-1533005372136", "logid": "5b056784-946c-11e8-8404-7cd30addb80b", "name": "speech_start_ack"}
2018-07-31 10:49:32[m1-java0.3-3888-6f1dc7e8_downloadT-1] DEBUG [com.baidu.aip.talker.command.download.DownloadData] - SPEECH_START_ACK recieve :m1-ASR-3888-1-1533005372136
2018-07-31 10:49:34[m1-java0.3-3888-6f1dc7e8_downloadT-1] DEBUG [com.baidu.aip.talker.command.download.DownloadThreadCommand] - read datatrue:{"logid": "5c2ca38e-946c-11e8-8404-7cd30addb80b", "originLogId": "uploadT-1-Event:speech_heartbeat[m1-java0.3-3888-6f1dc7e8--0]-7", "name": "speech_heartbeat_ack", "sdkId": "m1-java0.3-3888-6f1dc7e8"}
2018-07-31 10:49:34[m1-java0.3-3888-6f1dc7e8_downloadT-1] DEBUG [com.baidu.aip.talker.command.download.DownloadThreadCommand] - read datatrue:{"logid": "5c464208-946c-11e8-8404-7cd30addb80b", "originLogId": "uploadT-2-Event:speech_heartbeat[m1-java0.3-3888-6f1dc7e8--0]-8", "name": "speech_heartbeat_ack", "sdkId": "m1-java0.3-3888-6f1dc7e8"}
2018-07-31 10:49:34[m1-java0.3-3888-6f1dc7e8_downloadT-1] DEBUG [com.baidu.aip.talker.command.download.DownloadThreadCommand] - read datatrue:{"content": {"category": "TXT", "content": "\u4e00", "callId": "m1-ASR-3888-1-1533005372136", "logId": "6A120DDB-1AF8-49D9-897B-17EA8F97D6F3_0", "roleCategory": "AGENT", "triggerTime": 1533005376401, "extJson": {"snStartTime": "00:02.800", "completed": 1, "snStopTime": "00:02.399"}, "triggerTxt": ""}, "name": "knowledge_content", "callId": "m1-ASR-3888-1-1533005372136", "userId": 639624614, "logid": "5c80a330-946c-11e8-adc7-6c92bf3b07d2", "appId": 11572625}
2018-07-31 10:49:35[m1-java0.3-3888-6f1dc7e8_downloadT-1] DEBUG [com.baidu.aip.talker.command.download.DownloadThreadCommand] - read datatrue:{"content": {"category": "TXT", "content": "\u533b\u5b66", "callId": "m1-ASR-3888-1-1533005372136", "logId": "6A120DDB-1AF8-49D9-897B-17EA8F97D6F3_1", "roleCategory": "AGENT", "triggerTime": 1533005376723, "extJson": {"snStartTime": "00:02.800", "completed": 1, "snStopTime": "00:02.720"}, "triggerTxt": ""}, "name": "knowledge_content", "callId": "m1-ASR-3888-1-1533005372136", "userId": 639624614, "logid": "5cb1429c-946c-11e8-adc7-6c92bf3b07d2", "appId": 11572625}
2018-07-31 10:49:35[m1-java0.3-3888-6f1dc7e8_downloadT-1] DEBUG [com.baidu.aip.talker.command.download.DownloadThreadCommand] - read datatrue:{"content": {"category": "TXT", "content": "\u533b\u5b66\u8003", "callId": "m1-ASR-3888-1-1533005372136", "logId": "6A120DDB-1AF8-49D9-897B-17EA8F97D6F3_2", "roleCategory": "AGENT", "triggerTime": 1533005377036, "extJson": {"snStartTime": "00:02.800", "completed": 1, "snStopTime": "00:03.400"}, "triggerTxt": ""}, "name": "knowledge_content", "callId": "m1-ASR-3888-1-1533005372136", "userId": 639624614, "logid": "5ce1127e-946c-11e8-adc7-6c92bf3b07d2", "appId": 11572625}
2018-07-31 10:49:35[m1-java0.3-3888-6f1dc7e8_downloadT-1] DEBUG [com.baidu.aip.talker.command.download.DownloadThreadCommand] - read datatrue:{"content": {"category": "TXT", "content": "\u533b\u5b66\u8003\u8bd5", "callId": "m1-ASR-3888-1-1533005372136", "logId": "6A120DDB-1AF8-49D9-897B-17EA8F97D6F3_3", "roleCategory": "AGENT", "triggerTime": 1533005377193, "extJson": {"snStartTime": "00:02.800", "completed": 1, "snStopTime": "00:03.200"}, "triggerTxt": ""}, "name": "knowledge_content", "callId": "m1-ASR-3888-1-1533005372136", "userId": 639624614, "logid": "5cf8c338-946c-11e8-96f1-6c92bf3b0791", "appId": 11572625}
2018-07-31 10:49:35[m1-java0.3-3888-6f1dc7e8_downloadT-1] DEBUG [com.baidu.aip.talker.command.download.DownloadThreadCommand] - read datatrue:{"content": {"category": "TXT", "content": "\u533b\u5b66\u8003\u8bd5\u662f", "callId": "m1-ASR-3888-1-1533005372136", "logId": "6A120DDB-1AF8-49D9-897B-17EA8F97D6F3_4", "roleCategory": "AGENT", "triggerTime": 1533005377520, "extJson": {"snStartTime": "00:02.800", "completed": 1, "snStopTime": "00:03.520"}, "triggerTxt": ""}, "name": "knowledge_content", "callId": "m1-ASR-3888-1-1533005372136", "userId": 639624614, "logid": "5d2ac82e-946c-11e8-94fd-6c92bf3b0791", "appId": 11572625}
2018-07-31 10:49:36[m1-java0.3-3888-6f1dc7e8_downloadT-1] DEBUG [com.baidu.aip.talker.command.download.DownloadThreadCommand] - read datatrue:{"content": {"category": "TXT", "content": "\u533b\u5b66\u8003\u8bd5\u65f6\u95f4", "callId": "m1-ASR-3888-1-1533005372136", "logId": "6A120DDB-1AF8-49D9-897B-17EA8F97D6F3_5", "roleCategory": "AGENT", "triggerTime": 1533005377684, "extJson": {"snStartTime": "00:02.800", "completed": 1, "snStopTime": "00:03.680"}, "triggerTxt": ""}, "name": "knowledge_content", "callId": "m1-ASR-3888-1-1533005372136", "userId": 639624614, "logid": "5d440d34-946c-11e8-adc7-6c92bf3b07d2", "appId": 11572625}
2018-07-31 10:49:36[m1-java0.3-3888-6f1dc7e8_downloadT-1] DEBUG [com.baidu.aip.talker.command.download.DownloadThreadCommand] - read datatrue:{"logid": "5d827394-946c-11e8-8404-7cd30addb80b", "originLogId": "uploadT-1-Event:speech_heartbeat[m1-java0.3-3888-6f1dc7e8--0]-15", "name": "speech_heartbeat_ack", "sdkId": "m1-java0.3-3888-6f1dc7e8"}
2018-07-31 10:49:36[m1-java0.3-3888-6f1dc7e8_downloadT-1] DEBUG [com.baidu.aip.talker.command.download.DownloadThreadCommand] - read datatrue:{"content": {"category": "TXT", "content": "\u533b\u5b66\u8003\u8bd5\u65f6\u95f4\uff0c", "callId": "m1-ASR-3888-1-1533005372136", "logId": "6A120DDB-1AF8-49D9-897B-17EA8F97D6F3_-1", "roleCategory": "AGENT", "triggerTime": 1533005378190, "extJson": {"snStartTime": "00:02.800", "completed": 3, "speed": "4.41", "snStopTime": "00:04.160"}, "triggerTxt": ""}, "name": "knowledge_content", "callId": "m1-ASR-3888-1-1533005372136", "userId": 639624614, "logid": "5d910152-946c-11e8-afce-7cd30addb80b", "appId": 11572625}
2018-07-31 10:49:36[m1-java0.3-3888-6f1dc7e8_downloadT-1] DEBUG [com.baidu.aip.talker.command.download.DownloadThreadCommand] - read datatrue:{"logid": "5d9b067a-946c-11e8-8404-7cd30addb80b", "originLogId": "uploadT-2-Event:speech_heartbeat[m1-java0.3-3888-6f1dc7e8--0]-16", "name": "speech_heartbeat_ack", "sdkId": "m1-java0.3-3888-6f1dc7e8"}
2018-07-31 10:49:37[m1-java0.3-3888-6f1dc7e8_downloadT-1] DEBUG [com.baidu.aip.talker.command.download.DownloadThreadCommand] - read datatrue:{"logid": "5dd53bd8-946c-11e8-8404-7cd30addb80b", "name": "heartbeat"}
2018-07-31 10:49:38[main] INFO  [com.baidu.aip.talker.controller.ControllerImpl] - SDK will be stopped
2018-07-31 10:49:38[m1-java0.3-3888-6f1dc7e8_uploadT-2] DEBUG [com.baidu.aip.talker.command.upload.UploadData] - JsonStr is:{"roleId":0,"callId":"m1-ASR-3888-1-1533005372136","name":"speech_end","sendTs":1533005378218,"beforeCompressTs":0,"afterCompressTs":0,"beforeUploadTs":1533005378218,"compress":0,"sdkId":"m1-java0.3-3888-6f1dc7e8","connectionId":"uploadT-2","ts":1533005378218,"seqId":0,"agentDn":"123","heartBeat":false,"logid":"uploadT-2-Event:speech_end[m1-ASR-3888-1-1533005372136--0-P]-21"} ; binary length: 0
2018-07-31 10:49:38[m1-java0.3-3888-6f1dc7e8_uploadT-1] DEBUG [com.baidu.aip.talker.command.upload.UploadData] - JsonStr is:{"roleId":0,"callId":"","name":"speech_sdk_stop","sendTs":0,"beforeCompressTs":0,"afterCompressTs":0,"beforeUploadTs":1533005378218,"compress":0,"sdkId":"m1-java0.3-3888-6f1dc7e8","connectionId":"uploadT-1","ts":1533005378218,"seqId":0,"agentDn":"0","heartBeat":false,"logid":"uploadT-1-Event:speech_sdk_stop[m1-java0.3-3888-6f1dc7e8--0-P]-21"} ; binary length: 0
2018-07-31 10:49:38[m1-java0.3-3888-6f1dc7e8_uploadT-2] TRACE [com.baidu.aip.talker.command.upload.UploadDataEntity] - write to upload stream:Event:speech_end[m1-ASR-3888-1-1533005372136--0-P]duration= 0 , time=1533005378218
2018-07-31 10:49:38[m1-java0.3-3888-6f1dc7e8_uploadT-1] TRACE [com.baidu.aip.talker.command.upload.UploadDataEntity] - write to upload stream:Event:speech_sdk_stop[m1-java0.3-3888-6f1dc7e8--0-P]duration= 1 , time=1533005378219
2018-07-31 10:49:38[m1-java0.3-3888-6f1dc7e8_downloadT-1] INFO  [com.baidu.aip.talker.common.GlobalSwitch] - isDownloadThreadActive:false
2018-07-31 10:49:38[m1-java0.3-3888-6f1dc7e8_downloadT-1] INFO  [com.baidu.aip.talker.common.GlobalSwitch] - isDownloadThreadActive:false
2018-07-31 10:49:38[m1-java0.3-3888-6f1dc7e8_downloadT-1] INFO  [com.baidu.aip.talker.command.CommandThreadPoolExecutor] - afterExecute Command Info:downloadT-1:13
2018-07-31 10:49:41[m1-java0.3-3888-6f1dc7e8_uploadT-2] INFO  [com.baidu.aip.talker.command.upload.UploadDataEntity] - uploadT-2 will be stopped
2018-07-31 10:49:41[m1-java0.3-3888-6f1dc7e8_uploadT-2] INFO  [com.baidu.aip.talker.command.upload.UploadDataEntity] - 24 packages sent, commandId:uploadT-2
2018-07-31 10:49:41[m1-java0.3-3888-6f1dc7e8_uploadT-1] INFO  [com.baidu.aip.talker.command.upload.UploadDataEntity] - uploadT-1 will be stopped
2018-07-31 10:49:41[m1-java0.3-3888-6f1dc7e8_uploadT-1] INFO  [com.baidu.aip.talker.command.upload.UploadDataEntity] - 24 packages sent, commandId:uploadT-1
2018-07-31 10:49:41[m1-java0.3-3888-6f1dc7e8_uploadT-2] INFO  [com.baidu.aip.talker.command.CommandThreadPoolExecutor] - afterExecute Command Info:uploadT-2:15
2018-07-31 10:49:41[m1-java0.3-3888-6f1dc7e8_uploadT-1] INFO  [com.baidu.aip.talker.command.CommandThreadPoolExecutor] - afterExecute Command Info:uploadT-1:14
2018-07-31 10:49:42[main] INFO  [com.baidu.aip.talker.controller.ControllerImpl] - schedule status:true, uploader status:true, download status:true
