2018-07-31 12:03:34[main] INFO  [com.baidu.aip.talker.controller.ControllerImpl] - Conf is loaded by properties
2018-07-31 12:03:34[main] INFO  [com.baidu.aip.talker.controller.ControllerImpl] - Stat is initialized
2018-07-31 12:03:34[main] INFO  [com.baidu.aip.talker.controller.ControllerImpl] - Uploader is initialized
2018-07-31 12:03:34[main] INFO  [com.baidu.aip.talker.controller.ControllerImpl] - Downloader is initialized
2018-07-31 12:03:34[main] INFO  [com.baidu.aip.talker.controller.ControllerImpl] - ClientFactory is initialized
2018-07-31 12:03:34[main] INFO  [com.baidu.aip.talker.command.token.TokenThreadCommand] - token fetch params:[grant_type=client_credentials, client_id=t5fTe2YN25P36FYMnBTQcUga, client_secret=6SgSI55vVqCXOHTamtYwG3yE7A9uKvGX]
2018-07-31 12:03:34[main] WARN  [org.apache.http.client.protocol.ResponseProcessCookies] - Cookie rejected [BAIDUID="C9BA1A0D205EC235DA7B8E81FB48A996:FG=1", version:0, domain:baidu.com, path:/, expiry:Fri Jan 01 07:55:55 CST 2038] Illegal 'domain' attribute "baidu.com". Domain of origin: "aip.baidubce.com"
2018-07-31 12:03:34[main] INFO  [com.baidu.aip.talker.command.token.TokenThreadCommand] - new token obtained:24.d5056bf84c3bb8fb91a259de726cd7cf.2592000.1535601816.282335-11572625,expires in MS:2592000000
2018-07-31 12:03:34[main] INFO  [com.baidu.aip.talker.controller.ControllerImpl] - ====All components are initialized=========
2018-07-31 12:03:34[main] INFO  [com.baidu.aip.talker.controller.ControllerImpl] - Start Threads
2018-07-31 12:03:34[main] INFO  [com.baidu.aip.talker.controller.ControllerImpl] - =========Download Threads started=============
2018-07-31 12:03:34[main] INFO  [com.baidu.aip.talker.command.upload.Uploader] - waiting  download first package success
2018-07-31 12:03:34[m1-java0.3-3888-63917e13_downloadT-2] INFO  [com.baidu.aip.talker.command.CommandThreadPoolExecutor] - beforeExecute Thread Info:m1-java0.3-3888-63917e13_downloadT-2:22
2018-07-31 12:03:34[m1-java0.3-3888-63917e13_downloadT-2] INFO  [com.baidu.aip.talker.common.GlobalSwitch] - isDownloadThreadActive:true
2018-07-31 12:03:34[m1-java0.3-3888-63917e13_downloadT-2] DEBUG [com.baidu.aip.talker.command.download.DownloadThreadCommand] - read datatrue:{"logid": "b30f28ac-9476-11e8-9d79-6c92bf3b07d2", "name": "heartbeat"}
2018-07-31 12:03:35[main] INFO  [com.baidu.aip.talker.command.upload.Uploader] - download first package success
2018-07-31 12:03:35[main] INFO  [com.baidu.aip.talker.controller.ControllerImpl] - =========Upload Threads started=============
2018-07-31 12:03:35[m1-java0.3-3888-63917e13_uploadT-3] INFO  [com.baidu.aip.talker.command.CommandThreadPoolExecutor] - beforeExecute Thread Info:m1-java0.3-3888-63917e13_uploadT-3:23
2018-07-31 12:03:35[m1-java0.3-3888-63917e13_uploadT-4] INFO  [com.baidu.aip.talker.command.CommandThreadPoolExecutor] - beforeExecute Thread Info:m1-java0.3-3888-63917e13_uploadT-4:24
2018-07-31 12:03:35[m1-java0.3-3888-63917e13_uploadT-4] INFO  [com.baidu.aip.talker.http.RequestFactory] - upload url is https://aitalker.baidubce.com/up?access_token=24.d5056bf84c3bb8fb91a259de726cd7cf.2592000.1535601816.282335-11572625&scope=brain_bicc
2018-07-31 12:03:35[m1-java0.3-3888-63917e13_uploadT-3] INFO  [com.baidu.aip.talker.http.RequestFactory] - upload url is https://aitalker.baidubce.com/up?access_token=24.d5056bf84c3bb8fb91a259de726cd7cf.2592000.1535601816.282335-11572625&scope=brain_bicc
2018-07-31 12:03:35[m1-java0.3-3888-63917e13_uploadT-4] DEBUG [com.baidu.aip.talker.command.upload.UploadData] - JsonStr is:{"roleId":0,"callId":"m1-ASR-3888-2-1533009815068","name":"speech_start","sendTs":1533009815068,"beforeCompressTs":0,"afterCompressTs":0,"beforeUploadTs":1533009815121,"compress":0,"sdkId":"m1-java0.3-3888-63917e13","connectionId":"uploadT-4","ts":1533009815121,"seqId":0,"agentDn":"123","rate":8000,"params":"","heartBeat":false,"logid":"uploadT-4-Event:speech_start[m1-ASR-3888-2-1533009815068--0-P]-0"} ; binary length: 0
2018-07-31 12:03:35[m1-java0.3-3888-63917e13_uploadT-4] TRACE [com.baidu.aip.talker.command.upload.UploadDataEntity] - write to upload stream:Event:speech_start[m1-ASR-3888-2-1533009815068--0-P]duration= 1 , time=1533009815122
2018-07-31 12:03:35[m1-java0.3-3888-63917e13_downloadT-2] DEBUG [com.baidu.aip.talker.command.download.DownloadThreadCommand] - read datatrue:{"status": 0, "callId": "m1-ASR-3888-2-1533009815068", "logid": "b336a8c8-9476-11e8-9d79-6c92bf3b07d2", "name": "speech_start_ack"}
2018-07-31 12:03:35[m1-java0.3-3888-63917e13_downloadT-2] DEBUG [com.baidu.aip.talker.command.download.DownloadData] - SPEECH_START_ACK recieve :m1-ASR-3888-2-1533009815068
2018-07-31 12:03:37[m1-java0.3-3888-63917e13_downloadT-2] DEBUG [com.baidu.aip.talker.command.download.DownloadThreadCommand] - read datatrue:{"logid": "b4610568-9476-11e8-9d79-6c92bf3b07d2", "originLogId": "uploadT-4-Event:speech_heartbeat[m1-java0.3-3888-63917e13--0]-8", "name": "speech_heartbeat_ack", "sdkId": "m1-java0.3-3888-63917e13"}
2018-07-31 12:03:37[m1-java0.3-3888-63917e13_downloadT-2] DEBUG [com.baidu.aip.talker.command.download.DownloadThreadCommand] - read datatrue:{"logid": "b479ddd6-9476-11e8-9d79-6c92bf3b07d2", "originLogId": "uploadT-3-Event:speech_heartbeat[m1-java0.3-3888-63917e13--0]-7", "name": "speech_heartbeat_ack", "sdkId": "m1-java0.3-3888-63917e13"}
2018-07-31 12:03:37[m1-java0.3-3888-63917e13_downloadT-2] DEBUG [com.baidu.aip.talker.command.download.DownloadThreadCommand] - read datatrue:{"content": {"category": "TXT", "content": "\u4e00", "callId": "m1-ASR-3888-2-1533009815068", "logId": "CBA3ED7A-89AA-464A-8C24-9A81F6C4884C_0", "roleCategory": "AGENT", "triggerTime": 1533009819349, "extJson": {"snStartTime": "00:02.800", "completed": 1, "snStopTime": "00:02.399"}, "triggerTxt": ""}, "name": "knowledge_content", "callId": "m1-ASR-3888-2-1533009815068", "userId": 639624614, "logid": "b4b4de2c-9476-11e8-b1a6-6c92bf3b07d2", "appId": 11572625}
2018-07-31 12:03:38[m1-java0.3-3888-63917e13_downloadT-2] DEBUG [com.baidu.aip.talker.command.download.DownloadThreadCommand] - read datatrue:{"content": {"category": "TXT", "content": "\u533b\u5b66", "callId": "m1-ASR-3888-2-1533009815068", "logId": "CBA3ED7A-89AA-464A-8C24-9A81F6C4884C_1", "roleCategory": "AGENT", "triggerTime": 1533009819672, "extJson": {"snStartTime": "00:02.800", "completed": 1, "snStopTime": "00:02.720"}, "triggerTxt": ""}, "name": "knowledge_content", "callId": "m1-ASR-3888-2-1533009815068", "userId": 639624614, "logid": "b4e55ab6-9476-11e8-afce-7cd30addb80b", "appId": 11572625}
2018-07-31 12:03:38[m1-java0.3-3888-63917e13_downloadT-2] DEBUG [com.baidu.aip.talker.command.download.DownloadThreadCommand] - read datatrue:{"content": {"category": "TXT", "content": "\u533b\u5b66\u8003", "callId": "m1-ASR-3888-2-1533009815068", "logId": "CBA3ED7A-89AA-464A-8C24-9A81F6C4884C_2", "roleCategory": "AGENT", "triggerTime": 1533009819984, "extJson": {"snStartTime": "00:02.800", "completed": 1, "snStopTime": "00:03.400"}, "triggerTxt": ""}, "name": "knowledge_content", "callId": "m1-ASR-3888-2-1533009815068", "userId": 639624614, "logid": "b514ee8e-9476-11e8-afce-7cd30addb80b", "appId": 11572625}
2018-07-31 12:03:38[m1-java0.3-3888-63917e13_downloadT-2] DEBUG [com.baidu.aip.talker.command.download.DownloadThreadCommand] - read datatrue:{"content": {"category": "TXT", "content": "\u533b\u5b66\u8003\u8bd5", "callId": "m1-ASR-3888-2-1533009815068", "logId": "CBA3ED7A-89AA-464A-8C24-9A81F6C4884C_3", "roleCategory": "AGENT", "triggerTime": 1533009820142, "extJson": {"snStartTime": "00:02.800", "completed": 1, "snStopTime": "00:03.200"}, "triggerTxt": ""}, "name": "knowledge_content", "callId": "m1-ASR-3888-2-1533009815068", "userId": 639624614, "logid": "b52d7350-9476-11e8-b1a6-6c92bf3b07d2", "appId": 11572625}
2018-07-31 12:03:38[m1-java0.3-3888-63917e13_downloadT-2] DEBUG [com.baidu.aip.talker.command.download.DownloadThreadCommand] - read datatrue:{"content": {"category": "TXT", "content": "\u533b\u5b66\u8003\u8bd5\u662f", "callId": "m1-ASR-3888-2-1533009815068", "logId": "CBA3ED7A-89AA-464A-8C24-9A81F6C4884C_4", "roleCategory": "AGENT", "triggerTime": 1533009820468, "extJson": {"snStartTime": "00:02.800", "completed": 1, "snStopTime": "00:03.520"}, "triggerTxt": ""}, "name": "knowledge_content", "callId": "m1-ASR-3888-2-1533009815068", "userId": 639624614, "logid": "b55f4786-9476-11e8-b1a6-6c92bf3b07d2", "appId": 11572625}
2018-07-31 12:03:39[m1-java0.3-3888-63917e13_downloadT-2] DEBUG [com.baidu.aip.talker.command.download.DownloadThreadCommand] - read datatrue:{"content": {"category": "TXT", "content": "\u533b\u5b66\u8003\u8bd5\u65f6\u95f4", "callId": "m1-ASR-3888-2-1533009815068", "logId": "CBA3ED7A-89AA-464A-8C24-9A81F6C4884C_5", "roleCategory": "AGENT", "triggerTime": 1533009820632, "extJson": {"snStartTime": "00:02.800", "completed": 1, "snStopTime": "00:03.680"}, "triggerTxt": ""}, "name": "knowledge_content", "callId": "m1-ASR-3888-2-1533009815068", "userId": 639624614, "logid": "b5781cd4-9476-11e8-94fd-6c92bf3b0791", "appId": 11572625}
2018-07-31 12:03:39[m1-java0.3-3888-63917e13_downloadT-2] DEBUG [com.baidu.aip.talker.command.download.DownloadThreadCommand] - read datatrue:{"logid": "b5b6b714-9476-11e8-9d79-6c92bf3b07d2", "originLogId": "uploadT-4-Event:speech_heartbeat[m1-java0.3-3888-63917e13--0]-16", "name": "speech_heartbeat_ack", "sdkId": "m1-java0.3-3888-63917e13"}
2018-07-31 12:03:39[m1-java0.3-3888-63917e13_downloadT-2] DEBUG [com.baidu.aip.talker.command.download.DownloadThreadCommand] - read datatrue:{"content": {"category": "TXT", "content": "\u533b\u5b66\u8003\u8bd5\u65f6\u95f4\uff0c", "callId": "m1-ASR-3888-2-1533009815068", "logId": "CBA3ED7A-89AA-464A-8C24-9A81F6C4884C_-1", "roleCategory": "AGENT", "triggerTime": 1533009821134, "extJson": {"snStartTime": "00:02.800", "completed": 3, "speed": "4.41", "snStopTime": "00:04.160"}, "triggerTxt": ""}, "name": "knowledge_content", "callId": "m1-ASR-3888-2-1533009815068", "userId": 639624614, "logid": "b5c4ec08-9476-11e8-b1a6-6c92bf3b07d2", "appId": 11572625}
2018-07-31 12:03:39[m1-java0.3-3888-63917e13_downloadT-2] DEBUG [com.baidu.aip.talker.command.download.DownloadThreadCommand] - read datatrue:{"logid": "b5cf9464-9476-11e8-9d79-6c92bf3b07d2", "originLogId": "uploadT-3-Event:speech_heartbeat[m1-java0.3-3888-63917e13--0]-15", "name": "speech_heartbeat_ack", "sdkId": "m1-java0.3-3888-63917e13"}
2018-07-31 12:03:39[m1-java0.3-3888-63917e13_downloadT-2] DEBUG [com.baidu.aip.talker.command.download.DownloadThreadCommand] - read datatrue:{"logid": "b60a246c-9476-11e8-9d79-6c92bf3b07d2", "name": "heartbeat"}
2018-07-31 12:03:41[main] INFO  [com.baidu.aip.talker.controller.ControllerImpl] - SDK will be stopped
2018-07-31 12:03:41[m1-java0.3-3888-63917e13_uploadT-3] DEBUG [com.baidu.aip.talker.command.upload.UploadData] - JsonStr is:{"roleId":0,"callId":"m1-ASR-3888-2-1533009815068","name":"speech_end","sendTs":1533009821148,"beforeCompressTs":0,"afterCompressTs":0,"beforeUploadTs":1533009821148,"compress":0,"sdkId":"m1-java0.3-3888-63917e13","connectionId":"uploadT-3","ts":1533009821148,"seqId":0,"agentDn":"123","heartBeat":false,"logid":"uploadT-3-Event:speech_end[m1-ASR-3888-2-1533009815068--0-P]-20"} ; binary length: 0
2018-07-31 12:03:41[m1-java0.3-3888-63917e13_uploadT-3] TRACE [com.baidu.aip.talker.command.upload.UploadDataEntity] - write to upload stream:Event:speech_end[m1-ASR-3888-2-1533009815068--0-P]duration= 1 , time=1533009821149
2018-07-31 12:03:41[m1-java0.3-3888-63917e13_uploadT-4] DEBUG [com.baidu.aip.talker.command.upload.UploadData] - JsonStr is:{"roleId":0,"callId":"","name":"speech_sdk_stop","sendTs":0,"beforeCompressTs":0,"afterCompressTs":0,"beforeUploadTs":1533009821148,"compress":0,"sdkId":"m1-java0.3-3888-63917e13","connectionId":"uploadT-4","ts":1533009821148,"seqId":0,"agentDn":"0","heartBeat":false,"logid":"uploadT-4-Event:speech_sdk_stop[m1-java0.3-3888-63917e13--0-P]-22"} ; binary length: 0
2018-07-31 12:03:41[m1-java0.3-3888-63917e13_uploadT-4] TRACE [com.baidu.aip.talker.command.upload.UploadDataEntity] - write to upload stream:Event:speech_sdk_stop[m1-java0.3-3888-63917e13--0-P]duration= 2 , time=1533009821150
2018-07-31 12:03:41[m1-java0.3-3888-63917e13_downloadT-2] INFO  [com.baidu.aip.talker.common.GlobalSwitch] - isDownloadThreadActive:false
2018-07-31 12:03:41[m1-java0.3-3888-63917e13_downloadT-2] INFO  [com.baidu.aip.talker.common.GlobalSwitch] - isDownloadThreadActive:false
2018-07-31 12:03:41[m1-java0.3-3888-63917e13_downloadT-2] INFO  [com.baidu.aip.talker.command.CommandThreadPoolExecutor] - afterExecute Command Info:downloadT-2:22
2018-07-31 12:03:44[m1-java0.3-3888-63917e13_uploadT-4] INFO  [com.baidu.aip.talker.command.upload.UploadDataEntity] - uploadT-4 will be stopped
2018-07-31 12:03:44[m1-java0.3-3888-63917e13_uploadT-3] INFO  [com.baidu.aip.talker.command.upload.UploadDataEntity] - uploadT-3 will be stopped
2018-07-31 12:03:44[m1-java0.3-3888-63917e13_uploadT-3] INFO  [com.baidu.aip.talker.command.upload.UploadDataEntity] - 23 packages sent, commandId:uploadT-3
2018-07-31 12:03:44[m1-java0.3-3888-63917e13_uploadT-4] INFO  [com.baidu.aip.talker.command.upload.UploadDataEntity] - 25 packages sent, commandId:uploadT-4
2018-07-31 12:03:44[m1-java0.3-3888-63917e13_uploadT-4] INFO  [com.baidu.aip.talker.command.CommandThreadPoolExecutor] - afterExecute Command Info:uploadT-4:24
2018-07-31 12:03:44[m1-java0.3-3888-63917e13_uploadT-3] INFO  [com.baidu.aip.talker.command.CommandThreadPoolExecutor] - afterExecute Command Info:uploadT-3:23
2018-07-31 12:03:45[main] INFO  [com.baidu.aip.talker.controller.ControllerImpl] - schedule status:true, uploader status:true, download status:true
2018-07-31 12:04:11[main] INFO  [com.baidu.aip.talker.controller.ControllerImpl] - Conf is loaded by properties
2018-07-31 12:04:11[main] INFO  [com.baidu.aip.talker.controller.ControllerImpl] - Stat is initialized
2018-07-31 12:04:11[main] INFO  [com.baidu.aip.talker.controller.ControllerImpl] - Uploader is initialized
2018-07-31 12:04:11[main] INFO  [com.baidu.aip.talker.controller.ControllerImpl] - Downloader is initialized
2018-07-31 12:04:11[main] INFO  [com.baidu.aip.talker.controller.ControllerImpl] - ClientFactory is initialized
2018-07-31 12:04:11[main] INFO  [com.baidu.aip.talker.command.token.TokenThreadCommand] - token fetch params:[grant_type=client_credentials, client_id=t5fTe2YN25P36FYMnBTQcUga, client_secret=6SgSI55vVqCXOHTamtYwG3yE7A9uKvGX]
2018-07-31 12:04:11[main] WARN  [org.apache.http.client.protocol.ResponseProcessCookies] - Cookie rejected [BAIDUID="58366E98A77F4C6864CC32634B73679B:FG=1", version:0, domain:baidu.com, path:/, expiry:Fri Jan 01 07:55:55 CST 2038] Illegal 'domain' attribute "baidu.com". Domain of origin: "aip.baidubce.com"
2018-07-31 12:04:11[main] INFO  [com.baidu.aip.talker.command.token.TokenThreadCommand] - new token obtained:24.f83e57137b40b37efcbc44e68dae7ed5.2592000.1535601852.282335-11572625,expires in MS:2592000000
2018-07-31 12:04:11[main] INFO  [com.baidu.aip.talker.controller.ControllerImpl] - ====All components are initialized=========
2018-07-31 12:04:11[main] INFO  [com.baidu.aip.talker.controller.ControllerImpl] - Start Threads
2018-07-31 12:04:11[main] INFO  [com.baidu.aip.talker.controller.ControllerImpl] - =========Download Threads started=============
2018-07-31 12:04:11[main] INFO  [com.baidu.aip.talker.command.upload.Uploader] - waiting  download first package success
2018-07-31 12:04:11[m1-java0.3-3888-a04372cd_downloadT-3] INFO  [com.baidu.aip.talker.command.CommandThreadPoolExecutor] - beforeExecute Thread Info:m1-java0.3-3888-a04372cd_downloadT-3:31
2018-07-31 12:04:11[m1-java0.3-3888-a04372cd_downloadT-3] INFO  [com.baidu.aip.talker.common.GlobalSwitch] - isDownloadThreadActive:true
2018-07-31 12:04:11[m1-java0.3-3888-a04372cd_downloadT-3] DEBUG [com.baidu.aip.talker.command.download.DownloadThreadCommand] - read datatrue:{"logid": "c8d8bf68-9476-11e8-98a7-6c92bf3b0791", "name": "heartbeat"}
2018-07-31 12:04:11[main] INFO  [com.baidu.aip.talker.command.upload.Uploader] - download first package success
2018-07-31 12:04:11[m1-java0.3-3888-a04372cd_uploadT-5] INFO  [com.baidu.aip.talker.command.CommandThreadPoolExecutor] - beforeExecute Thread Info:m1-java0.3-3888-a04372cd_uploadT-5:32
2018-07-31 12:04:11[m1-java0.3-3888-a04372cd_uploadT-6] INFO  [com.baidu.aip.talker.command.CommandThreadPoolExecutor] - beforeExecute Thread Info:m1-java0.3-3888-a04372cd_uploadT-6:33
2018-07-31 12:04:11[main] INFO  [com.baidu.aip.talker.controller.ControllerImpl] - =========Upload Threads started=============
2018-07-31 12:04:11[m1-java0.3-3888-a04372cd_uploadT-5] INFO  [com.baidu.aip.talker.http.RequestFactory] - upload url is https://aitalker.baidubce.com/up?access_token=24.f83e57137b40b37efcbc44e68dae7ed5.2592000.1535601852.282335-11572625&scope=brain_bicc
2018-07-31 12:04:11[m1-java0.3-3888-a04372cd_uploadT-6] INFO  [com.baidu.aip.talker.http.RequestFactory] - upload url is https://aitalker.baidubce.com/up?access_token=24.f83e57137b40b37efcbc44e68dae7ed5.2592000.1535601852.282335-11572625&scope=brain_bicc
2018-07-31 12:04:11[m1-java0.3-3888-a04372cd_uploadT-6] DEBUG [com.baidu.aip.talker.command.upload.UploadData] - JsonStr is:{"roleId":0,"callId":"m1-ASR-3888-3-1533009851616","name":"speech_start","sendTs":1533009851616,"beforeCompressTs":0,"afterCompressTs":0,"beforeUploadTs":1533009851671,"compress":0,"sdkId":"m1-java0.3-3888-a04372cd","connectionId":"uploadT-6","ts":1533009851671,"seqId":0,"agentDn":"123","rate":8000,"params":"","heartBeat":false,"logid":"uploadT-6-Event:speech_start[m1-ASR-3888-3-1533009851616--0-P]-0"} ; binary length: 0
2018-07-31 12:04:11[m1-java0.3-3888-a04372cd_uploadT-6] TRACE [com.baidu.aip.talker.command.upload.UploadDataEntity] - write to upload stream:Event:speech_start[m1-ASR-3888-3-1533009851616--0-P]duration= 0 , time=1533009851671
2018-07-31 12:04:11[m1-java0.3-3888-a04372cd_downloadT-3] DEBUG [com.baidu.aip.talker.command.download.DownloadThreadCommand] - read datatrue:{"status": 0, "callId": "m1-ASR-3888-3-1533009851616", "logid": "c902673c-9476-11e8-98a7-6c92bf3b0791", "name": "speech_start_ack"}
2018-07-31 12:04:11[m1-java0.3-3888-a04372cd_downloadT-3] DEBUG [com.baidu.aip.talker.command.download.DownloadData] - SPEECH_START_ACK recieve :m1-ASR-3888-3-1533009851616
2018-07-31 12:04:13[m1-java0.3-3888-a04372cd_downloadT-3] DEBUG [com.baidu.aip.talker.command.download.DownloadThreadCommand] - read datatrue:{"logid": "ca2a0d4a-9476-11e8-98a7-6c92bf3b0791", "originLogId": "uploadT-6-Event:speech_heartbeat[m1-java0.3-3888-a04372cd--0]-8", "name": "speech_heartbeat_ack", "sdkId": "m1-java0.3-3888-a04372cd"}
2018-07-31 12:04:13[m1-java0.3-3888-a04372cd_downloadT-3] DEBUG [com.baidu.aip.talker.command.download.DownloadThreadCommand] - read datatrue:{"logid": "ca4218f4-9476-11e8-98a7-6c92bf3b0791", "originLogId": "uploadT-5-Event:speech_heartbeat[m1-java0.3-3888-a04372cd--0]-7", "name": "speech_heartbeat_ack", "sdkId": "m1-java0.3-3888-a04372cd"}
2018-07-31 12:04:14[m1-java0.3-3888-a04372cd_downloadT-3] DEBUG [com.baidu.aip.talker.command.download.DownloadThreadCommand] - read datatrue:{"content": {"category": "TXT", "content": "\u4e00", "callId": "m1-ASR-3888-3-1533009851616", "logId": "46E5C4F7-78AF-459C-972B-353655DB687C_0", "roleCategory": "AGENT", "triggerTime": 1533009856055, "extJson": {"snStartTime": "00:01.919", "completed": 1, "snStopTime": "00:02.399"}, "triggerTxt": ""}, "name": "knowledge_content", "callId": "m1-ASR-3888-3-1533009851616", "userId": 639624614, "logid": "ca955fbe-9476-11e8-9ac9-7cd30addb80b", "appId": 11572625}
2018-07-31 12:04:14[m1-java0.3-3888-a04372cd_downloadT-3] DEBUG [com.baidu.aip.talker.command.download.DownloadThreadCommand] - read datatrue:{"content": {"category": "TXT", "content": "\u533b\u5b66", "callId": "m1-ASR-3888-3-1533009851616", "logId": "46E5C4F7-78AF-459C-972B-353655DB687C_1", "roleCategory": "AGENT", "triggerTime": 1533009856214, "extJson": {"snStartTime": "00:01.919", "completed": 1, "snStopTime": "00:02.560"}, "triggerTxt": ""}, "name": "knowledge_content", "callId": "m1-ASR-3888-3-1533009851616", "userId": 639624614, "logid": "caad858a-9476-11e8-b1a6-6c92bf3b07d2", "appId": 11572625}
2018-07-31 12:04:14[m1-java0.3-3888-a04372cd_downloadT-3] DEBUG [com.baidu.aip.talker.command.download.DownloadThreadCommand] - read datatrue:{"content": {"category": "TXT", "content": "\u533b\u5b66\u8003", "callId": "m1-ASR-3888-3-1533009851616", "logId": "46E5C4F7-78AF-459C-972B-353655DB687C_2", "roleCategory": "AGENT", "triggerTime": 1533009856529, "extJson": {"snStartTime": "00:01.919", "completed": 1, "snStopTime": "00:02.879"}, "triggerTxt": ""}, "name": "knowledge_content", "callId": "m1-ASR-3888-3-1533009851616", "userId": 639624614, "logid": "caddb106-9476-11e8-b1a6-6c92bf3b07d2", "appId": 11572625}
2018-07-31 12:04:15[m1-java0.3-3888-a04372cd_downloadT-3] DEBUG [com.baidu.aip.talker.command.download.DownloadThreadCommand] - read datatrue:{"content": {"category": "TXT", "content": "\u533b\u5b66\u8003\u8bd5", "callId": "m1-ASR-3888-3-1533009851616", "logId": "46E5C4F7-78AF-459C-972B-353655DB687C_3", "roleCategory": "AGENT", "triggerTime": 1533009856689, "extJson": {"snStartTime": "00:01.919", "completed": 1, "snStopTime": "00:03.400"}, "triggerTxt": ""}, "name": "knowledge_content", "callId": "m1-ASR-3888-3-1533009851616", "userId": 639624614, "logid": "caf5e8ac-9476-11e8-96f1-6c92bf3b0791", "appId": 11572625}
2018-07-31 12:04:15[m1-java0.3-3888-a04372cd_downloadT-3] DEBUG [com.baidu.aip.talker.command.download.DownloadThreadCommand] - read datatrue:{"content": {"category": "TXT", "content": "\u533b\u5b66\u8003\u8bd5\u662f", "callId": "m1-ASR-3888-3-1533009851616", "logId": "46E5C4F7-78AF-459C-972B-353655DB687C_4", "roleCategory": "AGENT", "triggerTime": 1533009857014, "extJson": {"snStartTime": "00:01.919", "completed": 1, "snStopTime": "00:03.359"}, "triggerTxt": ""}, "name": "knowledge_content", "callId": "m1-ASR-3888-3-1533009851616", "userId": 639624614, "logid": "cb27b3b4-9476-11e8-adc7-6c92bf3b07d2", "appId": 11572625}
2018-07-31 12:04:15[m1-java0.3-3888-a04372cd_downloadT-3] DEBUG [com.baidu.aip.talker.command.download.DownloadThreadCommand] - read datatrue:{"content": {"category": "TXT", "content": "\u533b\u5b66\u8003\u8bd5\u65f6\u95f4", "callId": "m1-ASR-3888-3-1533009851616", "logId": "46E5C4F7-78AF-459C-972B-353655DB687C_5", "roleCategory": "AGENT", "triggerTime": 1533009857174, "extJson": {"snStartTime": "00:01.919", "completed": 1, "snStopTime": "00:03.520"}, "triggerTxt": ""}, "name": "knowledge_content", "callId": "m1-ASR-3888-3-1533009851616", "userId": 639624614, "logid": "cb401ee0-9476-11e8-b1a6-6c92bf3b07d2", "appId": 11572625}
2018-07-31 12:04:15[m1-java0.3-3888-a04372cd_downloadT-3] DEBUG [com.baidu.aip.talker.command.download.DownloadThreadCommand] - read datatrue:{"logid": "cb7fbe74-9476-11e8-98a7-6c92bf3b0791", "originLogId": "uploadT-6-Event:speech_heartbeat[m1-java0.3-3888-a04372cd--0]-16", "name": "speech_heartbeat_ack", "sdkId": "m1-java0.3-3888-a04372cd"}
2018-07-31 12:04:16[m1-java0.3-3888-a04372cd_downloadT-3] DEBUG [com.baidu.aip.talker.command.download.DownloadThreadCommand] - read datatrue:{"content": {"category": "TXT", "content": "\u533b\u5b66\u8003\u8bd5\u65f6\u95f4\uff0c", "callId": "m1-ASR-3888-3-1533009851616", "logId": "46E5C4F7-78AF-459C-972B-353655DB687C_-1", "roleCategory": "AGENT", "triggerTime": 1533009857698, "extJson": {"snStartTime": "00:01.919", "completed": 3, "speed": "2.88", "snStopTime": "00:04.00"}, "triggerTxt": ""}, "name": "knowledge_content", "callId": "m1-ASR-3888-3-1533009851616", "userId": 639624614, "logid": "cb901120-9476-11e8-b1a6-6c92bf3b07d2", "appId": 11572625}
2018-07-31 12:04:16[m1-java0.3-3888-a04372cd_downloadT-3] DEBUG [com.baidu.aip.talker.command.download.DownloadThreadCommand] - read datatrue:{"logid": "cb97d572-9476-11e8-98a7-6c92bf3b0791", "originLogId": "uploadT-5-Event:speech_heartbeat[m1-java0.3-3888-a04372cd--0]-15", "name": "speech_heartbeat_ack", "sdkId": "m1-java0.3-3888-a04372cd"}
2018-07-31 12:04:16[m1-java0.3-3888-a04372cd_downloadT-3] DEBUG [com.baidu.aip.talker.command.download.DownloadThreadCommand] - read datatrue:{"logid": "cbd3bb8c-9476-11e8-98a7-6c92bf3b0791", "name": "heartbeat"}
2018-07-31 12:04:17[main] INFO  [com.baidu.aip.talker.controller.ControllerImpl] - SDK will be stopped
2018-07-31 12:04:17[m1-java0.3-3888-a04372cd_uploadT-5] DEBUG [com.baidu.aip.talker.command.upload.UploadData] - JsonStr is:{"roleId":0,"callId":"m1-ASR-3888-3-1533009851616","name":"speech_end","sendTs":1533009857696,"beforeCompressTs":0,"afterCompressTs":0,"beforeUploadTs":1533009857696,"compress":0,"sdkId":"m1-java0.3-3888-a04372cd","connectionId":"uploadT-5","ts":1533009857696,"seqId":0,"agentDn":"123","heartBeat":false,"logid":"uploadT-5-Event:speech_end[m1-ASR-3888-3-1533009851616--0-P]-20"} ; binary length: 0
2018-07-31 12:04:17[m1-java0.3-3888-a04372cd_uploadT-6] DEBUG [com.baidu.aip.talker.command.upload.UploadData] - JsonStr is:{"roleId":0,"callId":"","name":"speech_sdk_stop","sendTs":0,"beforeCompressTs":0,"afterCompressTs":0,"beforeUploadTs":1533009857696,"compress":0,"sdkId":"m1-java0.3-3888-a04372cd","connectionId":"uploadT-6","ts":1533009857696,"seqId":0,"agentDn":"0","heartBeat":false,"logid":"uploadT-6-Event:speech_sdk_stop[m1-java0.3-3888-a04372cd--0-P]-22"} ; binary length: 0
2018-07-31 12:04:17[m1-java0.3-3888-a04372cd_uploadT-5] TRACE [com.baidu.aip.talker.command.upload.UploadDataEntity] - write to upload stream:Event:speech_end[m1-ASR-3888-3-1533009851616--0-P]duration= 0 , time=1533009857697
2018-07-31 12:04:17[m1-java0.3-3888-a04372cd_uploadT-6] TRACE [com.baidu.aip.talker.command.upload.UploadDataEntity] - write to upload stream:Event:speech_sdk_stop[m1-java0.3-3888-a04372cd--0-P]duration= 1 , time=1533009857697
2018-07-31 12:04:17[m1-java0.3-3888-a04372cd_downloadT-3] INFO  [com.baidu.aip.talker.common.GlobalSwitch] - isDownloadThreadActive:false
2018-07-31 12:04:17[m1-java0.3-3888-a04372cd_downloadT-3] INFO  [com.baidu.aip.talker.common.GlobalSwitch] - isDownloadThreadActive:false
2018-07-31 12:04:17[m1-java0.3-3888-a04372cd_downloadT-3] INFO  [com.baidu.aip.talker.command.CommandThreadPoolExecutor] - afterExecute Command Info:downloadT-3:31
2018-07-31 12:04:20[m1-java0.3-3888-a04372cd_uploadT-6] INFO  [com.baidu.aip.talker.command.upload.UploadDataEntity] - uploadT-6 will be stopped
2018-07-31 12:04:20[m1-java0.3-3888-a04372cd_uploadT-5] INFO  [com.baidu.aip.talker.command.upload.UploadDataEntity] - uploadT-5 will be stopped
2018-07-31 12:04:20[m1-java0.3-3888-a04372cd_uploadT-5] INFO  [com.baidu.aip.talker.command.upload.UploadDataEntity] - 23 packages sent, commandId:uploadT-5
2018-07-31 12:04:20[m1-java0.3-3888-a04372cd_uploadT-6] INFO  [com.baidu.aip.talker.command.upload.UploadDataEntity] - 25 packages sent, commandId:uploadT-6
2018-07-31 12:04:20[m1-java0.3-3888-a04372cd_uploadT-5] INFO  [com.baidu.aip.talker.command.CommandThreadPoolExecutor] - afterExecute Command Info:uploadT-5:32
2018-07-31 12:04:20[m1-java0.3-3888-a04372cd_uploadT-6] INFO  [com.baidu.aip.talker.command.CommandThreadPoolExecutor] - afterExecute Command Info:uploadT-6:33
2018-07-31 12:04:21[main] INFO  [com.baidu.aip.talker.controller.ControllerImpl] - schedule status:true, uploader status:true, download status:true
2018-07-31 14:12:03[main] INFO  [com.baidu.aip.talker.controller.ControllerImpl] - Conf is loaded by properties
2018-07-31 14:12:03[main] INFO  [com.baidu.aip.talker.controller.ControllerImpl] - Stat is initialized
2018-07-31 14:12:04[main] INFO  [com.baidu.aip.talker.controller.ControllerImpl] - Uploader is initialized
2018-07-31 14:12:04[main] INFO  [com.baidu.aip.talker.controller.ControllerImpl] - Downloader is initialized
2018-07-31 14:12:04[main] INFO  [com.baidu.aip.talker.controller.ControllerImpl] - ClientFactory is initialized
2018-07-31 14:12:04[main] INFO  [com.baidu.aip.talker.command.token.TokenThreadCommand] - token fetch params:[grant_type=client_credentials, client_id=t5fTe2YN25P36FYMnBTQcUga, client_secret=6SgSI55vVqCXOHTamtYwG3yE7A9uKvGX]
2018-07-31 14:12:04[main] WARN  [org.apache.http.client.protocol.ResponseProcessCookies] - Cookie rejected [BAIDUID="42CF990F0A09ACAAF1F3CCA2ABAE61B9:FG=1", version:0, domain:baidu.com, path:/, expiry:Fri Jan 01 07:55:55 CST 2038] Illegal 'domain' attribute "baidu.com". Domain of origin: "aip.baidubce.com"
2018-07-31 14:12:05[main] INFO  [com.baidu.aip.talker.command.token.TokenThreadCommand] - new token obtained:24.5f0cbbc158c7ded29e62e163ee062562.2592000.1535609526.282335-11572625,expires in MS:2592000000
2018-07-31 14:12:05[main] INFO  [com.baidu.aip.talker.controller.ControllerImpl] - ====All components are initialized=========
2018-07-31 14:12:05[main] INFO  [com.baidu.aip.talker.controller.ControllerImpl] - Start Threads
2018-07-31 14:12:05[main] INFO  [com.baidu.aip.talker.controller.ControllerImpl] - =========Download Threads started=============
2018-07-31 14:12:05[main] INFO  [com.baidu.aip.talker.command.upload.Uploader] - waiting  download first package success
2018-07-31 14:12:05[m1-java0.3-17284-ae380847_downloadT-1] INFO  [com.baidu.aip.talker.command.CommandThreadPoolExecutor] - beforeExecute Thread Info:m1-java0.3-17284-ae380847_downloadT-1:14
2018-07-31 14:12:05[m1-java0.3-17284-ae380847_downloadT-1] INFO  [com.baidu.aip.talker.common.GlobalSwitch] - isDownloadThreadActive:true
2018-07-31 14:12:05[m1-java0.3-17284-ae380847_downloadT-1] DEBUG [com.baidu.aip.talker.command.download.DownloadThreadCommand] - read datatrue:{"logid": "a6c1fe78-9488-11e8-8abd-6c92bf3b0791", "name": "heartbeat"}
2018-07-31 14:12:05[main] INFO  [com.baidu.aip.talker.command.upload.Uploader] - download first package success
2018-07-31 14:12:05[m1-java0.3-17284-ae380847_uploadT-1] INFO  [com.baidu.aip.talker.command.CommandThreadPoolExecutor] - beforeExecute Thread Info:m1-java0.3-17284-ae380847_uploadT-1:15
2018-07-31 14:12:05[m1-java0.3-17284-ae380847_uploadT-1] INFO  [com.baidu.aip.talker.http.RequestFactory] - upload url is https://aitalker.baidubce.com/up?access_token=24.5f0cbbc158c7ded29e62e163ee062562.2592000.1535609526.282335-11572625&scope=brain_bicc
2018-07-31 14:12:05[main] INFO  [com.baidu.aip.talker.controller.ControllerImpl] - =========Upload Threads started=============
2018-07-31 14:12:05[m1-java0.3-17284-ae380847_uploadT-2] INFO  [com.baidu.aip.talker.command.CommandThreadPoolExecutor] - beforeExecute Thread Info:m1-java0.3-17284-ae380847_uploadT-2:16
2018-07-31 14:12:05[m1-java0.3-17284-ae380847_uploadT-2] INFO  [com.baidu.aip.talker.http.RequestFactory] - upload url is https://aitalker.baidubce.com/up?access_token=24.5f0cbbc158c7ded29e62e163ee062562.2592000.1535609526.282335-11572625&scope=brain_bicc
2018-07-31 14:12:05[m1-java0.3-17284-ae380847_uploadT-1] DEBUG [com.baidu.aip.talker.command.upload.UploadData] - JsonStr is:{"roleId":0,"callId":"m1-ASR-17284-1-1533017525336","name":"speech_start","sendTs":1533017525337,"beforeCompressTs":0,"afterCompressTs":0,"beforeUploadTs":1533017525386,"compress":0,"sdkId":"m1-java0.3-17284-ae380847","connectionId":"uploadT-1","ts":1533017525387,"seqId":0,"agentDn":"123","rate":8000,"params":"{\"sentenceHandler\":{\"agent\":\"STANDARD_COMPLETED\",\"client\":\"STANDARD_COMPLETED\"}}","heartBeat":false,"logid":"uploadT-1-Event:speech_start[m1-ASR-17284-1-1533017525336--0-P]-0"} ; binary length: 0
2018-07-31 14:12:05[m1-java0.3-17284-ae380847_uploadT-1] TRACE [com.baidu.aip.talker.command.upload.UploadDataEntity] - write to upload stream:Event:speech_start[m1-ASR-17284-1-1533017525336--0-P]duration= 7 , time=1533017525394
2018-07-31 14:12:05[m1-java0.3-17284-ae380847_downloadT-1] DEBUG [com.baidu.aip.talker.command.download.DownloadThreadCommand] - read datatrue:{"status": 0, "callId": "m1-ASR-17284-1-1533017525336", "logid": "a6e8634c-9488-11e8-8abd-6c92bf3b0791", "name": "speech_start_ack"}
2018-07-31 14:12:05[m1-java0.3-17284-ae380847_downloadT-1] DEBUG [com.baidu.aip.talker.command.download.DownloadData] - SPEECH_START_ACK recieve :m1-ASR-17284-1-1533017525336
2018-07-31 14:12:07[m1-java0.3-17284-ae380847_downloadT-1] DEBUG [com.baidu.aip.talker.command.download.DownloadThreadCommand] - read datatrue:{"logid": "a813e2b4-9488-11e8-8abd-6c92bf3b0791", "originLogId": "uploadT-2-Event:speech_heartbeat[m1-java0.3-17284-ae380847--0]-7", "name": "speech_heartbeat_ack", "sdkId": "m1-java0.3-17284-ae380847"}
2018-07-31 14:12:07[m1-java0.3-17284-ae380847_downloadT-1] DEBUG [com.baidu.aip.talker.command.download.DownloadThreadCommand] - read datatrue:{"logid": "a82d503c-9488-11e8-8abd-6c92bf3b0791", "originLogId": "uploadT-1-Event:speech_heartbeat[m1-java0.3-17284-ae380847--0]-8", "name": "speech_heartbeat_ack", "sdkId": "m1-java0.3-17284-ae380847"}
2018-07-31 14:12:09[m1-java0.3-17284-ae380847_downloadT-1] DEBUG [com.baidu.aip.talker.command.download.DownloadThreadCommand] - read datatrue:{"logid": "a969bf76-9488-11e8-8abd-6c92bf3b0791", "originLogId": "uploadT-2-Event:speech_heartbeat[m1-java0.3-17284-ae380847--0]-15", "name": "speech_heartbeat_ack", "sdkId": "m1-java0.3-17284-ae380847"}
2018-07-31 14:12:09[m1-java0.3-17284-ae380847_downloadT-1] DEBUG [com.baidu.aip.talker.command.download.DownloadThreadCommand] - read datatrue:{"content": {"category": "TXT", "content": "\u533b\u5b66\u8003\u8bd5\u65f6\u95f4\uff0c", "callId": "m1-ASR-17284-1-1533017525336", "logId": "45F13DB5-052E-4110-8556-4409166A7EE2_-1", "roleCategory": "AGENT", "triggerTime": 1533017531461, "extJson": {"snStartTime": "00:02.800", "completed": 3, "speed": "4.41", "snStopTime": "00:04.160"}, "triggerTxt": ""}, "name": "knowledge_content", "callId": "m1-ASR-17284-1-1533017525336", "userId": 639624614, "logid": "a97bb5e6-9488-11e8-96f1-6c92bf3b0791", "appId": 11572625}
2018-07-31 14:12:09[m1-java0.3-17284-ae380847_downloadT-1] DEBUG [com.baidu.aip.talker.command.download.DownloadThreadCommand] - read datatrue:{"logid": "a981acda-9488-11e8-8abd-6c92bf3b0791", "originLogId": "uploadT-1-Event:speech_heartbeat[m1-java0.3-17284-ae380847--0]-16", "name": "speech_heartbeat_ack", "sdkId": "m1-java0.3-17284-ae380847"}
2018-07-31 14:12:10[m1-java0.3-17284-ae380847_downloadT-1] DEBUG [com.baidu.aip.talker.command.download.DownloadThreadCommand] - read datatrue:{"logid": "a9bcfa60-9488-11e8-8abd-6c92bf3b0791", "name": "heartbeat"}
2018-07-31 14:12:11[main] INFO  [com.baidu.aip.talker.controller.ControllerImpl] - SDK will be stopped
2018-07-31 14:12:11[m1-java0.3-17284-ae380847_uploadT-1] DEBUG [com.baidu.aip.talker.command.upload.UploadData] - JsonStr is:{"roleId":0,"callId":"m1-ASR-17284-1-1533017525336","name":"speech_end","sendTs":1533017531418,"beforeCompressTs":0,"afterCompressTs":0,"beforeUploadTs":1533017531418,"compress":0,"sdkId":"m1-java0.3-17284-ae380847","connectionId":"uploadT-1","ts":1533017531418,"seqId":0,"agentDn":"123","heartBeat":false,"logid":"uploadT-1-Event:speech_end[m1-ASR-17284-1-1533017525336--0-P]-21"} ; binary length: 0
2018-07-31 14:12:11[m1-java0.3-17284-ae380847_uploadT-2] DEBUG [com.baidu.aip.talker.command.upload.UploadData] - JsonStr is:{"roleId":0,"callId":"","name":"speech_sdk_stop","sendTs":0,"beforeCompressTs":0,"afterCompressTs":0,"beforeUploadTs":1533017531419,"compress":0,"sdkId":"m1-java0.3-17284-ae380847","connectionId":"uploadT-2","ts":1533017531419,"seqId":0,"agentDn":"0","heartBeat":false,"logid":"uploadT-2-Event:speech_sdk_stop[m1-java0.3-17284-ae380847--0-P]-21"} ; binary length: 0
2018-07-31 14:12:11[m1-java0.3-17284-ae380847_uploadT-1] TRACE [com.baidu.aip.talker.command.upload.UploadDataEntity] - write to upload stream:Event:speech_end[m1-ASR-17284-1-1533017525336--0-P]duration= 1 , time=1533017531419
2018-07-31 14:12:11[m1-java0.3-17284-ae380847_uploadT-2] TRACE [com.baidu.aip.talker.command.upload.UploadDataEntity] - write to upload stream:Event:speech_sdk_stop[m1-java0.3-17284-ae380847--0-P]duration= 0 , time=1533017531419
2018-07-31 14:12:11[m1-java0.3-17284-ae380847_downloadT-1] INFO  [com.baidu.aip.talker.common.GlobalSwitch] - isDownloadThreadActive:false
2018-07-31 14:12:11[m1-java0.3-17284-ae380847_downloadT-1] INFO  [com.baidu.aip.talker.common.GlobalSwitch] - isDownloadThreadActive:false
2018-07-31 14:12:11[m1-java0.3-17284-ae380847_downloadT-1] INFO  [com.baidu.aip.talker.command.CommandThreadPoolExecutor] - afterExecute Command Info:downloadT-1:14
2018-07-31 14:12:14[m1-java0.3-17284-ae380847_uploadT-2] INFO  [com.baidu.aip.talker.command.upload.UploadDataEntity] - uploadT-2 will be stopped
2018-07-31 14:12:14[m1-java0.3-17284-ae380847_uploadT-1] INFO  [com.baidu.aip.talker.command.upload.UploadDataEntity] - uploadT-1 will be stopped
2018-07-31 14:12:14[m1-java0.3-17284-ae380847_uploadT-1] INFO  [com.baidu.aip.talker.command.upload.UploadDataEntity] - 24 packages sent, commandId:uploadT-1
2018-07-31 14:12:14[m1-java0.3-17284-ae380847_uploadT-2] INFO  [com.baidu.aip.talker.command.upload.UploadDataEntity] - 24 packages sent, commandId:uploadT-2
2018-07-31 14:12:14[m1-java0.3-17284-ae380847_uploadT-1] INFO  [com.baidu.aip.talker.command.CommandThreadPoolExecutor] - afterExecute Command Info:uploadT-1:15
2018-07-31 14:12:14[m1-java0.3-17284-ae380847_uploadT-2] INFO  [com.baidu.aip.talker.command.CommandThreadPoolExecutor] - afterExecute Command Info:uploadT-2:16
2018-07-31 14:12:15[main] INFO  [com.baidu.aip.talker.controller.ControllerImpl] - schedule status:true, uploader status:true, download status:true
2018-07-31 14:12:27[main] INFO  [com.baidu.aip.talker.controller.ControllerImpl] - Conf is loaded by properties
2018-07-31 14:12:27[main] INFO  [com.baidu.aip.talker.controller.ControllerImpl] - Stat is initialized
2018-07-31 14:12:27[main] INFO  [com.baidu.aip.talker.controller.ControllerImpl] - Uploader is initialized
2018-07-31 14:12:27[main] INFO  [com.baidu.aip.talker.controller.ControllerImpl] - Downloader is initialized
2018-07-31 14:12:27[main] INFO  [com.baidu.aip.talker.controller.ControllerImpl] - ClientFactory is initialized
2018-07-31 14:12:27[main] INFO  [com.baidu.aip.talker.command.token.TokenThreadCommand] - token fetch params:[grant_type=client_credentials, client_id=t5fTe2YN25P36FYMnBTQcUga, client_secret=6SgSI55vVqCXOHTamtYwG3yE7A9uKvGX]
2018-07-31 14:12:28[main] WARN  [org.apache.http.client.protocol.ResponseProcessCookies] - Cookie rejected [BAIDUID="2CABFFD53327849620A7CF58F3515D9E:FG=1", version:0, domain:baidu.com, path:/, expiry:Fri Jan 01 07:55:55 CST 2038] Illegal 'domain' attribute "baidu.com". Domain of origin: "aip.baidubce.com"
2018-07-31 14:12:28[main] INFO  [com.baidu.aip.talker.command.token.TokenThreadCommand] - new token obtained:24.ca1744232dc1cfc61e0629428a19eba4.2592000.1535609549.282335-11572625,expires in MS:2592000000
2018-07-31 14:12:28[main] INFO  [com.baidu.aip.talker.controller.ControllerImpl] - ====All components are initialized=========
2018-07-31 14:12:28[main] INFO  [com.baidu.aip.talker.controller.ControllerImpl] - Start Threads
2018-07-31 14:12:28[main] INFO  [com.baidu.aip.talker.controller.ControllerImpl] - =========Download Threads started=============
2018-07-31 14:12:28[main] INFO  [com.baidu.aip.talker.command.upload.Uploader] - waiting  download first package success
2018-07-31 14:12:28[m1-java0.3-10636-ca2c752a_downloadT-1] INFO  [com.baidu.aip.talker.command.CommandThreadPoolExecutor] - beforeExecute Thread Info:m1-java0.3-10636-ca2c752a_downloadT-1:13
2018-07-31 14:12:28[m1-java0.3-10636-ca2c752a_downloadT-1] INFO  [com.baidu.aip.talker.common.GlobalSwitch] - isDownloadThreadActive:true
2018-07-31 14:12:28[m1-java0.3-10636-ca2c752a_downloadT-1] DEBUG [com.baidu.aip.talker.command.download.DownloadThreadCommand] - read datatrue:{"logid": "b4bb5948-9488-11e8-9d79-6c92bf3b07d2", "name": "heartbeat"}
2018-07-31 14:12:28[main] INFO  [com.baidu.aip.talker.command.upload.Uploader] - download first package success
2018-07-31 14:12:28[m1-java0.3-10636-ca2c752a_uploadT-1] INFO  [com.baidu.aip.talker.command.CommandThreadPoolExecutor] - beforeExecute Thread Info:m1-java0.3-10636-ca2c752a_uploadT-1:14
2018-07-31 14:12:28[m1-java0.3-10636-ca2c752a_uploadT-1] INFO  [com.baidu.aip.talker.http.RequestFactory] - upload url is https://aitalker.baidubce.com/up?access_token=24.ca1744232dc1cfc61e0629428a19eba4.2592000.1535609549.282335-11572625&scope=brain_bicc
2018-07-31 14:12:28[m1-java0.3-10636-ca2c752a_uploadT-2] INFO  [com.baidu.aip.talker.command.CommandThreadPoolExecutor] - beforeExecute Thread Info:m1-java0.3-10636-ca2c752a_uploadT-2:15
2018-07-31 14:12:28[m1-java0.3-10636-ca2c752a_uploadT-2] INFO  [com.baidu.aip.talker.http.RequestFactory] - upload url is https://aitalker.baidubce.com/up?access_token=24.ca1744232dc1cfc61e0629428a19eba4.2592000.1535609549.282335-11572625&scope=brain_bicc
2018-07-31 14:12:28[main] INFO  [com.baidu.aip.talker.controller.ControllerImpl] - =========Upload Threads started=============
2018-07-31 14:12:28[m1-java0.3-10636-ca2c752a_uploadT-1] DEBUG [com.baidu.aip.talker.command.upload.UploadData] - JsonStr is:{"roleId":0,"callId":"m1-ASR-10636-1-1533017548801","name":"speech_start","sendTs":1533017548801,"beforeCompressTs":0,"afterCompressTs":0,"beforeUploadTs":1533017548842,"compress":0,"sdkId":"m1-java0.3-10636-ca2c752a","connectionId":"uploadT-1","ts":1533017548843,"seqId":0,"agentDn":"123","rate":8000,"params":"{\"sentenceHandler\":{\"agent\":\"STANDARD_COMPLETED\",\"client\":\"STANDARD_COMPLETED\"}}","heartBeat":false,"logid":"uploadT-1-Event:speech_start[m1-ASR-10636-1-1533017548801--0-P]-0"} ; binary length: 0
2018-07-31 14:12:28[m1-java0.3-10636-ca2c752a_uploadT-1] TRACE [com.baidu.aip.talker.command.upload.UploadDataEntity] - write to upload stream:Event:speech_start[m1-ASR-10636-1-1533017548801--0-P]duration= 6 , time=1533017548849
2018-07-31 14:12:28[m1-java0.3-10636-ca2c752a_downloadT-1] DEBUG [com.baidu.aip.talker.command.download.DownloadThreadCommand] - read datatrue:{"status": 0, "callId": "m1-ASR-10636-1-1533017548801", "logid": "b4e1f08a-9488-11e8-9d79-6c92bf3b07d2", "name": "speech_start_ack"}
2018-07-31 14:12:28[m1-java0.3-10636-ca2c752a_downloadT-1] DEBUG [com.baidu.aip.talker.command.download.DownloadData] - SPEECH_START_ACK recieve :m1-ASR-10636-1-1533017548801
2018-07-31 14:12:30[m1-java0.3-10636-ca2c752a_downloadT-1] DEBUG [com.baidu.aip.talker.command.download.DownloadThreadCommand] - read datatrue:{"logid": "b6108318-9488-11e8-9d79-6c92bf3b07d2", "originLogId": "uploadT-2-Event:speech_heartbeat[m1-java0.3-10636-ca2c752a--0]-7", "name": "speech_heartbeat_ack", "sdkId": "m1-java0.3-10636-ca2c752a"}
2018-07-31 14:12:31[m1-java0.3-10636-ca2c752a_downloadT-1] DEBUG [com.baidu.aip.talker.command.download.DownloadThreadCommand] - read datatrue:{"logid": "b62987fa-9488-11e8-9d79-6c92bf3b07d2", "originLogId": "uploadT-1-Event:speech_heartbeat[m1-java0.3-10636-ca2c752a--0]-8", "name": "speech_heartbeat_ack", "sdkId": "m1-java0.3-10636-ca2c752a"}
2018-07-31 14:12:33[m1-java0.3-10636-ca2c752a_downloadT-1] DEBUG [com.baidu.aip.talker.command.download.DownloadThreadCommand] - read datatrue:{"logid": "b7667a4c-9488-11e8-9d79-6c92bf3b07d2", "originLogId": "uploadT-2-Event:speech_heartbeat[m1-java0.3-10636-ca2c752a--0]-15", "name": "speech_heartbeat_ack", "sdkId": "m1-java0.3-10636-ca2c752a"}
2018-07-31 14:12:33[m1-java0.3-10636-ca2c752a_downloadT-1] DEBUG [com.baidu.aip.talker.command.download.DownloadThreadCommand] - read datatrue:{"content": {"category": "TXT", "content": "\u533b\u5b66\u8003\u8bd5\u65f6\u95f4\uff0c", "callId": "m1-ASR-10636-1-1533017548801", "logId": "03B1C332-E849-439C-9BBA-698E6B75985D_-1", "roleCategory": "AGENT", "triggerTime": 1533017554925, "extJson": {"snStartTime": "00:02.800", "completed": 3, "speed": "4.41", "snStopTime": "00:04.160"}, "triggerTxt": ""}, "name": "knowledge_content", "callId": "m1-ASR-10636-1-1533017548801", "userId": 639624614, "logid": "b777c82e-9488-11e8-96f1-6c92bf3b0791", "appId": 11572625}
2018-07-31 14:12:33[m1-java0.3-10636-ca2c752a_downloadT-1] DEBUG [com.baidu.aip.talker.command.download.DownloadThreadCommand] - read datatrue:{"logid": "b77e33bc-9488-11e8-9d79-6c92bf3b07d2", "originLogId": "uploadT-1-Event:speech_heartbeat[m1-java0.3-10636-ca2c752a--0]-16", "name": "speech_heartbeat_ack", "sdkId": "m1-java0.3-10636-ca2c752a"}
2018-07-31 14:12:33[m1-java0.3-10636-ca2c752a_downloadT-1] DEBUG [com.baidu.aip.talker.command.download.DownloadThreadCommand] - read datatrue:{"logid": "b7b6585a-9488-11e8-9d79-6c92bf3b07d2", "name": "heartbeat"}
2018-07-31 14:12:34[main] INFO  [com.baidu.aip.talker.controller.ControllerImpl] - SDK will be stopped
2018-07-31 14:12:34[m1-java0.3-10636-ca2c752a_uploadT-1] DEBUG [com.baidu.aip.talker.command.upload.UploadData] - JsonStr is:{"roleId":0,"callId":"m1-ASR-10636-1-1533017548801","name":"speech_end","sendTs":1533017554883,"beforeCompressTs":0,"afterCompressTs":0,"beforeUploadTs":1533017554883,"compress":0,"sdkId":"m1-java0.3-10636-ca2c752a","connectionId":"uploadT-1","ts":1533017554883,"seqId":0,"agentDn":"123","heartBeat":false,"logid":"uploadT-1-Event:speech_end[m1-ASR-10636-1-1533017548801--0-P]-21"} ; binary length: 0
2018-07-31 14:12:34[m1-java0.3-10636-ca2c752a_uploadT-1] TRACE [com.baidu.aip.talker.command.upload.UploadDataEntity] - write to upload stream:Event:speech_end[m1-ASR-10636-1-1533017548801--0-P]duration= 1 , time=1533017554884
2018-07-31 14:12:34[m1-java0.3-10636-ca2c752a_uploadT-2] DEBUG [com.baidu.aip.talker.command.upload.UploadData] - JsonStr is:{"roleId":0,"callId":"","name":"speech_sdk_stop","sendTs":0,"beforeCompressTs":0,"afterCompressTs":0,"beforeUploadTs":1533017554884,"compress":0,"sdkId":"m1-java0.3-10636-ca2c752a","connectionId":"uploadT-2","ts":1533017554884,"seqId":0,"agentDn":"0","heartBeat":false,"logid":"uploadT-2-Event:speech_sdk_stop[m1-java0.3-10636-ca2c752a--0-P]-21"} ; binary length: 0
2018-07-31 14:12:34[m1-java0.3-10636-ca2c752a_uploadT-2] TRACE [com.baidu.aip.talker.command.upload.UploadDataEntity] - write to upload stream:Event:speech_sdk_stop[m1-java0.3-10636-ca2c752a--0-P]duration= 0 , time=1533017554884
2018-07-31 14:12:34[m1-java0.3-10636-ca2c752a_downloadT-1] INFO  [com.baidu.aip.talker.common.GlobalSwitch] - isDownloadThreadActive:false
2018-07-31 14:12:34[m1-java0.3-10636-ca2c752a_downloadT-1] INFO  [com.baidu.aip.talker.common.GlobalSwitch] - isDownloadThreadActive:false
2018-07-31 14:12:34[m1-java0.3-10636-ca2c752a_downloadT-1] INFO  [com.baidu.aip.talker.command.CommandThreadPoolExecutor] - afterExecute Command Info:downloadT-1:13
2018-07-31 14:12:37[m1-java0.3-10636-ca2c752a_uploadT-1] INFO  [com.baidu.aip.talker.command.upload.UploadDataEntity] - uploadT-1 will be stopped
2018-07-31 14:12:37[m1-java0.3-10636-ca2c752a_uploadT-2] INFO  [com.baidu.aip.talker.command.upload.UploadDataEntity] - uploadT-2 will be stopped
2018-07-31 14:12:37[m1-java0.3-10636-ca2c752a_uploadT-1] INFO  [com.baidu.aip.talker.command.upload.UploadDataEntity] - 24 packages sent, commandId:uploadT-1
2018-07-31 14:12:37[m1-java0.3-10636-ca2c752a_uploadT-2] INFO  [com.baidu.aip.talker.command.upload.UploadDataEntity] - 24 packages sent, commandId:uploadT-2
2018-07-31 14:12:37[m1-java0.3-10636-ca2c752a_uploadT-1] INFO  [com.baidu.aip.talker.command.CommandThreadPoolExecutor] - afterExecute Command Info:uploadT-1:14
2018-07-31 14:12:37[m1-java0.3-10636-ca2c752a_uploadT-2] INFO  [com.baidu.aip.talker.command.CommandThreadPoolExecutor] - afterExecute Command Info:uploadT-2:15
2018-07-31 14:12:38[main] INFO  [com.baidu.aip.talker.controller.ControllerImpl] - schedule status:true, uploader status:true, download status:true
2018-07-31 14:12:59[main] INFO  [com.baidu.aip.talker.controller.ControllerImpl] - Conf is loaded by properties
2018-07-31 14:12:59[main] INFO  [com.baidu.aip.talker.controller.ControllerImpl] - Stat is initialized
2018-07-31 14:12:59[main] INFO  [com.baidu.aip.talker.controller.ControllerImpl] - Uploader is initialized
2018-07-31 14:12:59[main] INFO  [com.baidu.aip.talker.controller.ControllerImpl] - Downloader is initialized
2018-07-31 14:12:59[main] INFO  [com.baidu.aip.talker.controller.ControllerImpl] - ClientFactory is initialized
2018-07-31 14:12:59[main] INFO  [com.baidu.aip.talker.command.token.TokenThreadCommand] - token fetch params:[grant_type=client_credentials, client_id=t5fTe2YN25P36FYMnBTQcUga, client_secret=6SgSI55vVqCXOHTamtYwG3yE7A9uKvGX]
2018-07-31 14:12:59[main] WARN  [org.apache.http.client.protocol.ResponseProcessCookies] - Cookie rejected [BAIDUID="A6A1E3AC2AB8B7A5E0C3445F466E3E57:FG=1", version:0, domain:baidu.com, path:/, expiry:Fri Jan 01 07:55:55 CST 2038] Illegal 'domain' attribute "baidu.com". Domain of origin: "aip.baidubce.com"
2018-07-31 14:12:59[main] INFO  [com.baidu.aip.talker.command.token.TokenThreadCommand] - new token obtained:24.3f1949d2027345091251dcbc24878142.2592000.1535609581.282335-11572625,expires in MS:2592000000
2018-07-31 14:12:59[main] INFO  [com.baidu.aip.talker.controller.ControllerImpl] - ====All components are initialized=========
2018-07-31 14:12:59[main] INFO  [com.baidu.aip.talker.controller.ControllerImpl] - Start Threads
2018-07-31 14:12:59[main] INFO  [com.baidu.aip.talker.controller.ControllerImpl] - =========Download Threads started=============
2018-07-31 14:12:59[main] INFO  [com.baidu.aip.talker.command.upload.Uploader] - waiting  download first package success
2018-07-31 14:12:59[m1-java0.3-13448-5805a508_downloadT-1] INFO  [com.baidu.aip.talker.command.CommandThreadPoolExecutor] - beforeExecute Thread Info:m1-java0.3-13448-5805a508_downloadT-1:13
2018-07-31 14:12:59[m1-java0.3-13448-5805a508_downloadT-1] INFO  [com.baidu.aip.talker.common.GlobalSwitch] - isDownloadThreadActive:true
2018-07-31 14:12:59[m1-java0.3-13448-5805a508_downloadT-1] DEBUG [com.baidu.aip.talker.command.download.DownloadThreadCommand] - read datatrue:{"logid": "c7618306-9488-11e8-9d79-6c92bf3b07d2", "name": "heartbeat"}
2018-07-31 14:12:59[main] INFO  [com.baidu.aip.talker.command.upload.Uploader] - download first package success
2018-07-31 14:12:59[m1-java0.3-13448-5805a508_uploadT-1] INFO  [com.baidu.aip.talker.command.CommandThreadPoolExecutor] - beforeExecute Thread Info:m1-java0.3-13448-5805a508_uploadT-1:14
2018-07-31 14:12:59[m1-java0.3-13448-5805a508_uploadT-2] INFO  [com.baidu.aip.talker.command.CommandThreadPoolExecutor] - beforeExecute Thread Info:m1-java0.3-13448-5805a508_uploadT-2:15
2018-07-31 14:12:59[m1-java0.3-13448-5805a508_uploadT-2] INFO  [com.baidu.aip.talker.http.RequestFactory] - upload url is https://aitalker.baidubce.com/up?access_token=24.3f1949d2027345091251dcbc24878142.2592000.1535609581.282335-11572625&scope=brain_bicc
2018-07-31 14:12:59[m1-java0.3-13448-5805a508_uploadT-1] INFO  [com.baidu.aip.talker.http.RequestFactory] - upload url is https://aitalker.baidubce.com/up?access_token=24.3f1949d2027345091251dcbc24878142.2592000.1535609581.282335-11572625&scope=brain_bicc
2018-07-31 14:12:59[main] INFO  [com.baidu.aip.talker.controller.ControllerImpl] - =========Upload Threads started=============
2018-07-31 14:13:00[m1-java0.3-13448-5805a508_uploadT-1] DEBUG [com.baidu.aip.talker.command.upload.UploadData] - JsonStr is:{"roleId":0,"callId":"m1-ASR-13448-1-1533017580002","name":"speech_start","sendTs":1533017580002,"beforeCompressTs":0,"afterCompressTs":0,"beforeUploadTs":1533017580046,"compress":0,"sdkId":"m1-java0.3-13448-5805a508","connectionId":"uploadT-1","ts":1533017580048,"seqId":0,"agentDn":"123","rate":8000,"params":"{\"sentenceHandler\":{\"agent\":\"STANDARD_COMPLETED\",\"client\":\"STANDARD_COMPLETED\"}}","heartBeat":false,"logid":"uploadT-1-Event:speech_start[m1-ASR-13448-1-1533017580002--0-P]-0"} ; binary length: 0
2018-07-31 14:13:00[m1-java0.3-13448-5805a508_uploadT-1] TRACE [com.baidu.aip.talker.command.upload.UploadDataEntity] - write to upload stream:Event:speech_start[m1-ASR-13448-1-1533017580002--0-P]duration= 7 , time=1533017580055
2018-07-31 14:13:00[m1-java0.3-13448-5805a508_downloadT-1] DEBUG [com.baidu.aip.talker.command.download.DownloadThreadCommand] - read datatrue:{"status": 0, "callId": "m1-ASR-13448-1-1533017580002", "logid": "c77c3da4-9488-11e8-9d79-6c92bf3b07d2", "name": "speech_start_ack"}
2018-07-31 14:13:00[m1-java0.3-13448-5805a508_downloadT-1] DEBUG [com.baidu.aip.talker.command.download.DownloadData] - SPEECH_START_ACK recieve :m1-ASR-13448-1-1533017580002
2018-07-31 14:13:02[m1-java0.3-13448-5805a508_downloadT-1] DEBUG [com.baidu.aip.talker.command.download.DownloadThreadCommand] - read datatrue:{"logid": "c8a91a80-9488-11e8-9d79-6c92bf3b07d2", "originLogId": "uploadT-2-Event:speech_heartbeat[m1-java0.3-13448-5805a508--0]-7", "name": "speech_heartbeat_ack", "sdkId": "m1-java0.3-13448-5805a508"}
2018-07-31 14:13:02[m1-java0.3-13448-5805a508_downloadT-1] DEBUG [com.baidu.aip.talker.command.download.DownloadThreadCommand] - read datatrue:{"logid": "c8c31520-9488-11e8-9d79-6c92bf3b07d2", "originLogId": "uploadT-1-Event:speech_heartbeat[m1-java0.3-13448-5805a508--0]-8", "name": "speech_heartbeat_ack", "sdkId": "m1-java0.3-13448-5805a508"}
2018-07-31 14:13:04[m1-java0.3-13448-5805a508_downloadT-1] DEBUG [com.baidu.aip.talker.command.download.DownloadThreadCommand] - read datatrue:{"logid": "c9feea5e-9488-11e8-9d79-6c92bf3b07d2", "originLogId": "uploadT-2-Event:speech_heartbeat[m1-java0.3-13448-5805a508--0]-15", "name": "speech_heartbeat_ack", "sdkId": "m1-java0.3-13448-5805a508"}
2018-07-31 14:13:04[m1-java0.3-13448-5805a508_downloadT-1] DEBUG [com.baidu.aip.talker.command.download.DownloadThreadCommand] - read datatrue:{"content": {"category": "TXT", "content": "\u533b\u5b66\u8003\u8bd5\u65f6\u95f4\uff0c", "callId": "m1-ASR-13448-1-1533017580002", "logId": "08B5E9E2-1654-4367-980E-2372B754D303_-1", "roleCategory": "AGENT", "triggerTime": 1533017586123, "extJson": {"snStartTime": "00:02.800", "completed": 3, "speed": "4.41", "snStopTime": "00:04.160"}, "triggerTxt": ""}, "name": "knowledge_content", "callId": "m1-ASR-13448-1-1533017580002", "userId": 639624614, "logid": "ca106176-9488-11e8-adc7-6c92bf3b07d2", "appId": 11572625}
2018-07-31 14:13:04[m1-java0.3-13448-5805a508_downloadT-1] DEBUG [com.baidu.aip.talker.command.download.DownloadThreadCommand] - read datatrue:{"logid": "ca174054-9488-11e8-9d79-6c92bf3b07d2", "originLogId": "uploadT-1-Event:speech_heartbeat[m1-java0.3-13448-5805a508--0]-16", "name": "speech_heartbeat_ack", "sdkId": "m1-java0.3-13448-5805a508"}
2018-07-31 14:13:04[m1-java0.3-13448-5805a508_downloadT-1] DEBUG [com.baidu.aip.talker.command.download.DownloadThreadCommand] - read datatrue:{"logid": "ca5c7e94-9488-11e8-9d79-6c92bf3b07d2", "name": "heartbeat"}
2018-07-31 14:13:06[main] INFO  [com.baidu.aip.talker.controller.ControllerImpl] - SDK will be stopped
2018-07-31 14:13:06[m1-java0.3-13448-5805a508_uploadT-1] DEBUG [com.baidu.aip.talker.command.upload.UploadData] - JsonStr is:{"roleId":0,"callId":"m1-ASR-13448-1-1533017580002","name":"speech_end","sendTs":1533017586083,"beforeCompressTs":0,"afterCompressTs":0,"beforeUploadTs":1533017586083,"compress":0,"sdkId":"m1-java0.3-13448-5805a508","connectionId":"uploadT-1","ts":1533017586083,"seqId":0,"agentDn":"123","heartBeat":false,"logid":"uploadT-1-Event:speech_end[m1-ASR-13448-1-1533017580002--0-P]-21"} ; binary length: 0
2018-07-31 14:13:06[m1-java0.3-13448-5805a508_uploadT-1] TRACE [com.baidu.aip.talker.command.upload.UploadDataEntity] - write to upload stream:Event:speech_end[m1-ASR-13448-1-1533017580002--0-P]duration= 0 , time=1533017586083
2018-07-31 14:13:06[m1-java0.3-13448-5805a508_uploadT-2] DEBUG [com.baidu.aip.talker.command.upload.UploadData] - JsonStr is:{"roleId":0,"callId":"","name":"speech_sdk_stop","sendTs":0,"beforeCompressTs":0,"afterCompressTs":0,"beforeUploadTs":1533017586083,"compress":0,"sdkId":"m1-java0.3-13448-5805a508","connectionId":"uploadT-2","ts":1533017586083,"seqId":0,"agentDn":"0","heartBeat":false,"logid":"uploadT-2-Event:speech_sdk_stop[m1-java0.3-13448-5805a508--0-P]-21"} ; binary length: 0
2018-07-31 14:13:06[m1-java0.3-13448-5805a508_uploadT-2] TRACE [com.baidu.aip.talker.command.upload.UploadDataEntity] - write to upload stream:Event:speech_sdk_stop[m1-java0.3-13448-5805a508--0-P]duration= 9 , time=1533017586092
2018-07-31 14:13:06[m1-java0.3-13448-5805a508_downloadT-1] INFO  [com.baidu.aip.talker.common.GlobalSwitch] - isDownloadThreadActive:false
2018-07-31 14:13:06[m1-java0.3-13448-5805a508_downloadT-1] INFO  [com.baidu.aip.talker.common.GlobalSwitch] - isDownloadThreadActive:false
2018-07-31 14:13:06[m1-java0.3-13448-5805a508_downloadT-1] INFO  [com.baidu.aip.talker.command.CommandThreadPoolExecutor] - afterExecute Command Info:downloadT-1:13
2018-07-31 14:13:09[m1-java0.3-13448-5805a508_uploadT-1] INFO  [com.baidu.aip.talker.command.upload.UploadDataEntity] - uploadT-1 will be stopped
2018-07-31 14:13:09[m1-java0.3-13448-5805a508_uploadT-1] INFO  [com.baidu.aip.talker.command.upload.UploadDataEntity] - 24 packages sent, commandId:uploadT-1
2018-07-31 14:13:09[m1-java0.3-13448-5805a508_uploadT-2] INFO  [com.baidu.aip.talker.command.upload.UploadDataEntity] - uploadT-2 will be stopped
2018-07-31 14:13:09[m1-java0.3-13448-5805a508_uploadT-2] INFO  [com.baidu.aip.talker.command.upload.UploadDataEntity] - 24 packages sent, commandId:uploadT-2
2018-07-31 14:13:09[m1-java0.3-13448-5805a508_uploadT-1] INFO  [com.baidu.aip.talker.command.CommandThreadPoolExecutor] - afterExecute Command Info:uploadT-1:14
2018-07-31 14:13:09[m1-java0.3-13448-5805a508_uploadT-2] INFO  [com.baidu.aip.talker.command.CommandThreadPoolExecutor] - afterExecute Command Info:uploadT-2:15
2018-07-31 14:13:10[main] INFO  [com.baidu.aip.talker.controller.ControllerImpl] - schedule status:true, uploader status:true, download status:true
2018-07-31 14:15:03[main] INFO  [com.baidu.aip.talker.controller.ControllerImpl] - Conf is loaded by properties
2018-07-31 14:15:03[main] INFO  [com.baidu.aip.talker.controller.ControllerImpl] - Stat is initialized
2018-07-31 14:15:04[main] INFO  [com.baidu.aip.talker.controller.ControllerImpl] - Uploader is initialized
2018-07-31 14:15:04[main] INFO  [com.baidu.aip.talker.controller.ControllerImpl] - Downloader is initialized
2018-07-31 14:15:04[main] INFO  [com.baidu.aip.talker.controller.ControllerImpl] - ClientFactory is initialized
2018-07-31 14:15:04[main] INFO  [com.baidu.aip.talker.command.token.TokenThreadCommand] - token fetch params:[grant_type=client_credentials, client_id=t5fTe2YN25P36FYMnBTQcUga, client_secret=6SgSI55vVqCXOHTamtYwG3yE7A9uKvGX]
2018-07-31 14:15:04[main] WARN  [org.apache.http.client.protocol.ResponseProcessCookies] - Cookie rejected [BAIDUID="2E33140BC24EEBC198FCC2D355BAB740:FG=1", version:0, domain:baidu.com, path:/, expiry:Fri Jan 01 07:55:55 CST 2038] Illegal 'domain' attribute "baidu.com". Domain of origin: "aip.baidubce.com"
2018-07-31 14:15:04[main] INFO  [com.baidu.aip.talker.command.token.TokenThreadCommand] - new token obtained:24.a5fc94408db95ae5deb6a925a995a71b.2592000.1535609706.282335-11572625,expires in MS:2592000000
2018-07-31 14:15:04[main] INFO  [com.baidu.aip.talker.controller.ControllerImpl] - ====All components are initialized=========
2018-07-31 14:15:04[main] INFO  [com.baidu.aip.talker.controller.ControllerImpl] - Start Threads
2018-07-31 14:15:04[main] INFO  [com.baidu.aip.talker.controller.ControllerImpl] - =========Download Threads started=============
2018-07-31 14:15:04[main] INFO  [com.baidu.aip.talker.command.upload.Uploader] - waiting  download first package success
2018-07-31 14:15:04[m1-java0.3-15352-96245cac_downloadT-1] INFO  [com.baidu.aip.talker.command.CommandThreadPoolExecutor] - beforeExecute Thread Info:m1-java0.3-15352-96245cac_downloadT-1:13
2018-07-31 14:15:04[m1-java0.3-15352-96245cac_downloadT-1] INFO  [com.baidu.aip.talker.common.GlobalSwitch] - isDownloadThreadActive:true
2018-07-31 14:15:04[m1-java0.3-15352-96245cac_downloadT-1] DEBUG [com.baidu.aip.talker.command.download.DownloadThreadCommand] - read datatrue:{"logid": "11df8bc6-9489-11e8-8404-7cd30addb80b", "name": "heartbeat"}
2018-07-31 14:15:05[main] INFO  [com.baidu.aip.talker.command.upload.Uploader] - download first package success
2018-07-31 14:15:05[m1-java0.3-15352-96245cac_uploadT-1] INFO  [com.baidu.aip.talker.command.CommandThreadPoolExecutor] - beforeExecute Thread Info:m1-java0.3-15352-96245cac_uploadT-1:14
2018-07-31 14:15:05[m1-java0.3-15352-96245cac_uploadT-1] INFO  [com.baidu.aip.talker.http.RequestFactory] - upload url is https://aitalker.baidubce.com/up?access_token=24.a5fc94408db95ae5deb6a925a995a71b.2592000.1535609706.282335-11572625&scope=brain_bicc
2018-07-31 14:15:05[m1-java0.3-15352-96245cac_uploadT-2] INFO  [com.baidu.aip.talker.command.CommandThreadPoolExecutor] - beforeExecute Thread Info:m1-java0.3-15352-96245cac_uploadT-2:15
2018-07-31 14:15:05[m1-java0.3-15352-96245cac_uploadT-2] INFO  [com.baidu.aip.talker.http.RequestFactory] - upload url is https://aitalker.baidubce.com/up?access_token=24.a5fc94408db95ae5deb6a925a995a71b.2592000.1535609706.282335-11572625&scope=brain_bicc
2018-07-31 14:15:05[main] INFO  [com.baidu.aip.talker.controller.ControllerImpl] - =========Upload Threads started=============
2018-07-31 14:15:05[m1-java0.3-15352-96245cac_uploadT-2] DEBUG [com.baidu.aip.talker.command.upload.UploadData] - JsonStr is:{"roleId":0,"callId":"m1-ASR-15352-1-1533017705069","name":"speech_start","sendTs":1533017705070,"beforeCompressTs":0,"afterCompressTs":0,"beforeUploadTs":1533017705109,"compress":0,"sdkId":"m1-java0.3-15352-96245cac","connectionId":"uploadT-2","ts":1533017705112,"seqId":0,"agentDn":"123","rate":8000,"params":"{\"sentenceHandler\":{\"agent\":\"STANDARD_COMPLETED\",\"client\":\"STANDARD_COMPLETED\"}}","heartBeat":false,"logid":"uploadT-2-Event:speech_start[m1-ASR-15352-1-1533017705069--0-P]-0"} ; binary length: 0
2018-07-31 14:15:05[m1-java0.3-15352-96245cac_uploadT-2] TRACE [com.baidu.aip.talker.command.upload.UploadDataEntity] - write to upload stream:Event:speech_start[m1-ASR-15352-1-1533017705069--0-P]duration= 20 , time=1533017705132
2018-07-31 14:15:05[m1-java0.3-15352-96245cac_downloadT-1] DEBUG [com.baidu.aip.talker.command.download.DownloadThreadCommand] - read datatrue:{"status": 0, "callId": "m1-ASR-15352-1-1533017705069", "logid": "120b6aa2-9489-11e8-8404-7cd30addb80b", "name": "speech_start_ack"}
2018-07-31 14:15:05[m1-java0.3-15352-96245cac_downloadT-1] DEBUG [com.baidu.aip.talker.command.download.DownloadData] - SPEECH_START_ACK recieve :m1-ASR-15352-1-1533017705069
2018-07-31 14:15:07[m1-java0.3-15352-96245cac_downloadT-1] DEBUG [com.baidu.aip.talker.command.download.DownloadThreadCommand] - read datatrue:{"logid": "13352f8a-9489-11e8-8404-7cd30addb80b", "originLogId": "uploadT-1-Event:speech_heartbeat[m1-java0.3-15352-96245cac--0]-7", "name": "speech_heartbeat_ack", "sdkId": "m1-java0.3-15352-96245cac"}
2018-07-31 14:15:07[m1-java0.3-15352-96245cac_downloadT-1] DEBUG [com.baidu.aip.talker.command.download.DownloadThreadCommand] - read datatrue:{"logid": "134e361a-9489-11e8-8404-7cd30addb80b", "originLogId": "uploadT-2-Event:speech_heartbeat[m1-java0.3-15352-96245cac--0]-8", "name": "speech_heartbeat_ack", "sdkId": "m1-java0.3-15352-96245cac"}
2018-07-31 14:15:09[m1-java0.3-15352-96245cac_downloadT-1] DEBUG [com.baidu.aip.talker.command.download.DownloadThreadCommand] - read datatrue:{"logid": "148ad57e-9489-11e8-8404-7cd30addb80b", "originLogId": "uploadT-1-Event:speech_heartbeat[m1-java0.3-15352-96245cac--0]-15", "name": "speech_heartbeat_ack", "sdkId": "m1-java0.3-15352-96245cac"}
2018-07-31 14:15:09[m1-java0.3-15352-96245cac_downloadT-1] DEBUG [com.baidu.aip.talker.command.download.DownloadThreadCommand] - read datatrue:{"content": {"category": "TXT", "content": "\u533b\u5b66\u8003\u8bd5\u65f6\u95f4\uff0c", "callId": "m1-ASR-15352-1-1533017705069", "logId": "55E73E41-174A-40F6-8B53-5F3D7EB875FC_-1", "roleCategory": "AGENT", "triggerTime": 1533017711169, "extJson": {"snStartTime": "00:02.800", "completed": 3, "speed": "4.41", "snStopTime": "00:04.160"}, "triggerTxt": ""}, "name": "knowledge_content", "callId": "m1-ASR-15352-1-1533017705069", "userId": 639624614, "logid": "14990202-9489-11e8-adc7-6c92bf3b07d2", "appId": 11572625}
2018-07-31 14:15:09[m1-java0.3-15352-96245cac_downloadT-1] DEBUG [com.baidu.aip.talker.command.download.DownloadThreadCommand] - read datatrue:{"logid": "14a302de-9489-11e8-8404-7cd30addb80b", "originLogId": "uploadT-2-Event:speech_heartbeat[m1-java0.3-15352-96245cac--0]-16", "name": "speech_heartbeat_ack", "sdkId": "m1-java0.3-15352-96245cac"}
2018-07-31 14:15:09[m1-java0.3-15352-96245cac_downloadT-1] DEBUG [com.baidu.aip.talker.command.download.DownloadThreadCommand] - read datatrue:{"logid": "14da874a-9489-11e8-8404-7cd30addb80b", "name": "heartbeat"}
2018-07-31 14:15:11[main] INFO  [com.baidu.aip.talker.controller.ControllerImpl] - SDK will be stopped
2018-07-31 14:15:11[m1-java0.3-15352-96245cac_uploadT-2] DEBUG [com.baidu.aip.talker.command.upload.UploadData] - JsonStr is:{"roleId":0,"callId":"m1-ASR-15352-1-1533017705069","name":"speech_end","sendTs":1533017711151,"beforeCompressTs":0,"afterCompressTs":0,"beforeUploadTs":1533017711151,"compress":0,"sdkId":"m1-java0.3-15352-96245cac","connectionId":"uploadT-2","ts":1533017711151,"seqId":0,"agentDn":"123","heartBeat":false,"logid":"uploadT-2-Event:speech_end[m1-ASR-15352-1-1533017705069--0-P]-21"} ; binary length: 0
2018-07-31 14:15:11[m1-java0.3-15352-96245cac_uploadT-2] TRACE [com.baidu.aip.talker.command.upload.UploadDataEntity] - write to upload stream:Event:speech_end[m1-ASR-15352-1-1533017705069--0-P]duration= 1 , time=1533017711152
2018-07-31 14:15:11[m1-java0.3-15352-96245cac_uploadT-1] DEBUG [com.baidu.aip.talker.command.upload.UploadData] - JsonStr is:{"roleId":0,"callId":"","name":"speech_sdk_stop","sendTs":0,"beforeCompressTs":0,"afterCompressTs":0,"beforeUploadTs":1533017711152,"compress":0,"sdkId":"m1-java0.3-15352-96245cac","connectionId":"uploadT-1","ts":1533017711152,"seqId":0,"agentDn":"0","heartBeat":false,"logid":"uploadT-1-Event:speech_sdk_stop[m1-java0.3-15352-96245cac--0-P]-21"} ; binary length: 0
2018-07-31 14:15:11[m1-java0.3-15352-96245cac_uploadT-1] TRACE [com.baidu.aip.talker.command.upload.UploadDataEntity] - write to upload stream:Event:speech_sdk_stop[m1-java0.3-15352-96245cac--0-P]duration= 0 , time=1533017711152
2018-07-31 14:15:11[m1-java0.3-15352-96245cac_downloadT-1] INFO  [com.baidu.aip.talker.common.GlobalSwitch] - isDownloadThreadActive:false
2018-07-31 14:15:11[m1-java0.3-15352-96245cac_downloadT-1] INFO  [com.baidu.aip.talker.common.GlobalSwitch] - isDownloadThreadActive:false
2018-07-31 14:15:11[m1-java0.3-15352-96245cac_downloadT-1] INFO  [com.baidu.aip.talker.command.CommandThreadPoolExecutor] - afterExecute Command Info:downloadT-1:13
2018-07-31 14:15:14[m1-java0.3-15352-96245cac_uploadT-1] INFO  [com.baidu.aip.talker.command.upload.UploadDataEntity] - uploadT-1 will be stopped
2018-07-31 14:15:14[m1-java0.3-15352-96245cac_uploadT-1] INFO  [com.baidu.aip.talker.command.upload.UploadDataEntity] - 24 packages sent, commandId:uploadT-1
2018-07-31 14:15:14[m1-java0.3-15352-96245cac_uploadT-2] INFO  [com.baidu.aip.talker.command.upload.UploadDataEntity] - uploadT-2 will be stopped
2018-07-31 14:15:14[m1-java0.3-15352-96245cac_uploadT-2] INFO  [com.baidu.aip.talker.command.upload.UploadDataEntity] - 24 packages sent, commandId:uploadT-2
2018-07-31 14:15:14[m1-java0.3-15352-96245cac_uploadT-2] INFO  [com.baidu.aip.talker.command.CommandThreadPoolExecutor] - afterExecute Command Info:uploadT-2:15
2018-07-31 14:15:14[m1-java0.3-15352-96245cac_uploadT-1] INFO  [com.baidu.aip.talker.command.CommandThreadPoolExecutor] - afterExecute Command Info:uploadT-1:14
2018-07-31 14:15:15[main] INFO  [com.baidu.aip.talker.controller.ControllerImpl] - schedule status:true, uploader status:true, download status:true
2018-07-31 14:19:09[main] INFO  [com.baidu.aip.talker.controller.ControllerImpl] - Conf is loaded by properties
2018-07-31 14:19:09[main] INFO  [com.baidu.aip.talker.controller.ControllerImpl] - Stat is initialized
2018-07-31 14:19:09[main] INFO  [com.baidu.aip.talker.controller.ControllerImpl] - Uploader is initialized
2018-07-31 14:19:09[main] INFO  [com.baidu.aip.talker.controller.ControllerImpl] - Downloader is initialized
2018-07-31 14:19:09[main] INFO  [com.baidu.aip.talker.controller.ControllerImpl] - ClientFactory is initialized
2018-07-31 14:19:09[main] INFO  [com.baidu.aip.talker.command.token.TokenThreadCommand] - token fetch params:[grant_type=client_credentials, client_id=t5fTe2YN25P36FYMnBTQcUga, client_secret=6SgSI55vVqCXOHTamtYwG3yE7A9uKvGX]
2018-07-31 14:19:10[main] WARN  [org.apache.http.client.protocol.ResponseProcessCookies] - Cookie rejected [BAIDUID="0D7140DFD673B0285AAF38403BE3A73E:FG=1", version:0, domain:baidu.com, path:/, expiry:Fri Jan 01 07:55:55 CST 2038] Illegal 'domain' attribute "baidu.com". Domain of origin: "aip.baidubce.com"
2018-07-31 14:19:10[main] INFO  [com.baidu.aip.talker.command.token.TokenThreadCommand] - new token obtained:24.92a35575f6ebb19d7d53a17c14814231.2592000.1535609951.282335-11572625,expires in MS:2592000000
2018-07-31 14:19:10[main] INFO  [com.baidu.aip.talker.controller.ControllerImpl] - ====All components are initialized=========
2018-07-31 14:19:10[main] INFO  [com.baidu.aip.talker.controller.ControllerImpl] - Start Threads
2018-07-31 14:19:10[main] INFO  [com.baidu.aip.talker.controller.ControllerImpl] - =========Download Threads started=============
2018-07-31 14:19:10[main] INFO  [com.baidu.aip.talker.command.upload.Uploader] - waiting  download first package success
2018-07-31 14:19:10[m1-java0.3-12724-868944eb_downloadT-1] INFO  [com.baidu.aip.talker.command.CommandThreadPoolExecutor] - beforeExecute Thread Info:m1-java0.3-12724-868944eb_downloadT-1:13
2018-07-31 14:19:10[m1-java0.3-12724-868944eb_downloadT-1] INFO  [com.baidu.aip.talker.common.GlobalSwitch] - isDownloadThreadActive:true
2018-07-31 14:19:10[m1-java0.3-12724-868944eb_downloadT-1] DEBUG [com.baidu.aip.talker.command.download.DownloadThreadCommand] - read datatrue:{"logid": "a444b126-9489-11e8-98a7-6c92bf3b0791", "name": "heartbeat"}
2018-07-31 14:19:10[main] INFO  [com.baidu.aip.talker.command.upload.Uploader] - download first package success
2018-07-31 14:19:10[m1-java0.3-12724-868944eb_uploadT-1] INFO  [com.baidu.aip.talker.command.CommandThreadPoolExecutor] - beforeExecute Thread Info:m1-java0.3-12724-868944eb_uploadT-1:14
2018-07-31 14:19:10[m1-java0.3-12724-868944eb_uploadT-1] INFO  [com.baidu.aip.talker.http.RequestFactory] - upload url is https://aitalker.baidubce.com/up?access_token=24.92a35575f6ebb19d7d53a17c14814231.2592000.1535609951.282335-11572625&scope=brain_bicc
2018-07-31 14:19:10[m1-java0.3-12724-868944eb_uploadT-2] INFO  [com.baidu.aip.talker.command.CommandThreadPoolExecutor] - beforeExecute Thread Info:m1-java0.3-12724-868944eb_uploadT-2:15
2018-07-31 14:19:10[m1-java0.3-12724-868944eb_uploadT-2] INFO  [com.baidu.aip.talker.http.RequestFactory] - upload url is https://aitalker.baidubce.com/up?access_token=24.92a35575f6ebb19d7d53a17c14814231.2592000.1535609951.282335-11572625&scope=brain_bicc
2018-07-31 14:19:10[main] INFO  [com.baidu.aip.talker.controller.ControllerImpl] - =========Upload Threads started=============
2018-07-31 14:19:10[m1-java0.3-12724-868944eb_uploadT-1] DEBUG [com.baidu.aip.talker.command.upload.UploadData] - JsonStr is:{"roleId":0,"callId":"m1-ASR-12724-1-1533017950623","name":"speech_start","sendTs":1533017950623,"beforeCompressTs":0,"afterCompressTs":0,"beforeUploadTs":1533017950677,"compress":0,"sdkId":"m1-java0.3-12724-868944eb","connectionId":"uploadT-1","ts":1533017950680,"seqId":0,"agentDn":"123","rate":8000,"params":"","heartBeat":false,"logid":"uploadT-1-Event:speech_start[m1-ASR-12724-1-1533017950623--0-P]-0"} ; binary length: 0
2018-07-31 14:19:10[m1-java0.3-12724-868944eb_uploadT-1] TRACE [com.baidu.aip.talker.command.upload.UploadDataEntity] - write to upload stream:Event:speech_start[m1-ASR-12724-1-1533017950623--0-P]duration= 11 , time=1533017950691
2018-07-31 14:19:10[m1-java0.3-12724-868944eb_downloadT-1] DEBUG [com.baidu.aip.talker.command.download.DownloadThreadCommand] - read datatrue:{"status": 0, "callId": "m1-ASR-12724-1-1533017950623", "logid": "a467d994-9489-11e8-98a7-6c92bf3b0791", "name": "speech_start_ack"}
2018-07-31 14:19:10[m1-java0.3-12724-868944eb_downloadT-1] DEBUG [com.baidu.aip.talker.command.download.DownloadData] - SPEECH_START_ACK recieve :m1-ASR-12724-1-1533017950623
2018-07-31 14:19:12[m1-java0.3-12724-868944eb_downloadT-1] DEBUG [com.baidu.aip.talker.command.download.DownloadThreadCommand] - read datatrue:{"logid": "a5918e78-9489-11e8-98a7-6c92bf3b0791", "originLogId": "uploadT-2-Event:speech_heartbeat[m1-java0.3-12724-868944eb--0]-7", "name": "speech_heartbeat_ack", "sdkId": "m1-java0.3-12724-868944eb"}
2018-07-31 14:19:12[m1-java0.3-12724-868944eb_downloadT-1] DEBUG [com.baidu.aip.talker.command.download.DownloadThreadCommand] - read datatrue:{"logid": "a5ab185c-9489-11e8-98a7-6c92bf3b0791", "originLogId": "uploadT-1-Event:speech_heartbeat[m1-java0.3-12724-868944eb--0]-8", "name": "speech_heartbeat_ack", "sdkId": "m1-java0.3-12724-868944eb"}
2018-07-31 14:19:13[m1-java0.3-12724-868944eb_downloadT-1] DEBUG [com.baidu.aip.talker.command.download.DownloadThreadCommand] - read datatrue:{"content": {"category": "TXT", "content": "\u4e00", "callId": "m1-ASR-12724-1-1533017950623", "logId": "9556C6E9-BCFA-486F-A3C3-2F9750582F91_0", "roleCategory": "AGENT", "triggerTime": 1533017955095, "extJson": {"snStartTime": "00:02.800", "completed": 1, "snStopTime": "00:02.560"}, "triggerTxt": ""}, "name": "knowledge_content", "callId": "m1-ASR-12724-1-1533017950623", "userId": 639624614, "logid": "a5fd39b6-9489-11e8-b1a6-6c92bf3b07d2", "appId": 11572625}
2018-07-31 14:19:13[m1-java0.3-12724-868944eb_downloadT-1] DEBUG [com.baidu.aip.talker.command.download.DownloadThreadCommand] - read datatrue:{"content": {"category": "TXT", "content": "\u533b\u5b66", "callId": "m1-ASR-12724-1-1533017950623", "logId": "9556C6E9-BCFA-486F-A3C3-2F9750582F91_1", "roleCategory": "AGENT", "triggerTime": 1533017955258, "extJson": {"snStartTime": "00:02.800", "completed": 1, "snStopTime": "00:02.720"}, "triggerTxt": ""}, "name": "knowledge_content", "callId": "m1-ASR-12724-1-1533017950623", "userId": 639624614, "logid": "a6159ce0-9489-11e8-afce-7cd30addb80b", "appId": 11572625}
2018-07-31 14:19:13[m1-java0.3-12724-868944eb_downloadT-1] DEBUG [com.baidu.aip.talker.command.download.DownloadThreadCommand] - read datatrue:{"content": {"category": "TXT", "content": "\u533b\u5b66\u8003", "callId": "m1-ASR-12724-1-1533017950623", "logId": "9556C6E9-BCFA-486F-A3C3-2F9750582F91_2", "roleCategory": "AGENT", "triggerTime": 1533017955572, "extJson": {"snStartTime": "00:02.800", "completed": 1, "snStopTime": "00:03.400"}, "triggerTxt": ""}, "name": "knowledge_content", "callId": "m1-ASR-12724-1-1533017950623", "userId": 639624614, "logid": "a64591ca-9489-11e8-9ac9-7cd30addb80b", "appId": 11572625}
2018-07-31 14:19:14[m1-java0.3-12724-868944eb_downloadT-1] DEBUG [com.baidu.aip.talker.command.download.DownloadThreadCommand] - read datatrue:{"content": {"category": "TXT", "content": "\u533b\u5b66\u8003\u8bd5", "callId": "m1-ASR-12724-1-1533017950623", "logId": "9556C6E9-BCFA-486F-A3C3-2F9750582F91_3", "roleCategory": "AGENT", "triggerTime": 1533017955730, "extJson": {"snStartTime": "00:02.800", "completed": 1, "snStopTime": "00:03.200"}, "triggerTxt": ""}, "name": "knowledge_content", "callId": "m1-ASR-12724-1-1533017950623", "userId": 639624614, "logid": "a65d9dd8-9489-11e8-96f1-6c92bf3b0791", "appId": 11572625}
2018-07-31 14:19:14[m1-java0.3-12724-868944eb_downloadT-1] DEBUG [com.baidu.aip.talker.command.download.DownloadThreadCommand] - read datatrue:{"content": {"category": "TXT", "content": "\u533b\u5b66\u8003\u8bd5\u662f", "callId": "m1-ASR-12724-1-1533017950623", "logId": "9556C6E9-BCFA-486F-A3C3-2F9750582F91_4", "roleCategory": "AGENT", "triggerTime": 1533017956056, "extJson": {"snStartTime": "00:02.800", "completed": 1, "snStopTime": "00:03.520"}, "triggerTxt": ""}, "name": "knowledge_content", "callId": "m1-ASR-12724-1-1533017950623", "userId": 639624614, "logid": "a68f7650-9489-11e8-b1a6-6c92bf3b07d2", "appId": 11572625}
2018-07-31 14:19:14[m1-java0.3-12724-868944eb_downloadT-1] DEBUG [com.baidu.aip.talker.command.download.DownloadThreadCommand] - read datatrue:{"content": {"category": "TXT", "content": "\u533b\u5b66\u8003\u8bd5\u65f6\u95f4", "callId": "m1-ASR-12724-1-1533017950623", "logId": "9556C6E9-BCFA-486F-A3C3-2F9750582F91_5", "roleCategory": "AGENT", "triggerTime": 1533017956219, "extJson": {"snStartTime": "00:02.800", "completed": 1, "snStopTime": "00:03.680"}, "triggerTxt": ""}, "name": "knowledge_content", "callId": "m1-ASR-12724-1-1533017950623", "userId": 639624614, "logid": "a6a82f56-9489-11e8-9ac9-7cd30addb80b", "appId": 11572625}
2018-07-31 14:19:14[m1-java0.3-12724-868944eb_downloadT-1] DEBUG [com.baidu.aip.talker.command.download.DownloadThreadCommand] - read datatrue:{"logid": "a6e72fb2-9489-11e8-98a7-6c92bf3b0791", "originLogId": "uploadT-2-Event:speech_heartbeat[m1-java0.3-12724-868944eb--0]-15", "name": "speech_heartbeat_ack", "sdkId": "m1-java0.3-12724-868944eb"}
2018-07-31 14:19:15[m1-java0.3-12724-868944eb_downloadT-1] DEBUG [com.baidu.aip.talker.command.download.DownloadThreadCommand] - read datatrue:{"content": {"category": "TXT", "content": "\u533b\u5b66\u8003\u8bd5\u65f6\u95f4\uff0c", "callId": "m1-ASR-12724-1-1533017950623", "logId": "9556C6E9-BCFA-486F-A3C3-2F9750582F91_-1", "roleCategory": "AGENT", "triggerTime": 1533017956741, "extJson": {"snStartTime": "00:02.800", "completed": 3, "speed": "4.41", "snStopTime": "00:04.160"}, "triggerTxt": ""}, "name": "knowledge_content", "callId": "m1-ASR-12724-1-1533017950623", "userId": 639624614, "logid": "a6f7c66a-9489-11e8-afce-7cd30addb80b", "appId": 11572625}
2018-07-31 14:19:15[m1-java0.3-12724-868944eb_downloadT-1] DEBUG [com.baidu.aip.talker.command.download.DownloadThreadCommand] - read datatrue:{"logid": "a6ff61f4-9489-11e8-98a7-6c92bf3b0791", "originLogId": "uploadT-1-Event:speech_heartbeat[m1-java0.3-12724-868944eb--0]-16", "name": "speech_heartbeat_ack", "sdkId": "m1-java0.3-12724-868944eb"}
2018-07-31 14:19:15[m1-java0.3-12724-868944eb_downloadT-1] DEBUG [com.baidu.aip.talker.command.download.DownloadThreadCommand] - read datatrue:{"logid": "a73facdc-9489-11e8-98a7-6c92bf3b0791", "name": "heartbeat"}
2018-07-31 14:19:16[main] INFO  [com.baidu.aip.talker.controller.ControllerImpl] - SDK will be stopped
2018-07-31 14:19:16[m1-java0.3-12724-868944eb_uploadT-1] DEBUG [com.baidu.aip.talker.command.upload.UploadData] - JsonStr is:{"roleId":0,"callId":"m1-ASR-12724-1-1533017950623","name":"speech_end","sendTs":1533017956704,"beforeCompressTs":0,"afterCompressTs":0,"beforeUploadTs":1533017956704,"compress":0,"sdkId":"m1-java0.3-12724-868944eb","connectionId":"uploadT-1","ts":1533017956704,"seqId":0,"agentDn":"123","heartBeat":false,"logid":"uploadT-1-Event:speech_end[m1-ASR-12724-1-1533017950623--0-P]-21"} ; binary length: 0
2018-07-31 14:19:16[m1-java0.3-12724-868944eb_uploadT-1] TRACE [com.baidu.aip.talker.command.upload.UploadDataEntity] - write to upload stream:Event:speech_end[m1-ASR-12724-1-1533017950623--0-P]duration= 1 , time=1533017956705
2018-07-31 14:19:16[m1-java0.3-12724-868944eb_uploadT-2] DEBUG [com.baidu.aip.talker.command.upload.UploadData] - JsonStr is:{"roleId":0,"callId":"","name":"speech_sdk_stop","sendTs":0,"beforeCompressTs":0,"afterCompressTs":0,"beforeUploadTs":1533017956704,"compress":0,"sdkId":"m1-java0.3-12724-868944eb","connectionId":"uploadT-2","ts":1533017956704,"seqId":0,"agentDn":"0","heartBeat":false,"logid":"uploadT-2-Event:speech_sdk_stop[m1-java0.3-12724-868944eb--0-P]-21"} ; binary length: 0
2018-07-31 14:19:16[m1-java0.3-12724-868944eb_uploadT-2] TRACE [com.baidu.aip.talker.command.upload.UploadDataEntity] - write to upload stream:Event:speech_sdk_stop[m1-java0.3-12724-868944eb--0-P]duration= 1 , time=1533017956705
2018-07-31 14:19:16[m1-java0.3-12724-868944eb_downloadT-1] INFO  [com.baidu.aip.talker.common.GlobalSwitch] - isDownloadThreadActive:false
2018-07-31 14:19:16[m1-java0.3-12724-868944eb_downloadT-1] INFO  [com.baidu.aip.talker.common.GlobalSwitch] - isDownloadThreadActive:false
2018-07-31 14:19:16[m1-java0.3-12724-868944eb_downloadT-1] INFO  [com.baidu.aip.talker.command.CommandThreadPoolExecutor] - afterExecute Command Info:downloadT-1:13
2018-07-31 14:19:19[m1-java0.3-12724-868944eb_uploadT-2] INFO  [com.baidu.aip.talker.command.upload.UploadDataEntity] - uploadT-2 will be stopped
2018-07-31 14:19:19[m1-java0.3-12724-868944eb_uploadT-1] INFO  [com.baidu.aip.talker.command.upload.UploadDataEntity] - uploadT-1 will be stopped
2018-07-31 14:19:19[m1-java0.3-12724-868944eb_uploadT-2] INFO  [com.baidu.aip.talker.command.upload.UploadDataEntity] - 24 packages sent, commandId:uploadT-2
2018-07-31 14:19:19[m1-java0.3-12724-868944eb_uploadT-1] INFO  [com.baidu.aip.talker.command.upload.UploadDataEntity] - 24 packages sent, commandId:uploadT-1
2018-07-31 14:19:19[m1-java0.3-12724-868944eb_uploadT-2] INFO  [com.baidu.aip.talker.command.CommandThreadPoolExecutor] - afterExecute Command Info:uploadT-2:15
2018-07-31 14:19:19[m1-java0.3-12724-868944eb_uploadT-1] INFO  [com.baidu.aip.talker.command.CommandThreadPoolExecutor] - afterExecute Command Info:uploadT-1:14
2018-07-31 14:19:20[main] INFO  [com.baidu.aip.talker.controller.ControllerImpl] - schedule status:true, uploader status:true, download status:true
2018-07-31 14:25:09[main] INFO  [com.baidu.aip.talker.controller.ControllerImpl] - Conf is loaded by properties
2018-07-31 14:25:09[main] INFO  [com.baidu.aip.talker.controller.ControllerImpl] - Stat is initialized
2018-07-31 14:25:09[main] INFO  [com.baidu.aip.talker.controller.ControllerImpl] - Uploader is initialized
2018-07-31 14:25:09[main] INFO  [com.baidu.aip.talker.controller.ControllerImpl] - Downloader is initialized
2018-07-31 14:25:09[main] INFO  [com.baidu.aip.talker.controller.ControllerImpl] - ClientFactory is initialized
2018-07-31 14:25:09[main] INFO  [com.baidu.aip.talker.command.token.TokenThreadCommand] - token fetch params:[grant_type=client_credentials, client_id=t5fTe2YN25P36FYMnBTQcUga, client_secret=6SgSI55vVqCXOHTamtYwG3yE7A9uKvGX]
2018-07-31 14:25:09[main] WARN  [org.apache.http.client.protocol.ResponseProcessCookies] - Cookie rejected [BAIDUID="060D975B19520E50314FA304968B1677:FG=1", version:0, domain:baidu.com, path:/, expiry:Fri Jan 01 07:55:55 CST 2038] Illegal 'domain' attribute "baidu.com". Domain of origin: "aip.baidubce.com"
2018-07-31 14:25:10[main] INFO  [com.baidu.aip.talker.command.token.TokenThreadCommand] - new token obtained:24.38d1dc89394ccd3248234f4173b3230d.2592000.1535610311.282335-11572625,expires in MS:2592000000
2018-07-31 14:25:10[main] INFO  [com.baidu.aip.talker.controller.ControllerImpl] - ====All components are initialized=========
2018-07-31 14:25:10[main] INFO  [com.baidu.aip.talker.controller.ControllerImpl] - Start Threads
2018-07-31 14:25:10[main] INFO  [com.baidu.aip.talker.controller.ControllerImpl] - =========Download Threads started=============
2018-07-31 14:25:10[main] INFO  [com.baidu.aip.talker.command.upload.Uploader] - waiting  download first package success
2018-07-31 14:25:10[m1-java0.3-13248-ceea8e42_downloadT-1] INFO  [com.baidu.aip.talker.command.CommandThreadPoolExecutor] - beforeExecute Thread Info:m1-java0.3-13248-ceea8e42_downloadT-1:13
2018-07-31 14:25:10[m1-java0.3-13248-ceea8e42_downloadT-1] INFO  [com.baidu.aip.talker.common.GlobalSwitch] - isDownloadThreadActive:true
2018-07-31 14:25:10[m1-java0.3-13248-ceea8e42_downloadT-1] DEBUG [com.baidu.aip.talker.command.download.DownloadThreadCommand] - read datatrue:{"logid": "7a986894-948a-11e8-8abd-6c92bf3b0791", "name": "heartbeat"}
2018-07-31 14:25:10[main] INFO  [com.baidu.aip.talker.command.upload.Uploader] - download first package success
2018-07-31 14:25:10[m1-java0.3-13248-ceea8e42_uploadT-1] INFO  [com.baidu.aip.talker.command.CommandThreadPoolExecutor] - beforeExecute Thread Info:m1-java0.3-13248-ceea8e42_uploadT-1:14
2018-07-31 14:25:10[m1-java0.3-13248-ceea8e42_uploadT-1] INFO  [com.baidu.aip.talker.http.RequestFactory] - upload url is https://aitalker.baidubce.com/up?access_token=24.38d1dc89394ccd3248234f4173b3230d.2592000.1535610311.282335-11572625&scope=brain_bicc
2018-07-31 14:25:10[main] INFO  [com.baidu.aip.talker.controller.ControllerImpl] - =========Upload Threads started=============
2018-07-31 14:25:10[m1-java0.3-13248-ceea8e42_uploadT-2] INFO  [com.baidu.aip.talker.command.CommandThreadPoolExecutor] - beforeExecute Thread Info:m1-java0.3-13248-ceea8e42_uploadT-2:15
2018-07-31 14:25:10[m1-java0.3-13248-ceea8e42_uploadT-2] INFO  [com.baidu.aip.talker.http.RequestFactory] - upload url is https://aitalker.baidubce.com/up?access_token=24.38d1dc89394ccd3248234f4173b3230d.2592000.1535610311.282335-11572625&scope=brain_bicc
2018-07-31 14:25:10[m1-java0.3-13248-ceea8e42_uploadT-2] DEBUG [com.baidu.aip.talker.command.upload.UploadData] - JsonStr is:{"roleId":0,"callId":"m1-ASR-13248-1-1533018310238","name":"speech_start","sendTs":1533018310238,"beforeCompressTs":0,"afterCompressTs":0,"beforeUploadTs":1533018310288,"compress":0,"sdkId":"m1-java0.3-13248-ceea8e42","connectionId":"uploadT-2","ts":1533018310289,"seqId":0,"agentDn":"123","rate":8000,"params":"","heartBeat":false,"logid":"uploadT-2-Event:speech_start[m1-ASR-13248-1-1533018310238--0-P]-0"} ; binary length: 0
2018-07-31 14:25:10[m1-java0.3-13248-ceea8e42_uploadT-2] TRACE [com.baidu.aip.talker.command.upload.UploadDataEntity] - write to upload stream:Event:speech_start[m1-ASR-13248-1-1533018310238--0-P]duration= 27 , time=1533018310316
2018-07-31 14:25:10[m1-java0.3-13248-ceea8e42_downloadT-1] DEBUG [com.baidu.aip.talker.command.download.DownloadThreadCommand] - read datatrue:{"status": 0, "callId": "m1-ASR-13248-1-1533018310238", "logid": "7ac733c2-948a-11e8-8abd-6c92bf3b0791", "name": "speech_start_ack"}
2018-07-31 14:25:10[m1-java0.3-13248-ceea8e42_downloadT-1] DEBUG [com.baidu.aip.talker.command.download.DownloadData] - SPEECH_START_ACK recieve :m1-ASR-13248-1-1533018310238
2018-07-31 14:25:12[m1-java0.3-13248-ceea8e42_downloadT-1] DEBUG [com.baidu.aip.talker.command.download.DownloadThreadCommand] - read datatrue:{"logid": "7bea7430-948a-11e8-8abd-6c92bf3b0791", "originLogId": "uploadT-1-Event:speech_heartbeat[m1-java0.3-13248-ceea8e42--0]-7", "name": "speech_heartbeat_ack", "sdkId": "m1-java0.3-13248-ceea8e42"}
2018-07-31 14:25:12[m1-java0.3-13248-ceea8e42_downloadT-1] DEBUG [com.baidu.aip.talker.command.download.DownloadThreadCommand] - read datatrue:{"logid": "7c04583c-948a-11e8-8abd-6c92bf3b0791", "originLogId": "uploadT-2-Event:speech_heartbeat[m1-java0.3-13248-ceea8e42--0]-8", "name": "speech_heartbeat_ack", "sdkId": "m1-java0.3-13248-ceea8e42"}
2018-07-31 14:25:12[m1-java0.3-13248-ceea8e42_downloadT-1] DEBUG [com.baidu.aip.talker.command.download.DownloadThreadCommand] - read datatrue:{"content": {"category": "TXT", "content": "\u4e00", "callId": "m1-ASR-13248-1-1533018310238", "logId": "19DE88F3-C1B5-4A9E-908C-C6B7546A4B31_0", "roleCategory": "AGENT", "triggerTime": 1533018314551, "extJson": {"snStartTime": "00:02.800", "completed": 1, "snStopTime": "00:02.399"}, "triggerTxt": ""}, "name": "knowledge_content", "callId": "m1-ASR-13248-1-1533018310238", "userId": 639624614, "logid": "7c3da1dc-948a-11e8-94fd-6c92bf3b0791", "appId": 11572625}
2018-07-31 14:25:13[m1-java0.3-13248-ceea8e42_downloadT-1] DEBUG [com.baidu.aip.talker.command.download.DownloadThreadCommand] - read datatrue:{"content": {"category": "TXT", "content": "\u533b\u5b66", "callId": "m1-ASR-13248-1-1533018310238", "logId": "19DE88F3-C1B5-4A9E-908C-C6B7546A4B31_1", "roleCategory": "AGENT", "triggerTime": 1533018314872, "extJson": {"snStartTime": "00:02.800", "completed": 1, "snStopTime": "00:02.720"}, "triggerTxt": ""}, "name": "knowledge_content", "callId": "m1-ASR-13248-1-1533018310238", "userId": 639624614, "logid": "7c6e3a22-948a-11e8-96f1-6c92bf3b0791", "appId": 11572625}
2018-07-31 14:25:13[m1-java0.3-13248-ceea8e42_downloadT-1] DEBUG [com.baidu.aip.talker.command.download.DownloadThreadCommand] - read datatrue:{"content": {"category": "TXT", "content": "\u533b\u5b66\u8003", "callId": "m1-ASR-13248-1-1533018310238", "logId": "19DE88F3-C1B5-4A9E-908C-C6B7546A4B31_2", "roleCategory": "AGENT", "triggerTime": 1533018315185, "extJson": {"snStartTime": "00:02.800", "completed": 1, "snStopTime": "00:03.400"}, "triggerTxt": ""}, "name": "knowledge_content", "callId": "m1-ASR-13248-1-1533018310238", "userId": 639624614, "logid": "7c9dfb22-948a-11e8-afce-7cd30addb80b", "appId": 11572625}
2018-07-31 14:25:13[m1-java0.3-13248-ceea8e42_downloadT-1] DEBUG [com.baidu.aip.talker.command.download.DownloadThreadCommand] - read datatrue:{"content": {"category": "TXT", "content": "\u533b\u5b66\u8003\u8bd5", "callId": "m1-ASR-13248-1-1533018310238", "logId": "19DE88F3-C1B5-4A9E-908C-C6B7546A4B31_3", "roleCategory": "AGENT", "triggerTime": 1533018315344, "extJson": {"snStartTime": "00:02.800", "completed": 1, "snStopTime": "00:03.200"}, "triggerTxt": ""}, "name": "knowledge_content", "callId": "m1-ASR-13248-1-1533018310238", "userId": 639624614, "logid": "7cb64d6c-948a-11e8-96f1-6c92bf3b0791", "appId": 11572625}
2018-07-31 14:25:14[m1-java0.3-13248-ceea8e42_downloadT-1] DEBUG [com.baidu.aip.talker.command.download.DownloadThreadCommand] - read datatrue:{"content": {"category": "TXT", "content": "\u533b\u5b66\u8003\u8bd5\u662f", "callId": "m1-ASR-13248-1-1533018310238", "logId": "19DE88F3-C1B5-4A9E-908C-C6B7546A4B31_4", "roleCategory": "AGENT", "triggerTime": 1533018315669, "extJson": {"snStartTime": "00:02.800", "completed": 1, "snStopTime": "00:03.520"}, "triggerTxt": ""}, "name": "knowledge_content", "callId": "m1-ASR-13248-1-1533018310238", "userId": 639624614, "logid": "7ce7cffe-948a-11e8-afce-7cd30addb80b", "appId": 11572625}
2018-07-31 14:25:14[m1-java0.3-13248-ceea8e42_downloadT-1] DEBUG [com.baidu.aip.talker.command.download.DownloadThreadCommand] - read datatrue:{"content": {"category": "TXT", "content": "\u533b\u5b66\u8003\u8bd5\u65f6\u95f4", "callId": "m1-ASR-13248-1-1533018310238", "logId": "19DE88F3-C1B5-4A9E-908C-C6B7546A4B31_5", "roleCategory": "AGENT", "triggerTime": 1533018315842, "extJson": {"snStartTime": "00:02.800", "completed": 1, "snStopTime": "00:03.680"}, "triggerTxt": ""}, "name": "knowledge_content", "callId": "m1-ASR-13248-1-1533018310238", "userId": 639624614, "logid": "7d0261f2-948a-11e8-afce-7cd30addb80b", "appId": 11572625}
2018-07-31 14:25:14[m1-java0.3-13248-ceea8e42_downloadT-1] DEBUG [com.baidu.aip.talker.command.download.DownloadThreadCommand] - read datatrue:{"logid": "7d4039be-948a-11e8-8abd-6c92bf3b0791", "originLogId": "uploadT-1-Event:speech_heartbeat[m1-java0.3-13248-ceea8e42--0]-15", "name": "speech_heartbeat_ack", "sdkId": "m1-java0.3-13248-ceea8e42"}
2018-07-31 14:25:14[m1-java0.3-13248-ceea8e42_downloadT-1] DEBUG [com.baidu.aip.talker.command.download.DownloadThreadCommand] - read datatrue:{"content": {"category": "TXT", "content": "\u533b\u5b66\u8003\u8bd5\u65f6\u95f4\uff0c", "callId": "m1-ASR-13248-1-1533018310238", "logId": "19DE88F3-C1B5-4A9E-908C-C6B7546A4B31_-1", "roleCategory": "AGENT", "triggerTime": 1533018316336, "extJson": {"snStartTime": "00:02.800", "completed": 3, "speed": "4.41", "snStopTime": "00:04.160"}, "triggerTxt": ""}, "name": "knowledge_content", "callId": "m1-ASR-13248-1-1533018310238", "userId": 639624614, "logid": "7d4dc30e-948a-11e8-b1a6-6c92bf3b07d2", "appId": 11572625}
2018-07-31 14:25:14[m1-java0.3-13248-ceea8e42_downloadT-1] DEBUG [com.baidu.aip.talker.command.download.DownloadThreadCommand] - read datatrue:{"logid": "7d588ee2-948a-11e8-8abd-6c92bf3b0791", "originLogId": "uploadT-2-Event:speech_heartbeat[m1-java0.3-13248-ceea8e42--0]-16", "name": "speech_heartbeat_ack", "sdkId": "m1-java0.3-13248-ceea8e42"}
2018-07-31 14:25:15[m1-java0.3-13248-ceea8e42_downloadT-1] DEBUG [com.baidu.aip.talker.command.download.DownloadThreadCommand] - read datatrue:{"logid": "7d936422-948a-11e8-8abd-6c92bf3b0791", "name": "heartbeat"}
2018-07-31 14:25:16[main] INFO  [com.baidu.aip.talker.controller.ControllerImpl] - SDK will be stopped
2018-07-31 14:25:16[m1-java0.3-13248-ceea8e42_uploadT-2] DEBUG [com.baidu.aip.talker.command.upload.UploadData] - JsonStr is:{"roleId":0,"callId":"m1-ASR-13248-1-1533018310238","name":"speech_end","sendTs":1533018316318,"beforeCompressTs":0,"afterCompressTs":0,"beforeUploadTs":1533018316318,"compress":0,"sdkId":"m1-java0.3-13248-ceea8e42","connectionId":"uploadT-2","ts":1533018316318,"seqId":0,"agentDn":"123","heartBeat":false,"logid":"uploadT-2-Event:speech_end[m1-ASR-13248-1-1533018310238--0-P]-21"} ; binary length: 0
2018-07-31 14:25:16[m1-java0.3-13248-ceea8e42_uploadT-1] DEBUG [com.baidu.aip.talker.command.upload.UploadData] - JsonStr is:{"roleId":0,"callId":"","name":"speech_sdk_stop","sendTs":0,"beforeCompressTs":0,"afterCompressTs":0,"beforeUploadTs":1533018316318,"compress":0,"sdkId":"m1-java0.3-13248-ceea8e42","connectionId":"uploadT-1","ts":1533018316319,"seqId":0,"agentDn":"0","heartBeat":false,"logid":"uploadT-1-Event:speech_sdk_stop[m1-java0.3-13248-ceea8e42--0-P]-21"} ; binary length: 0
2018-07-31 14:25:16[m1-java0.3-13248-ceea8e42_uploadT-1] TRACE [com.baidu.aip.talker.command.upload.UploadDataEntity] - write to upload stream:Event:speech_sdk_stop[m1-java0.3-13248-ceea8e42--0-P]duration= 0 , time=1533018316319
2018-07-31 14:25:16[m1-java0.3-13248-ceea8e42_uploadT-2] TRACE [com.baidu.aip.talker.command.upload.UploadDataEntity] - write to upload stream:Event:speech_end[m1-ASR-13248-1-1533018310238--0-P]duration= 2 , time=1533018316320
2018-07-31 14:25:16[m1-java0.3-13248-ceea8e42_downloadT-1] INFO  [com.baidu.aip.talker.common.GlobalSwitch] - isDownloadThreadActive:false
2018-07-31 14:25:16[m1-java0.3-13248-ceea8e42_downloadT-1] INFO  [com.baidu.aip.talker.common.GlobalSwitch] - isDownloadThreadActive:false
2018-07-31 14:25:16[m1-java0.3-13248-ceea8e42_downloadT-1] INFO  [com.baidu.aip.talker.command.CommandThreadPoolExecutor] - afterExecute Command Info:downloadT-1:13
2018-07-31 14:25:19[m1-java0.3-13248-ceea8e42_uploadT-1] INFO  [com.baidu.aip.talker.command.upload.UploadDataEntity] - uploadT-1 will be stopped
2018-07-31 14:25:19[m1-java0.3-13248-ceea8e42_uploadT-2] INFO  [com.baidu.aip.talker.command.upload.UploadDataEntity] - uploadT-2 will be stopped
2018-07-31 14:25:19[m1-java0.3-13248-ceea8e42_uploadT-1] INFO  [com.baidu.aip.talker.command.upload.UploadDataEntity] - 24 packages sent, commandId:uploadT-1
2018-07-31 14:25:19[m1-java0.3-13248-ceea8e42_uploadT-2] INFO  [com.baidu.aip.talker.command.upload.UploadDataEntity] - 24 packages sent, commandId:uploadT-2
2018-07-31 14:25:19[m1-java0.3-13248-ceea8e42_uploadT-2] INFO  [com.baidu.aip.talker.command.CommandThreadPoolExecutor] - afterExecute Command Info:uploadT-2:15
2018-07-31 14:25:19[m1-java0.3-13248-ceea8e42_uploadT-1] INFO  [com.baidu.aip.talker.command.CommandThreadPoolExecutor] - afterExecute Command Info:uploadT-1:14
2018-07-31 14:25:20[main] INFO  [com.baidu.aip.talker.controller.ControllerImpl] - schedule status:true, uploader status:true, download status:true
