2018-07-31 11:28:24[main] INFO  [com.baidu.aip.talker.controller.ControllerImpl] - Conf is loaded :conf/sdk.properties
2018-07-31 11:28:24[main] INFO  [com.baidu.aip.talker.controller.ControllerImpl] - Stat is initialized
2018-07-31 11:28:24[main] INFO  [com.baidu.aip.talker.controller.ControllerImpl] - Uploader is initialized
2018-07-31 11:28:24[main] INFO  [com.baidu.aip.talker.controller.ControllerImpl] - Downloader is initialized
2018-07-31 11:28:24[main] INFO  [com.baidu.aip.talker.controller.ControllerImpl] - ClientFactory is initialized
2018-07-31 11:28:24[main] INFO  [com.baidu.aip.talker.command.token.TokenThreadCommand] - token fetch params:[grant_type=client_credentials, client_id=t5fTe2YN25P36FYMnBTQcUga, client_secret=6SgSI55vVqCXOHTamtYwG3yE7A9uKvGX]
2018-07-31 11:28:25[main] WARN  [org.apache.http.client.protocol.ResponseProcessCookies] - Cookie rejected [BAIDUID="93F5893BAB75CE58CED18F5360CC5E07:FG=1", version:0, domain:baidu.com, path:/, expiry:Fri Jan 01 07:55:55 CST 2038] Illegal 'domain' attribute "baidu.com". Domain of origin: "aip.baidubce.com"
2018-07-31 11:28:25[main] INFO  [com.baidu.aip.talker.command.token.TokenThreadCommand] - new token obtained:24.48eed86567deb0d86af774d2d8a14fbe.2592000.1535599707.282335-11572625,expires in MS:2592000000
2018-07-31 11:28:25[main] INFO  [com.baidu.aip.talker.controller.ControllerImpl] - ====All components are initialized=========
2018-07-31 11:28:25[main] INFO  [com.baidu.aip.talker.controller.ControllerImpl] - Start Threads
2018-07-31 11:28:25[main] INFO  [com.baidu.aip.talker.controller.ControllerImpl] - =========Download Threads started=============
2018-07-31 11:28:25[main] INFO  [com.baidu.aip.talker.command.upload.Uploader] - waiting  download first package success
2018-07-31 11:28:25[m1-java0.3-10256-25251d9e_downloadT-1] INFO  [com.baidu.aip.talker.command.CommandThreadPoolExecutor] - beforeExecute Thread Info:m1-java0.3-10256-25251d9e_downloadT-1:14
2018-07-31 11:28:26[m1-java0.3-10256-25251d9e_downloadT-1] INFO  [com.baidu.aip.talker.common.GlobalSwitch] - isDownloadThreadActive:true
2018-07-31 11:28:26[m1-java0.3-10256-25251d9e_downloadT-1] DEBUG [com.baidu.aip.talker.command.download.DownloadThreadCommand] - read datatrue:{"logid": "ca077000-9471-11e8-98a7-6c92bf3b0791", "name": "heartbeat"}
2018-07-31 11:28:26[main] INFO  [com.baidu.aip.talker.command.upload.Uploader] - download first package success
2018-07-31 11:28:26[m1-java0.3-10256-25251d9e_uploadT-1] INFO  [com.baidu.aip.talker.command.CommandThreadPoolExecutor] - beforeExecute Thread Info:m1-java0.3-10256-25251d9e_uploadT-1:15
2018-07-31 11:28:26[m1-java0.3-10256-25251d9e_uploadT-1] INFO  [com.baidu.aip.talker.http.RequestFactory] - upload url is https://aitalker.baidubce.com/up?access_token=24.48eed86567deb0d86af774d2d8a14fbe.2592000.1535599707.282335-11572625&scope=brain_bicc
2018-07-31 11:28:26[m1-java0.3-10256-25251d9e_uploadT-2] INFO  [com.baidu.aip.talker.command.CommandThreadPoolExecutor] - beforeExecute Thread Info:m1-java0.3-10256-25251d9e_uploadT-2:16
2018-07-31 11:28:26[m1-java0.3-10256-25251d9e_uploadT-2] INFO  [com.baidu.aip.talker.http.RequestFactory] - upload url is https://aitalker.baidubce.com/up?access_token=24.48eed86567deb0d86af774d2d8a14fbe.2592000.1535599707.282335-11572625&scope=brain_bicc
2018-07-31 11:28:26[main] INFO  [com.baidu.aip.talker.controller.ControllerImpl] - =========Upload Threads started=============
2018-07-31 11:28:26[m1-java0.3-10256-25251d9e_uploadT-1] DEBUG [com.baidu.aip.talker.command.upload.UploadData] - JsonStr is:{"roleId":0,"callId":"m1-ASR-10256-1-1533007706136","name":"speech_start","sendTs":1533007706136,"beforeCompressTs":0,"afterCompressTs":0,"beforeUploadTs":1533007706186,"compress":0,"sdkId":"m1-java0.3-10256-25251d9e","connectionId":"uploadT-1","ts":1533007706188,"seqId":0,"agentDn":"123","rate":8000,"params":"","heartBeat":false,"logid":"uploadT-1-Event:speech_start[m1-ASR-10256-1-1533007706136--0-P]-0"} ; binary length: 0
2018-07-31 11:28:26[m1-java0.3-10256-25251d9e_uploadT-1] TRACE [com.baidu.aip.talker.command.upload.UploadDataEntity] - write to upload stream:Event:speech_start[m1-ASR-10256-1-1533007706136--0-P]duration= 7 , time=1533007706195
2018-07-31 11:28:26[m1-java0.3-10256-25251d9e_downloadT-1] DEBUG [com.baidu.aip.talker.command.download.DownloadThreadCommand] - read datatrue:{"status": 0, "callId": "m1-ASR-10256-1-1533007706136", "logid": "ca30ead4-9471-11e8-98a7-6c92bf3b0791", "name": "speech_start_ack"}
2018-07-31 11:28:26[m1-java0.3-10256-25251d9e_downloadT-1] DEBUG [com.baidu.aip.talker.command.download.DownloadData] - SPEECH_START_ACK recieve :m1-ASR-10256-1-1533007706136
2018-07-31 11:28:28[m1-java0.3-10256-25251d9e_downloadT-1] DEBUG [com.baidu.aip.talker.command.download.DownloadThreadCommand] - read datatrue:{"logid": "cb5a8a6e-9471-11e8-98a7-6c92bf3b0791", "originLogId": "uploadT-2-Event:speech_heartbeat[m1-java0.3-10256-25251d9e--0]-7", "name": "speech_heartbeat_ack", "sdkId": "m1-java0.3-10256-25251d9e"}
2018-07-31 11:28:28[m1-java0.3-10256-25251d9e_downloadT-1] DEBUG [com.baidu.aip.talker.command.download.DownloadThreadCommand] - read datatrue:{"logid": "cb73ed06-9471-11e8-98a7-6c92bf3b0791", "originLogId": "uploadT-1-Event:speech_heartbeat[m1-java0.3-10256-25251d9e--0]-8", "name": "speech_heartbeat_ack", "sdkId": "m1-java0.3-10256-25251d9e"}
2018-07-31 11:28:28[m1-java0.3-10256-25251d9e_downloadT-1] DEBUG [com.baidu.aip.talker.command.download.DownloadThreadCommand] - read datatrue:{"content": {"category": "TXT", "content": "\u4e00", "callId": "m1-ASR-10256-1-1533007706136", "logId": "9E3102D2-2512-4E33-95E5-98E4F4D4541C_0", "roleCategory": "AGENT", "triggerTime": 1533007710411, "extJson": {"snStartTime": "00:02.800", "completed": 1, "snStopTime": "00:02.399"}, "triggerTxt": ""}, "name": "knowledge_content", "callId": "m1-ASR-10256-1-1533007706136", "userId": 639624614, "logid": "cbae7002-9471-11e8-94fd-6c92bf3b0791", "appId": 11572625}
2018-07-31 11:28:29[m1-java0.3-10256-25251d9e_downloadT-1] DEBUG [com.baidu.aip.talker.command.download.DownloadThreadCommand] - read datatrue:{"content": {"category": "TXT", "content": "\u533b\u5b66", "callId": "m1-ASR-10256-1-1533007706136", "logId": "9E3102D2-2512-4E33-95E5-98E4F4D4541C_1", "roleCategory": "AGENT", "triggerTime": 1533007710734, "extJson": {"snStartTime": "00:02.800", "completed": 1, "snStopTime": "00:02.720"}, "triggerTxt": ""}, "name": "knowledge_content", "callId": "m1-ASR-10256-1-1533007706136", "userId": 639624614, "logid": "cbdf48d0-9471-11e8-afce-7cd30addb80b", "appId": 11572625}
2018-07-31 11:28:29[m1-java0.3-10256-25251d9e_downloadT-1] DEBUG [com.baidu.aip.talker.command.download.DownloadThreadCommand] - read datatrue:{"content": {"category": "TXT", "content": "\u533b\u5b66\u8003", "callId": "m1-ASR-10256-1-1533007706136", "logId": "9E3102D2-2512-4E33-95E5-98E4F4D4541C_2", "roleCategory": "AGENT", "triggerTime": 1533007711049, "extJson": {"snStartTime": "00:02.800", "completed": 1, "snStopTime": "00:03.400"}, "triggerTxt": ""}, "name": "knowledge_content", "callId": "m1-ASR-10256-1-1533007706136", "userId": 639624614, "logid": "cc0f4936-9471-11e8-94fd-6c92bf3b0791", "appId": 11572625}
2018-07-31 11:28:29[m1-java0.3-10256-25251d9e_downloadT-1] DEBUG [com.baidu.aip.talker.command.download.DownloadThreadCommand] - read datatrue:{"content": {"category": "TXT", "content": "\u533b\u5b66\u8003\u8bd5", "callId": "m1-ASR-10256-1-1533007706136", "logId": "9E3102D2-2512-4E33-95E5-98E4F4D4541C_3", "roleCategory": "AGENT", "triggerTime": 1533007711206, "extJson": {"snStartTime": "00:02.800", "completed": 1, "snStopTime": "00:03.200"}, "triggerTxt": ""}, "name": "knowledge_content", "callId": "m1-ASR-10256-1-1533007706136", "userId": 639624614, "logid": "cc274ef0-9471-11e8-96f1-6c92bf3b0791", "appId": 11572625}
2018-07-31 11:28:29[m1-java0.3-10256-25251d9e_downloadT-1] DEBUG [com.baidu.aip.talker.command.download.DownloadThreadCommand] - read datatrue:{"content": {"category": "TXT", "content": "\u533b\u5b66\u8003\u8bd5\u662f", "callId": "m1-ASR-10256-1-1533007706136", "logId": "9E3102D2-2512-4E33-95E5-98E4F4D4541C_4", "roleCategory": "AGENT", "triggerTime": 1533007711530, "extJson": {"snStartTime": "00:02.800", "completed": 1, "snStopTime": "00:03.520"}, "triggerTxt": ""}, "name": "knowledge_content", "callId": "m1-ASR-10256-1-1533007706136", "userId": 639624614, "logid": "cc58a824-9471-11e8-96f1-6c92bf3b0791", "appId": 11572625}
2018-07-31 11:28:30[m1-java0.3-10256-25251d9e_downloadT-1] DEBUG [com.baidu.aip.talker.command.download.DownloadThreadCommand] - read datatrue:{"content": {"category": "TXT", "content": "\u533b\u5b66\u8003\u8bd5\u65f6\u95f4", "callId": "m1-ASR-10256-1-1533007706136", "logId": "9E3102D2-2512-4E33-95E5-98E4F4D4541C_5", "roleCategory": "AGENT", "triggerTime": 1533007711694, "extJson": {"snStartTime": "00:02.800", "completed": 1, "snStopTime": "00:03.680"}, "triggerTxt": ""}, "name": "knowledge_content", "callId": "m1-ASR-10256-1-1533007706136", "userId": 639624614, "logid": "cc71de20-9471-11e8-b1a6-6c92bf3b07d2", "appId": 11572625}
2018-07-31 11:28:30[m1-java0.3-10256-25251d9e_downloadT-1] DEBUG [com.baidu.aip.talker.command.download.DownloadThreadCommand] - read datatrue:{"logid": "ccaff8d6-9471-11e8-98a7-6c92bf3b0791", "originLogId": "uploadT-2-Event:speech_heartbeat[m1-java0.3-10256-25251d9e--0]-15", "name": "speech_heartbeat_ack", "sdkId": "m1-java0.3-10256-25251d9e"}
2018-07-31 11:28:30[m1-java0.3-10256-25251d9e_downloadT-1] DEBUG [com.baidu.aip.talker.command.download.DownloadThreadCommand] - read datatrue:{"content": {"category": "TXT", "content": "\u533b\u5b66\u8003\u8bd5\u65f6\u95f4\uff0c", "callId": "m1-ASR-10256-1-1533007706136", "logId": "9E3102D2-2512-4E33-95E5-98E4F4D4541C_-1", "roleCategory": "AGENT", "triggerTime": 1533007712199, "extJson": {"snStartTime": "00:02.800", "completed": 3, "speed": "4.41", "snStopTime": "00:04.160"}, "triggerTxt": ""}, "name": "knowledge_content", "callId": "m1-ASR-10256-1-1533007706136", "userId": 639624614, "logid": "ccbeda54-9471-11e8-94fd-6c92bf3b0791", "appId": 11572625}
2018-07-31 11:28:30[m1-java0.3-10256-25251d9e_downloadT-1] DEBUG [com.baidu.aip.talker.command.download.DownloadThreadCommand] - read datatrue:{"logid": "ccc863f8-9471-11e8-98a7-6c92bf3b0791", "originLogId": "uploadT-1-Event:speech_heartbeat[m1-java0.3-10256-25251d9e--0]-16", "name": "speech_heartbeat_ack", "sdkId": "m1-java0.3-10256-25251d9e"}
2018-07-31 11:28:31[m1-java0.3-10256-25251d9e_downloadT-1] DEBUG [com.baidu.aip.talker.command.download.DownloadThreadCommand] - read datatrue:{"logid": "cd026c56-9471-11e8-98a7-6c92bf3b0791", "name": "heartbeat"}
2018-07-31 11:28:32[main] INFO  [com.baidu.aip.talker.controller.ControllerImpl] - SDK will be stopped
2018-07-31 11:28:32[m1-java0.3-10256-25251d9e_uploadT-1] DEBUG [com.baidu.aip.talker.command.upload.UploadData] - JsonStr is:{"roleId":0,"callId":"m1-ASR-10256-1-1533007706136","name":"speech_end","sendTs":1533007712218,"beforeCompressTs":0,"afterCompressTs":0,"beforeUploadTs":1533007712218,"compress":0,"sdkId":"m1-java0.3-10256-25251d9e","connectionId":"uploadT-1","ts":1533007712218,"seqId":0,"agentDn":"123","heartBeat":false,"logid":"uploadT-1-Event:speech_end[m1-ASR-10256-1-1533007706136--0-P]-21"} ; binary length: 0
2018-07-31 11:28:32[m1-java0.3-10256-25251d9e_uploadT-2] DEBUG [com.baidu.aip.talker.command.upload.UploadData] - JsonStr is:{"roleId":0,"callId":"","name":"speech_sdk_stop","sendTs":0,"beforeCompressTs":0,"afterCompressTs":0,"beforeUploadTs":1533007712219,"compress":0,"sdkId":"m1-java0.3-10256-25251d9e","connectionId":"uploadT-2","ts":1533007712219,"seqId":0,"agentDn":"0","heartBeat":false,"logid":"uploadT-2-Event:speech_sdk_stop[m1-java0.3-10256-25251d9e--0-P]-21"} ; binary length: 0
2018-07-31 11:28:32[m1-java0.3-10256-25251d9e_uploadT-2] TRACE [com.baidu.aip.talker.command.upload.UploadDataEntity] - write to upload stream:Event:speech_sdk_stop[m1-java0.3-10256-25251d9e--0-P]duration= 0 , time=1533007712219
2018-07-31 11:28:32[m1-java0.3-10256-25251d9e_uploadT-1] TRACE [com.baidu.aip.talker.command.upload.UploadDataEntity] - write to upload stream:Event:speech_end[m1-ASR-10256-1-1533007706136--0-P]duration= 2 , time=1533007712220
2018-07-31 11:28:32[m1-java0.3-10256-25251d9e_downloadT-1] INFO  [com.baidu.aip.talker.common.GlobalSwitch] - isDownloadThreadActive:false
2018-07-31 11:28:32[m1-java0.3-10256-25251d9e_downloadT-1] INFO  [com.baidu.aip.talker.common.GlobalSwitch] - isDownloadThreadActive:false
2018-07-31 11:28:32[m1-java0.3-10256-25251d9e_downloadT-1] INFO  [com.baidu.aip.talker.command.CommandThreadPoolExecutor] - afterExecute Command Info:downloadT-1:14
2018-07-31 11:28:35[m1-java0.3-10256-25251d9e_uploadT-2] INFO  [com.baidu.aip.talker.command.upload.UploadDataEntity] - uploadT-2 will be stopped
2018-07-31 11:28:35[m1-java0.3-10256-25251d9e_uploadT-2] INFO  [com.baidu.aip.talker.command.upload.UploadDataEntity] - 24 packages sent, commandId:uploadT-2
2018-07-31 11:28:35[m1-java0.3-10256-25251d9e_uploadT-1] INFO  [com.baidu.aip.talker.command.upload.UploadDataEntity] - uploadT-1 will be stopped
2018-07-31 11:28:35[m1-java0.3-10256-25251d9e_uploadT-1] INFO  [com.baidu.aip.talker.command.upload.UploadDataEntity] - 24 packages sent, commandId:uploadT-1
2018-07-31 11:28:35[m1-java0.3-10256-25251d9e_uploadT-2] INFO  [com.baidu.aip.talker.command.CommandThreadPoolExecutor] - afterExecute Command Info:uploadT-2:16
2018-07-31 11:28:35[m1-java0.3-10256-25251d9e_uploadT-1] INFO  [com.baidu.aip.talker.command.CommandThreadPoolExecutor] - afterExecute Command Info:uploadT-1:15
2018-07-31 11:28:36[main] INFO  [com.baidu.aip.talker.controller.ControllerImpl] - schedule status:true, uploader status:true, download status:true
2018-07-31 11:56:08[main] INFO  [com.baidu.aip.talker.controller.ControllerImpl] - Conf is loaded :conf/sdk.properties
2018-07-31 11:56:08[main] INFO  [com.baidu.aip.talker.controller.ControllerImpl] - Stat is initialized
2018-07-31 11:56:08[main] INFO  [com.baidu.aip.talker.controller.ControllerImpl] - Uploader is initialized
2018-07-31 11:56:08[main] INFO  [com.baidu.aip.talker.controller.ControllerImpl] - Downloader is initialized
2018-07-31 11:56:08[main] INFO  [com.baidu.aip.talker.controller.ControllerImpl] - ClientFactory is initialized
2018-07-31 11:56:08[main] INFO  [com.baidu.aip.talker.command.token.TokenThreadCommand] - token fetch params:[grant_type=client_credentials, client_id=t5fTe2YN25P36FYMnBTQcUga, client_secret=6SgSI55vVqCXOHTamtYwG3yE7A9uKvGX]
2018-07-31 11:56:09[main] WARN  [org.apache.http.client.protocol.ResponseProcessCookies] - Cookie rejected [BAIDUID="7A382ADD96A79B292E49F8A480F15625:FG=1", version:0, domain:baidu.com, path:/, expiry:Fri Jan 01 07:55:55 CST 2038] Illegal 'domain' attribute "baidu.com". Domain of origin: "aip.baidubce.com"
2018-07-31 11:56:09[main] INFO  [com.baidu.aip.talker.command.token.TokenThreadCommand] - new token obtained:24.9976322174ef2c4adaa76c7383bf6522.2592000.1535601370.282335-11572625,expires in MS:2592000000
2018-07-31 11:56:09[main] INFO  [com.baidu.aip.talker.controller.ControllerImpl] - ====All components are initialized=========
2018-07-31 11:56:09[main] INFO  [com.baidu.aip.talker.controller.ControllerImpl] - Start Threads
2018-07-31 11:56:09[main] INFO  [com.baidu.aip.talker.controller.ControllerImpl] - =========Download Threads started=============
2018-07-31 11:56:09[main] INFO  [com.baidu.aip.talker.command.upload.Uploader] - waiting  download first package success
2018-07-31 11:56:09[m1-java0.3-3484-12070cfd_downloadT-1] INFO  [com.baidu.aip.talker.command.CommandThreadPoolExecutor] - beforeExecute Thread Info:m1-java0.3-3484-12070cfd_downloadT-1:13
2018-07-31 11:56:09[m1-java0.3-3484-12070cfd_downloadT-1] INFO  [com.baidu.aip.talker.common.GlobalSwitch] - isDownloadThreadActive:true
2018-07-31 11:56:09[m1-java0.3-3484-12070cfd_downloadT-1] DEBUG [com.baidu.aip.talker.command.download.DownloadThreadCommand] - read datatrue:{"logid": "a99a6cb0-9475-11e8-98a7-6c92bf3b0791", "name": "heartbeat"}
2018-07-31 11:56:09[main] INFO  [com.baidu.aip.talker.command.upload.Uploader] - download first package success
2018-07-31 11:56:09[m1-java0.3-3484-12070cfd_uploadT-1] INFO  [com.baidu.aip.talker.command.CommandThreadPoolExecutor] - beforeExecute Thread Info:m1-java0.3-3484-12070cfd_uploadT-1:14
2018-07-31 11:56:09[m1-java0.3-3484-12070cfd_uploadT-1] INFO  [com.baidu.aip.talker.http.RequestFactory] - upload url is https://aitalker.baidubce.com/up?access_token=24.9976322174ef2c4adaa76c7383bf6522.2592000.1535601370.282335-11572625&scope=brain_bicc
2018-07-31 11:56:09[m1-java0.3-3484-12070cfd_uploadT-2] INFO  [com.baidu.aip.talker.command.CommandThreadPoolExecutor] - beforeExecute Thread Info:m1-java0.3-3484-12070cfd_uploadT-2:15
2018-07-31 11:56:09[m1-java0.3-3484-12070cfd_uploadT-2] INFO  [com.baidu.aip.talker.http.RequestFactory] - upload url is https://aitalker.baidubce.com/up?access_token=24.9976322174ef2c4adaa76c7383bf6522.2592000.1535601370.282335-11572625&scope=brain_bicc
2018-07-31 11:56:09[main] INFO  [com.baidu.aip.talker.controller.ControllerImpl] - =========Upload Threads started=============
2018-07-31 11:56:09[m1-java0.3-3484-12070cfd_uploadT-1] DEBUG [com.baidu.aip.talker.command.upload.UploadData] - JsonStr is:{"roleId":0,"callId":"m1-ASR-3484-1-1533009369729","name":"speech_start","sendTs":1533009369729,"beforeCompressTs":0,"afterCompressTs":0,"beforeUploadTs":1533009369775,"compress":0,"sdkId":"m1-java0.3-3484-12070cfd","connectionId":"uploadT-1","ts":1533009369776,"seqId":0,"agentDn":"123","rate":8000,"params":"","heartBeat":false,"logid":"uploadT-1-Event:speech_start[m1-ASR-3484-1-1533009369729--0-P]-0"} ; binary length: 0
2018-07-31 11:56:09[m1-java0.3-3484-12070cfd_uploadT-1] TRACE [com.baidu.aip.talker.command.upload.UploadDataEntity] - write to upload stream:Event:speech_start[m1-ASR-3484-1-1533009369729--0-P]duration= 13 , time=1533009369790
2018-07-31 11:56:09[m1-java0.3-3484-12070cfd_downloadT-1] DEBUG [com.baidu.aip.talker.command.download.DownloadThreadCommand] - read datatrue:{"status": 0, "callId": "m1-ASR-3484-1-1533009369729", "logid": "a9c43da6-9475-11e8-98a7-6c92bf3b0791", "name": "speech_start_ack"}
2018-07-31 11:56:09[m1-java0.3-3484-12070cfd_downloadT-1] DEBUG [com.baidu.aip.talker.command.download.DownloadData] - SPEECH_START_ACK recieve :m1-ASR-3484-1-1533009369729
2018-07-31 11:56:11[m1-java0.3-3484-12070cfd_downloadT-1] DEBUG [com.baidu.aip.talker.command.download.DownloadThreadCommand] - read datatrue:{"logid": "aaf011dc-9475-11e8-98a7-6c92bf3b0791", "originLogId": "uploadT-2-Event:speech_heartbeat[m1-java0.3-3484-12070cfd--0]-7", "name": "speech_heartbeat_ack", "sdkId": "m1-java0.3-3484-12070cfd"}
2018-07-31 11:56:12[m1-java0.3-3484-12070cfd_downloadT-1] DEBUG [com.baidu.aip.talker.command.download.DownloadThreadCommand] - read datatrue:{"logid": "ab09c190-9475-11e8-98a7-6c92bf3b0791", "originLogId": "uploadT-1-Event:speech_heartbeat[m1-java0.3-3484-12070cfd--0]-8", "name": "speech_heartbeat_ack", "sdkId": "m1-java0.3-3484-12070cfd"}
2018-07-31 11:56:12[m1-java0.3-3484-12070cfd_downloadT-1] DEBUG [com.baidu.aip.talker.command.download.DownloadThreadCommand] - read datatrue:{"content": {"category": "TXT", "content": "\u4e00", "callId": "m1-ASR-3484-1-1533009369729", "logId": "0FD1A1D4-02ED-4795-BFFD-782EE928A7A2_0", "roleCategory": "AGENT", "triggerTime": 1533009374172, "extJson": {"snStartTime": "00:02.800", "completed": 1, "snStopTime": "00:02.560"}, "triggerTxt": ""}, "name": "knowledge_content", "callId": "m1-ASR-3484-1-1533009369729", "userId": 639624614, "logid": "ab5bd3d6-9475-11e8-9ac9-7cd30addb80b", "appId": 11572625}
2018-07-31 11:56:12[m1-java0.3-3484-12070cfd_downloadT-1] DEBUG [com.baidu.aip.talker.command.download.DownloadThreadCommand] - read datatrue:{"content": {"category": "TXT", "content": "\u533b\u5b66", "callId": "m1-ASR-3484-1-1533009369729", "logId": "0FD1A1D4-02ED-4795-BFFD-782EE928A7A2_1", "roleCategory": "AGENT", "triggerTime": 1533009374336, "extJson": {"snStartTime": "00:02.800", "completed": 1, "snStopTime": "00:02.720"}, "triggerTxt": ""}, "name": "knowledge_content", "callId": "m1-ASR-3484-1-1533009369729", "userId": 639624614, "logid": "ab749826-9475-11e8-9ac9-7cd30addb80b", "appId": 11572625}
2018-07-31 11:56:13[m1-java0.3-3484-12070cfd_downloadT-1] DEBUG [com.baidu.aip.talker.command.download.DownloadThreadCommand] - read datatrue:{"content": {"category": "TXT", "content": "\u533b\u5b66\u8003", "callId": "m1-ASR-3484-1-1533009369729", "logId": "0FD1A1D4-02ED-4795-BFFD-782EE928A7A2_2", "roleCategory": "AGENT", "triggerTime": 1533009374650, "extJson": {"snStartTime": "00:02.800", "completed": 1, "snStopTime": "00:03.400"}, "triggerTxt": ""}, "name": "knowledge_content", "callId": "m1-ASR-3484-1-1533009369729", "userId": 639624614, "logid": "aba4816c-9475-11e8-9ac9-7cd30addb80b", "appId": 11572625}
2018-07-31 11:56:13[m1-java0.3-3484-12070cfd_downloadT-1] DEBUG [com.baidu.aip.talker.command.download.DownloadThreadCommand] - read datatrue:{"content": {"category": "TXT", "content": "\u533b\u5b66\u8003\u8bd5", "callId": "m1-ASR-3484-1-1533009369729", "logId": "0FD1A1D4-02ED-4795-BFFD-782EE928A7A2_3", "roleCategory": "AGENT", "triggerTime": 1533009374808, "extJson": {"snStartTime": "00:02.800", "completed": 1, "snStopTime": "00:03.200"}, "triggerTxt": ""}, "name": "knowledge_content", "callId": "m1-ASR-3484-1-1533009369729", "userId": 639624614, "logid": "abbc8c62-9475-11e8-9ac9-7cd30addb80b", "appId": 11572625}
2018-07-31 11:56:13[m1-java0.3-3484-12070cfd_downloadT-1] DEBUG [com.baidu.aip.talker.command.download.DownloadThreadCommand] - read datatrue:{"content": {"category": "TXT", "content": "\u533b\u5b66\u8003\u8bd5\u662f", "callId": "m1-ASR-3484-1-1533009369729", "logId": "0FD1A1D4-02ED-4795-BFFD-782EE928A7A2_4", "roleCategory": "AGENT", "triggerTime": 1533009375133, "extJson": {"snStartTime": "00:02.800", "completed": 1, "snStopTime": "00:03.520"}, "triggerTxt": ""}, "name": "knowledge_content", "callId": "m1-ASR-3484-1-1533009369729", "userId": 639624614, "logid": "abee6f02-9475-11e8-adc7-6c92bf3b07d2", "appId": 11572625}
2018-07-31 11:56:13[m1-java0.3-3484-12070cfd_downloadT-1] DEBUG [com.baidu.aip.talker.command.download.DownloadThreadCommand] - read datatrue:{"content": {"category": "TXT", "content": "\u533b\u5b66\u8003\u8bd5\u65f6\u95f4", "callId": "m1-ASR-3484-1-1533009369729", "logId": "0FD1A1D4-02ED-4795-BFFD-782EE928A7A2_5", "roleCategory": "AGENT", "triggerTime": 1533009375297, "extJson": {"snStartTime": "00:02.800", "completed": 1, "snStopTime": "00:03.680"}, "triggerTxt": ""}, "name": "knowledge_content", "callId": "m1-ASR-3484-1-1533009369729", "userId": 639624614, "logid": "ac077236-9475-11e8-94fd-6c92bf3b0791", "appId": 11572625}
2018-07-31 11:56:14[m1-java0.3-3484-12070cfd_downloadT-1] DEBUG [com.baidu.aip.talker.command.download.DownloadThreadCommand] - read datatrue:{"logid": "ac45d1b6-9475-11e8-98a7-6c92bf3b0791", "originLogId": "uploadT-2-Event:speech_heartbeat[m1-java0.3-3484-12070cfd--0]-15", "name": "speech_heartbeat_ack", "sdkId": "m1-java0.3-3484-12070cfd"}
2018-07-31 11:56:14[m1-java0.3-3484-12070cfd_downloadT-1] DEBUG [com.baidu.aip.talker.command.download.DownloadThreadCommand] - read datatrue:{"content": {"category": "TXT", "content": "\u533b\u5b66\u8003\u8bd5\u65f6\u95f4\uff0c", "callId": "m1-ASR-3484-1-1533009369729", "logId": "0FD1A1D4-02ED-4795-BFFD-782EE928A7A2_-1", "roleCategory": "AGENT", "triggerTime": 1533009375820, "extJson": {"snStartTime": "00:02.800", "completed": 3, "speed": "4.41", "snStopTime": "00:04.160"}, "triggerTxt": ""}, "name": "knowledge_content", "callId": "m1-ASR-3484-1-1533009369729", "userId": 639624614, "logid": "ac5705a8-9475-11e8-afce-7cd30addb80b", "appId": 11572625}
2018-07-31 11:56:14[m1-java0.3-3484-12070cfd_downloadT-1] DEBUG [com.baidu.aip.talker.command.download.DownloadThreadCommand] - read datatrue:{"logid": "ac5e3922-9475-11e8-98a7-6c92bf3b0791", "originLogId": "uploadT-1-Event:speech_heartbeat[m1-java0.3-3484-12070cfd--0]-16", "name": "speech_heartbeat_ack", "sdkId": "m1-java0.3-3484-12070cfd"}
2018-07-31 11:56:14[m1-java0.3-3484-12070cfd_downloadT-1] DEBUG [com.baidu.aip.talker.command.download.DownloadThreadCommand] - read datatrue:{"logid": "ac95688e-9475-11e8-98a7-6c92bf3b0791", "name": "heartbeat"}
2018-07-31 11:56:15[main] INFO  [com.baidu.aip.talker.controller.ControllerImpl] - SDK will be stopped
2018-07-31 11:56:15[m1-java0.3-3484-12070cfd_uploadT-1] DEBUG [com.baidu.aip.talker.command.upload.UploadData] - JsonStr is:{"roleId":0,"callId":"m1-ASR-3484-1-1533009369729","name":"speech_end","sendTs":1533009375812,"beforeCompressTs":0,"afterCompressTs":0,"beforeUploadTs":1533009375812,"compress":0,"sdkId":"m1-java0.3-3484-12070cfd","connectionId":"uploadT-1","ts":1533009375812,"seqId":0,"agentDn":"123","heartBeat":false,"logid":"uploadT-1-Event:speech_end[m1-ASR-3484-1-1533009369729--0-P]-21"} ; binary length: 0
2018-07-31 11:56:15[m1-java0.3-3484-12070cfd_uploadT-1] TRACE [com.baidu.aip.talker.command.upload.UploadDataEntity] - write to upload stream:Event:speech_end[m1-ASR-3484-1-1533009369729--0-P]duration= 1 , time=1533009375813
2018-07-31 11:56:15[m1-java0.3-3484-12070cfd_uploadT-2] DEBUG [com.baidu.aip.talker.command.upload.UploadData] - JsonStr is:{"roleId":0,"callId":"","name":"speech_sdk_stop","sendTs":0,"beforeCompressTs":0,"afterCompressTs":0,"beforeUploadTs":1533009375812,"compress":0,"sdkId":"m1-java0.3-3484-12070cfd","connectionId":"uploadT-2","ts":1533009375812,"seqId":0,"agentDn":"0","heartBeat":false,"logid":"uploadT-2-Event:speech_sdk_stop[m1-java0.3-3484-12070cfd--0-P]-21"} ; binary length: 0
2018-07-31 11:56:15[m1-java0.3-3484-12070cfd_uploadT-2] TRACE [com.baidu.aip.talker.command.upload.UploadDataEntity] - write to upload stream:Event:speech_sdk_stop[m1-java0.3-3484-12070cfd--0-P]duration= 1 , time=1533009375813
2018-07-31 11:56:15[m1-java0.3-3484-12070cfd_downloadT-1] INFO  [com.baidu.aip.talker.common.GlobalSwitch] - isDownloadThreadActive:false
2018-07-31 11:56:15[m1-java0.3-3484-12070cfd_downloadT-1] INFO  [com.baidu.aip.talker.common.GlobalSwitch] - isDownloadThreadActive:false
2018-07-31 11:56:15[m1-java0.3-3484-12070cfd_downloadT-1] INFO  [com.baidu.aip.talker.command.CommandThreadPoolExecutor] - afterExecute Command Info:downloadT-1:13
2018-07-31 11:56:18[m1-java0.3-3484-12070cfd_uploadT-1] INFO  [com.baidu.aip.talker.command.upload.UploadDataEntity] - uploadT-1 will be stopped
2018-07-31 11:56:18[m1-java0.3-3484-12070cfd_uploadT-2] INFO  [com.baidu.aip.talker.command.upload.UploadDataEntity] - uploadT-2 will be stopped
2018-07-31 11:56:18[m1-java0.3-3484-12070cfd_uploadT-1] INFO  [com.baidu.aip.talker.command.upload.UploadDataEntity] - 24 packages sent, commandId:uploadT-1
2018-07-31 11:56:18[m1-java0.3-3484-12070cfd_uploadT-2] INFO  [com.baidu.aip.talker.command.upload.UploadDataEntity] - 24 packages sent, commandId:uploadT-2
2018-07-31 11:56:18[m1-java0.3-3484-12070cfd_uploadT-1] INFO  [com.baidu.aip.talker.command.CommandThreadPoolExecutor] - afterExecute Command Info:uploadT-1:14
2018-07-31 11:56:18[m1-java0.3-3484-12070cfd_uploadT-2] INFO  [com.baidu.aip.talker.command.CommandThreadPoolExecutor] - afterExecute Command Info:uploadT-2:15
2018-07-31 11:56:19[main] INFO  [com.baidu.aip.talker.controller.ControllerImpl] - schedule status:true, uploader status:true, download status:true
