2018-07-27 16:26:42[main] INFO  [com.baidu.aip.talker.controller.ControllerImpl] - Conf is loaded :conf/sdk.properties
2018-07-27 16:26:42[main] INFO  [com.baidu.aip.talker.controller.ControllerImpl] - Stat is initialized
2018-07-27 16:26:42[main] INFO  [com.baidu.aip.talker.controller.ControllerImpl] - Uploader is initialized
2018-07-27 16:26:42[main] INFO  [com.baidu.aip.talker.controller.ControllerImpl] - Downloader is initialized
2018-07-27 16:26:42[main] INFO  [com.baidu.aip.talker.controller.ControllerImpl] - ClientFactory is initialized
2018-07-27 16:26:42[main] INFO  [com.baidu.aip.talker.command.token.TokenThreadCommand] - token fetch params:[grant_type=client_credentials, client_id=t5fTe2YN25P36FYMnBTQcUga, client_secret=6SgSI55vVqCXOHTamtYwG3yE7A9uKvGX]
2018-07-27 16:26:43[main] WARN  [org.apache.http.client.protocol.ResponseProcessCookies] - Cookie rejected [BAIDUID="ED49FBF9C62AD5287695A4E83A1DC14F:FG=1", version:0, domain:baidu.com, path:/, expiry:Fri Jan 01 07:55:55 CST 2038] Illegal 'domain' attribute "baidu.com". Domain of origin: "aip.baidubce.com"
2018-07-27 16:26:44[main] INFO  [com.baidu.aip.talker.command.token.TokenThreadCommand] - new token obtained:24.b2240f45eedcd69b14a751ed2f3d5654.2592000.1535272007.282335-11572625,expires in MS:2592000000
2018-07-27 16:26:44[main] INFO  [com.baidu.aip.talker.controller.ControllerImpl] - ====All components are initialized=========
2018-07-27 16:26:44[main] INFO  [com.baidu.aip.talker.controller.ControllerImpl] - Start Threads
2018-07-27 16:26:44[main] INFO  [com.baidu.aip.talker.controller.ControllerImpl] - =========Download Threads started=============
2018-07-27 16:26:44[main] INFO  [com.baidu.aip.talker.command.upload.Uploader] - waiting  download first package success
2018-07-27 16:26:44[m1-java0.3-9964-c7b58900_downloadT-1] INFO  [com.baidu.aip.talker.command.CommandThreadPoolExecutor] - beforeExecute Thread Info:m1-java0.3-9964-c7b58900_downloadT-1:14
2018-07-27 16:26:44[m1-java0.3-9964-c7b58900_downloadT-1] INFO  [com.baidu.aip.talker.common.GlobalSwitch] - isDownloadThreadActive:true
2018-07-27 16:26:44[m1-java0.3-9964-c7b58900_downloadT-1] DEBUG [com.baidu.aip.talker.command.download.DownloadThreadCommand] - read datatrue:{"logid": "cd9be370-9176-11e8-8abd-6c92bf3b0791", "name": "heartbeat"}
2018-07-27 16:26:44[main] INFO  [com.baidu.aip.talker.command.upload.Uploader] - download first package success
2018-07-27 16:26:44[m1-java0.3-9964-c7b58900_uploadT-1] INFO  [com.baidu.aip.talker.command.CommandThreadPoolExecutor] - beforeExecute Thread Info:m1-java0.3-9964-c7b58900_uploadT-1:15
2018-07-27 16:26:44[m1-java0.3-9964-c7b58900_uploadT-2] INFO  [com.baidu.aip.talker.command.CommandThreadPoolExecutor] - beforeExecute Thread Info:m1-java0.3-9964-c7b58900_uploadT-2:16
2018-07-27 16:26:44[m1-java0.3-9964-c7b58900_uploadT-1] INFO  [com.baidu.aip.talker.http.RequestFactory] - upload url is https://aitalker.baidubce.com/up?access_token=24.b2240f45eedcd69b14a751ed2f3d5654.2592000.1535272007.282335-11572625&scope=brain_bicc
2018-07-27 16:26:44[m1-java0.3-9964-c7b58900_uploadT-2] INFO  [com.baidu.aip.talker.http.RequestFactory] - upload url is https://aitalker.baidubce.com/up?access_token=24.b2240f45eedcd69b14a751ed2f3d5654.2592000.1535272007.282335-11572625&scope=brain_bicc
2018-07-27 16:26:44[main] INFO  [com.baidu.aip.talker.controller.ControllerImpl] - =========Upload Threads started=============
2018-07-27 16:26:44[m1-java0.3-9964-c7b58900_uploadT-1] DEBUG [com.baidu.aip.talker.command.upload.UploadData] - JsonStr is:{"roleId":0,"callId":"m1-ASR-9964-1-1532680004261","name":"speech_start","sendTs":1532680004261,"beforeCompressTs":0,"afterCompressTs":0,"beforeUploadTs":1532680004308,"compress":0,"sdkId":"m1-java0.3-9964-c7b58900","connectionId":"uploadT-1","ts":1532680004311,"seqId":0,"agentDn":"123","rate":8000,"params":"","heartBeat":false,"logid":"uploadT-1-Event:speech_start[m1-ASR-9964-1-1532680004261--0-P]-0"} ; binary length: 0
2018-07-27 16:26:44[m1-java0.3-9964-c7b58900_uploadT-1] TRACE [com.baidu.aip.talker.command.upload.UploadDataEntity] - write to upload stream:Event:speech_start[m1-ASR-9964-1-1532680004261--0-P]duration= 14 , time=1532680004325
2018-07-27 16:26:44[m1-java0.3-9964-c7b58900_downloadT-1] DEBUG [com.baidu.aip.talker.command.download.DownloadThreadCommand] - read datatrue:{"status": 0, "callId": "m1-ASR-9964-1-1532680004261", "logid": "cdb87c10-9176-11e8-8abd-6c92bf3b0791", "name": "speech_start_ack"}
2018-07-27 16:26:44[m1-java0.3-9964-c7b58900_downloadT-1] DEBUG [com.baidu.aip.talker.command.download.DownloadData] - SPEECH_START_ACK recieve :m1-ASR-9964-1-1532680004261
2018-07-27 16:26:46[m1-java0.3-9964-c7b58900_downloadT-1] DEBUG [com.baidu.aip.talker.command.download.DownloadThreadCommand] - read datatrue:{"logid": "cee2ca64-9176-11e8-8abd-6c92bf3b0791", "originLogId": "uploadT-2-Event:speech_heartbeat[m1-java0.3-9964-c7b58900--0]-7", "name": "speech_heartbeat_ack", "sdkId": "m1-java0.3-9964-c7b58900"}
2018-07-27 16:26:46[m1-java0.3-9964-c7b58900_downloadT-1] DEBUG [com.baidu.aip.talker.command.download.DownloadThreadCommand] - read datatrue:{"logid": "cefc2d1a-9176-11e8-8abd-6c92bf3b0791", "originLogId": "uploadT-1-Event:speech_heartbeat[m1-java0.3-9964-c7b58900--0]-8", "name": "speech_heartbeat_ack", "sdkId": "m1-java0.3-9964-c7b58900"}
2018-07-27 16:26:47[m1-java0.3-9964-c7b58900_downloadT-1] DEBUG [com.baidu.aip.talker.command.download.DownloadThreadCommand] - read datatrue:{"content": {"category": "TXT", "content": "\u4e00", "callId": "m1-ASR-9964-1-1532680004261", "logId": "1A8A7E1C-DA7D-411B-B0A5-6EE14CB25A06_0", "roleCategory": "AGENT", "triggerTime": 1532680010499, "extJson": {"snStartTime": "00:02.800", "completed": 1, "snStopTime": "00:02.560"}, "triggerTxt": ""}, "name": "knowledge_content", "callId": "m1-ASR-9964-1-1532680004261", "userId": 639624614, "logid": "cf4ff26a-9176-11e8-afce-7cd30addb80b", "appId": 11572625}
2018-07-27 16:26:47[m1-java0.3-9964-c7b58900_downloadT-1] DEBUG [com.baidu.aip.talker.command.download.DownloadThreadCommand] - read datatrue:{"content": {"category": "TXT", "content": "\u533b\u5b66", "callId": "m1-ASR-9964-1-1532680004261", "logId": "1A8A7E1C-DA7D-411B-B0A5-6EE14CB25A06_1", "roleCategory": "AGENT", "triggerTime": 1532680010660, "extJson": {"snStartTime": "00:02.800", "completed": 1, "snStopTime": "00:02.720"}, "triggerTxt": ""}, "name": "knowledge_content", "callId": "m1-ASR-9964-1-1532680004261", "userId": 639624614, "logid": "cf681764-9176-11e8-94fd-6c92bf3b0791", "appId": 11572625}
2018-07-27 16:26:47[m1-java0.3-9964-c7b58900_downloadT-1] DEBUG [com.baidu.aip.talker.command.download.DownloadThreadCommand] - read datatrue:{"content": {"category": "TXT", "content": "\u533b\u5b66\u8003", "callId": "m1-ASR-9964-1-1532680004261", "logId": "1A8A7E1C-DA7D-411B-B0A5-6EE14CB25A06_2", "roleCategory": "AGENT", "triggerTime": 1532680010974, "extJson": {"snStartTime": "00:02.800", "completed": 1, "snStopTime": "00:03.400"}, "triggerTxt": ""}, "name": "knowledge_content", "callId": "m1-ASR-9964-1-1532680004261", "userId": 639624614, "logid": "cf97fc36-9176-11e8-9ac9-7cd30addb80b", "appId": 11572625}
2018-07-27 16:26:47[m1-java0.3-9964-c7b58900_downloadT-1] DEBUG [com.baidu.aip.talker.command.download.DownloadThreadCommand] - read datatrue:{"content": {"category": "TXT", "content": "\u533b\u5b66\u8003\u8bd5", "callId": "m1-ASR-9964-1-1532680004261", "logId": "1A8A7E1C-DA7D-411B-B0A5-6EE14CB25A06_3", "roleCategory": "AGENT", "triggerTime": 1532680011134, "extJson": {"snStartTime": "00:02.800", "completed": 1, "snStopTime": "00:03.200"}, "triggerTxt": ""}, "name": "knowledge_content", "callId": "m1-ASR-9964-1-1532680004261", "userId": 639624614, "logid": "cfb05b32-9176-11e8-94fd-6c92bf3b0791", "appId": 11572625}
2018-07-27 16:26:48[m1-java0.3-9964-c7b58900_downloadT-1] DEBUG [com.baidu.aip.talker.command.download.DownloadThreadCommand] - read datatrue:{"content": {"category": "TXT", "content": "\u533b\u5b66\u8003\u8bd5\u662f", "callId": "m1-ASR-9964-1-1532680004261", "logId": "1A8A7E1C-DA7D-411B-B0A5-6EE14CB25A06_4", "roleCategory": "AGENT", "triggerTime": 1532680011459, "extJson": {"snStartTime": "00:02.800", "completed": 1, "snStopTime": "00:03.520"}, "triggerTxt": ""}, "name": "knowledge_content", "callId": "m1-ASR-9964-1-1532680004261", "userId": 639624614, "logid": "cfe1f2c8-9176-11e8-9ac9-7cd30addb80b", "appId": 11572625}
2018-07-27 16:26:48[m1-java0.3-9964-c7b58900_downloadT-1] DEBUG [com.baidu.aip.talker.command.download.DownloadThreadCommand] - read datatrue:{"content": {"category": "TXT", "content": "\u533b\u5b66\u8003\u8bd5\u65f6\u95f4", "callId": "m1-ASR-9964-1-1532680004261", "logId": "1A8A7E1C-DA7D-411B-B0A5-6EE14CB25A06_5", "roleCategory": "AGENT", "triggerTime": 1532680011618, "extJson": {"snStartTime": "00:02.800", "completed": 1, "snStopTime": "00:03.680"}, "triggerTxt": ""}, "name": "knowledge_content", "callId": "m1-ASR-9964-1-1532680004261", "userId": 639624614, "logid": "cffa45d0-9176-11e8-adc7-6c92bf3b07d2", "appId": 11572625}
2018-07-27 16:26:48[m1-java0.3-9964-c7b58900_downloadT-1] DEBUG [com.baidu.aip.talker.command.download.DownloadThreadCommand] - read datatrue:{"logid": "d038eeb6-9176-11e8-8abd-6c92bf3b0791", "originLogId": "uploadT-2-Event:speech_heartbeat[m1-java0.3-9964-c7b58900--0]-15", "name": "speech_heartbeat_ack", "sdkId": "m1-java0.3-9964-c7b58900"}
2018-07-27 16:26:48[m1-java0.3-9964-c7b58900_downloadT-1] DEBUG [com.baidu.aip.talker.command.download.DownloadThreadCommand] - read datatrue:{"content": {"category": "TXT", "content": "\u533b\u5b66\u8003\u8bd5\u65f6\u95f4\uff0c", "callId": "m1-ASR-9964-1-1532680004261", "logId": "1A8A7E1C-DA7D-411B-B0A5-6EE14CB25A06_-1", "roleCategory": "AGENT", "triggerTime": 1532680012148, "extJson": {"snStartTime": "00:02.800", "completed": 3, "speed": "4.41", "snStopTime": "00:04.160"}, "triggerTxt": ""}, "name": "knowledge_content", "callId": "m1-ASR-9964-1-1532680004261", "userId": 639624614, "logid": "d04b4d4a-9176-11e8-b1a6-6c92bf3b07d2", "appId": 11572625}
2018-07-27 16:26:48[m1-java0.3-9964-c7b58900_downloadT-1] DEBUG [com.baidu.aip.talker.command.download.DownloadThreadCommand] - read datatrue:{"logid": "d050f8ee-9176-11e8-8abd-6c92bf3b0791", "originLogId": "uploadT-1-Event:speech_heartbeat[m1-java0.3-9964-c7b58900--0]-16", "name": "speech_heartbeat_ack", "sdkId": "m1-java0.3-9964-c7b58900"}
2018-07-27 16:26:49[m1-java0.3-9964-c7b58900_downloadT-1] DEBUG [com.baidu.aip.talker.command.download.DownloadThreadCommand] - read datatrue:{"logid": "d096dfe4-9176-11e8-8abd-6c92bf3b0791", "name": "heartbeat"}
2018-07-27 16:26:50[main] INFO  [com.baidu.aip.talker.controller.ControllerImpl] - SDK will be stopped
2018-07-27 16:26:50[m1-java0.3-9964-c7b58900_uploadT-1] DEBUG [com.baidu.aip.talker.command.upload.UploadData] - JsonStr is:{"roleId":0,"callId":"m1-ASR-9964-1-1532680004261","name":"speech_end","sendTs":1532680010342,"beforeCompressTs":0,"afterCompressTs":0,"beforeUploadTs":1532680010342,"compress":0,"sdkId":"m1-java0.3-9964-c7b58900","connectionId":"uploadT-1","ts":1532680010342,"seqId":0,"agentDn":"123","heartBeat":false,"logid":"uploadT-1-Event:speech_end[m1-ASR-9964-1-1532680004261--0-P]-21"} ; binary length: 0
2018-07-27 16:26:50[m1-java0.3-9964-c7b58900_uploadT-1] TRACE [com.baidu.aip.talker.command.upload.UploadDataEntity] - write to upload stream:Event:speech_end[m1-ASR-9964-1-1532680004261--0-P]duration= 0 , time=1532680010342
2018-07-27 16:26:50[m1-java0.3-9964-c7b58900_uploadT-2] DEBUG [com.baidu.aip.talker.command.upload.UploadData] - JsonStr is:{"roleId":0,"callId":"","name":"speech_sdk_stop","sendTs":0,"beforeCompressTs":0,"afterCompressTs":0,"beforeUploadTs":1532680010342,"compress":0,"sdkId":"m1-java0.3-9964-c7b58900","connectionId":"uploadT-2","ts":1532680010342,"seqId":0,"agentDn":"0","heartBeat":false,"logid":"uploadT-2-Event:speech_sdk_stop[m1-java0.3-9964-c7b58900--0-P]-21"} ; binary length: 0
2018-07-27 16:26:50[m1-java0.3-9964-c7b58900_uploadT-2] TRACE [com.baidu.aip.talker.command.upload.UploadDataEntity] - write to upload stream:Event:speech_sdk_stop[m1-java0.3-9964-c7b58900--0-P]duration= 1 , time=1532680010343
2018-07-27 16:26:50[m1-java0.3-9964-c7b58900_downloadT-1] INFO  [com.baidu.aip.talker.common.GlobalSwitch] - isDownloadThreadActive:false
2018-07-27 16:26:50[m1-java0.3-9964-c7b58900_downloadT-1] INFO  [com.baidu.aip.talker.common.GlobalSwitch] - isDownloadThreadActive:false
2018-07-27 16:26:50[m1-java0.3-9964-c7b58900_downloadT-1] INFO  [com.baidu.aip.talker.command.CommandThreadPoolExecutor] - afterExecute Command Info:downloadT-1:14
2018-07-27 16:26:53[m1-java0.3-9964-c7b58900_uploadT-1] INFO  [com.baidu.aip.talker.command.upload.UploadDataEntity] - uploadT-1 will be stopped
2018-07-27 16:26:53[m1-java0.3-9964-c7b58900_uploadT-1] INFO  [com.baidu.aip.talker.command.upload.UploadDataEntity] - 24 packages sent, commandId:uploadT-1
2018-07-27 16:26:53[m1-java0.3-9964-c7b58900_uploadT-2] INFO  [com.baidu.aip.talker.command.upload.UploadDataEntity] - uploadT-2 will be stopped
2018-07-27 16:26:53[m1-java0.3-9964-c7b58900_uploadT-2] INFO  [com.baidu.aip.talker.command.upload.UploadDataEntity] - 24 packages sent, commandId:uploadT-2
2018-07-27 16:26:53[m1-java0.3-9964-c7b58900_uploadT-1] INFO  [com.baidu.aip.talker.command.CommandThreadPoolExecutor] - afterExecute Command Info:uploadT-1:15
2018-07-27 16:26:53[m1-java0.3-9964-c7b58900_uploadT-2] INFO  [com.baidu.aip.talker.command.CommandThreadPoolExecutor] - afterExecute Command Info:uploadT-2:16
2018-07-27 16:26:54[main] INFO  [com.baidu.aip.talker.controller.ControllerImpl] - schedule status:true, uploader status:true, download status:true
2018-07-27 16:27:39[main] INFO  [com.baidu.aip.talker.controller.ControllerImpl] - Conf is loaded :conf/sdk.properties
2018-07-27 16:27:39[main] INFO  [com.baidu.aip.talker.controller.ControllerImpl] - Stat is initialized
2018-07-27 16:27:39[main] INFO  [com.baidu.aip.talker.controller.ControllerImpl] - Uploader is initialized
2018-07-27 16:27:39[main] INFO  [com.baidu.aip.talker.controller.ControllerImpl] - Downloader is initialized
2018-07-27 16:27:39[main] INFO  [com.baidu.aip.talker.controller.ControllerImpl] - ClientFactory is initialized
2018-07-27 16:27:39[main] INFO  [com.baidu.aip.talker.command.token.TokenThreadCommand] - token fetch params:[grant_type=client_credentials, client_id=t5fTe2YN25P36FYMnBTQcUga, client_secret=6SgSI55vVqCXOHTamtYwG3yE7A9uKvGX]
2018-07-27 16:27:39[main] WARN  [org.apache.http.client.protocol.ResponseProcessCookies] - Cookie rejected [BAIDUID="8E59E6130457F7F0004E4131E1F1045C:FG=1", version:0, domain:baidu.com, path:/, expiry:Fri Jan 01 07:55:55 CST 2038] Illegal 'domain' attribute "baidu.com". Domain of origin: "aip.baidubce.com"
2018-07-27 16:27:40[main] INFO  [com.baidu.aip.talker.command.token.TokenThreadCommand] - new token obtained:24.17c169acc066f8c6cdc536c85d342ccf.2592000.1535272063.282335-11572625,expires in MS:2592000000
2018-07-27 16:27:40[main] INFO  [com.baidu.aip.talker.controller.ControllerImpl] - ====All components are initialized=========
2018-07-27 16:27:40[main] INFO  [com.baidu.aip.talker.controller.ControllerImpl] - Start Threads
2018-07-27 16:27:40[main] INFO  [com.baidu.aip.talker.controller.ControllerImpl] - =========Download Threads started=============
2018-07-27 16:27:40[main] INFO  [com.baidu.aip.talker.command.upload.Uploader] - waiting  download first package success
2018-07-27 16:27:40[m1-java0.3-9752-e9ea83d1_downloadT-1] INFO  [com.baidu.aip.talker.command.CommandThreadPoolExecutor] - beforeExecute Thread Info:m1-java0.3-9752-e9ea83d1_downloadT-1:13
2018-07-27 16:27:40[m1-java0.3-9752-e9ea83d1_downloadT-1] INFO  [com.baidu.aip.talker.common.GlobalSwitch] - isDownloadThreadActive:true
2018-07-27 16:27:40[m1-java0.3-9752-e9ea83d1_downloadT-1] DEBUG [com.baidu.aip.talker.command.download.DownloadThreadCommand] - read datatrue:{"logid": "eef5699c-9176-11e8-9d79-6c92bf3b07d2", "name": "heartbeat"}
2018-07-27 16:27:40[main] INFO  [com.baidu.aip.talker.command.upload.Uploader] - download first package success
2018-07-27 16:27:40[m1-java0.3-9752-e9ea83d1_uploadT-1] INFO  [com.baidu.aip.talker.command.CommandThreadPoolExecutor] - beforeExecute Thread Info:m1-java0.3-9752-e9ea83d1_uploadT-1:14
2018-07-27 16:27:40[m1-java0.3-9752-e9ea83d1_uploadT-1] INFO  [com.baidu.aip.talker.http.RequestFactory] - upload url is https://aitalker.baidubce.com/up?access_token=24.17c169acc066f8c6cdc536c85d342ccf.2592000.1535272063.282335-11572625&scope=brain_bicc
2018-07-27 16:27:40[m1-java0.3-9752-e9ea83d1_uploadT-2] INFO  [com.baidu.aip.talker.command.CommandThreadPoolExecutor] - beforeExecute Thread Info:m1-java0.3-9752-e9ea83d1_uploadT-2:15
2018-07-27 16:27:40[m1-java0.3-9752-e9ea83d1_uploadT-2] INFO  [com.baidu.aip.talker.http.RequestFactory] - upload url is https://aitalker.baidubce.com/up?access_token=24.17c169acc066f8c6cdc536c85d342ccf.2592000.1535272063.282335-11572625&scope=brain_bicc
2018-07-27 16:27:40[main] INFO  [com.baidu.aip.talker.controller.ControllerImpl] - =========Upload Threads started=============
2018-07-27 16:27:40[m1-java0.3-9752-e9ea83d1_uploadT-2] DEBUG [com.baidu.aip.talker.command.upload.UploadData] - JsonStr is:{"roleId":0,"callId":"m1-ASR-9752-1-1532680060272","name":"speech_start","sendTs":1532680060272,"beforeCompressTs":0,"afterCompressTs":0,"beforeUploadTs":1532680060329,"compress":0,"sdkId":"m1-java0.3-9752-e9ea83d1","connectionId":"uploadT-2","ts":1532680060330,"seqId":0,"agentDn":"123","rate":8000,"params":"","heartBeat":false,"logid":"uploadT-2-Event:speech_start[m1-ASR-9752-1-1532680060272--0-P]-0"} ; binary length: 0
2018-07-27 16:27:40[m1-java0.3-9752-e9ea83d1_uploadT-2] TRACE [com.baidu.aip.talker.command.upload.UploadDataEntity] - write to upload stream:Event:speech_start[m1-ASR-9752-1-1532680060272--0-P]duration= 22 , time=1532680060352
2018-07-27 16:27:40[m1-java0.3-9752-e9ea83d1_downloadT-1] DEBUG [com.baidu.aip.talker.command.download.DownloadThreadCommand] - read datatrue:{"status": 0, "callId": "m1-ASR-9752-1-1532680060272", "logid": "ef1fe5f0-9176-11e8-9d79-6c92bf3b07d2", "name": "speech_start_ack"}
2018-07-27 16:27:40[m1-java0.3-9752-e9ea83d1_downloadT-1] DEBUG [com.baidu.aip.talker.command.download.DownloadData] - SPEECH_START_ACK recieve :m1-ASR-9752-1-1532680060272
2018-07-27 16:27:42[m1-java0.3-9752-e9ea83d1_downloadT-1] DEBUG [com.baidu.aip.talker.command.download.DownloadThreadCommand] - read datatrue:{"logid": "f04605a4-9176-11e8-9d79-6c92bf3b07d2", "originLogId": "uploadT-1-Event:speech_heartbeat[m1-java0.3-9752-e9ea83d1--0]-7", "name": "speech_heartbeat_ack", "sdkId": "m1-java0.3-9752-e9ea83d1"}
2018-07-27 16:27:42[m1-java0.3-9752-e9ea83d1_downloadT-1] DEBUG [com.baidu.aip.talker.command.download.DownloadThreadCommand] - read datatrue:{"logid": "f05f753e-9176-11e8-9d79-6c92bf3b07d2", "originLogId": "uploadT-2-Event:speech_heartbeat[m1-java0.3-9752-e9ea83d1--0]-8", "name": "speech_heartbeat_ack", "sdkId": "m1-java0.3-9752-e9ea83d1"}
2018-07-27 16:27:43[m1-java0.3-9752-e9ea83d1_downloadT-1] DEBUG [com.baidu.aip.talker.command.download.DownloadThreadCommand] - read datatrue:{"content": {"category": "TXT", "content": "\u4e00", "callId": "m1-ASR-9752-1-1532680060272", "logId": "7D117976-6CC7-4A6B-A067-73D64B31CBC6_0", "roleCategory": "AGENT", "triggerTime": 1532680066513, "extJson": {"snStartTime": "00:02.800", "completed": 1, "snStopTime": "00:02.560"}, "triggerTxt": ""}, "name": "knowledge_content", "callId": "m1-ASR-9752-1-1532680060272", "userId": 639624614, "logid": "f0b32666-9176-11e8-afce-7cd30addb80b", "appId": 11572625}
2018-07-27 16:27:43[m1-java0.3-9752-e9ea83d1_downloadT-1] DEBUG [com.baidu.aip.talker.command.download.DownloadThreadCommand] - read datatrue:{"content": {"category": "TXT", "content": "\u533b\u5b66", "callId": "m1-ASR-9752-1-1532680060272", "logId": "7D117976-6CC7-4A6B-A067-73D64B31CBC6_1", "roleCategory": "AGENT", "triggerTime": 1532680066665, "extJson": {"snStartTime": "00:02.800", "completed": 1, "snStopTime": "00:02.720"}, "triggerTxt": ""}, "name": "knowledge_content", "callId": "m1-ASR-9752-1-1532680060272", "userId": 639624614, "logid": "f0c9d37a-9176-11e8-9ac9-7cd30addb80b", "appId": 11572625}
2018-07-27 16:27:43[m1-java0.3-9752-e9ea83d1_downloadT-1] DEBUG [com.baidu.aip.talker.command.download.DownloadThreadCommand] - read datatrue:{"content": {"category": "TXT", "content": "\u533b\u5b66\u8003", "callId": "m1-ASR-9752-1-1532680060272", "logId": "7D117976-6CC7-4A6B-A067-73D64B31CBC6_2", "roleCategory": "AGENT", "triggerTime": 1532680066979, "extJson": {"snStartTime": "00:02.800", "completed": 1, "snStopTime": "00:03.400"}, "triggerTxt": ""}, "name": "knowledge_content", "callId": "m1-ASR-9752-1-1532680060272", "userId": 639624614, "logid": "f0f9a424-9176-11e8-94fd-6c92bf3b0791", "appId": 11572625}
2018-07-27 16:27:43[m1-java0.3-9752-e9ea83d1_downloadT-1] DEBUG [com.baidu.aip.talker.command.download.DownloadThreadCommand] - read datatrue:{"content": {"category": "TXT", "content": "\u533b\u5b66\u8003\u8bd5", "callId": "m1-ASR-9752-1-1532680060272", "logId": "7D117976-6CC7-4A6B-A067-73D64B31CBC6_3", "roleCategory": "AGENT", "triggerTime": 1532680067142, "extJson": {"snStartTime": "00:02.800", "completed": 1, "snStopTime": "00:03.200"}, "triggerTxt": ""}, "name": "knowledge_content", "callId": "m1-ASR-9752-1-1532680060272", "userId": 639624614, "logid": "f112a0a0-9176-11e8-96f1-6c92bf3b0791", "appId": 11572625}
2018-07-27 16:27:44[m1-java0.3-9752-e9ea83d1_downloadT-1] DEBUG [com.baidu.aip.talker.command.download.DownloadThreadCommand] - read datatrue:{"content": {"category": "TXT", "content": "\u533b\u5b66\u8003\u8bd5\u662f", "callId": "m1-ASR-9752-1-1532680060272", "logId": "7D117976-6CC7-4A6B-A067-73D64B31CBC6_4", "roleCategory": "AGENT", "triggerTime": 1532680067465, "extJson": {"snStartTime": "00:02.800", "completed": 1, "snStopTime": "00:03.520"}, "triggerTxt": ""}, "name": "knowledge_content", "callId": "m1-ASR-9752-1-1532680060272", "userId": 639624614, "logid": "f14400b4-9176-11e8-afce-7cd30addb80b", "appId": 11572625}
2018-07-27 16:27:44[m1-java0.3-9752-e9ea83d1_downloadT-1] DEBUG [com.baidu.aip.talker.command.download.DownloadThreadCommand] - read datatrue:{"content": {"category": "TXT", "content": "\u533b\u5b66\u8003\u8bd5\u65f6\u95f4", "callId": "m1-ASR-9752-1-1532680060272", "logId": "7D117976-6CC7-4A6B-A067-73D64B31CBC6_5", "roleCategory": "AGENT", "triggerTime": 1532680067626, "extJson": {"snStartTime": "00:02.800", "completed": 1, "snStopTime": "00:03.680"}, "triggerTxt": ""}, "name": "knowledge_content", "callId": "m1-ASR-9752-1-1532680060272", "userId": 639624614, "logid": "f15c9872-9176-11e8-adc7-6c92bf3b07d2", "appId": 11572625}
2018-07-27 16:27:44[m1-java0.3-9752-e9ea83d1_downloadT-1] DEBUG [com.baidu.aip.talker.command.download.DownloadThreadCommand] - read datatrue:{"logid": "f19c08ea-9176-11e8-9d79-6c92bf3b07d2", "originLogId": "uploadT-1-Event:speech_heartbeat[m1-java0.3-9752-e9ea83d1--0]-15", "name": "speech_heartbeat_ack", "sdkId": "m1-java0.3-9752-e9ea83d1"}
2018-07-27 16:27:44[m1-java0.3-9752-e9ea83d1_downloadT-1] DEBUG [com.baidu.aip.talker.command.download.DownloadThreadCommand] - read datatrue:{"content": {"category": "TXT", "content": "\u533b\u5b66\u8003\u8bd5\u65f6\u95f4\uff0c", "callId": "m1-ASR-9752-1-1532680060272", "logId": "7D117976-6CC7-4A6B-A067-73D64B31CBC6_-1", "roleCategory": "AGENT", "triggerTime": 1532680068146, "extJson": {"snStartTime": "00:02.800", "completed": 3, "speed": "4.41", "snStopTime": "00:04.160"}, "triggerTxt": ""}, "name": "knowledge_content", "callId": "m1-ASR-9752-1-1532680060272", "userId": 639624614, "logid": "f1abb1a0-9176-11e8-96f1-6c92bf3b0791", "appId": 11572625}
2018-07-27 16:27:44[m1-java0.3-9752-e9ea83d1_downloadT-1] DEBUG [com.baidu.aip.talker.command.download.DownloadThreadCommand] - read datatrue:{"logid": "f1b400bc-9176-11e8-9d79-6c92bf3b07d2", "originLogId": "uploadT-2-Event:speech_heartbeat[m1-java0.3-9752-e9ea83d1--0]-16", "name": "speech_heartbeat_ack", "sdkId": "m1-java0.3-9752-e9ea83d1"}
2018-07-27 16:27:45[m1-java0.3-9752-e9ea83d1_downloadT-1] DEBUG [com.baidu.aip.talker.command.download.DownloadThreadCommand] - read datatrue:{"logid": "f1f0653e-9176-11e8-9d79-6c92bf3b07d2", "name": "heartbeat"}
2018-07-27 16:27:46[main] INFO  [com.baidu.aip.talker.controller.ControllerImpl] - SDK will be stopped
2018-07-27 16:27:46[m1-java0.3-9752-e9ea83d1_uploadT-2] DEBUG [com.baidu.aip.talker.command.upload.UploadData] - JsonStr is:{"roleId":0,"callId":"m1-ASR-9752-1-1532680060272","name":"speech_end","sendTs":1532680066353,"beforeCompressTs":0,"afterCompressTs":0,"beforeUploadTs":1532680066353,"compress":0,"sdkId":"m1-java0.3-9752-e9ea83d1","connectionId":"uploadT-2","ts":1532680066353,"seqId":0,"agentDn":"123","heartBeat":false,"logid":"uploadT-2-Event:speech_end[m1-ASR-9752-1-1532680060272--0-P]-21"} ; binary length: 0
2018-07-27 16:27:46[m1-java0.3-9752-e9ea83d1_uploadT-1] DEBUG [com.baidu.aip.talker.command.upload.UploadData] - JsonStr is:{"roleId":0,"callId":"","name":"speech_sdk_stop","sendTs":0,"beforeCompressTs":0,"afterCompressTs":0,"beforeUploadTs":1532680066353,"compress":0,"sdkId":"m1-java0.3-9752-e9ea83d1","connectionId":"uploadT-1","ts":1532680066353,"seqId":0,"agentDn":"0","heartBeat":false,"logid":"uploadT-1-Event:speech_sdk_stop[m1-java0.3-9752-e9ea83d1--0-P]-21"} ; binary length: 0
2018-07-27 16:27:46[m1-java0.3-9752-e9ea83d1_uploadT-2] TRACE [com.baidu.aip.talker.command.upload.UploadDataEntity] - write to upload stream:Event:speech_end[m1-ASR-9752-1-1532680060272--0-P]duration= 0 , time=1532680066353
2018-07-27 16:27:46[m1-java0.3-9752-e9ea83d1_uploadT-1] TRACE [com.baidu.aip.talker.command.upload.UploadDataEntity] - write to upload stream:Event:speech_sdk_stop[m1-java0.3-9752-e9ea83d1--0-P]duration= 0 , time=1532680066353
2018-07-27 16:27:46[m1-java0.3-9752-e9ea83d1_downloadT-1] INFO  [com.baidu.aip.talker.common.GlobalSwitch] - isDownloadThreadActive:false
2018-07-27 16:27:46[m1-java0.3-9752-e9ea83d1_downloadT-1] INFO  [com.baidu.aip.talker.common.GlobalSwitch] - isDownloadThreadActive:false
2018-07-27 16:27:46[m1-java0.3-9752-e9ea83d1_downloadT-1] INFO  [com.baidu.aip.talker.command.CommandThreadPoolExecutor] - afterExecute Command Info:downloadT-1:13
2018-07-27 16:27:49[m1-java0.3-9752-e9ea83d1_uploadT-1] INFO  [com.baidu.aip.talker.command.upload.UploadDataEntity] - uploadT-1 will be stopped
2018-07-27 16:27:49[m1-java0.3-9752-e9ea83d1_uploadT-2] INFO  [com.baidu.aip.talker.command.upload.UploadDataEntity] - uploadT-2 will be stopped
2018-07-27 16:27:49[m1-java0.3-9752-e9ea83d1_uploadT-1] INFO  [com.baidu.aip.talker.command.upload.UploadDataEntity] - 24 packages sent, commandId:uploadT-1
2018-07-27 16:27:49[m1-java0.3-9752-e9ea83d1_uploadT-2] INFO  [com.baidu.aip.talker.command.upload.UploadDataEntity] - 24 packages sent, commandId:uploadT-2
2018-07-27 16:27:49[m1-java0.3-9752-e9ea83d1_uploadT-2] INFO  [com.baidu.aip.talker.command.CommandThreadPoolExecutor] - afterExecute Command Info:uploadT-2:15
2018-07-27 16:27:49[m1-java0.3-9752-e9ea83d1_uploadT-1] INFO  [com.baidu.aip.talker.command.CommandThreadPoolExecutor] - afterExecute Command Info:uploadT-1:14
2018-07-27 16:27:50[main] INFO  [com.baidu.aip.talker.controller.ControllerImpl] - schedule status:true, uploader status:true, download status:true
2018-07-27 16:41:22[main] INFO  [com.baidu.aip.talker.controller.ControllerImpl] - Conf is loaded :conf/sdk.properties
2018-07-27 16:41:22[main] INFO  [com.baidu.aip.talker.controller.ControllerImpl] - Stat is initialized
2018-07-27 16:41:22[main] INFO  [com.baidu.aip.talker.controller.ControllerImpl] - Uploader is initialized
2018-07-27 16:41:22[main] INFO  [com.baidu.aip.talker.controller.ControllerImpl] - Downloader is initialized
2018-07-27 16:41:22[main] INFO  [com.baidu.aip.talker.controller.ControllerImpl] - ClientFactory is initialized
2018-07-27 16:41:22[main] INFO  [com.baidu.aip.talker.command.token.TokenThreadCommand] - token fetch params:[grant_type=client_credentials, client_id=t5fTe2YN25P36FYMnBTQcUga, client_secret=6SgSI55vVqCXOHTamtYwG3yE7A9uKvGX]
2018-07-27 16:41:23[main] WARN  [org.apache.http.client.protocol.ResponseProcessCookies] - Cookie rejected [BAIDUID="F5A83FE3756E7E175A2A73C068A403D3:FG=1", version:0, domain:baidu.com, path:/, expiry:Fri Jan 01 07:55:55 CST 2038] Illegal 'domain' attribute "baidu.com". Domain of origin: "aip.baidubce.com"
2018-07-27 16:41:23[main] INFO  [com.baidu.aip.talker.command.token.TokenThreadCommand] - new token obtained:24.9f7e1b12e82e788800a6ed27a702bbc3.2592000.1535272886.282335-11572625,expires in MS:2592000000
2018-07-27 16:41:23[main] INFO  [com.baidu.aip.talker.controller.ControllerImpl] - ====All components are initialized=========
2018-07-27 16:41:23[main] INFO  [com.baidu.aip.talker.controller.ControllerImpl] - Start Threads
2018-07-27 16:41:23[main] INFO  [com.baidu.aip.talker.controller.ControllerImpl] - =========Download Threads started=============
2018-07-27 16:41:23[main] INFO  [com.baidu.aip.talker.command.upload.Uploader] - waiting  download first package success
2018-07-27 16:41:23[m1-java0.3-3212-f5fd1ddd_downloadT-1] INFO  [com.baidu.aip.talker.command.CommandThreadPoolExecutor] - beforeExecute Thread Info:m1-java0.3-3212-f5fd1ddd_downloadT-1:13
2018-07-27 16:41:23[m1-java0.3-3212-f5fd1ddd_downloadT-1] INFO  [com.baidu.aip.talker.common.GlobalSwitch] - isDownloadThreadActive:true
2018-07-27 16:41:23[m1-java0.3-3212-f5fd1ddd_downloadT-1] DEBUG [com.baidu.aip.talker.command.download.DownloadThreadCommand] - read datatrue:{"logid": "d9d8d010-9178-11e8-8abd-6c92bf3b0791", "name": "heartbeat"}
2018-07-27 16:41:23[main] INFO  [com.baidu.aip.talker.command.upload.Uploader] - download first package success
2018-07-27 16:41:23[m1-java0.3-3212-f5fd1ddd_uploadT-1] INFO  [com.baidu.aip.talker.command.CommandThreadPoolExecutor] - beforeExecute Thread Info:m1-java0.3-3212-f5fd1ddd_uploadT-1:14
2018-07-27 16:41:23[m1-java0.3-3212-f5fd1ddd_uploadT-1] INFO  [com.baidu.aip.talker.http.RequestFactory] - upload url is https://aitalker.baidubce.com/up?access_token=24.9f7e1b12e82e788800a6ed27a702bbc3.2592000.1535272886.282335-11572625&scope=brain_bicc
2018-07-27 16:41:23[main] INFO  [com.baidu.aip.talker.controller.ControllerImpl] - =========Upload Threads started=============
2018-07-27 16:41:23[m1-java0.3-3212-f5fd1ddd_uploadT-2] INFO  [com.baidu.aip.talker.command.CommandThreadPoolExecutor] - beforeExecute Thread Info:m1-java0.3-3212-f5fd1ddd_uploadT-2:15
2018-07-27 16:41:23[m1-java0.3-3212-f5fd1ddd_uploadT-2] INFO  [com.baidu.aip.talker.http.RequestFactory] - upload url is https://aitalker.baidubce.com/up?access_token=24.9f7e1b12e82e788800a6ed27a702bbc3.2592000.1535272886.282335-11572625&scope=brain_bicc
2018-07-27 16:41:23[m1-java0.3-3212-f5fd1ddd_uploadT-2] DEBUG [com.baidu.aip.talker.command.upload.UploadData] - JsonStr is:{"roleId":0,"callId":"m1-ASR-3212-1-1532680883876","name":"speech_start","sendTs":1532680883876,"beforeCompressTs":0,"afterCompressTs":0,"beforeUploadTs":1532680883917,"compress":0,"sdkId":"m1-java0.3-3212-f5fd1ddd","connectionId":"uploadT-2","ts":1532680883918,"seqId":0,"agentDn":"123","rate":8000,"params":"","heartBeat":false,"logid":"uploadT-2-Event:speech_start[m1-ASR-3212-1-1532680883876--0-P]-0"} ; binary length: 0
2018-07-27 16:41:23[m1-java0.3-3212-f5fd1ddd_uploadT-2] TRACE [com.baidu.aip.talker.command.upload.UploadDataEntity] - write to upload stream:Event:speech_start[m1-ASR-3212-1-1532680883876--0-P]duration= 7 , time=1532680883925
2018-07-27 16:41:24[m1-java0.3-3212-f5fd1ddd_downloadT-1] DEBUG [com.baidu.aip.talker.command.download.DownloadThreadCommand] - read datatrue:{"status": 0, "callId": "m1-ASR-3212-1-1532680883876", "logid": "da007f98-9178-11e8-8abd-6c92bf3b0791", "name": "speech_start_ack"}
2018-07-27 16:41:24[m1-java0.3-3212-f5fd1ddd_downloadT-1] DEBUG [com.baidu.aip.talker.command.download.DownloadData] - SPEECH_START_ACK recieve :m1-ASR-3212-1-1532680883876
2018-07-27 16:41:25[m1-java0.3-3212-f5fd1ddd_downloadT-1] DEBUG [com.baidu.aip.talker.command.download.DownloadThreadCommand] - read datatrue:{"logid": "db2e7da2-9178-11e8-8abd-6c92bf3b0791", "originLogId": "uploadT-1-Event:speech_heartbeat[m1-java0.3-3212-f5fd1ddd--0]-7", "name": "speech_heartbeat_ack", "sdkId": "m1-java0.3-3212-f5fd1ddd"}
2018-07-27 16:41:26[m1-java0.3-3212-f5fd1ddd_downloadT-1] DEBUG [com.baidu.aip.talker.command.download.DownloadThreadCommand] - read datatrue:{"logid": "db47c17c-9178-11e8-8abd-6c92bf3b0791", "originLogId": "uploadT-2-Event:speech_heartbeat[m1-java0.3-3212-f5fd1ddd--0]-8", "name": "speech_heartbeat_ack", "sdkId": "m1-java0.3-3212-f5fd1ddd"}
2018-07-27 16:41:26[m1-java0.3-3212-f5fd1ddd_downloadT-1] DEBUG [com.baidu.aip.talker.command.download.DownloadThreadCommand] - read datatrue:{"content": {"category": "TXT", "content": "\u4e00", "callId": "m1-ASR-3212-1-1532680883876", "logId": "C5F317A8-6758-481D-B3DF-4CA85202D0DF_0", "roleCategory": "AGENT", "triggerTime": 1532680889958, "extJson": {"snStartTime": "00:02.800", "completed": 1, "snStopTime": "00:02.399"}, "triggerTxt": ""}, "name": "knowledge_content", "callId": "m1-ASR-3212-1-1532680883876", "userId": 639624614, "logid": "db82821c-9178-11e8-96f1-6c92bf3b0791", "appId": 11572625}
2018-07-27 16:41:29[m1-java0.3-3212-f5fd1ddd_uploadT-2] DEBUG [com.baidu.aip.talker.command.upload.UploadData] - JsonStr is:{"roleId":0,"callId":"m1-ASR-3212-1-1532680883876","name":"speech_end","sendTs":1532680889959,"beforeCompressTs":0,"afterCompressTs":0,"beforeUploadTs":1532680889959,"compress":0,"sdkId":"m1-java0.3-3212-f5fd1ddd","connectionId":"uploadT-2","ts":1532680889959,"seqId":0,"agentDn":"123","heartBeat":false,"logid":"uploadT-2-Event:speech_end[m1-ASR-3212-1-1532680883876--0-P]-21"} ; binary length: 0
2018-07-27 16:41:29[m1-java0.3-3212-f5fd1ddd_uploadT-2] TRACE [com.baidu.aip.talker.command.upload.UploadDataEntity] - write to upload stream:Event:speech_end[m1-ASR-3212-1-1532680883876--0-P]duration= 1 , time=1532680889960
2018-07-27 16:41:29[m1-java0.3-3212-f5fd1ddd_downloadT-1] DEBUG [com.baidu.aip.talker.command.download.DownloadThreadCommand] - read datatrue:{"content": {"category": "TXT", "content": "\u533b\u5b66", "callId": "m1-ASR-3212-1-1532680883876", "logId": "C5F317A8-6758-481D-B3DF-4CA85202D0DF_1", "roleCategory": "AGENT", "triggerTime": 1532680890282, "extJson": {"snStartTime": "00:02.800", "completed": 1, "snStopTime": "00:02.720"}, "triggerTxt": ""}, "name": "knowledge_content", "callId": "m1-ASR-3212-1-1532680883876", "userId": 639624614, "logid": "dbb3a1f8-9178-11e8-9ac9-7cd30addb80b", "appId": 11572625}
2018-07-27 16:41:29[main] INFO  [com.baidu.aip.talker.controller.ControllerImpl] - SDK will be stopped
2018-07-27 16:41:29[m1-java0.3-3212-f5fd1ddd_uploadT-1] DEBUG [com.baidu.aip.talker.command.upload.UploadData] - JsonStr is:{"roleId":0,"callId":"","name":"speech_sdk_stop","sendTs":0,"beforeCompressTs":0,"afterCompressTs":0,"beforeUploadTs":1532680889963,"compress":0,"sdkId":"m1-java0.3-3212-f5fd1ddd","connectionId":"uploadT-1","ts":1532680889963,"seqId":0,"agentDn":"0","heartBeat":false,"logid":"uploadT-1-Event:speech_sdk_stop[m1-java0.3-3212-f5fd1ddd--0-P]-21"} ; binary length: 0
2018-07-27 16:41:29[m1-java0.3-3212-f5fd1ddd_uploadT-1] TRACE [com.baidu.aip.talker.command.upload.UploadDataEntity] - write to upload stream:Event:speech_sdk_stop[m1-java0.3-3212-f5fd1ddd--0-P]duration= 1 , time=1532680889964
2018-07-27 16:41:30[Check Command Thread] INFO  [com.baidu.aip.talker.command.upload.UploadTimeoutManager] - uploadT-1-Event:speech_heartbeat[m1-java0.3-3212-f5fd1ddd--0]-15: extra command expires ; 1532680890199: 1532680890269
2018-07-27 16:41:30[Check Command Thread] INFO  [com.baidu.aip.talker.command.upload.UploadTimeoutManager] - expiresCommands:[uploadT-1]
2018-07-27 16:41:30[Check Command Thread] INFO  [com.baidu.aip.talker.command.upload.UploadTimeoutManager] - uploadT-2-Event:speech_heartbeat[m1-java0.3-3212-f5fd1ddd--0]-16: extra command expires ; 1532680890360: 1532680890470
2018-07-27 16:41:30[Check Command Thread] INFO  [com.baidu.aip.talker.command.upload.UploadTimeoutManager] - expiresCommands:[uploadT-2]
2018-07-27 16:41:30[m1-java0.3-3212-f5fd1ddd_uploadT-2] INFO  [com.baidu.aip.talker.command.upload.UploadDataEntity] - uploadT-2 will be stopped
2018-07-27 16:41:30[m1-java0.3-3212-f5fd1ddd_uploadT-2] INFO  [com.baidu.aip.talker.command.upload.UploadDataEntity] - 23 packages sent, commandId:uploadT-2
2018-07-27 16:41:30[m1-java0.3-3212-f5fd1ddd_uploadT-1] INFO  [com.baidu.aip.talker.command.upload.UploadDataEntity] - uploadT-1 will be stopped
2018-07-27 16:41:30[m1-java0.3-3212-f5fd1ddd_uploadT-1] INFO  [com.baidu.aip.talker.command.upload.UploadDataEntity] - 23 packages sent, commandId:uploadT-1
2018-07-27 16:41:30[m1-java0.3-3212-f5fd1ddd_uploadT-2] INFO  [com.baidu.aip.talker.command.CommandThreadPoolExecutor] - afterExecute Command Info:uploadT-2:15
2018-07-27 16:41:30[m1-java0.3-3212-f5fd1ddd_uploadT-3-EXTRA] INFO  [com.baidu.aip.talker.command.CommandThreadPoolExecutor] - beforeExecute Thread Info:m1-java0.3-3212-f5fd1ddd_uploadT-3-EXTRA:15
2018-07-27 16:41:30[m1-java0.3-3212-f5fd1ddd_uploadT-3-EXTRA] INFO  [com.baidu.aip.talker.http.RequestFactory] - upload url is https://aitalker.baidubce.com/up?access_token=24.9f7e1b12e82e788800a6ed27a702bbc3.2592000.1535272886.282335-11572625&scope=brain_bicc
2018-07-27 16:41:30[m1-java0.3-3212-f5fd1ddd_uploadT-1] INFO  [com.baidu.aip.talker.command.CommandThreadPoolExecutor] - afterExecute Command Info:uploadT-1:14
2018-07-27 16:41:30[m1-java0.3-3212-f5fd1ddd_uploadT-4-EXTRA] INFO  [com.baidu.aip.talker.command.CommandThreadPoolExecutor] - beforeExecute Thread Info:m1-java0.3-3212-f5fd1ddd_uploadT-4-EXTRA:14
2018-07-27 16:41:30[m1-java0.3-3212-f5fd1ddd_uploadT-4-EXTRA] INFO  [com.baidu.aip.talker.http.RequestFactory] - upload url is https://aitalker.baidubce.com/up?access_token=24.9f7e1b12e82e788800a6ed27a702bbc3.2592000.1535272886.282335-11572625&scope=brain_bicc
2018-07-27 16:41:33[m1-java0.3-3212-f5fd1ddd_uploadT-3-EXTRA] INFO  [com.baidu.aip.talker.command.upload.UploadDataEntity] - uploadT-3-EXTRA will be stopped
2018-07-27 16:41:33[m1-java0.3-3212-f5fd1ddd_uploadT-3-EXTRA] INFO  [com.baidu.aip.talker.command.upload.UploadDataEntity] - 1 packages sent, commandId:uploadT-3-EXTRA
2018-07-27 16:41:33[m1-java0.3-3212-f5fd1ddd_uploadT-4-EXTRA] INFO  [com.baidu.aip.talker.command.upload.UploadDataEntity] - uploadT-4-EXTRA will be stopped
2018-07-27 16:41:33[m1-java0.3-3212-f5fd1ddd_uploadT-4-EXTRA] INFO  [com.baidu.aip.talker.command.upload.UploadDataEntity] - 1 packages sent, commandId:uploadT-4-EXTRA
2018-07-27 16:41:33[m1-java0.3-3212-f5fd1ddd_uploadT-4-EXTRA] INFO  [com.baidu.aip.talker.command.CommandThreadPoolExecutor] - afterExecute Command Info:uploadT-4-EXTRA:14
2018-07-27 16:41:33[m1-java0.3-3212-f5fd1ddd_uploadT-5] INFO  [com.baidu.aip.talker.command.CommandThreadPoolExecutor] - beforeExecute Thread Info:m1-java0.3-3212-f5fd1ddd_uploadT-5:14
2018-07-27 16:41:33[m1-java0.3-3212-f5fd1ddd_uploadT-5] INFO  [com.baidu.aip.talker.http.RequestFactory] - upload url is https://aitalker.baidubce.com/up?access_token=24.9f7e1b12e82e788800a6ed27a702bbc3.2592000.1535272886.282335-11572625&scope=brain_bicc
2018-07-27 16:41:33[m1-java0.3-3212-f5fd1ddd_uploadT-3-EXTRA] INFO  [com.baidu.aip.talker.command.CommandThreadPoolExecutor] - afterExecute Command Info:uploadT-3-EXTRA:15
2018-07-27 16:41:33[m1-java0.3-3212-f5fd1ddd_uploadT-6] INFO  [com.baidu.aip.talker.command.CommandThreadPoolExecutor] - beforeExecute Thread Info:m1-java0.3-3212-f5fd1ddd_uploadT-6:15
2018-07-27 16:41:33[m1-java0.3-3212-f5fd1ddd_uploadT-6] INFO  [com.baidu.aip.talker.http.RequestFactory] - upload url is https://aitalker.baidubce.com/up?access_token=24.9f7e1b12e82e788800a6ed27a702bbc3.2592000.1535272886.282335-11572625&scope=brain_bicc
2018-07-27 16:41:33[m1-java0.3-3212-f5fd1ddd_uploadT-5] INFO  [com.baidu.aip.talker.command.upload.UploadDataEntity] - uploadT-5 will be stopped
2018-07-27 16:41:33[m1-java0.3-3212-f5fd1ddd_uploadT-5] INFO  [com.baidu.aip.talker.command.upload.UploadDataEntity] - 0 packages sent, commandId:uploadT-5
2018-07-27 16:41:33[m1-java0.3-3212-f5fd1ddd_uploadT-6] INFO  [com.baidu.aip.talker.command.upload.UploadDataEntity] - uploadT-6 will be stopped
2018-07-27 16:41:33[m1-java0.3-3212-f5fd1ddd_uploadT-6] INFO  [com.baidu.aip.talker.command.upload.UploadDataEntity] - 0 packages sent, commandId:uploadT-6
2018-07-27 16:41:33[m1-java0.3-3212-f5fd1ddd_uploadT-5] INFO  [com.baidu.aip.talker.command.CommandThreadPoolExecutor] - afterExecute Command Info:uploadT-5:14
2018-07-27 16:41:33[m1-java0.3-3212-f5fd1ddd_uploadT-6] INFO  [com.baidu.aip.talker.command.CommandThreadPoolExecutor] - afterExecute Command Info:uploadT-6:15
2018-07-27 16:41:33[main] INFO  [com.baidu.aip.talker.controller.ControllerImpl] - schedule status:true, uploader status:true, download status:false
2018-07-27 16:41:33[main] INFO  [com.baidu.aip.talker.controller.ControllerImpl] - SDK will be now force stopped
2018-07-27 16:52:19[main] INFO  [com.baidu.aip.talker.controller.ControllerImpl] - Conf is loaded :conf/sdk.properties
2018-07-27 16:52:19[main] INFO  [com.baidu.aip.talker.controller.ControllerImpl] - Stat is initialized
2018-07-27 16:52:19[main] INFO  [com.baidu.aip.talker.controller.ControllerImpl] - Uploader is initialized
2018-07-27 16:52:19[main] INFO  [com.baidu.aip.talker.controller.ControllerImpl] - Downloader is initialized
2018-07-27 16:52:19[main] INFO  [com.baidu.aip.talker.controller.ControllerImpl] - ClientFactory is initialized
2018-07-27 16:52:19[main] INFO  [com.baidu.aip.talker.command.token.TokenThreadCommand] - token fetch params:[grant_type=client_credentials, client_id=t5fTe2YN25P36FYMnBTQcUga, client_secret=6SgSI55vVqCXOHTamtYwG3yE7A9uKvGX]
2018-07-27 16:52:19[main] WARN  [org.apache.http.client.protocol.ResponseProcessCookies] - Cookie rejected [BAIDUID="758DAC740717ACDDCBE09EE19917D029:FG=1", version:0, domain:baidu.com, path:/, expiry:Fri Jan 01 07:55:55 CST 2038] Illegal 'domain' attribute "baidu.com". Domain of origin: "aip.baidubce.com"
2018-07-27 16:52:20[main] INFO  [com.baidu.aip.talker.command.token.TokenThreadCommand] - new token obtained:24.b9e39a27ea92429707ba01504115f185.2592000.1535273543.282335-11572625,expires in MS:2592000000
2018-07-27 16:52:20[main] INFO  [com.baidu.aip.talker.controller.ControllerImpl] - ====All components are initialized=========
2018-07-27 16:52:20[main] INFO  [com.baidu.aip.talker.controller.ControllerImpl] - Start Threads
2018-07-27 16:52:20[main] INFO  [com.baidu.aip.talker.controller.ControllerImpl] - =========Download Threads started=============
2018-07-27 16:52:20[m1-java0.3-11884-78ded319_downloadT-1] INFO  [com.baidu.aip.talker.command.CommandThreadPoolExecutor] - beforeExecute Thread Info:m1-java0.3-11884-78ded319_downloadT-1:13
2018-07-27 16:52:20[main] INFO  [com.baidu.aip.talker.command.upload.Uploader] - waiting  download first package success
2018-07-27 16:52:20[m1-java0.3-11884-78ded319_downloadT-1] INFO  [com.baidu.aip.talker.common.GlobalSwitch] - isDownloadThreadActive:true
2018-07-27 16:52:20[m1-java0.3-11884-78ded319_downloadT-1] DEBUG [com.baidu.aip.talker.command.download.DownloadThreadCommand] - read datatrue:{"logid": "613cd014-917a-11e8-9d79-6c92bf3b07d2", "name": "heartbeat"}
2018-07-27 16:52:20[main] INFO  [com.baidu.aip.talker.command.upload.Uploader] - download first package success
2018-07-27 16:52:20[m1-java0.3-11884-78ded319_uploadT-1] INFO  [com.baidu.aip.talker.command.CommandThreadPoolExecutor] - beforeExecute Thread Info:m1-java0.3-11884-78ded319_uploadT-1:14
2018-07-27 16:52:20[m1-java0.3-11884-78ded319_uploadT-1] INFO  [com.baidu.aip.talker.http.RequestFactory] - upload url is https://aitalker.baidubce.com/up?access_token=24.b9e39a27ea92429707ba01504115f185.2592000.1535273543.282335-11572625&scope=brain_bicc
2018-07-27 16:52:20[m1-java0.3-11884-78ded319_uploadT-2] INFO  [com.baidu.aip.talker.command.CommandThreadPoolExecutor] - beforeExecute Thread Info:m1-java0.3-11884-78ded319_uploadT-2:15
2018-07-27 16:52:20[m1-java0.3-11884-78ded319_uploadT-2] INFO  [com.baidu.aip.talker.http.RequestFactory] - upload url is https://aitalker.baidubce.com/up?access_token=24.b9e39a27ea92429707ba01504115f185.2592000.1535273543.282335-11572625&scope=brain_bicc
2018-07-27 16:52:20[main] INFO  [com.baidu.aip.talker.controller.ControllerImpl] - =========Upload Threads started=============
2018-07-27 16:52:20[m1-java0.3-11884-78ded319_uploadT-1] DEBUG [com.baidu.aip.talker.command.upload.UploadData] - JsonStr is:{"roleId":0,"callId":"m1-ASR-11884-1-1532681540507","name":"speech_start","sendTs":1532681540507,"beforeCompressTs":0,"afterCompressTs":0,"beforeUploadTs":1532681540556,"compress":0,"sdkId":"m1-java0.3-11884-78ded319","connectionId":"uploadT-1","ts":1532681540556,"seqId":0,"agentDn":"123","rate":8000,"params":"","heartBeat":false,"logid":"uploadT-1-Event:speech_start[m1-ASR-11884-1-1532681540507--0-P]-0"} ; binary length: 0
2018-07-27 16:52:20[m1-java0.3-11884-78ded319_uploadT-1] TRACE [com.baidu.aip.talker.command.upload.UploadDataEntity] - write to upload stream:Event:speech_start[m1-ASR-11884-1-1532681540507--0-P]duration= 11 , time=1532681540567
2018-07-27 16:52:20[m1-java0.3-11884-78ded319_downloadT-1] DEBUG [com.baidu.aip.talker.command.download.DownloadThreadCommand] - read datatrue:{"status": 0, "callId": "m1-ASR-11884-1-1532681540507", "logid": "616817c4-917a-11e8-9d79-6c92bf3b07d2", "name": "speech_start_ack"}
2018-07-27 16:52:20[m1-java0.3-11884-78ded319_downloadT-1] DEBUG [com.baidu.aip.talker.command.download.DownloadData] - SPEECH_START_ACK recieve :m1-ASR-11884-1-1532681540507
2018-07-27 16:52:22[m1-java0.3-11884-78ded319_downloadT-1] DEBUG [com.baidu.aip.talker.command.download.DownloadThreadCommand] - read datatrue:{"logid": "62906e26-917a-11e8-9d79-6c92bf3b07d2", "originLogId": "uploadT-2-Event:speech_heartbeat[m1-java0.3-11884-78ded319--0]-7", "name": "speech_heartbeat_ack", "sdkId": "m1-java0.3-11884-78ded319"}
2018-07-27 16:52:22[m1-java0.3-11884-78ded319_downloadT-1] DEBUG [com.baidu.aip.talker.command.download.DownloadThreadCommand] - read datatrue:{"logid": "62aa79e2-917a-11e8-9d79-6c92bf3b07d2", "originLogId": "uploadT-1-Event:speech_heartbeat[m1-java0.3-11884-78ded319--0]-8", "name": "speech_heartbeat_ack", "sdkId": "m1-java0.3-11884-78ded319"}
2018-07-27 16:52:23[m1-java0.3-11884-78ded319_downloadT-1] DEBUG [com.baidu.aip.talker.command.download.DownloadThreadCommand] - read datatrue:{"content": {"category": "TXT", "content": "\u4e00", "callId": "m1-ASR-11884-1-1532681540507", "logId": "A54AE1A8-B41E-4C60-92E5-943B6B1A1672_0", "roleCategory": "AGENT", "triggerTime": 1532681546744, "extJson": {"snStartTime": "00:02.800", "completed": 1, "snStopTime": "00:02.560"}, "triggerTxt": ""}, "name": "knowledge_content", "callId": "m1-ASR-11884-1-1532681540507", "userId": 639624614, "logid": "62fc558c-917a-11e8-adc7-6c92bf3b07d2", "appId": 11572625}
2018-07-27 16:52:23[m1-java0.3-11884-78ded319_downloadT-1] DEBUG [com.baidu.aip.talker.command.download.DownloadThreadCommand] - read datatrue:{"content": {"category": "TXT", "content": "\u533b\u5b66", "callId": "m1-ASR-11884-1-1532681540507", "logId": "A54AE1A8-B41E-4C60-92E5-943B6B1A1672_1", "roleCategory": "AGENT", "triggerTime": 1532681546909, "extJson": {"snStartTime": "00:02.800", "completed": 1, "snStopTime": "00:02.720"}, "triggerTxt": ""}, "name": "knowledge_content", "callId": "m1-ASR-11884-1-1532681540507", "userId": 639624614, "logid": "6314fe52-917a-11e8-b1a6-6c92bf3b07d2", "appId": 11572625}
2018-07-27 16:52:23[m1-java0.3-11884-78ded319_downloadT-1] DEBUG [com.baidu.aip.talker.command.download.DownloadThreadCommand] - read datatrue:{"content": {"category": "TXT", "content": "\u533b\u5b66\u8003", "callId": "m1-ASR-11884-1-1532681540507", "logId": "A54AE1A8-B41E-4C60-92E5-943B6B1A1672_2", "roleCategory": "AGENT", "triggerTime": 1532681547223, "extJson": {"snStartTime": "00:02.800", "completed": 1, "snStopTime": "00:03.400"}, "triggerTxt": ""}, "name": "knowledge_content", "callId": "m1-ASR-11884-1-1532681540507", "userId": 639624614, "logid": "6344f058-917a-11e8-9ac9-7cd30addb80b", "appId": 11572625}
2018-07-27 16:52:23[m1-java0.3-11884-78ded319_downloadT-1] DEBUG [com.baidu.aip.talker.command.download.DownloadThreadCommand] - read datatrue:{"content": {"category": "TXT", "content": "\u533b\u5b66\u8003\u8bd5", "callId": "m1-ASR-11884-1-1532681540507", "logId": "A54AE1A8-B41E-4C60-92E5-943B6B1A1672_3", "roleCategory": "AGENT", "triggerTime": 1532681547377, "extJson": {"snStartTime": "00:02.800", "completed": 1, "snStopTime": "00:03.200"}, "triggerTxt": ""}, "name": "knowledge_content", "callId": "m1-ASR-11884-1-1532681540507", "userId": 639624614, "logid": "635c72aa-917a-11e8-afce-7cd30addb80b", "appId": 11572625}
2018-07-27 16:52:24[m1-java0.3-11884-78ded319_downloadT-1] DEBUG [com.baidu.aip.talker.command.download.DownloadThreadCommand] - read datatrue:{"content": {"category": "TXT", "content": "\u533b\u5b66\u8003\u8bd5\u662f", "callId": "m1-ASR-11884-1-1532681540507", "logId": "A54AE1A8-B41E-4C60-92E5-943B6B1A1672_4", "roleCategory": "AGENT", "triggerTime": 1532681547705, "extJson": {"snStartTime": "00:02.800", "completed": 1, "snStopTime": "00:03.520"}, "triggerTxt": ""}, "name": "knowledge_content", "callId": "m1-ASR-11884-1-1532681540507", "userId": 639624614, "logid": "638ea856-917a-11e8-b1a6-6c92bf3b07d2", "appId": 11572625}
2018-07-27 16:52:24[m1-java0.3-11884-78ded319_downloadT-1] DEBUG [com.baidu.aip.talker.command.download.DownloadThreadCommand] - read datatrue:{"content": {"category": "TXT", "content": "\u533b\u5b66\u8003\u8bd5\u65f6\u95f4", "callId": "m1-ASR-11884-1-1532681540507", "logId": "A54AE1A8-B41E-4C60-92E5-943B6B1A1672_5", "roleCategory": "AGENT", "triggerTime": 1532681547870, "extJson": {"snStartTime": "00:02.800", "completed": 1, "snStopTime": "00:03.680"}, "triggerTxt": ""}, "name": "knowledge_content", "callId": "m1-ASR-11884-1-1532681540507", "userId": 639624614, "logid": "63a7cf7a-917a-11e8-b1a6-6c92bf3b07d2", "appId": 11572625}
2018-07-27 16:52:24[m1-java0.3-11884-78ded319_downloadT-1] DEBUG [com.baidu.aip.talker.command.download.DownloadThreadCommand] - read datatrue:{"logid": "63e630b2-917a-11e8-9d79-6c92bf3b07d2", "originLogId": "uploadT-2-Event:speech_heartbeat[m1-java0.3-11884-78ded319--0]-15", "name": "speech_heartbeat_ack", "sdkId": "m1-java0.3-11884-78ded319"}
2018-07-27 16:52:24[m1-java0.3-11884-78ded319_downloadT-1] DEBUG [com.baidu.aip.talker.command.download.DownloadThreadCommand] - read datatrue:{"content": {"category": "TXT", "content": "\u533b\u5b66\u8003\u8bd5\u65f6\u95f4\uff0c", "callId": "m1-ASR-11884-1-1532681540507", "logId": "A54AE1A8-B41E-4C60-92E5-943B6B1A1672_-1", "roleCategory": "AGENT", "triggerTime": 1532681548390, "extJson": {"snStartTime": "00:02.800", "completed": 3, "speed": "4.41", "snStopTime": "00:04.160"}, "triggerTxt": ""}, "name": "knowledge_content", "callId": "m1-ASR-11884-1-1532681540507", "userId": 639624614, "logid": "63f71486-917a-11e8-b1a6-6c92bf3b07d2", "appId": 11572625}
2018-07-27 16:52:25[m1-java0.3-11884-78ded319_downloadT-1] DEBUG [com.baidu.aip.talker.command.download.DownloadThreadCommand] - read datatrue:{"logid": "63ff50ce-917a-11e8-9d79-6c92bf3b07d2", "originLogId": "uploadT-1-Event:speech_heartbeat[m1-java0.3-11884-78ded319--0]-16", "name": "speech_heartbeat_ack", "sdkId": "m1-java0.3-11884-78ded319"}
2018-07-27 16:52:25[m1-java0.3-11884-78ded319_downloadT-1] DEBUG [com.baidu.aip.talker.command.download.DownloadThreadCommand] - read datatrue:{"logid": "6437cbe8-917a-11e8-9d79-6c92bf3b07d2", "name": "heartbeat"}
2018-07-27 16:52:26[main] INFO  [com.baidu.aip.talker.controller.ControllerImpl] - SDK will be stopped
2018-07-27 16:52:26[m1-java0.3-11884-78ded319_uploadT-1] DEBUG [com.baidu.aip.talker.command.upload.UploadData] - JsonStr is:{"roleId":0,"callId":"m1-ASR-11884-1-1532681540507","name":"speech_end","sendTs":1532681546588,"beforeCompressTs":0,"afterCompressTs":0,"beforeUploadTs":1532681546588,"compress":0,"sdkId":"m1-java0.3-11884-78ded319","connectionId":"uploadT-1","ts":1532681546588,"seqId":0,"agentDn":"123","heartBeat":false,"logid":"uploadT-1-Event:speech_end[m1-ASR-11884-1-1532681540507--0-P]-21"} ; binary length: 0
2018-07-27 16:52:26[m1-java0.3-11884-78ded319_uploadT-1] TRACE [com.baidu.aip.talker.command.upload.UploadDataEntity] - write to upload stream:Event:speech_end[m1-ASR-11884-1-1532681540507--0-P]duration= 1 , time=1532681546589
2018-07-27 16:52:26[m1-java0.3-11884-78ded319_uploadT-2] DEBUG [com.baidu.aip.talker.command.upload.UploadData] - JsonStr is:{"roleId":0,"callId":"","name":"speech_sdk_stop","sendTs":0,"beforeCompressTs":0,"afterCompressTs":0,"beforeUploadTs":1532681546589,"compress":0,"sdkId":"m1-java0.3-11884-78ded319","connectionId":"uploadT-2","ts":1532681546589,"seqId":0,"agentDn":"0","heartBeat":false,"logid":"uploadT-2-Event:speech_sdk_stop[m1-java0.3-11884-78ded319--0-P]-21"} ; binary length: 0
2018-07-27 16:52:26[m1-java0.3-11884-78ded319_uploadT-2] TRACE [com.baidu.aip.talker.command.upload.UploadDataEntity] - write to upload stream:Event:speech_sdk_stop[m1-java0.3-11884-78ded319--0-P]duration= 0 , time=1532681546589
2018-07-27 16:52:26[m1-java0.3-11884-78ded319_downloadT-1] INFO  [com.baidu.aip.talker.common.GlobalSwitch] - isDownloadThreadActive:false
2018-07-27 16:52:26[m1-java0.3-11884-78ded319_downloadT-1] INFO  [com.baidu.aip.talker.common.GlobalSwitch] - isDownloadThreadActive:false
2018-07-27 16:52:26[m1-java0.3-11884-78ded319_downloadT-1] INFO  [com.baidu.aip.talker.command.CommandThreadPoolExecutor] - afterExecute Command Info:downloadT-1:13
2018-07-27 16:52:29[m1-java0.3-11884-78ded319_uploadT-1] INFO  [com.baidu.aip.talker.command.upload.UploadDataEntity] - uploadT-1 will be stopped
2018-07-27 16:52:29[m1-java0.3-11884-78ded319_uploadT-1] INFO  [com.baidu.aip.talker.command.upload.UploadDataEntity] - 24 packages sent, commandId:uploadT-1
2018-07-27 16:52:29[m1-java0.3-11884-78ded319_uploadT-2] INFO  [com.baidu.aip.talker.command.upload.UploadDataEntity] - uploadT-2 will be stopped
2018-07-27 16:52:29[m1-java0.3-11884-78ded319_uploadT-2] INFO  [com.baidu.aip.talker.command.upload.UploadDataEntity] - 24 packages sent, commandId:uploadT-2
2018-07-27 16:52:29[m1-java0.3-11884-78ded319_uploadT-1] INFO  [com.baidu.aip.talker.command.CommandThreadPoolExecutor] - afterExecute Command Info:uploadT-1:14
2018-07-27 16:52:29[m1-java0.3-11884-78ded319_uploadT-2] INFO  [com.baidu.aip.talker.command.CommandThreadPoolExecutor] - afterExecute Command Info:uploadT-2:15
2018-07-27 16:52:30[main] INFO  [com.baidu.aip.talker.controller.ControllerImpl] - schedule status:true, uploader status:true, download status:true
2018-07-27 16:55:38[main] INFO  [com.baidu.aip.talker.controller.ControllerImpl] - Conf is loaded :conf/sdk.properties
2018-07-27 16:55:38[main] INFO  [com.baidu.aip.talker.controller.ControllerImpl] - Stat is initialized
2018-07-27 16:55:38[main] INFO  [com.baidu.aip.talker.controller.ControllerImpl] - Uploader is initialized
2018-07-27 16:55:38[main] INFO  [com.baidu.aip.talker.controller.ControllerImpl] - Downloader is initialized
2018-07-27 16:55:38[main] INFO  [com.baidu.aip.talker.controller.ControllerImpl] - ClientFactory is initialized
2018-07-27 16:55:38[main] INFO  [com.baidu.aip.talker.command.token.TokenThreadCommand] - token fetch params:[grant_type=client_credentials, client_id=t5fTe2YN25P36FYMnBTQcUga, client_secret=6SgSI55vVqCXOHTamtYwG3yE7A9uKvGX]
2018-07-27 16:55:39[main] WARN  [org.apache.http.client.protocol.ResponseProcessCookies] - Cookie rejected [BAIDUID="430879A1FD41AB8DBA12F03948608F0A:FG=1", version:0, domain:baidu.com, path:/, expiry:Fri Jan 01 07:55:55 CST 2038] Illegal 'domain' attribute "baidu.com". Domain of origin: "aip.baidubce.com"
2018-07-27 16:55:39[main] INFO  [com.baidu.aip.talker.command.token.TokenThreadCommand] - new token obtained:24.236e1de5388d00b67db181d52b54d79b.2592000.1535273742.282335-11572625,expires in MS:2592000000
2018-07-27 16:55:39[main] INFO  [com.baidu.aip.talker.controller.ControllerImpl] - ====All components are initialized=========
2018-07-27 16:55:39[main] INFO  [com.baidu.aip.talker.controller.ControllerImpl] - Start Threads
2018-07-27 16:55:39[main] INFO  [com.baidu.aip.talker.controller.ControllerImpl] - =========Download Threads started=============
2018-07-27 16:55:39[main] INFO  [com.baidu.aip.talker.command.upload.Uploader] - waiting  download first package success
2018-07-27 16:55:39[m1-java0.3-11492-00803822_downloadT-1] INFO  [com.baidu.aip.talker.command.CommandThreadPoolExecutor] - beforeExecute Thread Info:m1-java0.3-11492-00803822_downloadT-1:13
2018-07-27 16:55:39[m1-java0.3-11492-00803822_downloadT-1] INFO  [com.baidu.aip.talker.common.GlobalSwitch] - isDownloadThreadActive:true
2018-07-27 16:55:39[m1-java0.3-11492-00803822_downloadT-1] DEBUG [com.baidu.aip.talker.command.download.DownloadThreadCommand] - read datatrue:{"logid": "d7f5c9a4-917a-11e8-8404-7cd30addb80b", "name": "heartbeat"}
2018-07-27 16:55:39[main] INFO  [com.baidu.aip.talker.command.upload.Uploader] - download first package success
2018-07-27 16:55:39[m1-java0.3-11492-00803822_uploadT-1] INFO  [com.baidu.aip.talker.command.CommandThreadPoolExecutor] - beforeExecute Thread Info:m1-java0.3-11492-00803822_uploadT-1:14
2018-07-27 16:55:39[m1-java0.3-11492-00803822_uploadT-1] INFO  [com.baidu.aip.talker.http.RequestFactory] - upload url is https://aitalker.baidubce.com/up?access_token=24.236e1de5388d00b67db181d52b54d79b.2592000.1535273742.282335-11572625&scope=brain_bicc
2018-07-27 16:55:39[m1-java0.3-11492-00803822_uploadT-2] INFO  [com.baidu.aip.talker.command.CommandThreadPoolExecutor] - beforeExecute Thread Info:m1-java0.3-11492-00803822_uploadT-2:15
2018-07-27 16:55:39[m1-java0.3-11492-00803822_uploadT-2] INFO  [com.baidu.aip.talker.http.RequestFactory] - upload url is https://aitalker.baidubce.com/up?access_token=24.236e1de5388d00b67db181d52b54d79b.2592000.1535273742.282335-11572625&scope=brain_bicc
2018-07-27 16:55:39[main] INFO  [com.baidu.aip.talker.controller.ControllerImpl] - =========Upload Threads started=============
2018-07-27 16:55:39[m1-java0.3-11492-00803822_uploadT-1] DEBUG [com.baidu.aip.talker.command.upload.UploadData] - JsonStr is:{"roleId":0,"callId":"m1-ASR-11492-1-1532681739675","name":"speech_start","sendTs":1532681739675,"beforeCompressTs":0,"afterCompressTs":0,"beforeUploadTs":1532681739722,"compress":0,"sdkId":"m1-java0.3-11492-00803822","connectionId":"uploadT-1","ts":1532681739725,"seqId":0,"agentDn":"123","rate":8000,"params":"","heartBeat":false,"logid":"uploadT-1-Event:speech_start[m1-ASR-11492-1-1532681739675--0-P]-0"} ; binary length: 0
2018-07-27 16:55:39[m1-java0.3-11492-00803822_uploadT-1] TRACE [com.baidu.aip.talker.command.upload.UploadDataEntity] - write to upload stream:Event:speech_start[m1-ASR-11492-1-1532681739675--0-P]duration= 11 , time=1532681739736
2018-07-27 16:55:39[m1-java0.3-11492-00803822_downloadT-1] DEBUG [com.baidu.aip.talker.command.download.DownloadThreadCommand] - read datatrue:{"status": 0, "callId": "m1-ASR-11492-1-1532681739675", "logid": "d81d902e-917a-11e8-8404-7cd30addb80b", "name": "speech_start_ack"}
2018-07-27 16:55:39[m1-java0.3-11492-00803822_downloadT-1] DEBUG [com.baidu.aip.talker.command.download.DownloadData] - SPEECH_START_ACK recieve :m1-ASR-11492-1-1532681739675
2018-07-27 16:55:41[m1-java0.3-11492-00803822_downloadT-1] DEBUG [com.baidu.aip.talker.command.download.DownloadThreadCommand] - read datatrue:{"logid": "d9476c9a-917a-11e8-8404-7cd30addb80b", "originLogId": "uploadT-2-Event:speech_heartbeat[m1-java0.3-11492-00803822--0]-7", "name": "speech_heartbeat_ack", "sdkId": "m1-java0.3-11492-00803822"}
2018-07-27 16:55:41[m1-java0.3-11492-00803822_downloadT-1] DEBUG [com.baidu.aip.talker.command.download.DownloadThreadCommand] - read datatrue:{"logid": "d960f098-917a-11e8-8404-7cd30addb80b", "originLogId": "uploadT-1-Event:speech_heartbeat[m1-java0.3-11492-00803822--0]-8", "name": "speech_heartbeat_ack", "sdkId": "m1-java0.3-11492-00803822"}
2018-07-27 16:55:42[m1-java0.3-11492-00803822_downloadT-1] DEBUG [com.baidu.aip.talker.command.download.DownloadThreadCommand] - read datatrue:{"content": {"category": "TXT", "content": "\u4e00", "callId": "m1-ASR-11492-1-1532681739675", "logId": "925F232B-7CB3-4A3F-BA1F-21BEFDDFBD95_0", "roleCategory": "AGENT", "triggerTime": 1532681745919, "extJson": {"snStartTime": "00:02.800", "completed": 1, "snStopTime": "00:02.560"}, "triggerTxt": ""}, "name": "knowledge_content", "callId": "m1-ASR-11492-1-1532681739675", "userId": 639624614, "logid": "d9b4114c-917a-11e8-afce-7cd30addb80b", "appId": 11572625}
2018-07-27 16:55:42[m1-java0.3-11492-00803822_downloadT-1] DEBUG [com.baidu.aip.talker.command.download.DownloadThreadCommand] - read datatrue:{"content": {"category": "TXT", "content": "\u533b\u5b66", "callId": "m1-ASR-11492-1-1532681739675", "logId": "925F232B-7CB3-4A3F-BA1F-21BEFDDFBD95_1", "roleCategory": "AGENT", "triggerTime": 1532681746079, "extJson": {"snStartTime": "00:02.800", "completed": 1, "snStopTime": "00:02.720"}, "triggerTxt": ""}, "name": "knowledge_content", "callId": "m1-ASR-11492-1-1532681739675", "userId": 639624614, "logid": "d9cbdcf0-917a-11e8-96f1-6c92bf3b0791", "appId": 11572625}
2018-07-27 16:55:42[m1-java0.3-11492-00803822_downloadT-1] DEBUG [com.baidu.aip.talker.command.download.DownloadThreadCommand] - read datatrue:{"content": {"category": "TXT", "content": "\u533b\u5b66\u8003", "callId": "m1-ASR-11492-1-1532681739675", "logId": "925F232B-7CB3-4A3F-BA1F-21BEFDDFBD95_2", "roleCategory": "AGENT", "triggerTime": 1532681746394, "extJson": {"snStartTime": "00:02.800", "completed": 1, "snStopTime": "00:03.400"}, "triggerTxt": ""}, "name": "knowledge_content", "callId": "m1-ASR-11492-1-1532681739675", "userId": 639624614, "logid": "d9fc2d74-917a-11e8-adc7-6c92bf3b07d2", "appId": 11572625}
2018-07-27 16:55:43[m1-java0.3-11492-00803822_downloadT-1] DEBUG [com.baidu.aip.talker.command.download.DownloadThreadCommand] - read datatrue:{"content": {"category": "TXT", "content": "\u533b\u5b66\u8003\u8bd5", "callId": "m1-ASR-11492-1-1532681739675", "logId": "925F232B-7CB3-4A3F-BA1F-21BEFDDFBD95_3", "roleCategory": "AGENT", "triggerTime": 1532681746553, "extJson": {"snStartTime": "00:02.800", "completed": 1, "snStopTime": "00:03.200"}, "triggerTxt": ""}, "name": "knowledge_content", "callId": "m1-ASR-11492-1-1532681739675", "userId": 639624614, "logid": "da1460ba-917a-11e8-b1a6-6c92bf3b07d2", "appId": 11572625}
2018-07-27 16:55:43[m1-java0.3-11492-00803822_downloadT-1] DEBUG [com.baidu.aip.talker.command.download.DownloadThreadCommand] - read datatrue:{"content": {"category": "TXT", "content": "\u533b\u5b66\u8003\u8bd5\u662f", "callId": "m1-ASR-11492-1-1532681739675", "logId": "925F232B-7CB3-4A3F-BA1F-21BEFDDFBD95_4", "roleCategory": "AGENT", "triggerTime": 1532681746879, "extJson": {"snStartTime": "00:02.800", "completed": 1, "snStopTime": "00:03.520"}, "triggerTxt": ""}, "name": "knowledge_content", "callId": "m1-ASR-11492-1-1532681739675", "userId": 639624614, "logid": "da462924-917a-11e8-adc7-6c92bf3b07d2", "appId": 11572625}
2018-07-27 16:55:43[m1-java0.3-11492-00803822_downloadT-1] DEBUG [com.baidu.aip.talker.command.download.DownloadThreadCommand] - read datatrue:{"content": {"category": "TXT", "content": "\u533b\u5b66\u8003\u8bd5\u65f6\u95f4", "callId": "m1-ASR-11492-1-1532681739675", "logId": "925F232B-7CB3-4A3F-BA1F-21BEFDDFBD95_5", "roleCategory": "AGENT", "triggerTime": 1532681747051, "extJson": {"snStartTime": "00:02.800", "completed": 1, "snStopTime": "00:03.680"}, "triggerTxt": ""}, "name": "knowledge_content", "callId": "m1-ASR-11492-1-1532681739675", "userId": 639624614, "logid": "da6035e4-917a-11e8-96f1-6c92bf3b0791", "appId": 11572625}
2018-07-27 16:55:44[m1-java0.3-11492-00803822_downloadT-1] DEBUG [com.baidu.aip.talker.command.download.DownloadThreadCommand] - read datatrue:{"logid": "da9d3a20-917a-11e8-8404-7cd30addb80b", "originLogId": "uploadT-2-Event:speech_heartbeat[m1-java0.3-11492-00803822--0]-15", "name": "speech_heartbeat_ack", "sdkId": "m1-java0.3-11492-00803822"}
2018-07-27 16:55:44[m1-java0.3-11492-00803822_downloadT-1] DEBUG [com.baidu.aip.talker.command.download.DownloadThreadCommand] - read datatrue:{"content": {"category": "TXT", "content": "\u533b\u5b66\u8003\u8bd5\u65f6\u95f4\uff0c", "callId": "m1-ASR-11492-1-1532681739675", "logId": "925F232B-7CB3-4A3F-BA1F-21BEFDDFBD95_-1", "roleCategory": "AGENT", "triggerTime": 1532681747566, "extJson": {"snStartTime": "00:02.800", "completed": 3, "speed": "4.41", "snStopTime": "00:04.160"}, "triggerTxt": ""}, "name": "knowledge_content", "callId": "m1-ASR-11492-1-1532681739675", "userId": 639624614, "logid": "daaee0d6-917a-11e8-b1a6-6c92bf3b07d2", "appId": 11572625}
2018-07-27 16:55:44[m1-java0.3-11492-00803822_downloadT-1] DEBUG [com.baidu.aip.talker.command.download.DownloadThreadCommand] - read datatrue:{"logid": "dab55a2e-917a-11e8-8404-7cd30addb80b", "originLogId": "uploadT-1-Event:speech_heartbeat[m1-java0.3-11492-00803822--0]-16", "name": "speech_heartbeat_ack", "sdkId": "m1-java0.3-11492-00803822"}
2018-07-27 16:55:44[m1-java0.3-11492-00803822_downloadT-1] DEBUG [com.baidu.aip.talker.command.download.DownloadThreadCommand] - read datatrue:{"logid": "daf0c596-917a-11e8-8404-7cd30addb80b", "name": "heartbeat"}
2018-07-27 16:55:45[main] INFO  [com.baidu.aip.talker.controller.ControllerImpl] - SDK will be stopped
2018-07-27 16:55:45[m1-java0.3-11492-00803822_uploadT-1] DEBUG [com.baidu.aip.talker.command.upload.UploadData] - JsonStr is:{"roleId":0,"callId":"m1-ASR-11492-1-1532681739675","name":"speech_end","sendTs":1532681745756,"beforeCompressTs":0,"afterCompressTs":0,"beforeUploadTs":1532681745756,"compress":0,"sdkId":"m1-java0.3-11492-00803822","connectionId":"uploadT-1","ts":1532681745756,"seqId":0,"agentDn":"123","heartBeat":false,"logid":"uploadT-1-Event:speech_end[m1-ASR-11492-1-1532681739675--0-P]-21"} ; binary length: 0
2018-07-27 16:55:45[m1-java0.3-11492-00803822_uploadT-1] TRACE [com.baidu.aip.talker.command.upload.UploadDataEntity] - write to upload stream:Event:speech_end[m1-ASR-11492-1-1532681739675--0-P]duration= 0 , time=1532681745756
2018-07-27 16:55:45[m1-java0.3-11492-00803822_uploadT-2] DEBUG [com.baidu.aip.talker.command.upload.UploadData] - JsonStr is:{"roleId":0,"callId":"","name":"speech_sdk_stop","sendTs":0,"beforeCompressTs":0,"afterCompressTs":0,"beforeUploadTs":1532681745756,"compress":0,"sdkId":"m1-java0.3-11492-00803822","connectionId":"uploadT-2","ts":1532681745756,"seqId":0,"agentDn":"0","heartBeat":false,"logid":"uploadT-2-Event:speech_sdk_stop[m1-java0.3-11492-00803822--0-P]-21"} ; binary length: 0
2018-07-27 16:55:45[m1-java0.3-11492-00803822_uploadT-2] TRACE [com.baidu.aip.talker.command.upload.UploadDataEntity] - write to upload stream:Event:speech_sdk_stop[m1-java0.3-11492-00803822--0-P]duration= 1 , time=1532681745757
2018-07-27 16:55:45[m1-java0.3-11492-00803822_downloadT-1] INFO  [com.baidu.aip.talker.common.GlobalSwitch] - isDownloadThreadActive:false
2018-07-27 16:55:45[m1-java0.3-11492-00803822_downloadT-1] INFO  [com.baidu.aip.talker.common.GlobalSwitch] - isDownloadThreadActive:false
2018-07-27 16:55:45[m1-java0.3-11492-00803822_downloadT-1] INFO  [com.baidu.aip.talker.command.CommandThreadPoolExecutor] - afterExecute Command Info:downloadT-1:13
2018-07-27 16:55:48[m1-java0.3-11492-00803822_uploadT-1] INFO  [com.baidu.aip.talker.command.upload.UploadDataEntity] - uploadT-1 will be stopped
2018-07-27 16:55:48[m1-java0.3-11492-00803822_uploadT-1] INFO  [com.baidu.aip.talker.command.upload.UploadDataEntity] - 24 packages sent, commandId:uploadT-1
2018-07-27 16:55:48[m1-java0.3-11492-00803822_uploadT-2] INFO  [com.baidu.aip.talker.command.upload.UploadDataEntity] - uploadT-2 will be stopped
2018-07-27 16:55:48[m1-java0.3-11492-00803822_uploadT-2] INFO  [com.baidu.aip.talker.command.upload.UploadDataEntity] - 24 packages sent, commandId:uploadT-2
2018-07-27 16:55:48[m1-java0.3-11492-00803822_uploadT-1] INFO  [com.baidu.aip.talker.command.CommandThreadPoolExecutor] - afterExecute Command Info:uploadT-1:14
2018-07-27 16:55:48[m1-java0.3-11492-00803822_uploadT-2] INFO  [com.baidu.aip.talker.command.CommandThreadPoolExecutor] - afterExecute Command Info:uploadT-2:15
2018-07-27 16:55:49[main] INFO  [com.baidu.aip.talker.controller.ControllerImpl] - schedule status:true, uploader status:true, download status:true
