2018-07-31 09:53:44[main] INFO  [com.baidu.aip.talker.controller.ControllerImpl] - Conf is loaded :conf/sdk.properties
2018-07-31 09:53:44[main] INFO  [com.baidu.aip.talker.controller.ControllerImpl] - Stat is initialized
2018-07-31 09:53:44[main] INFO  [com.baidu.aip.talker.controller.ControllerImpl] - Uploader is initialized
2018-07-31 09:53:44[main] INFO  [com.baidu.aip.talker.controller.ControllerImpl] - Downloader is initialized
2018-07-31 09:53:44[main] INFO  [com.baidu.aip.talker.controller.ControllerImpl] - ClientFactory is initialized
2018-07-31 09:53:44[main] INFO  [com.baidu.aip.talker.command.token.TokenThreadCommand] - token fetch params:[grant_type=client_credentials, client_id=t5fTe2YN25P36FYMnBTQcUga, client_secret=6SgSI55vVqCXOHTamtYwG3yE7A9uKvGX]
2018-07-31 09:53:45[main] WARN  [org.apache.http.client.protocol.ResponseProcessCookies] - Cookie rejected [BAIDUID="49C80CA776E922382EAC294B91030B4A:FG=1", version:0, domain:baidu.com, path:/, expiry:Fri Jan 01 07:55:55 CST 2038] Illegal 'domain' attribute "baidu.com". Domain of origin: "aip.baidubce.com"
2018-07-31 09:53:46[main] INFO  [com.baidu.aip.talker.command.token.TokenThreadCommand] - new token obtained:24.e7ebb95b3a1ff82d942c9921988b1219.2592000.1535594027.282335-11572625,expires in MS:2592000000
2018-07-31 09:53:46[main] INFO  [com.baidu.aip.talker.controller.ControllerImpl] - ====All components are initialized=========
2018-07-31 09:53:46[main] INFO  [com.baidu.aip.talker.controller.ControllerImpl] - Start Threads
2018-07-31 09:53:46[main] INFO  [com.baidu.aip.talker.controller.ControllerImpl] - =========Download Threads started=============
2018-07-31 09:53:46[main] INFO  [com.baidu.aip.talker.command.upload.Uploader] - waiting  download first package success
2018-07-31 09:53:46[m1-java0.3-12300-d61e79e9_downloadT-1] INFO  [com.baidu.aip.talker.command.CommandThreadPoolExecutor] - beforeExecute Thread Info:m1-java0.3-12300-d61e79e9_downloadT-1:14
2018-07-31 09:53:46[m1-java0.3-12300-d61e79e9_downloadT-1] INFO  [com.baidu.aip.talker.common.GlobalSwitch] - isDownloadThreadActive:true
2018-07-31 09:53:46[m1-java0.3-12300-d61e79e9_downloadT-1] DEBUG [com.baidu.aip.talker.command.download.DownloadThreadCommand] - read datatrue:{"logid": "909fd058-9464-11e8-8404-7cd30addb80b", "name": "heartbeat"}
2018-07-31 09:53:46[main] INFO  [com.baidu.aip.talker.command.upload.Uploader] - download first package success
2018-07-31 09:53:46[main] INFO  [com.baidu.aip.talker.controller.ControllerImpl] - =========Upload Threads started=============
2018-07-31 09:53:46[m1-java0.3-12300-d61e79e9_uploadT-1] INFO  [com.baidu.aip.talker.command.CommandThreadPoolExecutor] - beforeExecute Thread Info:m1-java0.3-12300-d61e79e9_uploadT-1:15
2018-07-31 09:53:46[m1-java0.3-12300-d61e79e9_uploadT-1] INFO  [com.baidu.aip.talker.http.RequestFactory] - upload url is https://aitalker.baidubce.com/up?access_token=24.e7ebb95b3a1ff82d942c9921988b1219.2592000.1535594027.282335-11572625&scope=brain_bicc
2018-07-31 09:53:46[m1-java0.3-12300-d61e79e9_uploadT-2] INFO  [com.baidu.aip.talker.command.CommandThreadPoolExecutor] - beforeExecute Thread Info:m1-java0.3-12300-d61e79e9_uploadT-2:16
2018-07-31 09:53:46[m1-java0.3-12300-d61e79e9_uploadT-2] INFO  [com.baidu.aip.talker.http.RequestFactory] - upload url is https://aitalker.baidubce.com/up?access_token=24.e7ebb95b3a1ff82d942c9921988b1219.2592000.1535594027.282335-11572625&scope=brain_bicc
2018-07-31 09:53:46[m1-java0.3-12300-d61e79e9_uploadT-1] DEBUG [com.baidu.aip.talker.command.upload.UploadData] - JsonStr is:{"roleId":0,"callId":"m1-ASR-12300-1-1533002026399","name":"speech_start","sendTs":1533002026400,"beforeCompressTs":0,"afterCompressTs":0,"beforeUploadTs":1533002026452,"compress":0,"sdkId":"m1-java0.3-12300-d61e79e9","connectionId":"uploadT-1","ts":1533002026452,"seqId":0,"agentDn":"123","rate":8000,"params":"","heartBeat":false,"logid":"uploadT-1-Event:speech_start[m1-ASR-12300-1-1533002026399--0-P]-0"} ; binary length: 0
2018-07-31 09:53:46[m1-java0.3-12300-d61e79e9_uploadT-1] TRACE [com.baidu.aip.talker.command.upload.UploadDataEntity] - write to upload stream:Event:speech_start[m1-ASR-12300-1-1533002026399--0-P]duration= 10 , time=1533002026462
2018-07-31 09:53:46[m1-java0.3-12300-d61e79e9_downloadT-1] DEBUG [com.baidu.aip.talker.command.download.DownloadThreadCommand] - read datatrue:{"status": 0, "callId": "m1-ASR-12300-1-1533002026399", "logid": "90c9fbb2-9464-11e8-8404-7cd30addb80b", "name": "speech_start_ack"}
2018-07-31 09:53:46[m1-java0.3-12300-d61e79e9_downloadT-1] DEBUG [com.baidu.aip.talker.command.download.DownloadData] - SPEECH_START_ACK recieve :m1-ASR-12300-1-1533002026399
2018-07-31 09:53:48[m1-java0.3-12300-d61e79e9_downloadT-1] DEBUG [com.baidu.aip.talker.command.download.DownloadThreadCommand] - read datatrue:{"logid": "91e4679e-9464-11e8-8404-7cd30addb80b", "originLogId": "uploadT-1-Event:speech_heartbeat[m1-java0.3-12300-d61e79e9--0]-7", "name": "speech_heartbeat_ack", "sdkId": "m1-java0.3-12300-d61e79e9"}
2018-07-31 09:53:48[m1-java0.3-12300-d61e79e9_downloadT-1] DEBUG [com.baidu.aip.talker.command.download.DownloadThreadCommand] - read datatrue:{"logid": "91fd14c4-9464-11e8-8404-7cd30addb80b", "originLogId": "uploadT-2-Event:speech_heartbeat[m1-java0.3-12300-d61e79e9--0]-7", "name": "speech_heartbeat_ack", "sdkId": "m1-java0.3-12300-d61e79e9"}
2018-07-31 09:53:49[m1-java0.3-12300-d61e79e9_downloadT-1] DEBUG [com.baidu.aip.talker.command.download.DownloadThreadCommand] - read datatrue:{"content": {"category": "TXT", "content": "\u4e00", "callId": "m1-ASR-12300-1-1533002026399", "logId": "F5E7521C-CBF5-4EEE-8D44-4E8CCB4EA067_0", "roleCategory": "AGENT", "triggerTime": 1533002030877, "extJson": {"snStartTime": "00:02.800", "completed": 1, "snStopTime": "00:02.560"}, "triggerTxt": ""}, "name": "knowledge_content", "callId": "m1-ASR-12300-1-1533002026399", "userId": 639624614, "logid": "926a0e58-9464-11e8-adc7-6c92bf3b07d2", "appId": 11572625}
2018-07-31 09:53:49[m1-java0.3-12300-d61e79e9_downloadT-1] DEBUG [com.baidu.aip.talker.command.download.DownloadThreadCommand] - read datatrue:{"content": {"category": "TXT", "content": "\u533b\u5b66", "callId": "m1-ASR-12300-1-1533002026399", "logId": "F5E7521C-CBF5-4EEE-8D44-4E8CCB4EA067_1", "roleCategory": "AGENT", "triggerTime": 1533002031039, "extJson": {"snStartTime": "00:02.800", "completed": 1, "snStopTime": "00:02.720"}, "triggerTxt": ""}, "name": "knowledge_content", "callId": "m1-ASR-12300-1-1533002026399", "userId": 639624614, "logid": "928251c0-9464-11e8-9ac9-7cd30addb80b", "appId": 11572625}
2018-07-31 09:53:49[m1-java0.3-12300-d61e79e9_downloadT-1] DEBUG [com.baidu.aip.talker.command.download.DownloadThreadCommand] - read datatrue:{"content": {"category": "TXT", "content": "\u533b\u5b66\u8003", "callId": "m1-ASR-12300-1-1533002026399", "logId": "F5E7521C-CBF5-4EEE-8D44-4E8CCB4EA067_2", "roleCategory": "AGENT", "triggerTime": 1533002031365, "extJson": {"snStartTime": "00:02.800", "completed": 1, "snStopTime": "00:03.400"}, "triggerTxt": ""}, "name": "knowledge_content", "callId": "m1-ASR-12300-1-1533002026399", "userId": 639624614, "logid": "92b4164c-9464-11e8-afce-7cd30addb80b", "appId": 11572625}
2018-07-31 09:53:49[m1-java0.3-12300-d61e79e9_downloadT-1] DEBUG [com.baidu.aip.talker.command.download.DownloadThreadCommand] - read datatrue:{"content": {"category": "TXT", "content": "\u533b\u5b66\u8003\u8bd5", "callId": "m1-ASR-12300-1-1533002026399", "logId": "F5E7521C-CBF5-4EEE-8D44-4E8CCB4EA067_3", "roleCategory": "AGENT", "triggerTime": 1533002031523, "extJson": {"snStartTime": "00:02.800", "completed": 1, "snStopTime": "00:03.200"}, "triggerTxt": ""}, "name": "knowledge_content", "callId": "m1-ASR-12300-1-1533002026399", "userId": 639624614, "logid": "92cc0dec-9464-11e8-9ac9-7cd30addb80b", "appId": 11572625}
2018-07-31 09:53:50[m1-java0.3-12300-d61e79e9_downloadT-1] DEBUG [com.baidu.aip.talker.command.download.DownloadThreadCommand] - read datatrue:{"content": {"category": "TXT", "content": "\u533b\u5b66\u8003\u8bd5\u662f", "callId": "m1-ASR-12300-1-1533002026399", "logId": "F5E7521C-CBF5-4EEE-8D44-4E8CCB4EA067_4", "roleCategory": "AGENT", "triggerTime": 1533002031865, "extJson": {"snStartTime": "00:02.800", "completed": 1, "snStopTime": "00:03.520"}, "triggerTxt": ""}, "name": "knowledge_content", "callId": "m1-ASR-12300-1-1533002026399", "userId": 639624614, "logid": "930030cc-9464-11e8-9ac9-7cd30addb80b", "appId": 11572625}
2018-07-31 09:53:50[m1-java0.3-12300-d61e79e9_downloadT-1] DEBUG [com.baidu.aip.talker.command.download.DownloadThreadCommand] - read datatrue:{"content": {"category": "TXT", "content": "\u533b\u5b66\u8003\u8bd5\u65f6\u95f4", "callId": "m1-ASR-12300-1-1533002026399", "logId": "F5E7521C-CBF5-4EEE-8D44-4E8CCB4EA067_5", "roleCategory": "AGENT", "triggerTime": 1533002032027, "extJson": {"snStartTime": "00:02.800", "completed": 1, "snStopTime": "00:03.680"}, "triggerTxt": ""}, "name": "knowledge_content", "callId": "m1-ASR-12300-1-1533002026399", "userId": 639624614, "logid": "9318f5ee-9464-11e8-afce-7cd30addb80b", "appId": 11572625}
2018-07-31 09:53:50[m1-java0.3-12300-d61e79e9_downloadT-1] DEBUG [com.baidu.aip.talker.command.download.DownloadThreadCommand] - read datatrue:{"logid": "9341891e-9464-11e8-8404-7cd30addb80b", "originLogId": "uploadT-1-Event:speech_heartbeat[m1-java0.3-12300-d61e79e9--0]-15", "name": "speech_heartbeat_ack", "sdkId": "m1-java0.3-12300-d61e79e9"}
2018-07-31 09:53:50[m1-java0.3-12300-d61e79e9_downloadT-1] DEBUG [com.baidu.aip.talker.command.download.DownloadThreadCommand] - read datatrue:{"logid": "9358d24a-9464-11e8-8404-7cd30addb80b", "originLogId": "uploadT-2-Event:speech_heartbeat[m1-java0.3-12300-d61e79e9--0]-15", "name": "speech_heartbeat_ack", "sdkId": "m1-java0.3-12300-d61e79e9"}
2018-07-31 09:53:50[m1-java0.3-12300-d61e79e9_downloadT-1] DEBUG [com.baidu.aip.talker.command.download.DownloadThreadCommand] - read datatrue:{"content": {"category": "TXT", "content": "\u533b\u5b66\u8003\u8bd5\u65f6\u95f4\uff0c", "callId": "m1-ASR-12300-1-1533002026399", "logId": "F5E7521C-CBF5-4EEE-8D44-4E8CCB4EA067_-1", "roleCategory": "AGENT", "triggerTime": 1533002032558, "extJson": {"snStartTime": "00:02.800", "completed": 3, "speed": "4.41", "snStopTime": "00:04.160"}, "triggerTxt": ""}, "name": "knowledge_content", "callId": "m1-ASR-12300-1-1533002026399", "userId": 639624614, "logid": "936a13ca-9464-11e8-9ac9-7cd30addb80b", "appId": 11572625}
2018-07-31 09:53:51[m1-java0.3-12300-d61e79e9_downloadT-1] DEBUG [com.baidu.aip.talker.command.download.DownloadThreadCommand] - read datatrue:{"logid": "939acb8c-9464-11e8-8404-7cd30addb80b", "name": "heartbeat"}
2018-07-31 09:53:52[main] INFO  [com.baidu.aip.talker.controller.ControllerImpl] - SDK will be stopped
2018-07-31 09:53:52[m1-java0.3-12300-d61e79e9_uploadT-1] DEBUG [com.baidu.aip.talker.command.upload.UploadData] - JsonStr is:{"roleId":0,"callId":"m1-ASR-12300-1-1533002026399","name":"speech_end","sendTs":1533002032633,"beforeCompressTs":0,"afterCompressTs":0,"beforeUploadTs":1533002032633,"compress":0,"sdkId":"m1-java0.3-12300-d61e79e9","connectionId":"uploadT-1","ts":1533002032633,"seqId":0,"agentDn":"123","heartBeat":false,"logid":"uploadT-1-Event:speech_end[m1-ASR-12300-1-1533002026399--0-P]-21"} ; binary length: 0
2018-07-31 09:53:52[m1-java0.3-12300-d61e79e9_uploadT-1] TRACE [com.baidu.aip.talker.command.upload.UploadDataEntity] - write to upload stream:Event:speech_end[m1-ASR-12300-1-1533002026399--0-P]duration= 0 , time=1533002032633
2018-07-31 09:53:52[m1-java0.3-12300-d61e79e9_uploadT-1] DEBUG [com.baidu.aip.talker.command.upload.UploadData] - JsonStr is:{"roleId":0,"callId":"","name":"speech_sdk_stop","sendTs":0,"beforeCompressTs":0,"afterCompressTs":0,"beforeUploadTs":1533002032633,"compress":0,"sdkId":"m1-java0.3-12300-d61e79e9","connectionId":"uploadT-1","ts":1533002032633,"seqId":0,"agentDn":"0","heartBeat":false,"logid":"uploadT-1-Event:speech_sdk_stop[m1-java0.3-12300-d61e79e9--0-P]-22"} ; binary length: 0
2018-07-31 09:53:52[m1-java0.3-12300-d61e79e9_uploadT-1] TRACE [com.baidu.aip.talker.command.upload.UploadDataEntity] - write to upload stream:Event:speech_sdk_stop[m1-java0.3-12300-d61e79e9--0-P]duration= 0 , time=1533002032633
2018-07-31 09:53:52[m1-java0.3-12300-d61e79e9_downloadT-1] INFO  [com.baidu.aip.talker.common.GlobalSwitch] - isDownloadThreadActive:false
2018-07-31 09:53:52[m1-java0.3-12300-d61e79e9_downloadT-1] INFO  [com.baidu.aip.talker.common.GlobalSwitch] - isDownloadThreadActive:false
2018-07-31 09:53:52[m1-java0.3-12300-d61e79e9_downloadT-1] INFO  [com.baidu.aip.talker.command.CommandThreadPoolExecutor] - afterExecute Command Info:downloadT-1:14
2018-07-31 09:53:55[m1-java0.3-12300-d61e79e9_uploadT-1] INFO  [com.baidu.aip.talker.command.upload.UploadDataEntity] - uploadT-1 will be stopped
2018-07-31 09:53:55[m1-java0.3-12300-d61e79e9_uploadT-1] INFO  [com.baidu.aip.talker.command.upload.UploadDataEntity] - 25 packages sent, commandId:uploadT-1
2018-07-31 09:53:55[m1-java0.3-12300-d61e79e9_uploadT-1] INFO  [com.baidu.aip.talker.command.CommandThreadPoolExecutor] - afterExecute Command Info:uploadT-1:15
2018-07-31 09:53:56[m1-java0.3-12300-d61e79e9_uploadT-2] INFO  [com.baidu.aip.talker.command.upload.UploadDataEntity] - uploadT-2 will be stopped
2018-07-31 09:53:56[m1-java0.3-12300-d61e79e9_uploadT-2] INFO  [com.baidu.aip.talker.command.upload.UploadDataEntity] - 23 packages sent, commandId:uploadT-2
2018-07-31 09:53:56[m1-java0.3-12300-d61e79e9_uploadT-2] INFO  [com.baidu.aip.talker.command.CommandThreadPoolExecutor] - afterExecute Command Info:uploadT-2:16
2018-07-31 09:53:56[main] INFO  [com.baidu.aip.talker.controller.ControllerImpl] - schedule status:true, uploader status:true, download status:true
