2018-07-27 15:26:46[main] INFO  [com.baidu.aip.talker.controller.ControllerImpl] - Conf is loaded :conf/sdk.properties
2018-07-27 15:26:46[main] INFO  [com.baidu.aip.talker.controller.ControllerImpl] - Stat is initialized
2018-07-27 15:26:46[main] INFO  [com.baidu.aip.talker.controller.ControllerImpl] - Uploader is initialized
2018-07-27 15:26:46[main] INFO  [com.baidu.aip.talker.controller.ControllerImpl] - Downloader is initialized
2018-07-27 15:26:46[main] INFO  [com.baidu.aip.talker.controller.ControllerImpl] - ClientFactory is initialized
2018-07-27 15:26:46[main] INFO  [com.baidu.aip.talker.command.token.TokenThreadCommand] - token fetch params:[grant_type=client_credentials, client_id=t5fTe2YN25P36FYMnBTQcUga, client_secret=6SgSI55vVqCXOHTamtYwG3yE7A9uKvGX]
2018-07-27 15:26:48[main] WARN  [org.apache.http.client.protocol.ResponseProcessCookies] - Cookie rejected [BAIDUID="A9774D80FA943711B68239291F980ECA:FG=1", version:0, domain:baidu.com, path:/, expiry:Fri Jan 01 07:55:55 CST 2038] Illegal 'domain' attribute "baidu.com". Domain of origin: "aip.baidubce.com"
2018-07-27 15:26:48[main] INFO  [com.baidu.aip.talker.command.token.TokenThreadCommand] - new token obtained:24.200c119119a287b89059045d61d0015a.2592000.1535268411.282335-11572625,expires in MS:2592000000
2018-07-27 15:26:48[main] INFO  [com.baidu.aip.talker.controller.ControllerImpl] - ====All components are initialized=========
2018-07-27 15:26:48[main] INFO  [com.baidu.aip.talker.controller.ControllerImpl] - Start Threads
2018-07-27 15:26:48[main] INFO  [com.baidu.aip.talker.controller.ControllerImpl] - =========Download Threads started=============
2018-07-27 15:26:48[main] INFO  [com.baidu.aip.talker.command.upload.Uploader] - waiting  download first package success
2018-07-27 15:26:48[m1-java0.3-10836-1d51dfa3_downloadT-1] INFO  [com.baidu.aip.talker.command.CommandThreadPoolExecutor] - beforeExecute Thread Info:m1-java0.3-10836-1d51dfa3_downloadT-1:13
2018-07-27 15:26:48[m1-java0.3-10836-1d51dfa3_downloadT-1] INFO  [com.baidu.aip.talker.common.GlobalSwitch] - isDownloadThreadActive:true
2018-07-27 15:26:48[m1-java0.3-10836-1d51dfa3_downloadT-1] DEBUG [com.baidu.aip.talker.command.download.DownloadThreadCommand] - read datatrue:{"logid": "6e9ee398-916e-11e8-8abd-6c92bf3b0791", "name": "heartbeat"}
2018-07-27 15:26:48[main] INFO  [com.baidu.aip.talker.command.upload.Uploader] - download first package success
2018-07-27 15:26:48[m1-java0.3-10836-1d51dfa3_uploadT-1] INFO  [com.baidu.aip.talker.command.CommandThreadPoolExecutor] - beforeExecute Thread Info:m1-java0.3-10836-1d51dfa3_uploadT-1:14
2018-07-27 15:26:48[m1-java0.3-10836-1d51dfa3_uploadT-2] INFO  [com.baidu.aip.talker.command.CommandThreadPoolExecutor] - beforeExecute Thread Info:m1-java0.3-10836-1d51dfa3_uploadT-2:15
2018-07-27 15:26:48[m1-java0.3-10836-1d51dfa3_uploadT-1] INFO  [com.baidu.aip.talker.http.RequestFactory] - upload url is https://aitalker.baidubce.com/up?access_token=24.200c119119a287b89059045d61d0015a.2592000.1535268411.282335-11572625&scope=brain_bicc
2018-07-27 15:26:48[m1-java0.3-10836-1d51dfa3_uploadT-2] INFO  [com.baidu.aip.talker.http.RequestFactory] - upload url is https://aitalker.baidubce.com/up?access_token=24.200c119119a287b89059045d61d0015a.2592000.1535268411.282335-11572625&scope=brain_bicc
2018-07-27 15:26:48[main] INFO  [com.baidu.aip.talker.controller.ControllerImpl] - =========Upload Threads started=============
2018-07-27 15:26:48[m1-java0.3-10836-1d51dfa3_uploadT-2] DEBUG [com.baidu.aip.talker.command.upload.UploadData] - JsonStr is:{"roleId":0,"callId":"m1-ASR-10836-1-1532676408933","name":"speech_start","sendTs":1532676408933,"beforeCompressTs":0,"afterCompressTs":0,"beforeUploadTs":1532676408976,"compress":0,"sdkId":"m1-java0.3-10836-1d51dfa3","connectionId":"uploadT-2","ts":1532676408978,"seqId":0,"agentDn":"123","rate":8000,"params":"","heartBeat":false,"logid":"uploadT-2-Event:speech_start[m1-ASR-10836-1-1532676408933--0-P]-0"} ; binary length: 0
2018-07-27 15:26:48[m1-java0.3-10836-1d51dfa3_uploadT-2] TRACE [com.baidu.aip.talker.command.upload.UploadDataEntity] - write to upload stream:Event:speech_start[m1-ASR-10836-1-1532676408933--0-P]duration= 21 , time=1532676408999
2018-07-27 15:26:49[m1-java0.3-10836-1d51dfa3_downloadT-1] DEBUG [com.baidu.aip.talker.command.download.DownloadThreadCommand] - read datatrue:{"status": 0, "callId": "m1-ASR-10836-1-1532676408933", "logid": "6ebeb60a-916e-11e8-8abd-6c92bf3b0791", "name": "speech_start_ack"}
2018-07-27 15:26:49[m1-java0.3-10836-1d51dfa3_downloadT-1] DEBUG [com.baidu.aip.talker.command.download.DownloadData] - SPEECH_START_ACK recieve :m1-ASR-10836-1-1532676408933
2018-07-27 15:26:49[m1-java0.3-10836-1d51dfa3_downloadT-1] DEBUG [com.baidu.aip.talker.command.download.DownloadThreadCommand] - read datatrue:{"content": {"category": "TXT", "content": "\u7ea2", "callId": "m1-ASR-10836-1-1532676408933", "logId": "1686229B-C75C-4611-A2C7-71EFDD6E3A0C_0", "roleCategory": "AGENT", "triggerTime": 1532676413239, "extJson": {"snStartTime": "00:00.160", "completed": 1, "snStopTime": "00:00.640"}, "triggerTxt": ""}, "name": "knowledge_content", "callId": "m1-ASR-10836-1-1532676408933", "userId": 639624614, "logid": "6f2d2aa4-916e-11e8-afce-7cd30addb80b", "appId": 11572625}
2018-07-27 15:26:50[m1-java0.3-10836-1d51dfa3_downloadT-1] DEBUG [com.baidu.aip.talker.command.download.DownloadThreadCommand] - read datatrue:{"content": {"category": "TXT", "content": "\u540c\u65f6", "callId": "m1-ASR-10836-1-1532676408933", "logId": "1686229B-C75C-4611-A2C7-71EFDD6E3A0C_1", "roleCategory": "AGENT", "triggerTime": 1532676413764, "extJson": {"snStartTime": "00:00.160", "completed": 1, "snStopTime": "00:01.120"}, "triggerTxt": ""}, "name": "knowledge_content", "callId": "m1-ASR-10836-1-1532676408933", "userId": 639624614, "logid": "6f7d368e-916e-11e8-94fd-6c92bf3b0791", "appId": 11572625}
2018-07-27 15:26:50[m1-java0.3-10836-1d51dfa3_downloadT-1] DEBUG [com.baidu.aip.talker.command.download.DownloadThreadCommand] - read datatrue:{"content": {"category": "TXT", "content": "\u6d2a\u9a70\u540d", "callId": "m1-ASR-10836-1-1532676408933", "logId": "1686229B-C75C-4611-A2C7-71EFDD6E3A0C_2", "roleCategory": "AGENT", "triggerTime": 1532676414236, "extJson": {"snStartTime": "00:00.160", "completed": 1, "snStopTime": "00:01.600"}, "triggerTxt": ""}, "name": "knowledge_content", "callId": "m1-ASR-10836-1-1532676408933", "userId": 639624614, "logid": "6fc50982-916e-11e8-b1a6-6c92bf3b07d2", "appId": 11572625}
2018-07-27 15:26:51[m1-java0.3-10836-1d51dfa3_downloadT-1] DEBUG [com.baidu.aip.talker.command.download.DownloadThreadCommand] - read datatrue:{"logid": "6fe51128-916e-11e8-8abd-6c92bf3b0791", "originLogId": "uploadT-1-Event:speech_heartbeat[m1-java0.3-10836-1d51dfa3--0]-7", "name": "speech_heartbeat_ack", "sdkId": "m1-java0.3-10836-1d51dfa3"}
2018-07-27 15:26:51[m1-java0.3-10836-1d51dfa3_downloadT-1] DEBUG [com.baidu.aip.talker.command.download.DownloadThreadCommand] - read datatrue:{"content": {"category": "TXT", "content": "\u540c\u65f6\u660e\u65e5", "callId": "m1-ASR-10836-1-1532676408933", "logId": "1686229B-C75C-4611-A2C7-71EFDD6E3A0C_3", "roleCategory": "AGENT", "triggerTime": 1532676414518, "extJson": {"snStartTime": "00:00.160", "completed": 1, "snStopTime": "00:01.919"}, "triggerTxt": ""}, "name": "knowledge_content", "callId": "m1-ASR-10836-1-1532676408933", "userId": 639624614, "logid": "6ff03648-916e-11e8-b1a6-6c92bf3b07d2", "appId": 11572625}
2018-07-27 15:26:51[m1-java0.3-10836-1d51dfa3_downloadT-1] DEBUG [com.baidu.aip.talker.command.download.DownloadThreadCommand] - read datatrue:{"logid": "6ffeeb16-916e-11e8-8abd-6c92bf3b0791", "originLogId": "uploadT-2-Event:speech_heartbeat[m1-java0.3-10836-1d51dfa3--0]-8", "name": "speech_heartbeat_ack", "sdkId": "m1-java0.3-10836-1d51dfa3"}
2018-07-27 15:26:51[m1-java0.3-10836-1d51dfa3_downloadT-1] DEBUG [com.baidu.aip.talker.command.download.DownloadThreadCommand] - read datatrue:{"content": {"category": "TXT", "content": "\u540c\u65f6\u660e\u65e5\u5149", "callId": "m1-ASR-10836-1-1532676408933", "logId": "1686229B-C75C-4611-A2C7-71EFDD6E3A0C_4", "roleCategory": "AGENT", "triggerTime": 1532676415013, "extJson": {"snStartTime": "00:00.160", "completed": 1, "snStopTime": "00:02.399"}, "triggerTxt": ""}, "name": "knowledge_content", "callId": "m1-ASR-10836-1-1532676408933", "userId": 639624614, "logid": "703b9e8a-916e-11e8-94fd-6c92bf3b0791", "appId": 11572625}
2018-07-27 15:26:52[m1-java0.3-10836-1d51dfa3_downloadT-1] DEBUG [com.baidu.aip.talker.command.download.DownloadThreadCommand] - read datatrue:{"content": {"category": "TXT", "content": "\u540c\u65f6\u660e\u65e5\u5149\u662f", "callId": "m1-ASR-10836-1-1532676408933", "logId": "1686229B-C75C-4611-A2C7-71EFDD6E3A0C_5", "roleCategory": "AGENT", "triggerTime": 1532676416204, "extJson": {"snStartTime": "00:00.160", "completed": 1, "snStopTime": "00:03.520"}, "triggerTxt": ""}, "name": "knowledge_content", "callId": "m1-ASR-10836-1-1532676408933", "userId": 639624614, "logid": "70f17cb4-916e-11e8-adc7-6c92bf3b07d2", "appId": 11572625}
2018-07-27 15:26:53[m1-java0.3-10836-1d51dfa3_downloadT-1] DEBUG [com.baidu.aip.talker.command.download.DownloadThreadCommand] - read datatrue:{"content": {"category": "TXT", "content": "\u540c\u65f6\u660e\u65e5\u5149\u55ef\u55ef", "callId": "m1-ASR-10836-1-1532676408933", "logId": "1686229B-C75C-4611-A2C7-71EFDD6E3A0C_6", "roleCategory": "AGENT", "triggerTime": 1532676416682, "extJson": {"snStartTime": "00:00.160", "completed": 1, "snStopTime": "00:04.00"}, "triggerTxt": ""}, "name": "knowledge_content", "callId": "m1-ASR-10836-1-1532676408933", "userId": 639624614, "logid": "713a4b74-916e-11e8-afce-7cd30addb80b", "appId": 11572625}
2018-07-27 15:26:53[m1-java0.3-10836-1d51dfa3_downloadT-1] DEBUG [com.baidu.aip.talker.command.download.DownloadThreadCommand] - read datatrue:{"logid": "713ae084-916e-11e8-8abd-6c92bf3b0791", "originLogId": "uploadT-1-Event:speech_heartbeat[m1-java0.3-10836-1d51dfa3--0]-15", "name": "speech_heartbeat_ack", "sdkId": "m1-java0.3-10836-1d51dfa3"}
2018-07-27 15:26:53[m1-java0.3-10836-1d51dfa3_downloadT-1] DEBUG [com.baidu.aip.talker.command.download.DownloadThreadCommand] - read datatrue:{"logid": "71534ec6-916e-11e8-8abd-6c92bf3b0791", "originLogId": "uploadT-2-Event:speech_heartbeat[m1-java0.3-10836-1d51dfa3--0]-16", "name": "speech_heartbeat_ack", "sdkId": "m1-java0.3-10836-1d51dfa3"}
2018-07-27 15:26:53[m1-java0.3-10836-1d51dfa3_downloadT-1] DEBUG [com.baidu.aip.talker.command.download.DownloadThreadCommand] - read datatrue:{"content": {"category": "TXT", "content": "\u540c\u65f6\u660e\u65e5\u5149\u55ef\u55ef\u987a", "callId": "m1-ASR-10836-1-1532676408933", "logId": "1686229B-C75C-4611-A2C7-71EFDD6E3A0C_7", "roleCategory": "AGENT", "triggerTime": 1532676417167, "extJson": {"snStartTime": "00:00.160", "completed": 1, "snStopTime": "00:04.480"}, "triggerTxt": ""}, "name": "knowledge_content", "callId": "m1-ASR-10836-1-1532676408933", "userId": 639624614, "logid": "71846d76-916e-11e8-94fd-6c92bf3b0791", "appId": 11572625}
2018-07-27 15:26:53[m1-java0.3-10836-1d51dfa3_downloadT-1] DEBUG [com.baidu.aip.talker.command.download.DownloadThreadCommand] - read datatrue:{"logid": "7199def4-916e-11e8-8abd-6c92bf3b0791", "name": "heartbeat"}
2018-07-27 15:26:54[m1-java0.3-10836-1d51dfa3_downloadT-1] DEBUG [com.baidu.aip.talker.command.download.DownloadThreadCommand] - read datatrue:{"content": {"category": "TXT", "content": "\u540c\u65f6\u660e\u65e5\u5149\u55ef\u55ef\u987a\u987a", "callId": "m1-ASR-10836-1-1532676408933", "logId": "1686229B-C75C-4611-A2C7-71EFDD6E3A0C_8", "roleCategory": "AGENT", "triggerTime": 1532676417734, "extJson": {"snStartTime": "00:00.160", "completed": 1, "snStopTime": "00:05.120"}, "triggerTxt": ""}, "name": "knowledge_content", "callId": "m1-ASR-10836-1-1532676408933", "userId": 639624614, "logid": "71dafdf8-916e-11e8-adc7-6c92bf3b07d2", "appId": 11572625}
2018-07-27 15:26:55[m1-java0.3-10836-1d51dfa3_downloadT-1] DEBUG [com.baidu.aip.talker.command.download.DownloadThreadCommand] - read datatrue:{"content": {"category": "TXT", "content": "\u540c\u65f6\u660e\u65e5\u5149\u55ef\u55ef\u987a\u53d4\u8bf7", "callId": "m1-ASR-10836-1-1532676408933", "logId": "1686229B-C75C-4611-A2C7-71EFDD6E3A0C_9", "roleCategory": "AGENT", "triggerTime": 1532676418468, "extJson": {"snStartTime": "00:00.160", "completed": 1, "snStopTime": "00:05.919"}, "triggerTxt": ""}, "name": "knowledge_content", "callId": "m1-ASR-10836-1-1532676408933", "userId": 639624614, "logid": "724b0da0-916e-11e8-b1a6-6c92bf3b07d2", "appId": 11572625}
2018-07-27 15:26:55[m1-java0.3-10836-1d51dfa3_downloadT-1] DEBUG [com.baidu.aip.talker.command.download.DownloadThreadCommand] - read datatrue:{"content": {"category": "TXT", "content": "\u540c\u65f6\u660e\u65e5\u5149\u55ef\u55ef\u987a\u987a\u8bf7\u540c", "callId": "m1-ASR-10836-1-1532676408933", "logId": "1686229B-C75C-4611-A2C7-71EFDD6E3A0C_10", "roleCategory": "AGENT", "triggerTime": 1532676418769, "extJson": {"snStartTime": "00:00.160", "completed": 1, "snStopTime": "00:06.800"}, "triggerTxt": ""}, "name": "knowledge_content", "callId": "m1-ASR-10836-1-1532676408933", "userId": 639624614, "logid": "7278c204-916e-11e8-afce-7cd30addb80b", "appId": 11572625}
2018-07-27 15:26:55[m1-java0.3-10836-1d51dfa3_downloadT-1] DEBUG [com.baidu.aip.talker.command.download.DownloadThreadCommand] - read datatrue:{"logid": "7290c19c-916e-11e8-8abd-6c92bf3b0791", "originLogId": "uploadT-1-Event:speech_heartbeat[m1-java0.3-10836-1d51dfa3--0]-23", "name": "speech_heartbeat_ack", "sdkId": "m1-java0.3-10836-1d51dfa3"}
2018-07-27 15:26:55[m1-java0.3-10836-1d51dfa3_downloadT-1] DEBUG [com.baidu.aip.talker.command.download.DownloadThreadCommand] - read datatrue:{"content": {"category": "TXT", "content": "\u540c\u65f6\u660e\u65e5\u5149\u55ef\u55ef\u987a\u987a\u8bf7\u540c\u4e30", "callId": "m1-ASR-10836-1-1532676408933", "logId": "1686229B-C75C-4611-A2C7-71EFDD6E3A0C_11", "roleCategory": "AGENT", "triggerTime": 1532676418926, "extJson": {"snStartTime": "00:00.160", "completed": 1, "snStopTime": "00:06.240"}, "triggerTxt": ""}, "name": "knowledge_content", "callId": "m1-ASR-10836-1-1532676408933", "userId": 639624614, "logid": "729092ee-916e-11e8-9ac9-7cd30addb80b", "appId": 11572625}
2018-07-27 15:26:55[m1-java0.3-10836-1d51dfa3_downloadT-1] DEBUG [com.baidu.aip.talker.command.download.DownloadThreadCommand] - read datatrue:{"logid": "72a9151c-916e-11e8-8abd-6c92bf3b0791", "originLogId": "uploadT-2-Event:speech_heartbeat[m1-java0.3-10836-1d51dfa3--0]-24", "name": "speech_heartbeat_ack", "sdkId": "m1-java0.3-10836-1d51dfa3"}
2018-07-27 15:26:56[m1-java0.3-10836-1d51dfa3_downloadT-1] DEBUG [com.baidu.aip.talker.command.download.DownloadThreadCommand] - read datatrue:{"content": {"category": "TXT", "content": "\u540c\u65f6\u660e\u65e5\u5149\u55ef\u55ef\u987a\u987a\u8bf7\u540c\u98ce\u96e8", "callId": "m1-ASR-10836-1-1532676408933", "logId": "1686229B-C75C-4611-A2C7-71EFDD6E3A0C_12", "roleCategory": "AGENT", "triggerTime": 1532676419551, "extJson": {"snStartTime": "00:00.160", "completed": 1, "snStopTime": "00:06.879"}, "triggerTxt": ""}, "name": "knowledge_content", "callId": "m1-ASR-10836-1-1532676408933", "userId": 639624614, "logid": "72f01124-916e-11e8-9ac9-7cd30addb80b", "appId": 11572625}
2018-07-27 15:26:57[m1-java0.3-10836-1d51dfa3_downloadT-1] DEBUG [com.baidu.aip.talker.command.download.DownloadThreadCommand] - read datatrue:{"content": {"category": "TXT", "content": "\u540c\u65f6\u660e\u65e5\u5149\u55ef\u55ef\u987a\u987a\u8bf7\u540c\u98ce\u96e8\u540c", "callId": "m1-ASR-10836-1-1532676408933", "logId": "1686229B-C75C-4611-A2C7-71EFDD6E3A0C_13", "roleCategory": "AGENT", "triggerTime": 1532676421146, "extJson": {"snStartTime": "00:00.160", "completed": 1, "snStopTime": "00:08.480"}, "triggerTxt": ""}, "name": "knowledge_content", "callId": "m1-ASR-10836-1-1532676408933", "userId": 639624614, "logid": "73e3a528-916e-11e8-9ac9-7cd30addb80b", "appId": 11572625}
2018-07-27 15:26:57[m1-java0.3-10836-1d51dfa3_downloadT-1] DEBUG [com.baidu.aip.talker.command.download.DownloadThreadCommand] - read datatrue:{"logid": "73e6800e-916e-11e8-8abd-6c92bf3b0791", "originLogId": "uploadT-1-Event:speech_heartbeat[m1-java0.3-10836-1d51dfa3--0]-31", "name": "speech_heartbeat_ack", "sdkId": "m1-java0.3-10836-1d51dfa3"}
2018-07-27 15:26:57[m1-java0.3-10836-1d51dfa3_downloadT-1] DEBUG [com.baidu.aip.talker.command.download.DownloadThreadCommand] - read datatrue:{"logid": "73fef440-916e-11e8-8abd-6c92bf3b0791", "originLogId": "uploadT-2-Event:speech_heartbeat[m1-java0.3-10836-1d51dfa3--0]-32", "name": "speech_heartbeat_ack", "sdkId": "m1-java0.3-10836-1d51dfa3"}
2018-07-27 15:26:58[m1-java0.3-10836-1d51dfa3_downloadT-1] DEBUG [com.baidu.aip.talker.command.download.DownloadThreadCommand] - read datatrue:{"content": {"category": "TXT", "content": "\u540c\u65f6\u660e\u65e5\u5149\u55ef\u55ef\u987a\u987a\u8bf7\u540c\u98ce\u96e8\u540c\u5fc3", "callId": "m1-ASR-10836-1-1532676408933", "logId": "1686229B-C75C-4611-A2C7-71EFDD6E3A0C_14", "roleCategory": "AGENT", "triggerTime": 1532676421625, "extJson": {"snStartTime": "00:00.160", "completed": 1, "snStopTime": "00:08.960"}, "triggerTxt": ""}, "name": "knowledge_content", "callId": "m1-ASR-10836-1-1532676408933", "userId": 639624614, "logid": "742cc262-916e-11e8-adc7-6c92bf3b07d2", "appId": 11572625}
2018-07-27 15:26:58[main] INFO  [com.baidu.aip.talker.controller.ControllerImpl] - SDK will be stopped
2018-07-27 15:26:58[m1-java0.3-10836-1d51dfa3_uploadT-2] DEBUG [com.baidu.aip.talker.command.upload.UploadData] - JsonStr is:{"roleId":0,"callId":"m1-ASR-10836-1-1532676408933","name":"speech_end","sendTs":1532676418856,"beforeCompressTs":0,"afterCompressTs":0,"beforeUploadTs":1532676418856,"compress":0,"sdkId":"m1-java0.3-10836-1d51dfa3","connectionId":"uploadT-2","ts":1532676418856,"seqId":0,"agentDn":"123","heartBeat":false,"logid":"uploadT-2-Event:speech_end[m1-ASR-10836-1-1532676408933--0-P]-35"} ; binary length: 0
2018-07-27 15:26:58[m1-java0.3-10836-1d51dfa3_uploadT-1] DEBUG [com.baidu.aip.talker.command.upload.UploadData] - JsonStr is:{"roleId":0,"callId":"","name":"speech_sdk_stop","sendTs":0,"beforeCompressTs":0,"afterCompressTs":0,"beforeUploadTs":1532676418856,"compress":0,"sdkId":"m1-java0.3-10836-1d51dfa3","connectionId":"uploadT-1","ts":1532676418856,"seqId":0,"agentDn":"0","heartBeat":false,"logid":"uploadT-1-Event:speech_sdk_stop[m1-java0.3-10836-1d51dfa3--0-P]-35"} ; binary length: 0
2018-07-27 15:26:58[m1-java0.3-10836-1d51dfa3_uploadT-2] TRACE [com.baidu.aip.talker.command.upload.UploadDataEntity] - write to upload stream:Event:speech_end[m1-ASR-10836-1-1532676408933--0-P]duration= 0 , time=1532676418856
2018-07-27 15:26:58[m1-java0.3-10836-1d51dfa3_uploadT-1] TRACE [com.baidu.aip.talker.command.upload.UploadDataEntity] - write to upload stream:Event:speech_sdk_stop[m1-java0.3-10836-1d51dfa3--0-P]duration= 1 , time=1532676418857
2018-07-27 15:26:58[m1-java0.3-10836-1d51dfa3_downloadT-1] INFO  [com.baidu.aip.talker.common.GlobalSwitch] - isDownloadThreadActive:false
2018-07-27 15:26:58[m1-java0.3-10836-1d51dfa3_downloadT-1] INFO  [com.baidu.aip.talker.common.GlobalSwitch] - isDownloadThreadActive:false
2018-07-27 15:26:58[m1-java0.3-10836-1d51dfa3_downloadT-1] INFO  [com.baidu.aip.talker.command.CommandThreadPoolExecutor] - afterExecute Command Info:downloadT-1:13
2018-07-27 15:27:01[m1-java0.3-10836-1d51dfa3_uploadT-2] INFO  [com.baidu.aip.talker.command.upload.UploadDataEntity] - uploadT-2 will be stopped
2018-07-27 15:27:01[m1-java0.3-10836-1d51dfa3_uploadT-2] INFO  [com.baidu.aip.talker.command.upload.UploadDataEntity] - 37 packages sent, commandId:uploadT-2
2018-07-27 15:27:01[m1-java0.3-10836-1d51dfa3_uploadT-1] INFO  [com.baidu.aip.talker.command.upload.UploadDataEntity] - uploadT-1 will be stopped
2018-07-27 15:27:01[m1-java0.3-10836-1d51dfa3_uploadT-1] INFO  [com.baidu.aip.talker.command.upload.UploadDataEntity] - 38 packages sent, commandId:uploadT-1
2018-07-27 15:27:01[m1-java0.3-10836-1d51dfa3_uploadT-2] INFO  [com.baidu.aip.talker.command.CommandThreadPoolExecutor] - afterExecute Command Info:uploadT-2:15
2018-07-27 15:27:01[m1-java0.3-10836-1d51dfa3_uploadT-1] INFO  [com.baidu.aip.talker.command.CommandThreadPoolExecutor] - afterExecute Command Info:uploadT-1:14
2018-07-27 15:27:02[main] INFO  [com.baidu.aip.talker.controller.ControllerImpl] - schedule status:true, uploader status:true, download status:true
2018-07-27 15:31:44[main] INFO  [com.baidu.aip.talker.controller.ControllerImpl] - Conf is loaded :conf/sdk.properties
2018-07-27 15:31:44[main] INFO  [com.baidu.aip.talker.controller.ControllerImpl] - Stat is initialized
2018-07-27 15:31:44[main] INFO  [com.baidu.aip.talker.controller.ControllerImpl] - Uploader is initialized
2018-07-27 15:31:44[main] INFO  [com.baidu.aip.talker.controller.ControllerImpl] - Downloader is initialized
2018-07-27 15:31:44[main] INFO  [com.baidu.aip.talker.controller.ControllerImpl] - ClientFactory is initialized
2018-07-27 15:31:44[main] INFO  [com.baidu.aip.talker.command.token.TokenThreadCommand] - token fetch params:[grant_type=client_credentials, client_id=t5fTe2YN25P36FYMnBTQcUga, client_secret=6SgSI55vVqCXOHTamtYwG3yE7A9uKvGX]
2018-07-27 15:31:45[main] WARN  [org.apache.http.client.protocol.ResponseProcessCookies] - Cookie rejected [BAIDUID="84DFD5232B2D40F3A6ACBB2B473315A2:FG=1", version:0, domain:baidu.com, path:/, expiry:Fri Jan 01 07:55:55 CST 2038] Illegal 'domain' attribute "baidu.com". Domain of origin: "aip.baidubce.com"
2018-07-27 15:31:45[main] INFO  [com.baidu.aip.talker.command.token.TokenThreadCommand] - new token obtained:24.11d63b0df7db425dc717e27cd3157a10.2592000.1535268708.282335-11572625,expires in MS:2592000000
2018-07-27 15:31:45[main] INFO  [com.baidu.aip.talker.controller.ControllerImpl] - ====All components are initialized=========
2018-07-27 15:31:45[main] INFO  [com.baidu.aip.talker.controller.ControllerImpl] - Start Threads
2018-07-27 15:31:45[main] INFO  [com.baidu.aip.talker.controller.ControllerImpl] - =========Download Threads started=============
2018-07-27 15:31:45[main] INFO  [com.baidu.aip.talker.command.upload.Uploader] - waiting  download first package success
2018-07-27 15:31:45[m1-java0.3-1472-a50b794e_downloadT-1] INFO  [com.baidu.aip.talker.command.CommandThreadPoolExecutor] - beforeExecute Thread Info:m1-java0.3-1472-a50b794e_downloadT-1:13
2018-07-27 15:31:45[m1-java0.3-1472-a50b794e_downloadT-1] INFO  [com.baidu.aip.talker.common.GlobalSwitch] - isDownloadThreadActive:true
2018-07-27 15:31:45[m1-java0.3-1472-a50b794e_downloadT-1] DEBUG [com.baidu.aip.talker.command.download.DownloadThreadCommand] - read datatrue:{"logid": "1f70623c-916f-11e8-8abd-6c92bf3b0791", "name": "heartbeat"}
2018-07-27 15:31:45[main] INFO  [com.baidu.aip.talker.command.upload.Uploader] - download first package success
2018-07-27 15:31:45[m1-java0.3-1472-a50b794e_uploadT-1] INFO  [com.baidu.aip.talker.command.CommandThreadPoolExecutor] - beforeExecute Thread Info:m1-java0.3-1472-a50b794e_uploadT-1:14
2018-07-27 15:31:45[m1-java0.3-1472-a50b794e_uploadT-1] INFO  [com.baidu.aip.talker.http.RequestFactory] - upload url is https://aitalker.baidubce.com/up?access_token=24.11d63b0df7db425dc717e27cd3157a10.2592000.1535268708.282335-11572625&scope=brain_bicc
2018-07-27 15:31:45[main] INFO  [com.baidu.aip.talker.controller.ControllerImpl] - =========Upload Threads started=============
2018-07-27 15:31:45[m1-java0.3-1472-a50b794e_uploadT-2] INFO  [com.baidu.aip.talker.command.CommandThreadPoolExecutor] - beforeExecute Thread Info:m1-java0.3-1472-a50b794e_uploadT-2:15
2018-07-27 15:31:45[m1-java0.3-1472-a50b794e_uploadT-2] INFO  [com.baidu.aip.talker.http.RequestFactory] - upload url is https://aitalker.baidubce.com/up?access_token=24.11d63b0df7db425dc717e27cd3157a10.2592000.1535268708.282335-11572625&scope=brain_bicc
2018-07-27 15:31:45[m1-java0.3-1472-a50b794e_uploadT-1] DEBUG [com.baidu.aip.talker.command.upload.UploadData] - JsonStr is:{"roleId":0,"callId":"m1-ASR-1472-1-1532676705681","name":"speech_start","sendTs":1532676705681,"beforeCompressTs":0,"afterCompressTs":0,"beforeUploadTs":1532676705726,"compress":0,"sdkId":"m1-java0.3-1472-a50b794e","connectionId":"uploadT-1","ts":1532676705726,"seqId":0,"agentDn":"123","rate":8000,"params":"","heartBeat":false,"logid":"uploadT-1-Event:speech_start[m1-ASR-1472-1-1532676705681--0-P]-0"} ; binary length: 0
2018-07-27 15:31:45[m1-java0.3-1472-a50b794e_uploadT-1] TRACE [com.baidu.aip.talker.command.upload.UploadDataEntity] - write to upload stream:Event:speech_start[m1-ASR-1472-1-1532676705681--0-P]duration= 6 , time=1532676705732
2018-07-27 15:31:45[m1-java0.3-1472-a50b794e_downloadT-1] DEBUG [com.baidu.aip.talker.command.download.DownloadThreadCommand] - read datatrue:{"status": 0, "callId": "m1-ASR-1472-1-1532676705681", "logid": "1f9ae840-916f-11e8-8abd-6c92bf3b0791", "name": "speech_start_ack"}
2018-07-27 15:31:45[m1-java0.3-1472-a50b794e_downloadT-1] DEBUG [com.baidu.aip.talker.command.download.DownloadData] - SPEECH_START_ACK recieve :m1-ASR-1472-1-1532676705681
2018-07-27 15:31:47[m1-java0.3-1472-a50b794e_downloadT-1] DEBUG [com.baidu.aip.talker.command.download.DownloadThreadCommand] - read datatrue:{"logid": "20c55a20-916f-11e8-8abd-6c92bf3b0791", "originLogId": "uploadT-2-Event:speech_heartbeat[m1-java0.3-1472-a50b794e--0]-7", "name": "speech_heartbeat_ack", "sdkId": "m1-java0.3-1472-a50b794e"}
2018-07-27 15:31:47[m1-java0.3-1472-a50b794e_downloadT-1] DEBUG [com.baidu.aip.talker.command.download.DownloadThreadCommand] - read datatrue:{"logid": "20df568c-916f-11e8-8abd-6c92bf3b0791", "originLogId": "uploadT-1-Event:speech_heartbeat[m1-java0.3-1472-a50b794e--0]-8", "name": "speech_heartbeat_ack", "sdkId": "m1-java0.3-1472-a50b794e"}
2018-07-27 15:31:48[m1-java0.3-1472-a50b794e_downloadT-1] DEBUG [com.baidu.aip.talker.command.download.DownloadThreadCommand] - read datatrue:{"content": {"category": "TXT", "content": "\u4e00", "callId": "m1-ASR-1472-1-1532676705681", "logId": "F87176EA-D8A0-4A57-A430-7DA0D84AD115_0", "roleCategory": "AGENT", "triggerTime": 1532676711901, "extJson": {"snStartTime": "00:02.800", "completed": 1, "snStopTime": "00:02.560"}, "triggerTxt": ""}, "name": "knowledge_content", "callId": "m1-ASR-1472-1-1532676705681", "userId": 639624614, "logid": "2131d8e4-916f-11e8-afce-7cd30addb80b", "appId": 11572625}
2018-07-27 15:31:48[m1-java0.3-1472-a50b794e_downloadT-1] DEBUG [com.baidu.aip.talker.command.download.DownloadThreadCommand] - read datatrue:{"content": {"category": "TXT", "content": "\u533b\u5b66", "callId": "m1-ASR-1472-1-1532676705681", "logId": "F87176EA-D8A0-4A57-A430-7DA0D84AD115_1", "roleCategory": "AGENT", "triggerTime": 1532676712065, "extJson": {"snStartTime": "00:02.800", "completed": 1, "snStopTime": "00:02.720"}, "triggerTxt": ""}, "name": "knowledge_content", "callId": "m1-ASR-1472-1-1532676705681", "userId": 639624614, "logid": "214a633c-916f-11e8-afce-7cd30addb80b", "appId": 11572625}
2018-07-27 15:31:48[m1-java0.3-1472-a50b794e_downloadT-1] DEBUG [com.baidu.aip.talker.command.download.DownloadThreadCommand] - read datatrue:{"content": {"category": "TXT", "content": "\u533b\u5b66\u8003", "callId": "m1-ASR-1472-1-1532676705681", "logId": "F87176EA-D8A0-4A57-A430-7DA0D84AD115_2", "roleCategory": "AGENT", "triggerTime": 1532676712379, "extJson": {"snStartTime": "00:02.800", "completed": 1, "snStopTime": "00:03.400"}, "triggerTxt": ""}, "name": "knowledge_content", "callId": "m1-ASR-1472-1-1532676705681", "userId": 639624614, "logid": "217a6dca-916f-11e8-96f1-6c92bf3b0791", "appId": 11572625}
2018-07-27 15:31:49[m1-java0.3-1472-a50b794e_downloadT-1] DEBUG [com.baidu.aip.talker.command.download.DownloadThreadCommand] - read datatrue:{"content": {"category": "TXT", "content": "\u533b\u5b66\u8003\u8bd5", "callId": "m1-ASR-1472-1-1532676705681", "logId": "F87176EA-D8A0-4A57-A430-7DA0D84AD115_3", "roleCategory": "AGENT", "triggerTime": 1532676712534, "extJson": {"snStartTime": "00:02.800", "completed": 1, "snStopTime": "00:03.200"}, "triggerTxt": ""}, "name": "knowledge_content", "callId": "m1-ASR-1472-1-1532676705681", "userId": 639624614, "logid": "219219d4-916f-11e8-96f1-6c92bf3b0791", "appId": 11572625}
2018-07-27 15:31:49[m1-java0.3-1472-a50b794e_downloadT-1] DEBUG [com.baidu.aip.talker.command.download.DownloadThreadCommand] - read datatrue:{"content": {"category": "TXT", "content": "\u533b\u5b66\u8003\u8bd5\u662f", "callId": "m1-ASR-1472-1-1532676705681", "logId": "F87176EA-D8A0-4A57-A430-7DA0D84AD115_4", "roleCategory": "AGENT", "triggerTime": 1532676712862, "extJson": {"snStartTime": "00:02.800", "completed": 1, "snStopTime": "00:03.520"}, "triggerTxt": ""}, "name": "knowledge_content", "callId": "m1-ASR-1472-1-1532676705681", "userId": 639624614, "logid": "21c42014-916f-11e8-adc7-6c92bf3b07d2", "appId": 11572625}
2018-07-27 15:31:49[m1-java0.3-1472-a50b794e_downloadT-1] DEBUG [com.baidu.aip.talker.command.download.DownloadThreadCommand] - read datatrue:{"content": {"category": "TXT", "content": "\u533b\u5b66\u8003\u8bd5\u65f6\u95f4", "callId": "m1-ASR-1472-1-1532676705681", "logId": "F87176EA-D8A0-4A57-A430-7DA0D84AD115_5", "roleCategory": "AGENT", "triggerTime": 1532676713026, "extJson": {"snStartTime": "00:02.800", "completed": 1, "snStopTime": "00:03.680"}, "triggerTxt": ""}, "name": "knowledge_content", "callId": "m1-ASR-1472-1-1532676705681", "userId": 639624614, "logid": "21dd0390-916f-11e8-9ac9-7cd30addb80b", "appId": 11572625}
2018-07-27 15:31:50[m1-java0.3-1472-a50b794e_downloadT-1] DEBUG [com.baidu.aip.talker.command.download.DownloadThreadCommand] - read datatrue:{"logid": "221ac3e2-916f-11e8-8abd-6c92bf3b0791", "originLogId": "uploadT-2-Event:speech_heartbeat[m1-java0.3-1472-a50b794e--0]-15", "name": "speech_heartbeat_ack", "sdkId": "m1-java0.3-1472-a50b794e"}
2018-07-27 15:31:50[m1-java0.3-1472-a50b794e_downloadT-1] DEBUG [com.baidu.aip.talker.command.download.DownloadThreadCommand] - read datatrue:{"content": {"category": "TXT", "content": "\u533b\u5b66\u8003\u8bd5\u65f6\u95f4\uff0c", "callId": "m1-ASR-1472-1-1532676705681", "logId": "F87176EA-D8A0-4A57-A430-7DA0D84AD115_-1", "roleCategory": "AGENT", "triggerTime": 1532676713543, "extJson": {"snStartTime": "00:02.800", "completed": 3, "speed": "4.41", "snStopTime": "00:04.160"}, "triggerTxt": ""}, "name": "knowledge_content", "callId": "m1-ASR-1472-1-1532676705681", "userId": 639624614, "logid": "222c2588-916f-11e8-96f1-6c92bf3b0791", "appId": 11572625}
2018-07-27 15:31:50[m1-java0.3-1472-a50b794e_downloadT-1] DEBUG [com.baidu.aip.talker.command.download.DownloadThreadCommand] - read datatrue:{"logid": "2233cca2-916f-11e8-8abd-6c92bf3b0791", "originLogId": "uploadT-1-Event:speech_heartbeat[m1-java0.3-1472-a50b794e--0]-16", "name": "speech_heartbeat_ack", "sdkId": "m1-java0.3-1472-a50b794e"}
2018-07-27 15:31:50[m1-java0.3-1472-a50b794e_downloadT-1] DEBUG [com.baidu.aip.talker.command.download.DownloadThreadCommand] - read datatrue:{"logid": "226b5df2-916f-11e8-8abd-6c92bf3b0791", "name": "heartbeat"}
2018-07-27 15:31:51[main] INFO  [com.baidu.aip.talker.controller.ControllerImpl] - SDK will be stopped
2018-07-27 15:31:51[m1-java0.3-1472-a50b794e_uploadT-1] DEBUG [com.baidu.aip.talker.command.upload.UploadData] - JsonStr is:{"roleId":0,"callId":"m1-ASR-1472-1-1532676705681","name":"speech_end","sendTs":1532676711763,"beforeCompressTs":0,"afterCompressTs":0,"beforeUploadTs":1532676711763,"compress":0,"sdkId":"m1-java0.3-1472-a50b794e","connectionId":"uploadT-1","ts":1532676711763,"seqId":0,"agentDn":"123","heartBeat":false,"logid":"uploadT-1-Event:speech_end[m1-ASR-1472-1-1532676705681--0-P]-21"} ; binary length: 0
2018-07-27 15:31:51[m1-java0.3-1472-a50b794e_uploadT-2] DEBUG [com.baidu.aip.talker.command.upload.UploadData] - JsonStr is:{"roleId":0,"callId":"","name":"speech_sdk_stop","sendTs":0,"beforeCompressTs":0,"afterCompressTs":0,"beforeUploadTs":1532676711763,"compress":0,"sdkId":"m1-java0.3-1472-a50b794e","connectionId":"uploadT-2","ts":1532676711763,"seqId":0,"agentDn":"0","heartBeat":false,"logid":"uploadT-2-Event:speech_sdk_stop[m1-java0.3-1472-a50b794e--0-P]-21"} ; binary length: 0
2018-07-27 15:31:51[m1-java0.3-1472-a50b794e_uploadT-1] TRACE [com.baidu.aip.talker.command.upload.UploadDataEntity] - write to upload stream:Event:speech_end[m1-ASR-1472-1-1532676705681--0-P]duration= 0 , time=1532676711763
2018-07-27 15:31:51[m1-java0.3-1472-a50b794e_uploadT-2] TRACE [com.baidu.aip.talker.command.upload.UploadDataEntity] - write to upload stream:Event:speech_sdk_stop[m1-java0.3-1472-a50b794e--0-P]duration= 0 , time=1532676711763
2018-07-27 15:31:51[m1-java0.3-1472-a50b794e_downloadT-1] INFO  [com.baidu.aip.talker.common.GlobalSwitch] - isDownloadThreadActive:false
2018-07-27 15:31:51[m1-java0.3-1472-a50b794e_downloadT-1] INFO  [com.baidu.aip.talker.common.GlobalSwitch] - isDownloadThreadActive:false
2018-07-27 15:31:51[m1-java0.3-1472-a50b794e_downloadT-1] INFO  [com.baidu.aip.talker.command.CommandThreadPoolExecutor] - afterExecute Command Info:downloadT-1:13
2018-07-27 15:31:54[m1-java0.3-1472-a50b794e_uploadT-2] INFO  [com.baidu.aip.talker.command.upload.UploadDataEntity] - uploadT-2 will be stopped
2018-07-27 15:31:54[m1-java0.3-1472-a50b794e_uploadT-1] INFO  [com.baidu.aip.talker.command.upload.UploadDataEntity] - uploadT-1 will be stopped
2018-07-27 15:31:54[m1-java0.3-1472-a50b794e_uploadT-1] INFO  [com.baidu.aip.talker.command.upload.UploadDataEntity] - 24 packages sent, commandId:uploadT-1
2018-07-27 15:31:54[m1-java0.3-1472-a50b794e_uploadT-2] INFO  [com.baidu.aip.talker.command.upload.UploadDataEntity] - 24 packages sent, commandId:uploadT-2
2018-07-27 15:31:54[m1-java0.3-1472-a50b794e_uploadT-2] INFO  [com.baidu.aip.talker.command.CommandThreadPoolExecutor] - afterExecute Command Info:uploadT-2:15
2018-07-27 15:31:54[m1-java0.3-1472-a50b794e_uploadT-1] INFO  [com.baidu.aip.talker.command.CommandThreadPoolExecutor] - afterExecute Command Info:uploadT-1:14
2018-07-27 15:31:55[main] INFO  [com.baidu.aip.talker.controller.ControllerImpl] - schedule status:true, uploader status:true, download status:true
