2018 七月 18 21:23:19,108 -  INFO [main] (RealtimeAsrDemo.java:139) - start ....
2018 七月 18 21:23:19,110 -  INFO [main] (RealtimeAsrDemo.java:141) - RealtimeDemo need params: <app-key> <Id> <Secret> <audio-file> 
2018 七月 18 21:34:07,526 -  INFO [main] (RealtimeAsrDemo.java:138) - start ....
2018 七月 18 21:34:07,529 -  INFO [main] (RealtimeAsrDemo.java:140) - RealtimeDemo need params: <app-key> <Id> <Secret> <audio-file> 
2018 七月 18 21:48:16,684 -  INFO [main] (RealtimeAsrDemo.java:138) - start ....
2018 七月 18 21:48:16,688 -  INFO [main] (RealtimeAsrDemo.java:140) - RealtimeDemo need params: <app-key> <Id> <Secret> <audio-file> 
2018 七月 18 21:49:52,412 -  INFO [main] (RealtimeAsrDemo.java:138) - start ....
2018 七月 18 21:49:53,026 - ERROR [main] (RealtimeAsrDemo.java:54) - fail to open file
java.io.FileNotFoundException: src\resources\sound_demo.pcm (系统找不到指定的路径。)
	at java.io.FileInputStream.open0(Native Method)
	at java.io.FileInputStream.open(FileInputStream.java:195)
	at java.io.FileInputStream.<init>(FileInputStream.java:138)
	at com.alibaba.idst.nls.RealtimeAsrDemo.process(RealtimeAsrDemo.java:52)
	at com.alibaba.idst.nls.RealtimeAsrDemo.main(RealtimeAsrDemo.java:148)
	at sun.reflect.NativeMethodAccessorImpl.invoke0(Native Method)
	at sun.reflect.NativeMethodAccessorImpl.invoke(NativeMethodAccessorImpl.java:62)
	at sun.reflect.DelegatingMethodAccessorImpl.invoke(DelegatingMethodAccessorImpl.java:43)
	at java.lang.reflect.Method.invoke(Method.java:498)
	at com.intellij.rt.execution.application.AppMain.main(AppMain.java:147)
2018 七月 18 21:51:36,940 -  INFO [main] (RealtimeAsrDemo.java:138) - start ....
2018 七月 18 21:51:37,321 - ERROR [main] (RealtimeAsrDemo.java:54) - fail to open file
java.io.FileNotFoundException: src\resources\sound_demo.pcm (系统找不到指定的路径。)
	at java.io.FileInputStream.open0(Native Method)
	at java.io.FileInputStream.open(FileInputStream.java:195)
	at java.io.FileInputStream.<init>(FileInputStream.java:138)
	at com.alibaba.idst.nls.RealtimeAsrDemo.process(RealtimeAsrDemo.java:52)
	at com.alibaba.idst.nls.RealtimeAsrDemo.main(RealtimeAsrDemo.java:148)
	at sun.reflect.NativeMethodAccessorImpl.invoke0(Native Method)
	at sun.reflect.NativeMethodAccessorImpl.invoke(NativeMethodAccessorImpl.java:62)
	at sun.reflect.DelegatingMethodAccessorImpl.invoke(DelegatingMethodAccessorImpl.java:43)
	at java.lang.reflect.Method.invoke(Method.java:498)
	at com.intellij.rt.execution.application.AppMain.main(AppMain.java:147)
2018 七月 18 21:54:27,185 -  INFO [main] (RealtimeAsrDemo.java:138) - start ....
2018 七月 18 21:54:28,041 -  INFO [main] (NlsClient.java:97) - use url: wss://nls-trans.dataapi.aliyun.com:443/realtime
2018 七月 18 21:54:28,919 -  INFO [New I/O worker #1] (NlsSession.java:170) - request json is :{"context":{"auth":{"headers":{"Authorization":"Dataplus LTAICfPYT9c38HWA:/Kv3Ac9zssvdo/vd6yuhVgHtRp0=","accept":"application/json","content_type":"application/json","date":"Wed, 18 Jul 2018 13:54:27 GMT"},"method":"POST"}},"enableCompress":false,"request":{"app_key":"nls-service-shurufa16khz","format":"pcm","response_mode":"streaming","sample_rate":16000},"sdkInfo":{"sdk_type":"java","version":"2.0.0"},"version":"2.0"}
2018 七月 18 21:54:28,971 -  INFO [New I/O worker #1] (NlsSession.java:187) - response json is: {"finish":0,"request_id":"2c2d49869b3d4df9b26cc2590f4c3c00","status_code":200,"version":"2.0"}
2018 七月 18 21:54:29,001 -  INFO [New I/O worker #1] (RealtimeAsrDemo.java:116) - {"finish":"0","request_id":"2c2d49869b3d4df9b26cc2590f4c3c00","status_code":200,"version":"2.0"}
2018 七月 18 21:54:30,052 -  INFO [New I/O worker #1] (NlsSession.java:187) - response json is: {"finish":0,"request_id":"2c2d49869b3d4df9b26cc2590f4c3c00","result":{"sentence_id":1,"begin_time":340,"current_time":-1,"end_time":-1,"status_code":1,"text":"北京","words":[]},"status_code":200,"version":"2.0"}
2018 七月 18 21:54:31,159 -  INFO [New I/O worker #1] (NlsSession.java:187) - response json is: {"finish":0,"request_id":"2c2d49869b3d4df9b26cc2590f4c3c00","result":{"sentence_id":1,"begin_time":340,"current_time":-1,"end_time":2940,"status_code":0,"text":"北京的天气","words":[]},"status_code":200,"version":"2.0"}
2018 七月 18 21:54:31,160 -  INFO [New I/O worker #1] (NlsSession.java:187) - response json is: {"finish":1,"request_id":"2c2d49869b3d4df9b26cc2590f4c3c00","status_code":200,"version":"2.0"}
2018 七月 18 21:54:31,160 -  INFO [New I/O worker #1] (RealtimeAsrDemo.java:116) - {"finish":"1","request_id":"2c2d49869b3d4df9b26cc2590f4c3c00","status_code":200,"version":"2.0"}
2018 七月 18 21:54:31,161 -  INFO [New I/O worker #1] (NlsSession.java:225) - Received real finish signal from server, connect will close immediately!
2018 七月 18 21:58:24,630 -  INFO [main] (RealtimeAsrDemo.java:138) - start ....
2018 七月 18 21:58:25,387 -  INFO [main] (NlsClient.java:97) - use url: wss://nls-trans.dataapi.aliyun.com:443/realtime
2018 七月 18 21:58:25,851 -  INFO [New I/O worker #1] (NlsSession.java:170) - request json is :{"context":{"auth":{"headers":{"Authorization":"Dataplus LTAICfPYT9c38HWA:VwySe75WLVL7s0YvSGJt2TCX+40=","accept":"application/json","content_type":"application/json","date":"Wed, 18 Jul 2018 13:58:25 GMT"},"method":"POST"}},"enableCompress":false,"request":{"app_key":"nls-service-shurufa16khz","format":"pcm","keyword_list_id":"c1391f1c1f1b4002936893c6d97592f3","response_mode":"streaming","sample_rate":16000,"vocabulary_id":"天气"},"sdkInfo":{"sdk_type":"java","version":"2.0.0"},"version":"2.0"}
2018 七月 18 21:58:25,934 -  INFO [New I/O worker #1] (NlsSession.java:187) - response json is: {"finish":0,"request_id":"4810c6429afe452aa05652e1a2f96702","status_code":200,"version":"2.0"}
2018 七月 18 21:58:25,973 -  INFO [New I/O worker #1] (RealtimeAsrDemo.java:116) - {"finish":"0","request_id":"4810c6429afe452aa05652e1a2f96702","status_code":200,"version":"2.0"}
2018 七月 18 21:58:28,133 -  INFO [New I/O worker #1] (NlsSession.java:187) - response json is: {"finish":0,"request_id":"4810c6429afe452aa05652e1a2f96702","result":{"sentence_id":1,"begin_time":340,"current_time":-1,"end_time":2940,"status_code":0},"status_code":200,"version":"2.0"}
2018 七月 18 21:58:28,140 -  INFO [New I/O worker #1] (NlsSession.java:187) - response json is: {"finish":1,"request_id":"4810c6429afe452aa05652e1a2f96702","status_code":200,"version":"2.0"}
2018 七月 18 21:58:28,141 -  INFO [New I/O worker #1] (RealtimeAsrDemo.java:116) - {"finish":"1","request_id":"4810c6429afe452aa05652e1a2f96702","status_code":200,"version":"2.0"}
2018 七月 18 21:58:28,141 -  INFO [New I/O worker #1] (NlsSession.java:225) - Received real finish signal from server, connect will close immediately!
